Records jb2_start_of_image
Records jb2_new_symbol_add_to_image_and_library:	id: 0	x: 762	y: 2967	
Records jb2_new_symbol_add_to_image_and_library:	id: 1	x: 670	y: 2688	
Records jb2_new_symbol_add_to_image_and_library:	id: 2	x: 712	y: 2687	
Records jb2_new_symbol_add_to_image_and_library:	id: 3	x: 757	y: 2682	
Records jb2_new_symbol_add_to_image_and_library:	id: 4	x: 805	y: 2673	
Records jb2_new_symbol_add_to_image_and_library:	id: 5	x: 816	y: 2673	
Records jb2_new_symbol_add_to_image_and_library:	id: 6	x: 853	y: 2688	
Records jb2_new_symbol_add_to_image_and_library:	id: 7	x: 892	y: 2649	
Records jb2_new_symbol_add_to_image_and_library:	id: 8	x: 906	y: 2682	
Records jb2_new_symbol_add_to_image_and_library:	id: 9	x: 906	y: 2669	
Records jb2_new_symbol_add_to_image_and_library:	id: 10	x: 935	y: 2682	
Records jb2_new_symbol_add_to_image_and_library:	id: 11	x: 949	y: 2669	
Records jb2_new_symbol_add_to_image_and_library:	id: 12	x: 973	y: 2674	
Records jb2_new_symbol_add_to_image_and_library:	id: 13	x: 985	y: 2673	
Records jb2_new_symbol_add_to_image_and_library:	id: 14	x: 997	y: 2673	
Records jb2_new_symbol_add_to_image_and_library:	id: 15	x: 1021	y: 2674	
Records jb2_matched_symbol_with_refinement_add_to_image_and_library:	id: 16	x: 1123	y: 2688	
Records jb2_new_symbol_add_to_image_and_library:	id: 17	x: 1168	y: 2687	
Records jb2_new_symbol_add_to_image_and_library:	id: 18	x: 1212	y: 2674	
Records jb2_new_symbol_add_to_image_and_library:	id: 19	x: 1250	y: 2673	
Records jb2_new_symbol_add_to_image_and_library:	id: 20	x: 1278	y: 2683	
Records jb2_new_symbol_add_to_image_and_library:	id: 21	x: 1287	y: 2684	
Records jb2_new_symbol_add_to_image_and_library:	id: 22	x: 1319	y: 2685	
Records jb2_new_symbol_add_to_image_and_library:	id: 23	x: 1371	y: 2670	
Records jb2_new_symbol_add_to_image_and_library:	id: 24	x: 1374	y: 2683	
Records jb2_new_symbol_add_to_image_and_library:	id: 25	x: 1401	y: 2683	
Records jb2_matched_symbol_with_refinement_add_to_image_and_library:	id: 26	x: 1412	y: 2670	
Records jb2_new_symbol_add_to_image_and_library:	id: 27	x: 1435	y: 2685	
Records jb2_matched_symbol_with_refinement_add_to_image_and_library:	id: 28	x: 1447	y: 2671	
Records jb2_matched_symbol_with_refinement_add_to_image_and_library:	id: 29	x: 1468	y: 2673	
Records jb2_new_symbol_add_to_image_and_library:	id: 30	x: 1491	y: 2685	
Records jb2_new_symbol_add_to_image_and_library:	id: 31	x: 1548	y: 2684	
Records jb2_new_symbol_add_to_image_and_library:	id: 32	x: 218	y: 2604	
Records jb2_new_symbol_add_to_image_and_library:	id: 33	x: 300	y: 2601	
Records jb2_new_symbol_add_to_image_and_library:	id: 34	x: 347	y: 2590	
Records jb2_new_symbol_add_to_image_and_library:	id: 35	x: 374	y: 2601	
Records jb2_new_symbol_add_to_image_and_library:	id: 36	x: 388	y: 2575	
Records jb2_matched_symbol_with_refinement_add_to_image_and_library:	id: 37	x: 405	y: 2589	
Records jb2_new_symbol_add_to_image_and_library:	id: 38	x: 433	y: 2592	
Records jb2_new_symbol_add_to_image_and_library:	id: 39	x: 543	y: 2604	
Records jb2_new_symbol_add_to_image_and_library:	id: 40	x: 218	y: 2535	
Records jb2_new_symbol_add_to_image_and_library:	id: 41	x: 226	y: 2546	
Records jb2_new_symbol_add_to_image_and_library:	id: 42	x: 236	y: 2546	
Records jb2_new_symbol_add_to_image_and_library:	id: 43	x: 298	y: 2543	
Records jb2_new_symbol_add_to_image_and_library:	id: 44	x: 311	y: 2523	
Records jb2_matched_symbol_with_refinement_add_to_image_and_library:	id: 45	x: 348	y: 2533	
Records jb2_new_symbol_add_to_image_and_library:	id: 46	x: 367	y: 2534	
Records jb2_new_symbol_add_to_image_and_library:	id: 47	x: 396	y: 2532	
Records jb2_new_symbol_add_to_image_and_library:	id: 48	x: 413	y: 2544	
Records jb2_matched_symbol_with_refinement_add_to_image_and_library:	id: 49	x: 426	y: 2535	
Records jb2_new_symbol_add_to_image_and_library:	id: 50	x: 455	y: 2536	
Records jb2_new_symbol_add_to_image_and_library:	id: 51	x: 543	y: 2536	
Records jb2_new_symbol_add_to_image_and_library:	id: 52	x: 216	y: 2479	
Records jb2_new_symbol_add_to_image_and_library:	id: 53	x: 225	y: 2488	
Records jb2_new_symbol_add_to_image_and_library:	id: 54	x: 239	y: 2491	
Records jb2_new_symbol_add_to_image_and_library:	id: 55	x: 299	y: 2488	
Records jb2_new_symbol_add_to_image_and_library:	id: 56	x: 374	y: 2482	
Records jb2_new_symbol_add_to_image_and_library:	id: 57	x: 402	y: 2479	
Records jb2_new_symbol_add_to_image_and_library:	id: 58	x: 431	y: 2477	
Records jb2_new_symbol_add_to_image_and_library:	id: 59	x: 440	y: 2482	
Records jb2_new_symbol_add_to_image_and_library:	id: 60	x: 478	y: 2490	
Records jb2_matched_symbol_with_refinement_add_to_image_and_library:	id: 61	x: 533	y: 2479	
Records jb2_matched_symbol_with_refinement_add_to_image_and_library:	id: 62	x: 551	y: 2482	
Records jb2_new_symbol_add_to_image_and_library:	id: 63	x: 220	y: 2422	
Records jb2_matched_symbol_with_refinement_add_to_image_and_library:	id: 64	x: 229	y: 2432	
Records jb2_matched_symbol_with_refinement_add_to_image_and_library:	id: 65	x: 236	y: 2422	
Records jb2_new_symbol_add_to_image_and_library:	id: 66	x: 244	y: 2432	
Records jb2_matched_symbol_with_refinement_add_to_image_and_library:	id: 67	x: 249	y: 2422	
Records jb2_new_symbol_add_to_image_and_library:	id: 68	x: 256	y: 2434	
Records jb2_new_symbol_add_to_image_and_library:	id: 69	x: 267	y: 2434	
Records jb2_new_symbol_add_to_image_and_library:	id: 70	x: 302	y: 2433	
Records jb2_matched_symbol_with_refinement_add_to_image_and_library:	id: 71	x: 343	y: 2426	
Records jb2_new_symbol_add_to_image_and_library:	id: 72	x: 381	y: 2429	
Records jb2_new_symbol_add_to_image_and_library:	id: 73	x: 394	y: 2433	
Records jb2_matched_symbol_with_refinement_add_to_image_and_library:	id: 74	x: 395	y: 2423	
Records jb2_matched_symbol_with_refinement_add_to_image_and_library:	id: 75	x: 409	y: 2422	
Records jb2_matched_symbol_with_refinement_add_to_image_and_library:	id: 76	x: 421	y: 2422	
Records jb2_matched_symbol_with_refinement_add_to_image_and_library:	id: 77	x: 437	y: 2422	
Records jb2_new_symbol_add_to_image_and_library:	id: 78	x: 446	y: 2434	
Records jb2_matched_symbol_with_refinement_add_to_image_and_library:	id: 79	x: 451	y: 2429	
Records jb2_new_symbol_add_to_image_and_library:	id: 80	x: 464	y: 2434	
Records jb2_new_symbol_add_to_image_and_library:	id: 81	x: 505	y: 2433	
Records jb2_matched_symbol_with_refinement_add_to_image_and_library:	id: 82	x: 514	y: 2419	
Records jb2_matched_symbol_with_refinement_add_to_image_and_library:	id: 83	x: 546	y: 2433	
Records jb2_new_symbol_add_to_image_and_library:	id: 84	x: 217	y: 2368	
Records jb2_new_symbol_add_to_image_and_library:	id: 85	x: 298	y: 2378	
Records jb2_matched_symbol_with_refinement_add_to_image_and_library:	id: 86	x: 349	y: 2379	
Records jb2_matched_symbol_with_refinement_add_to_image_and_library:	id: 87	x: 362	y: 2367	
Records jb2_new_symbol_add_to_image_and_library:	id: 88	x: 388	y: 2366	
Records jb2_new_symbol_add_to_image_and_library:	id: 89	x: 415	y: 2379	
Records jb2_new_symbol_add_to_image_and_library:	id: 90	x: 434	y: 2365	
Records jb2_new_symbol_add_to_image_and_library:	id: 91	x: 440	y: 2378	
Records jb2_matched_symbol_with_refinement_add_to_image_and_library:	id: 92	x: 469	y: 2375	
Records jb2_matched_symbol_with_refinement_add_to_image_and_library:	id: 93	x: 482	y: 2363	
Records jb2_matched_symbol_with_refinement_add_to_image_and_library:	id: 94	x: 526	y: 2364	
Records jb2_new_symbol_add_to_image_and_library:	id: 95	x: 544	y: 2364	
Records jb2_new_symbol_add_to_image_and_library:	id: 96	x: 606	y: 2085	
Records jb2_new_symbol_add_to_image_and_library:	id: 97	x: 603	y: 2071	
Records jb2_new_symbol_add_to_image_and_library:	id: 98	x: 605	y: 2061	
Records jb2_new_symbol_add_to_image_and_library:	id: 99	x: 601	y: 2054	
Records jb2_new_symbol_add_to_image_and_library:	id: 100	x: 602	y: 2040	
Records jb2_new_symbol_add_to_image_and_library:	id: 101	x: 594	y: 1882	
Records jb2_new_symbol_add_to_image_and_library:	id: 102	x: 594	y: 1868	
Records jb2_new_symbol_add_to_image_and_library:	id: 103	x: 631	y: 1880	
Records jb2_new_symbol_add_to_image_and_library:	id: 104	x: 631	y: 1878	
Records jb2_new_symbol_add_to_image_and_library:	id: 105	x: 637	y: 1869	
Records jb2_new_symbol_add_to_image_and_library:	id: 106	x: 630	y: 1860	
Records jb2_matched_symbol_with_refinement_add_to_image_and_library:	id: 107	x: 631	y: 1857	
Records jb2_new_symbol_add_to_image_and_library:	id: 108	x: 617	y: 1829	
Records jb2_new_symbol_add_to_image_and_library:	id: 109	x: 621	y: 1819	
Records jb2_matched_symbol_with_refinement_add_to_image_and_library:	id: 110	x: 627	y: 1828	
Records jb2_matched_symbol_with_refinement_add_to_image_and_library:	id: 111	x: 949	y: 1801	
Records jb2_matched_symbol_with_refinement_add_to_image_and_library:	id: 112	x: 1233	y: 1763	
Records jb2_matched_symbol_with_refinement_add_to_image_and_library:	id: 113	x: 1179	y: 1656	
Records jb2_new_symbol_add_to_image_and_library:	id: 114	x: 1224	y: 1655	
Records jb2_matched_symbol_with_refinement_add_to_image_and_library:	id: 115	x: 1272	y: 1642	
Records jb2_matched_symbol_with_refinement_add_to_image_and_library:	id: 116	x: 1290	y: 1641	
Records jb2_new_symbol_add_to_image_and_library:	id: 117	x: 1320	y: 1654	
Records jb2_matched_symbol_with_refinement_add_to_image_and_library:	id: 118	x: 1385	y: 1621	
Records jb2_new_symbol_add_to_image_and_library:	id: 119	x: 1397	y: 1641	
Records jb2_matched_symbol_with_refinement_add_to_image_and_library:	id: 120	x: 1413	y: 1655	
Records jb2_matched_symbol_with_refinement_add_to_image_and_library:	id: 121	x: 1444	y: 1642	
Records jb2_matched_symbol_with_refinement_add_to_image_and_library:	id: 122	x: 1458	y: 1642	
Records jb2_matched_symbol_with_refinement_add_to_image_and_library:	id: 123	x: 1472	y: 1640	
Records jb2_new_symbol_add_to_image_and_library:	id: 124	x: 1480	y: 1653	
Records jb2_new_symbol_add_to_image_and_library:	id: 125	x: 1485	y: 1642	
Records jb2_new_symbol_add_to_image_and_library:	id: 126	x: 1522	y: 1655	
Records jb2_matched_symbol_with_refinement_add_to_image_and_library:	id: 127	x: 1179	y: 1587	
Records jb2_matched_symbol_with_refinement_add_to_image_and_library:	id: 128	x: 1180	y: 1598	
Records jb2_new_symbol_add_to_image_and_library:	id: 129	x: 1187	y: 1556	
Records jb2_new_symbol_add_to_image_and_library:	id: 130	x: 1209	y: 1587	
Records jb2_matched_symbol_with_refinement_add_to_image_and_library:	id: 131	x: 1239	y: 1586	
Records jb2_new_symbol_add_to_image_and_library:	id: 132	x: 1259	y: 1585	
Records jb2_new_symbol_add_to_image_and_library:	id: 133	x: 1261	y: 1597	
Records jb2_new_symbol_add_to_image_and_library:	id: 134	x: 1306	y: 1585	
Records jb2_matched_symbol_with_refinement_add_to_image_and_library:	id: 135	x: 1325	y: 1582	
Records jb2_matched_symbol_with_refinement_add_to_image_and_library:	id: 136	x: 1332	y: 1593	
Records jb2_new_symbol_add_to_image_and_library:	id: 137	x: 1339	y: 1582	
Records jb2_new_symbol_add_to_image_and_library:	id: 138	x: 1364	y: 1577	
Records jb2_new_symbol_add_to_image_and_library:	id: 139	x: 1372	y: 1585	
Records jb2_matched_symbol_with_refinement_add_to_image_and_library:	id: 140	x: 1404	y: 1585	
Records jb2_new_symbol_add_to_image_and_library:	id: 141	x: 1432	y: 1597	
Records jb2_new_symbol_add_to_image_and_library:	id: 142	x: 1462	y: 1585	
Records jb2_matched_symbol_with_refinement_add_to_image_and_library:	id: 143	x: 1495	y: 1586	
Records jb2_new_symbol_add_to_image_and_library:	id: 144	x: 1524	y: 1584	
Records jb2_matched_symbol_with_refinement_add_to_image_and_library:	id: 145	x: 1177	y: 1532	
Records jb2_matched_symbol_with_refinement_add_to_image_and_library:	id: 146	x: 1207	y: 1532	
Records jb2_matched_symbol_with_refinement_add_to_image_and_library:	id: 147	x: 1214	y: 1542	
Records jb2_matched_symbol_with_refinement_add_to_image_and_library:	id: 148	x: 1230	y: 1529	
Records jb2_matched_symbol_with_refinement_add_to_image_and_library:	id: 149	x: 1273	y: 1526	
Records jb2_matched_symbol_with_refinement_add_to_image_and_library:	id: 150	x: 1298	y: 1530	
Records jb2_new_symbol_add_to_image_and_library:	id: 151	x: 1326	y: 1538	
Records jb2_matched_symbol_with_refinement_add_to_image_and_library:	id: 152	x: 1382	y: 1526	
Records jb2_matched_symbol_with_refinement_add_to_image_and_library:	id: 153	x: 1400	y: 1528	
Records jb2_matched_symbol_with_refinement_add_to_image_and_library:	id: 154	x: 1407	y: 1537	
Records jb2_matched_symbol_with_refinement_add_to_image_and_library:	id: 155	x: 1414	y: 1527	
Records jb2_matched_symbol_with_refinement_add_to_image_and_library:	id: 156	x: 1416	y: 1540	
Records jb2_matched_symbol_with_refinement_add_to_image_and_library:	id: 157	x: 1425	y: 1527	
Records jb2_matched_symbol_with_refinement_add_to_image_and_library:	id: 158	x: 1450	y: 1529	
Records jb2_matched_symbol_with_refinement_add_to_image_and_library:	id: 159	x: 1492	y: 1529	
Records jb2_matched_symbol_with_refinement_add_to_image_and_library:	id: 160	x: 1512	y: 1529	
Records jb2_new_symbol_add_to_image_and_library:	id: 161	x: 205	y: 1440	
Records jb2_new_symbol_add_to_image_and_library:	id: 162	x: 1180	y: 1486	
Records jb2_matched_symbol_with_refinement_add_to_image_and_library:	id: 163	x: 1209	y: 1473	
Records jb2_matched_symbol_with_refinement_add_to_image_and_library:	id: 164	x: 1228	y: 1473	
Records jb2_matched_symbol_with_refinement_add_to_image_and_library:	id: 165	x: 1232	y: 1486	
Records jb2_new_symbol_add_to_image_and_library:	id: 166	x: 1270	y: 1483	
Records jb2_new_symbol_add_to_image_and_library:	id: 167	x: 1281	y: 1470	
Records jb2_matched_symbol_with_refinement_add_to_image_and_library:	id: 168	x: 1298	y: 1470	
Records jb2_new_symbol_add_to_image_and_library:	id: 169	x: 1323	y: 1481	
Records jb2_matched_symbol_with_refinement_add_to_image_and_library:	id: 170	x: 1335	y: 1470	
Records jb2_new_symbol_add_to_image_and_library:	id: 171	x: 1346	y: 1478	
Records jb2_matched_symbol_with_refinement_add_to_image_and_library:	id: 172	x: 1349	y: 1477	
Records jb2_new_symbol_add_to_image_and_library:	id: 173	x: 1361	y: 1483	
Records jb2_matched_symbol_with_refinement_add_to_image_and_library:	id: 174	x: 1383	y: 1472	
Records jb2_new_symbol_add_to_image_and_library:	id: 175	x: 1418	y: 1482	
Records jb2_matched_symbol_with_refinement_add_to_image_and_library:	id: 176	x: 1431	y: 1469	
Records jb2_matched_symbol_with_refinement_add_to_image_and_library:	id: 177	x: 1445	y: 1470	
Records jb2_matched_symbol_with_refinement_add_to_image_and_library:	id: 178	x: 1457	y: 1470	
Records jb2_matched_symbol_with_refinement_add_to_image_and_library:	id: 179	x: 1472	y: 1472	
Records jb2_matched_symbol_with_refinement_add_to_image_and_library:	id: 180	x: 1500	y: 1470	
Records jb2_matched_symbol_with_refinement_add_to_image_and_library:	id: 181	x: 1524	y: 1470	
Records jb2_new_symbol_add_to_image_and_library:	id: 182	x: 1544	y: 1472	
Records jb2_matched_symbol_with_refinement_add_to_image_and_library:	id: 183	x: 257	y: 1425	
Records jb2_matched_symbol_with_refinement_add_to_image_and_library:	id: 184	x: 277	y: 1426	
Records jb2_new_symbol_add_to_image_and_library:	id: 185	x: 314	y: 1437	
Records jb2_new_symbol_add_to_image_and_library:	id: 186	x: 349	y: 1403	
Records jb2_matched_symbol_with_refinement_add_to_image_and_library:	id: 187	x: 362	y: 1423	
Records jb2_matched_symbol_with_refinement_add_to_image_and_library:	id: 188	x: 374	y: 1424	
Records jb2_matched_symbol_with_refinement_add_to_image_and_library:	id: 189	x: 389	y: 1422	
Records jb2_matched_symbol_with_refinement_add_to_image_and_library:	id: 190	x: 405	y: 1426	
Records jb2_new_symbol_add_to_image_and_library:	id: 191	x: 424	y: 1431	
Records jb2_matched_symbol_with_refinement_add_to_image_and_library:	id: 192	x: 455	y: 1423	
Records jb2_new_symbol_add_to_image_and_library:	id: 193	x: 462	y: 1435	
Records jb2_matched_symbol_with_refinement_add_to_image_and_library:	id: 194	x: 468	y: 1422	
Records jb2_new_symbol_add_to_image_and_library:	id: 195	x: 496	y: 1436	
Records jb2_matched_symbol_with_refinement_add_to_image_and_library:	id: 196	x: 526	y: 1422	
Records jb2_new_symbol_add_to_image_and_library:	id: 197	x: 550	y: 1437	
Records jb2_matched_symbol_with_refinement_add_to_image_and_library:	id: 198	x: 562	y: 1423	
Records jb2_matched_symbol_with_refinement_add_to_image_and_library:	id: 199	x: 569	y: 1436	
Records jb2_matched_symbol_with_refinement_add_to_image_and_library:	id: 200	x: 577	y: 1430	
Records jb2_matched_symbol_with_refinement_add_to_image_and_library:	id: 201	x: 588	y: 1438	
Records jb2_matched_symbol_with_refinement_add_to_image_and_library:	id: 202	x: 611	y: 1424	
Records jb2_matched_symbol_with_refinement_add_to_image_and_library:	id: 203	x: 725	y: 1433	
Records jb2_matched_symbol_with_refinement_add_to_image_and_library:	id: 204	x: 769	y: 1434	
Records jb2_matched_symbol_with_refinement_add_to_image_and_library:	id: 205	x: 817	y: 1418	
Records jb2_matched_symbol_with_refinement_add_to_image_and_library:	id: 206	x: 835	y: 1420	
Records jb2_new_symbol_add_to_image_and_library:	id: 207	x: 871	y: 1430	
Records jb2_matched_symbol_with_refinement_add_to_image_and_library:	id: 208	x: 933	y: 1430	
Records jb2_new_symbol_add_to_image_and_library:	id: 209	x: 943	y: 1418	
Records jb2_matched_symbol_with_refinement_add_to_image_and_library:	id: 210	x: 977	y: 1418	
Records jb2_matched_symbol_with_refinement_add_to_image_and_library:	id: 211	x: 1007	y: 1416	
Records jb2_new_symbol_add_to_image_and_library:	id: 212	x: 1027	y: 1420	
Records jb2_matched_symbol_with_refinement_add_to_image_and_library:	id: 213	x: 1057	y: 1416	
Records jb2_new_symbol_add_to_image_and_library:	id: 214	x: 1074	y: 1429	
Records jb2_matched_symbol_with_refinement_add_to_image_and_library:	id: 215	x: 1178	y: 1419	
Records jb2_matched_symbol_with_refinement_add_to_image_and_library:	id: 216	x: 1199	y: 1417	
Records jb2_matched_symbol_with_refinement_add_to_image_and_library:	id: 217	x: 1239	y: 1427	
Records jb2_matched_symbol_with_refinement_add_to_image_and_library:	id: 218	x: 1252	y: 1416	
Records jb2_new_symbol_add_to_image_and_library:	id: 219	x: 1281	y: 1426	
Records jb2_matched_symbol_with_refinement_add_to_image_and_library:	id: 220	x: 1292	y: 1413	
Records jb2_new_symbol_add_to_image_and_library:	id: 221	x: 1330	y: 1414	
Records jb2_matched_symbol_with_refinement_add_to_image_and_library:	id: 222	x: 1353	y: 1426	
Records jb2_matched_symbol_with_refinement_add_to_image_and_library:	id: 223	x: 1386	y: 1414	
Records jb2_matched_symbol_with_refinement_add_to_image_and_library:	id: 224	x: 1408	y: 1425	
Records jb2_matched_symbol_with_refinement_add_to_image_and_library:	id: 225	x: 1420	y: 1414	
Records jb2_matched_symbol_with_refinement_add_to_image_and_library:	id: 226	x: 1444	y: 1415	
Records jb2_matched_symbol_with_refinement_add_to_image_and_library:	id: 227	x: 1472	y: 1416	
Records jb2_new_symbol_add_to_image_and_library:	id: 228	x: 574	y: 1355	
Records jb2_matched_symbol_with_refinement_add_to_image_and_library:	id: 229	x: 727	y: 1362	
Records jb2_matched_symbol_with_refinement_add_to_image_and_library:	id: 230	x: 748	y: 1362	
Records jb2_matched_symbol_with_refinement_add_to_image_and_library:	id: 231	x: 751	y: 1375	
Records jb2_matched_symbol_with_refinement_add_to_image_and_library:	id: 232	x: 782	y: 1373	
Records jb2_matched_symbol_with_refinement_add_to_image_and_library:	id: 233	x: 796	y: 1362	
Records jb2_matched_symbol_with_refinement_add_to_image_and_library:	id: 234	x: 824	y: 1361	
Records jb2_matched_symbol_with_refinement_add_to_image_and_library:	id: 235	x: 832	y: 1373	
Records jb2_matched_symbol_with_refinement_add_to_image_and_library:	id: 236	x: 837	y: 1362	
Records jb2_new_symbol_add_to_image_and_library:	id: 237	x: 873	y: 1372	
Records jb2_matched_symbol_with_refinement_add_to_image_and_library:	id: 238	x: 887	y: 1362	
Records jb2_matched_symbol_with_refinement_add_to_image_and_library:	id: 239	x: 901	y: 1363	
Records jb2_new_symbol_add_to_image_and_library:	id: 240	x: 926	y: 1370	
Records jb2_matched_symbol_with_refinement_add_to_image_and_library:	id: 241	x: 931	y: 1372	
Records jb2_matched_symbol_with_refinement_add_to_image_and_library:	id: 242	x: 959	y: 1361	
Records jb2_new_symbol_add_to_image_and_library:	id: 243	x: 987	y: 1359	
Records jb2_new_symbol_add_to_image_and_library:	id: 244	x: 1447	y: 1076	
Records jb2_new_symbol_add_to_image_and_library:	id: 245	x: 1473	y: 1009	
Records jb2_new_symbol_add_to_image_and_library:	id: 246	x: 706	y: 899	
Records jb2_new_symbol_add_to_image_and_library:	id: 247	x: 1022	y: 846	
Records jb2_matched_symbol_with_refinement_add_to_image_and_library:	id: 248	x: 1447	y: 696	
Records jb2_new_symbol_add_to_image_and_library:	id: 249	x: 1113	y: 679	
Records jb2_matched_symbol_with_refinement_add_to_image_and_library:	id: 250	x: 824	y: 598	
Records jb2_matched_symbol_with_refinement_add_to_image_and_library:	id: 251	x: 835	y: 598	
Records jb2_new_symbol_add_to_image_and_library:	id: 252	x: 837	y: 616	
Records jb2_matched_symbol_with_refinement_add_to_image_and_library:	id: 253	x: 843	y: 617	
Records jb2_matched_symbol_with_refinement_add_to_image_and_library:	id: 254	x: 848	y: 599	
Records jb2_new_symbol_add_to_image_and_library:	id: 255	x: 930	y: 638	
Records jb2_new_symbol_add_to_image_and_library:	id: 256	x: 933	y: 612	
Records jb2_new_symbol_add_to_image_and_library:	id: 257	x: 947	y: 600	
Records jb2_new_symbol_add_to_image_and_library:	id: 258	x: 989	y: 605	
Records jb2_new_symbol_add_to_image_and_library:	id: 259	x: 1027	y: 608	
Records jb2_new_symbol_add_to_image_and_library:	id: 260	x: 1057	y: 636	
Records jb2_matched_symbol_with_refinement_add_to_image_and_library:	id: 261	x: 808	y: 594	
Records jb2_new_symbol_add_to_image_and_library:	id: 262	x: 858	y: 588	
Records jb2_new_symbol_add_to_image_and_library:	id: 263	x: 945	y: 590	
Records jb2_new_symbol_add_to_image_and_library:	id: 264	x: 1450	y: 587	
Records jb2_new_symbol_add_to_image_and_library:	id: 265	x: 953	y: 580	
Records jb2_new_symbol_add_to_image_and_library:	id: 266	x: 1009	y: 580	
Records jb2_new_symbol_add_to_image_and_library:	id: 267	x: 931	y: 572	
Records jb2_matched_symbol_with_refinement_add_to_image_and_library:	id: 268	x: 894	y: 569	
Records jb2_new_symbol_add_to_image_and_library:	id: 269	x: 952	y: 567	
Records jb2_new_symbol_add_to_image_and_library:	id: 270	x: 516	y: 531	
Records jb2_matched_symbol_copy_to_image_without_refinement:	id: 98	x: 512	y: 499	
Records jb2_new_symbol_add_to_image_and_library:	id: 271	x: 514	y: 494	
Records jb2_new_symbol_add_to_image_and_library:	id: 272	x: 991	y: 232	
Records jb2_new_symbol_add_to_image_and_library:	id: 273	x: 1004	y: 240	
Records jb2_new_symbol_add_to_image_and_library:	id: 274	x: 1018	y: 247	
Records jb2_new_symbol_add_to_image_and_library:	id: 275	x: 1028	y: 250	
Records jb2_new_symbol_add_to_image_and_library:	id: 276	x: 1048	y: 249	
Records jb2_new_symbol_add_to_image_and_library:	id: 277	x: 1059	y: 242	
Records jb2_new_symbol_add_to_image_and_library:	id: 278	x: 1071	y: 231	
Records jb2_new_symbol_add_to_image_and_library:	id: 279	x: 979	y: 210	
Records jb2_new_symbol_add_to_image_and_library:	id: 280	x: 981	y: 188	
Records jb2_new_symbol_add_to_image_and_library:	id: 281	x: 985	y: 218	
Records jb2_new_symbol_add_to_image_and_library:	id: 282	x: 1008	y: 199	
Records jb2_new_symbol_add_to_image_and_library:	id: 283	x: 1040	y: 201	
Records jb2_matched_symbol_with_refinement_add_to_image_and_library:	id: 284	x: 1083	y: 194	
Records jb2_new_symbol_add_to_image_and_library:	id: 285	x: 983	y: 167	
Records jb2_new_symbol_add_to_image_and_library:	id: 286	x: 993	y: 153	
Records jb2_new_symbol_add_to_image_and_library:	id: 287	x: 1008	y: 147	
Records jb2_new_symbol_add_to_image_and_library:	id: 288	x: 1025	y: 141	
Records jb2_new_symbol_add_to_image_and_library:	id: 289	x: 1041	y: 142	
Records jb2_matched_symbol_with_refinement_add_to_image_and_library:	id: 290	x: 1056	y: 147	
Records jb2_new_symbol_add_to_image_and_library:	id: 291	x: 1067	y: 162	
Records jb2_new_symbol_add_to_image_and_library:	id: 292	x: 1080	y: 169	
Records jb2_new_symbol_add_to_image_and_library:	id: 293	x: 0	y: 300	
Records jb2_new_symbol_add_to_image_and_library:	id: 294	x: 300	y: 2	
Records jb2_new_symbol_add_to_image_and_library:	id: 295	x: 600	y: 1	
Records jb2_new_symbol_add_to_image_and_library:	id: 296	x: 900	y: 1	
Records jb2_new_symbol_add_to_image_and_library:	id: 297	x: 1200	y: 1	
Records jb2_new_symbol_add_to_image_and_library:	id: 298	x: 1800	y: 300	
Records jb2_new_symbol_add_to_image_and_library:	id: 299	x: 0	y: 600	
Records jb2_new_symbol_add_to_image_and_library:	id: 300	x: 398	y: 600	
Records jb2_new_symbol_add_to_image_and_library:	id: 301	x: 752	y: 600	
Records jb2_new_symbol_add_to_image_and_library:	id: 302	x: 900	y: 600	
Records jb2_new_symbol_add_to_image_and_library:	id: 303	x: 1315	y: 600	
Records jb2_new_symbol_add_to_image_and_library:	id: 304	x: 1500	y: 600	
Records jb2_new_symbol_add_to_image_and_library:	id: 305	x: 1971	y: 600	
Records jb2_new_symbol_add_to_image_and_library:	id: 306	x: 0	y: 900	
Records jb2_new_symbol_add_to_image_and_library:	id: 307	x: 426	y: 900	
Records jb2_new_symbol_add_to_image_and_library:	id: 308	x: 667	y: 900	
Records jb2_new_symbol_add_to_image_and_library:	id: 309	x: 900	y: 900	
Records jb2_new_symbol_add_to_image_and_library:	id: 310	x: 1200	y: 900	
Records jb2_new_symbol_add_to_image_and_library:	id: 311	x: 1500	y: 900	
Records jb2_new_symbol_add_to_image_and_library:	id: 312	x: 1971	y: 900	
Records jb2_new_symbol_add_to_image_and_library:	id: 313	x: 0	y: 1200	
Records jb2_new_symbol_add_to_image_and_library:	id: 314	x: 300	y: 1200	
Records jb2_new_symbol_add_to_image_and_library:	id: 315	x: 668	y: 1177	
Records jb2_new_symbol_add_to_image_and_library:	id: 316	x: 900	y: 1182	
Records jb2_new_symbol_add_to_image_and_library:	id: 317	x: 1200	y: 1200	
Records jb2_new_symbol_add_to_image_and_library:	id: 318	x: 1500	y: 1200	
Records jb2_new_symbol_add_to_image_and_library:	id: 319	x: 1971	y: 1200	
Records jb2_new_symbol_add_to_image_and_library:	id: 320	x: 0	y: 1500	
Records jb2_new_symbol_add_to_image_and_library:	id: 321	x: 300	y: 1352	
Records jb2_new_symbol_add_to_image_and_library:	id: 322	x: 1393	y: 1368	
Records jb2_new_symbol_add_to_image_and_library:	id: 323	x: 1500	y: 1367	
Records jb2_new_symbol_add_to_image_and_library:	id: 324	x: 1971	y: 1500	
Records jb2_new_symbol_add_to_image_and_library:	id: 325	x: 0	y: 1783	
Records jb2_new_symbol_add_to_image_and_library:	id: 326	x: 759	y: 1800	
Records jb2_new_symbol_add_to_image_and_library:	id: 327	x: 1077	y: 1800	
Records jb2_new_symbol_add_to_image_and_library:	id: 328	x: 1213	y: 1800	
Records jb2_new_symbol_add_to_image_and_library:	id: 329	x: 1500	y: 1800	
Records jb2_new_symbol_add_to_image_and_library:	id: 330	x: 1971	y: 1800	
Records jb2_new_symbol_add_to_image_and_library:	id: 331	x: 595	y: 1994	
Records jb2_new_symbol_add_to_image_and_library:	id: 332	x: 600	y: 2100	
Records jb2_new_symbol_add_to_image_and_library:	id: 333	x: 900	y: 2100	
Records jb2_new_symbol_add_to_image_and_library:	id: 334	x: 1200	y: 1926	
Records jb2_new_symbol_add_to_image_and_library:	id: 335	x: 1500	y: 2038	
Records jb2_new_symbol_add_to_image_and_library:	id: 336	x: 1971	y: 2100	
Records jb2_new_symbol_add_to_image_and_library:	id: 337	x: 602	y: 2400	
Records jb2_new_symbol_add_to_image_and_library:	id: 338	x: 900	y: 2400	
Records jb2_new_symbol_add_to_image_and_library:	id: 339	x: 1200	y: 2288	
Records jb2_new_symbol_add_to_image_and_library:	id: 340	x: 1971	y: 2400	
Records jb2_new_symbol_add_to_image_and_library:	id: 341	x: 315	y: 2526	
Records jb2_new_symbol_add_to_image_and_library:	id: 342	x: 606	y: 2600	
Records jb2_new_symbol_add_to_image_and_library:	id: 343	x: 900	y: 2532	
Records jb2_new_symbol_add_to_image_and_library:	id: 344	x: 1200	y: 2669	
Records jb2_new_symbol_add_to_image_and_library:	id: 345	x: 1971	y: 2700	
Records jb2_new_symbol_add_to_image_and_library:	id: 346	x: 0	y: 2967	
Records jb2_new_symbol_add_to_image_and_library:	id: 347	x: 300	y: 2967	
Records jb2_new_symbol_add_to_image_and_library:	id: 348	x: 600	y: 2967	
Records jb2_new_symbol_add_to_image_and_library:	id: 349	x: 1299	y: 2967	
Records jb2_new_symbol_add_to_image_and_library:	id: 350	x: 1500	y: 2967	
Records jb2_new_symbol_add_to_image_and_library:	id: 351	x: 1800	y: 2967	
Records jb2_end_of_data
