Records jb2_start_of_image
Records jb2_new_symbol_add_to_image_and_library:	id: 0	x: 1022	y: 2954	
Records jb2_new_symbol_add_to_image_and_library:	id: 1	x: 532	y: 2668	
Records jb2_new_symbol_add_to_image_and_library:	id: 2	x: 579	y: 2671	
Records jb2_new_symbol_add_to_image_and_library:	id: 3	x: 625	y: 2654	
Records jb2_new_symbol_add_to_image_and_library:	id: 4	x: 639	y: 2656	
Records jb2_new_symbol_add_to_image_and_library:	id: 5	x: 652	y: 2668	
Records jb2_new_symbol_add_to_image_and_library:	id: 6	x: 692	y: 2669	
Records jb2_new_symbol_add_to_image_and_library:	id: 7	x: 692	y: 2654	
Records jb2_new_symbol_add_to_image_and_library:	id: 8	x: 777	y: 2653	
Records jb2_new_symbol_add_to_image_and_library:	id: 9	x: 809	y: 2655	
Records jb2_new_symbol_add_to_image_and_library:	id: 10	x: 1155	y: 2671	
Records jb2_new_symbol_add_to_image_and_library:	id: 11	x: 1248	y: 2659	
Records jb2_new_symbol_add_to_image_and_library:	id: 12	x: 1275	y: 2654	
Records jb2_new_symbol_add_to_image_and_library:	id: 13	x: 1302	y: 2658	
Records jb2_matched_symbol_with_refinement_add_to_image_and_library:	id: 14	x: 1332	y: 2653	
Records jb2_new_symbol_add_to_image_and_library:	id: 15	x: 1346	y: 2651	
Records jb2_new_symbol_add_to_image_and_library:	id: 16	x: 1375	y: 2652	
Records jb2_new_symbol_add_to_image_and_library:	id: 17	x: 1402	y: 2654	
Records jb2_new_symbol_add_to_image_and_library:	id: 18	x: 1475	y: 2654	
Records jb2_new_symbol_add_to_image_and_library:	id: 19	x: 1482	y: 2665	
Records jb2_new_symbol_add_to_image_and_library:	id: 20	x: 1488	y: 2657	
Records jb2_new_symbol_add_to_image_and_library:	id: 21	x: 1508	y: 2656	
Records jb2_new_symbol_add_to_image_and_library:	id: 22	x: 1534	y: 2658	
Records jb2_matched_symbol_with_refinement_add_to_image_and_library:	id: 23	x: 1541	y: 2668	
Records jb2_new_symbol_add_to_image_and_library:	id: 24	x: 1560	y: 2657	
Records jb2_new_symbol_add_to_image_and_library:	id: 25	x: 1575	y: 2666	
Records jb2_new_symbol_add_to_image_and_library:	id: 26	x: 1587	y: 2671	
Records jb2_new_symbol_add_to_image_and_library:	id: 27	x: 1622	y: 2662	
Records jb2_new_symbol_add_to_image_and_library:	id: 28	x: 1655	y: 2659	
Records jb2_new_symbol_add_to_image_and_library:	id: 29	x: 1700	y: 2670	
Records jb2_matched_symbol_with_refinement_add_to_image_and_library:	id: 30	x: 1739	y: 2659	
Records jb2_new_symbol_add_to_image_and_library:	id: 31	x: 1767	y: 2640	
Records jb2_new_symbol_add_to_image_and_library:	id: 32	x: 1485	y: 2607	
Records jb2_new_symbol_add_to_image_and_library:	id: 33	x: 1567	y: 2593	
Records jb2_new_symbol_add_to_image_and_library:	id: 34	x: 701	y: 2555	
Records jb2_new_symbol_add_to_image_and_library:	id: 35	x: 728	y: 2540	
Records jb2_new_symbol_add_to_image_and_library:	id: 36	x: 736	y: 2546	
Records jb2_new_symbol_add_to_image_and_library:	id: 37	x: 747	y: 2545	
Records jb2_new_symbol_add_to_image_and_library:	id: 38	x: 804	y: 2545	
Records jb2_new_symbol_add_to_image_and_library:	id: 39	x: 806	y: 2577	
Records jb2_matched_symbol_with_refinement_add_to_image_and_library:	id: 40	x: 1415	y: 2544	
Records jb2_new_symbol_add_to_image_and_library:	id: 41	x: 1592	y: 2557	
Records jb2_new_symbol_add_to_image_and_library:	id: 42	x: 1593	y: 2588	
Records jb2_new_symbol_add_to_image_and_library:	id: 43	x: 1595	y: 2588	
Records jb2_new_symbol_add_to_image_and_library:	id: 44	x: 1610	y: 2582	
Records jb2_new_symbol_add_to_image_and_library:	id: 45	x: 1618	y: 2544	
Records jb2_new_symbol_add_to_image_and_library:	id: 46	x: 1633	y: 2558	
Records jb2_new_symbol_add_to_image_and_library:	id: 47	x: 720	y: 2529	
Records jb2_new_symbol_add_to_image_and_library:	id: 48	x: 1607	y: 2539	
Records jb2_new_symbol_add_to_image_and_library:	id: 49	x: 1660	y: 2526	
Records jb2_new_symbol_add_to_image_and_library:	id: 50	x: 1676	y: 2504	
Records jb2_new_symbol_add_to_image_and_library:	id: 51	x: 1327	y: 2475	
Records jb2_new_symbol_add_to_image_and_library:	id: 52	x: 654	y: 2455	
Records jb2_new_symbol_add_to_image_and_library:	id: 53	x: 667	y: 2389	
Records jb2_new_symbol_add_to_image_and_library:	id: 54	x: 696	y: 2372	
Records jb2_new_symbol_add_to_image_and_library:	id: 55	x: 678	y: 2367	
Records jb2_new_symbol_add_to_image_and_library:	id: 56	x: 700	y: 2358	
Records jb2_new_symbol_add_to_image_and_library:	id: 57	x: 686	y: 2349	
Records jb2_new_symbol_add_to_image_and_library:	id: 58	x: 718	y: 2345	
Records jb2_new_symbol_add_to_image_and_library:	id: 59	x: 705	y: 2334	
Records jb2_new_symbol_add_to_image_and_library:	id: 60	x: 734	y: 2333	
Records jb2_new_symbol_add_to_image_and_library:	id: 61	x: 735	y: 2319	
Records jb2_new_symbol_add_to_image_and_library:	id: 62	x: 759	y: 2328	
Records jb2_new_symbol_add_to_image_and_library:	id: 63	x: 776	y: 2322	
Records jb2_new_symbol_add_to_image_and_library:	id: 64	x: 814	y: 2315	
Records jb2_new_symbol_add_to_image_and_library:	id: 65	x: 765	y: 2310	
Records jb2_new_symbol_add_to_image_and_library:	id: 66	x: 655	y: 2301	
Records jb2_new_symbol_add_to_image_and_library:	id: 67	x: 834	y: 2296	
Records jb2_new_symbol_add_to_image_and_library:	id: 68	x: 1580	y: 2206	
Records jb2_new_symbol_add_to_image_and_library:	id: 69	x: 661	y: 2060	
Records jb2_new_symbol_add_to_image_and_library:	id: 70	x: 890	y: 1921	
Records jb2_new_symbol_add_to_image_and_library:	id: 71	x: 885	y: 1831	
Records jb2_new_symbol_add_to_image_and_library:	id: 72	x: 1351	y: 1882	
Records jb2_new_symbol_add_to_image_and_library:	id: 73	x: 1372	y: 1878	
Records jb2_new_symbol_add_to_image_and_library:	id: 74	x: 1388	y: 1873	
Records jb2_new_symbol_add_to_image_and_library:	id: 75	x: 1723	y: 1898	
Records jb2_matched_symbol_with_refinement_add_to_image_and_library:	id: 76	x: 616	y: 1713	
Records jb2_matched_symbol_with_refinement_add_to_image_and_library:	id: 77	x: 709	y: 1705	
Records jb2_matched_symbol_with_refinement_add_to_image_and_library:	id: 78	x: 737	y: 1704	
Records jb2_new_symbol_add_to_image_and_library:	id: 79	x: 743	y: 1715	
Records jb2_new_symbol_add_to_image_and_library:	id: 80	x: 752	y: 1704	
Records jb2_new_symbol_add_to_image_and_library:	id: 81	x: 832	y: 1722	
Records jb2_new_symbol_add_to_image_and_library:	id: 82	x: 847	y: 1707	
Records jb2_new_symbol_add_to_image_and_library:	id: 83	x: 869	y: 1723	
Records jb2_new_symbol_add_to_image_and_library:	id: 84	x: 882	y: 1711	
Records jb2_new_symbol_add_to_image_and_library:	id: 85	x: 927	y: 1724	
Records jb2_new_symbol_add_to_image_and_library:	id: 86	x: 961	y: 1713	
Records jb2_new_symbol_add_to_image_and_library:	id: 87	x: 980	y: 1715	
Records jb2_matched_symbol_with_refinement_add_to_image_and_library:	id: 88	x: 1327	y: 1733	
Records jb2_new_symbol_add_to_image_and_library:	id: 89	x: 1375	y: 1733	
Records jb2_matched_symbol_with_refinement_add_to_image_and_library:	id: 90	x: 1474	y: 1720	
Records jb2_new_symbol_add_to_image_and_library:	id: 91	x: 1510	y: 1720	
Records jb2_matched_symbol_with_refinement_add_to_image_and_library:	id: 92	x: 1537	y: 1734	
Records jb2_new_symbol_add_to_image_and_library:	id: 93	x: 1545	y: 1722	
Records jb2_new_symbol_add_to_image_and_library:	id: 94	x: 1573	y: 1723	
Records jb2_matched_symbol_with_refinement_add_to_image_and_library:	id: 95	x: 1627	y: 1732	
Records jb2_matched_symbol_with_refinement_add_to_image_and_library:	id: 96	x: 1640	y: 1723	
Records jb2_new_symbol_add_to_image_and_library:	id: 97	x: 1641	y: 1721	
Records jb2_matched_symbol_with_refinement_add_to_image_and_library:	id: 98	x: 1679	y: 1721	
Records jb2_matched_symbol_with_refinement_add_to_image_and_library:	id: 99	x: 1707	y: 1722	
Records jb2_new_symbol_add_to_image_and_library:	id: 100	x: 1737	y: 1726	
Records jb2_new_symbol_add_to_image_and_library:	id: 101	x: 1335	y: 1665	
Records jb2_matched_symbol_with_refinement_add_to_image_and_library:	id: 102	x: 1356	y: 1663	
Records jb2_matched_symbol_with_refinement_add_to_image_and_library:	id: 103	x: 1395	y: 1672	
Records jb2_new_symbol_add_to_image_and_library:	id: 104	x: 1410	y: 1663	
Records jb2_new_symbol_add_to_image_and_library:	id: 105	x: 1462	y: 1664	
Records jb2_new_symbol_add_to_image_and_library:	id: 106	x: 1490	y: 1674	
Records jb2_new_symbol_add_to_image_and_library:	id: 107	x: 1524	y: 1667	
Records jb2_new_symbol_add_to_image_and_library:	id: 108	x: 1525	y: 1647	
Records jb2_matched_symbol_with_refinement_add_to_image_and_library:	id: 109	x: 1561	y: 1662	
Records jb2_matched_symbol_with_refinement_add_to_image_and_library:	id: 110	x: 1590	y: 1645	
Records jb2_new_symbol_add_to_image_and_library:	id: 111	x: 967	y: 1508	
Records jb2_new_symbol_add_to_image_and_library:	id: 112	x: 1256	y: 1513	
Records jb2_new_symbol_add_to_image_and_library:	id: 113	x: 1416	y: 1520	
Records jb2_new_symbol_add_to_image_and_library:	id: 114	x: 1488	y: 1512	
Records jb2_new_symbol_add_to_image_and_library:	id: 115	x: 1497	y: 1507	
Records jb2_new_symbol_add_to_image_and_library:	id: 116	x: 1552	y: 1520	
Records jb2_new_symbol_add_to_image_and_library:	id: 117	x: 1010	y: 1457	
Records jb2_new_symbol_add_to_image_and_library:	id: 118	x: 1324	y: 1461	
Records jb2_new_symbol_add_to_image_and_library:	id: 119	x: 1363	y: 1490	
Records jb2_new_symbol_add_to_image_and_library:	id: 120	x: 1479	y: 1481	
Records jb2_matched_symbol_with_refinement_add_to_image_and_library:	id: 121	x: 1506	y: 1452	
Records jb2_new_symbol_add_to_image_and_library:	id: 122	x: 1556	y: 1471	
Records jb2_new_symbol_add_to_image_and_library:	id: 123	x: 1567	y: 1489	
Records jb2_new_symbol_add_to_image_and_library:	id: 124	x: 1568	y: 1455	
Records jb2_new_symbol_add_to_image_and_library:	id: 125	x: 1593	y: 1469	
Records jb2_new_symbol_add_to_image_and_library:	id: 126	x: 1641	y: 1449	
Records jb2_new_symbol_add_to_image_and_library:	id: 127	x: 1648	y: 1451	
Records jb2_new_symbol_add_to_image_and_library:	id: 128	x: 1432	y: 1422	
Records jb2_matched_symbol_with_refinement_add_to_image_and_library:	id: 129	x: 1464	y: 1434	
Records jb2_new_symbol_add_to_image_and_library:	id: 130	x: 1514	y: 1440	
Records jb2_new_symbol_add_to_image_and_library:	id: 131	x: 1524	y: 1436	
Records jb2_new_symbol_add_to_image_and_library:	id: 132	x: 1533	y: 1422	
Records jb2_new_symbol_add_to_image_and_library:	id: 133	x: 1542	y: 1441	
Records jb2_new_symbol_add_to_image_and_library:	id: 134	x: 1573	y: 1438	
Records jb2_new_symbol_add_to_image_and_library:	id: 135	x: 1582	y: 1437	
Records jb2_matched_symbol_with_refinement_add_to_image_and_library:	id: 136	x: 1583	y: 1416	
Records jb2_new_symbol_add_to_image_and_library:	id: 137	x: 1627	y: 1424	
Records jb2_new_symbol_add_to_image_and_library:	id: 138	x: 1637	y: 1428	
Records jb2_new_symbol_add_to_image_and_library:	id: 139	x: 1643	y: 1425	
Records jb2_new_symbol_add_to_image_and_library:	id: 140	x: 1647	y: 1415	
Records jb2_new_symbol_add_to_image_and_library:	id: 141	x: 1677	y: 1415	
Records jb2_new_symbol_add_to_image_and_library:	id: 142	x: 1366	y: 1407	
Records jb2_new_symbol_add_to_image_and_library:	id: 143	x: 1603	y: 1404	
Records jb2_matched_symbol_with_refinement_add_to_image_and_library:	id: 144	x: 1639	y: 1413	
Records jb2_new_symbol_add_to_image_and_library:	id: 145	x: 1590	y: 1394	
Records jb2_new_symbol_add_to_image_and_library:	id: 146	x: 1699	y: 1388	
Records jb2_new_symbol_add_to_image_and_library:	id: 147	x: 1607	y: 1384	
Records jb2_new_symbol_add_to_image_and_library:	id: 148	x: 1223	y: 1348	
Records jb2_new_symbol_add_to_image_and_library:	id: 149	x: 1303	y: 1357	
Records jb2_new_symbol_add_to_image_and_library:	id: 150	x: 1308	y: 1365	
Records jb2_new_symbol_add_to_image_and_library:	id: 151	x: 1316	y: 1357	
Records jb2_new_symbol_add_to_image_and_library:	id: 152	x: 1334	y: 1362	
Records jb2_new_symbol_add_to_image_and_library:	id: 153	x: 1602	y: 1355	
Records jb2_matched_symbol_with_refinement_add_to_image_and_library:	id: 154	x: 1620	y: 1365	
Records jb2_new_symbol_add_to_image_and_library:	id: 155	x: 1622	y: 1348	
Records jb2_matched_symbol_with_refinement_add_to_image_and_library:	id: 156	x: 1640	y: 1334	
Records jb2_new_symbol_add_to_image_and_library:	id: 157	x: 1671	y: 1345	
Records jb2_new_symbol_add_to_image_and_library:	id: 158	x: 1678	y: 1349	
Records jb2_new_symbol_add_to_image_and_library:	id: 159	x: 1683	y: 1329	
Records jb2_new_symbol_add_to_image_and_library:	id: 160	x: 1647	y: 1324	
Records jb2_new_symbol_add_to_image_and_library:	id: 161	x: 1663	y: 1300	
Records jb2_new_symbol_add_to_image_and_library:	id: 162	x: 1650	y: 1290	
Records jb2_matched_symbol_with_refinement_add_to_image_and_library:	id: 163	x: 1665	y: 1264	
Records jb2_new_symbol_add_to_image_and_library:	id: 164	x: 1670	y: 1255	
Records jb2_new_symbol_add_to_image_and_library:	id: 165	x: 1679	y: 1271	
Records jb2_matched_symbol_with_refinement_add_to_image_and_library:	id: 166	x: 1686	y: 1266	
Records jb2_new_symbol_add_to_image_and_library:	id: 167	x: 1687	y: 1256	
Records jb2_new_symbol_add_to_image_and_library:	id: 168	x: 1708	y: 1256	
Records jb2_new_symbol_add_to_image_and_library:	id: 169	x: 1709	y: 1262	
Records jb2_new_symbol_add_to_image_and_library:	id: 170	x: 1690	y: 1250	
Records jb2_new_symbol_add_to_image_and_library:	id: 171	x: 1711	y: 1253	
Records jb2_matched_symbol_with_refinement_add_to_image_and_library:	id: 172	x: 1683	y: 1243	
Records jb2_matched_symbol_with_refinement_add_to_image_and_library:	id: 173	x: 1697	y: 1238	
Records jb2_new_symbol_add_to_image_and_library:	id: 174	x: 1306	y: 1204	
Records jb2_new_symbol_add_to_image_and_library:	id: 175	x: 1684	y: 1227	
Records jb2_new_symbol_add_to_image_and_library:	id: 176	x: 1697	y: 1231	
Records jb2_new_symbol_add_to_image_and_library:	id: 177	x: 1704	y: 1217	
Records jb2_new_symbol_add_to_image_and_library:	id: 178	x: 1710	y: 1197	
Records jb2_new_symbol_add_to_image_and_library:	id: 179	x: 1255	y: 1181	
Records jb2_new_symbol_add_to_image_and_library:	id: 180	x: 1706	y: 1161	
Records jb2_new_symbol_add_to_image_and_library:	id: 181	x: 1716	y: 1181	
Records jb2_matched_symbol_with_refinement_add_to_image_and_library:	id: 182	x: 1720	y: 1170	
Records jb2_new_symbol_add_to_image_and_library:	id: 183	x: 1726	y: 1150	
Records jb2_new_symbol_add_to_image_and_library:	id: 184	x: 1729	y: 1141	
Records jb2_matched_symbol_with_refinement_add_to_image_and_library:	id: 185	x: 1731	y: 1130	
Records jb2_new_symbol_add_to_image_and_library:	id: 186	x: 1734	y: 1127	
Records jb2_new_symbol_add_to_image_and_library:	id: 187	x: 1722	y: 1107	
Records jb2_new_symbol_add_to_image_and_library:	id: 188	x: 1705	y: 1068	
Records jb2_new_symbol_add_to_image_and_library:	id: 189	x: 1709	y: 1096	
Records jb2_new_symbol_add_to_image_and_library:	id: 190	x: 1710	y: 1066	
Records jb2_new_symbol_add_to_image_and_library:	id: 191	x: 1711	y: 1067	
Records jb2_new_symbol_add_to_image_and_library:	id: 192	x: 1722	y: 1066	
Records jb2_matched_symbol_with_refinement_add_to_image_and_library:	id: 193	x: 1732	y: 1072	
Records jb2_new_symbol_add_to_image_and_library:	id: 194	x: 1739	y: 1101	
Records jb2_new_symbol_add_to_image_and_library:	id: 195	x: 1743	y: 1067	
Records jb2_new_symbol_add_to_image_and_library:	id: 196	x: 1701	y: 1058	
Records jb2_new_symbol_add_to_image_and_library:	id: 197	x: 1251	y: 1012	
Records jb2_new_symbol_add_to_image_and_library:	id: 198	x: 1664	y: 1010	
Records jb2_new_symbol_add_to_image_and_library:	id: 199	x: 1671	y: 1029	
Records jb2_matched_symbol_with_refinement_add_to_image_and_library:	id: 200	x: 1671	y: 1012	
Records jb2_new_symbol_add_to_image_and_library:	id: 201	x: 1682	y: 1009	
Records jb2_new_symbol_add_to_image_and_library:	id: 202	x: 1687	y: 1043	
Records jb2_new_symbol_add_to_image_and_library:	id: 203	x: 1690	y: 1035	
Records jb2_matched_symbol_with_refinement_add_to_image_and_library:	id: 204	x: 1694	y: 1048	
Records jb2_new_symbol_add_to_image_and_library:	id: 205	x: 1695	y: 1054	
Records jb2_matched_symbol_with_refinement_add_to_image_and_library:	id: 206	x: 1700	y: 1011	
Records jb2_new_symbol_add_to_image_and_library:	id: 207	x: 1702	y: 1010	
Records jb2_matched_symbol_with_refinement_add_to_image_and_library:	id: 208	x: 1709	y: 1045	
Records jb2_new_symbol_add_to_image_and_library:	id: 209	x: 1716	y: 1054	
Records jb2_matched_symbol_with_refinement_add_to_image_and_library:	id: 210	x: 1726	y: 1014	
Records jb2_new_symbol_add_to_image_and_library:	id: 211	x: 1741	y: 1027	
Records jb2_new_symbol_add_to_image_and_library:	id: 212	x: 1746	y: 1032	
Records jb2_new_symbol_add_to_image_and_library:	id: 213	x: 1229	y: 1000	
Records jb2_new_symbol_add_to_image_and_library:	id: 214	x: 1641	y: 980	
Records jb2_new_symbol_add_to_image_and_library:	id: 215	x: 1652	y: 1001	
Records jb2_matched_symbol_with_refinement_add_to_image_and_library:	id: 216	x: 1653	y: 987	
Records jb2_matched_symbol_with_refinement_add_to_image_and_library:	id: 217	x: 1661	y: 982	
Records jb2_new_symbol_add_to_image_and_library:	id: 218	x: 1667	y: 988	
Records jb2_matched_symbol_with_refinement_add_to_image_and_library:	id: 219	x: 1670	y: 1003	
Records jb2_matched_symbol_with_refinement_add_to_image_and_library:	id: 220	x: 1682	y: 995	
Records jb2_matched_symbol_with_refinement_add_to_image_and_library:	id: 221	x: 1690	y: 991	
Records jb2_matched_symbol_with_refinement_add_to_image_and_library:	id: 222	x: 1698	y: 997	
Records jb2_matched_symbol_with_refinement_add_to_image_and_library:	id: 223	x: 1703	y: 979	
Records jb2_new_symbol_add_to_image_and_library:	id: 224	x: 1704	y: 997	
Records jb2_new_symbol_add_to_image_and_library:	id: 225	x: 1717	y: 991	
Records jb2_matched_symbol_copy_to_image_without_refinement:	id: 173	x: 1728	y: 1004	
Records jb2_matched_symbol_with_refinement_add_to_image_and_library:	id: 226	x: 1253	y: 962	
Records jb2_new_symbol_add_to_image_and_library:	id: 227	x: 1637	y: 976	
Records jb2_matched_symbol_with_refinement_add_to_image_and_library:	id: 228	x: 1642	y: 973	
Records jb2_matched_symbol_with_refinement_add_to_image_and_library:	id: 229	x: 1666	y: 962	
Records jb2_matched_symbol_with_refinement_add_to_image_and_library:	id: 230	x: 1683	y: 968	
Records jb2_matched_symbol_with_refinement_add_to_image_and_library:	id: 231	x: 1684	y: 960	
Records jb2_new_symbol_add_to_image_and_library:	id: 232	x: 1703	y: 957	
Records jb2_new_symbol_add_to_image_and_library:	id: 233	x: 1711	y: 978	
Records jb2_matched_symbol_with_refinement_add_to_image_and_library:	id: 234	x: 1670	y: 941	
Records jb2_matched_symbol_with_refinement_add_to_image_and_library:	id: 235	x: 1649	y: 925	
Records jb2_new_symbol_add_to_image_and_library:	id: 236	x: 1658	y: 931	
Records jb2_matched_symbol_with_refinement_add_to_image_and_library:	id: 237	x: 1665	y: 931	
Records jb2_new_symbol_add_to_image_and_library:	id: 238	x: 1673	y: 923	
Records jb2_matched_symbol_with_refinement_add_to_image_and_library:	id: 239	x: 1682	y: 932	
Records jb2_matched_symbol_with_refinement_add_to_image_and_library:	id: 240	x: 1684	y: 938	
Records jb2_new_symbol_add_to_image_and_library:	id: 241	x: 1695	y: 938	
Records jb2_new_symbol_add_to_image_and_library:	id: 242	x: 1646	y: 915	
Records jb2_matched_symbol_with_refinement_add_to_image_and_library:	id: 243	x: 1658	y: 911	
Records jb2_matched_symbol_with_refinement_add_to_image_and_library:	id: 244	x: 1666	y: 915	
Records jb2_new_symbol_add_to_image_and_library:	id: 245	x: 1670	y: 912	
Records jb2_matched_symbol_with_refinement_add_to_image_and_library:	id: 246	x: 1648	y: 899	
Records jb2_new_symbol_add_to_image_and_library:	id: 247	x: 1398	y: 866	
Records jb2_new_symbol_add_to_image_and_library:	id: 248	x: 1409	y: 865	
Records jb2_new_symbol_add_to_image_and_library:	id: 249	x: 1465	y: 868	
Records jb2_new_symbol_add_to_image_and_library:	id: 250	x: 1477	y: 868	
Records jb2_new_symbol_add_to_image_and_library:	id: 251	x: 1547	y: 880	
Records jb2_new_symbol_add_to_image_and_library:	id: 252	x: 1558	y: 884	
Records jb2_matched_symbol_with_refinement_add_to_image_and_library:	id: 253	x: 1638	y: 895	
Records jb2_matched_symbol_copy_to_image_without_refinement:	id: 244	x: 1644	y: 875	
Records jb2_matched_symbol_with_refinement_add_to_image_and_library:	id: 254	x: 1653	y: 888	
Records jb2_new_symbol_add_to_image_and_library:	id: 255	x: 1654	y: 873	
Records jb2_new_symbol_add_to_image_and_library:	id: 256	x: 1668	y: 875	
Records jb2_new_symbol_add_to_image_and_library:	id: 257	x: 1639	y: 858	
Records jb2_matched_symbol_copy_to_image_without_refinement:	id: 166	x: 1643	y: 860	
Records jb2_new_symbol_add_to_image_and_library:	id: 258	x: 1455	y: 856	
Records jb2_matched_symbol_with_refinement_add_to_image_and_library:	id: 259	x: 1459	y: 844	
Records jb2_new_symbol_add_to_image_and_library:	id: 260	x: 1149	y: 1	
Records jb2_new_symbol_add_to_image_and_library:	id: 261	x: 1317	y: 1	
Records jb2_new_symbol_add_to_image_and_library:	id: 262	x: 0	y: 300	
Records jb2_new_symbol_add_to_image_and_library:	id: 263	x: 300	y: 2	
Records jb2_new_symbol_add_to_image_and_library:	id: 264	x: 600	y: 1	
Records jb2_new_symbol_add_to_image_and_library:	id: 265	x: 900	y: 1	
Records jb2_new_symbol_add_to_image_and_library:	id: 266	x: 1312	y: 1	
Records jb2_new_symbol_add_to_image_and_library:	id: 267	x: 1500	y: 2	
Records jb2_new_symbol_add_to_image_and_library:	id: 268	x: 1800	y: 2	
Records jb2_new_symbol_add_to_image_and_library:	id: 269	x: 0	y: 600	
Records jb2_new_symbol_add_to_image_and_library:	id: 270	x: 0	y: 900	
Records jb2_new_symbol_add_to_image_and_library:	id: 271	x: 901	y: 900	
Records jb2_new_symbol_add_to_image_and_library:	id: 272	x: 1251	y: 900	
Records jb2_new_symbol_add_to_image_and_library:	id: 273	x: 1500	y: 900	
Records jb2_new_symbol_add_to_image_and_library:	id: 274	x: 0	y: 1200	
Records jb2_new_symbol_add_to_image_and_library:	id: 275	x: 865	y: 1148	
Records jb2_new_symbol_add_to_image_and_library:	id: 276	x: 900	y: 1200	
Records jb2_new_symbol_add_to_image_and_library:	id: 277	x: 1211	y: 1200	
Records jb2_new_symbol_add_to_image_and_library:	id: 278	x: 1540	y: 1200	
Records jb2_new_symbol_add_to_image_and_library:	id: 279	x: 2019	y: 1200	
Records jb2_new_symbol_add_to_image_and_library:	id: 280	x: 0	y: 1500	
Records jb2_new_symbol_add_to_image_and_library:	id: 281	x: 504	y: 1500	
Records jb2_new_symbol_add_to_image_and_library:	id: 282	x: 600	y: 1500	
Records jb2_new_symbol_add_to_image_and_library:	id: 283	x: 900	y: 1500	
Records jb2_new_symbol_add_to_image_and_library:	id: 284	x: 1216	y: 1500	
Records jb2_new_symbol_add_to_image_and_library:	id: 285	x: 1500	y: 1500	
Records jb2_new_symbol_add_to_image_and_library:	id: 286	x: 2019	y: 1500	
Records jb2_new_symbol_add_to_image_and_library:	id: 287	x: 0	y: 1800	
Records jb2_new_symbol_add_to_image_and_library:	id: 288	x: 565	y: 1531	
Records jb2_new_symbol_add_to_image_and_library:	id: 289	x: 600	y: 1800	
Records jb2_new_symbol_add_to_image_and_library:	id: 290	x: 900	y: 1800	
Records jb2_new_symbol_add_to_image_and_library:	id: 291	x: 1243	y: 1800	
Records jb2_new_symbol_add_to_image_and_library:	id: 292	x: 1500	y: 1800	
Records jb2_new_symbol_add_to_image_and_library:	id: 293	x: 2017	y: 1800	
Records jb2_new_symbol_add_to_image_and_library:	id: 294	x: 0	y: 2100	
Records jb2_new_symbol_add_to_image_and_library:	id: 295	x: 631	y: 2100	
Records jb2_new_symbol_add_to_image_and_library:	id: 296	x: 900	y: 1962	
Records jb2_new_symbol_add_to_image_and_library:	id: 297	x: 1307	y: 2100	
Records jb2_new_symbol_add_to_image_and_library:	id: 298	x: 1500	y: 2100	
Records jb2_new_symbol_add_to_image_and_library:	id: 299	x: 2016	y: 2100	
Records jb2_new_symbol_add_to_image_and_library:	id: 300	x: 0	y: 2400	
Records jb2_new_symbol_add_to_image_and_library:	id: 301	x: 635	y: 2400	
Records jb2_new_symbol_add_to_image_and_library:	id: 302	x: 900	y: 2328	
Records jb2_new_symbol_add_to_image_and_library:	id: 303	x: 1298	y: 2400	
Records jb2_new_symbol_add_to_image_and_library:	id: 304	x: 1500	y: 2400	
Records jb2_new_symbol_add_to_image_and_library:	id: 305	x: 2015	y: 2400	
Records jb2_new_symbol_add_to_image_and_library:	id: 306	x: 0	y: 2700	
Records jb2_new_symbol_add_to_image_and_library:	id: 307	x: 629	y: 2640	
Records jb2_new_symbol_add_to_image_and_library:	id: 308	x: 900	y: 2564	
Records jb2_new_symbol_add_to_image_and_library:	id: 309	x: 1232	y: 2653	
Records jb2_new_symbol_add_to_image_and_library:	id: 310	x: 1500	y: 2609	
Records jb2_new_symbol_add_to_image_and_library:	id: 311	x: 2013	y: 2700	
Records jb2_new_symbol_add_to_image_and_library:	id: 312	x: 0	y: 2954	
Records jb2_new_symbol_add_to_image_and_library:	id: 313	x: 1033	y: 2954	
Records jb2_new_symbol_add_to_image_and_library:	id: 314	x: 1200	y: 2954	
Records jb2_new_symbol_add_to_image_and_library:	id: 315	x: 1500	y: 2954	
Records jb2_new_symbol_add_to_image_and_library:	id: 316	x: 1800	y: 2954	
Records jb2_end_of_data
