Records jb2_start_of_image
Records jb2_new_symbol_add_to_image_and_library:	id: 0	x: 0	y: 2959	
Records jb2_new_symbol_add_to_image_and_library:	id: 1	x: 75	y: 2959	
Records jb2_new_symbol_add_to_image_and_library:	id: 2	x: 735	y: 2959	
Records jb2_matched_symbol_with_refinement_add_to_image_and_library:	id: 3	x: 750	y: 2959	
Records jb2_matched_symbol_copy_to_image_without_refinement:	id: 1	x: 1047	y: 2959	
Records jb2_new_symbol_add_to_image_and_library:	id: 4	x: 1061	y: 2959	
Records jb2_matched_symbol_copy_to_image_without_refinement:	id: 1	x: 1078	y: 2959	
Records jb2_matched_symbol_with_refinement_add_to_image_and_library:	id: 5	x: 1085	y: 2959	
Records jb2_matched_symbol_with_refinement_add_to_image_and_library:	id: 6	x: 1104	y: 2959	
Records jb2_matched_symbol_copy_to_image_without_refinement:	id: 3	x: 1112	y: 2959	
Records jb2_matched_symbol_copy_to_image_without_refinement:	id: 5	x: 1120	y: 2959	
Records jb2_new_symbol_add_to_image_and_library:	id: 7	x: 1133	y: 2959	
Records jb2_matched_symbol_copy_to_image_without_refinement:	id: 7	x: 1147	y: 2959	
Records jb2_new_symbol_add_to_image_and_library:	id: 8	x: 1168	y: 2959	
Records jb2_matched_symbol_copy_to_image_without_refinement:	id: 4	x: 1195	y: 2959	
Records jb2_new_symbol_add_to_image_and_library:	id: 9	x: 1211	y: 2959	
Records jb2_matched_symbol_copy_to_image_without_refinement:	id: 1	x: 1233	y: 2959	
Records jb2_matched_symbol_copy_to_image_without_refinement:	id: 1	x: 1237	y: 2959	
Records jb2_matched_symbol_with_refinement_add_to_image_and_library:	id: 10	x: 1251	y: 2959	
Records jb2_matched_symbol_copy_to_image_without_refinement:	id: 1	x: 1268	y: 2959	
Records jb2_matched_symbol_copy_to_image_without_refinement:	id: 6	x: 1294	y: 2959	
Records jb2_matched_symbol_copy_to_image_without_refinement:	id: 6	x: 1302	y: 2959	
Records jb2_matched_symbol_with_refinement_add_to_image_and_library:	id: 11	x: 1311	y: 2959	
Records jb2_matched_symbol_with_refinement_add_to_image_and_library:	id: 12	x: 1337	y: 2959	
Records jb2_matched_symbol_copy_to_image_without_refinement:	id: 7	x: 1371	y: 2959	
Records jb2_new_symbol_add_to_image_and_library:	id: 13	x: 1384	y: 2959	
Records jb2_matched_symbol_copy_to_image_without_refinement:	id: 1	x: 1069	y: 2957	
Records jb2_matched_symbol_copy_to_image_without_refinement:	id: 1	x: 750	y: 1752	
Records jb2_new_symbol_add_to_image_and_library:	id: 14	x: 736	y: 1557	
Records jb2_new_symbol_add_to_image_and_library:	id: 15	x: 769	y: 1554	
Records jb2_new_symbol_add_to_image_and_library:	id: 16	x: 800	y: 1514	
Records jb2_new_symbol_add_to_image_and_library:	id: 17	x: 818	y: 1547	
Records jb2_new_symbol_add_to_image_and_library:	id: 18	x: 849	y: 1550	
Records jb2_new_symbol_add_to_image_and_library:	id: 19	x: 910	y: 1551	
Records jb2_new_symbol_add_to_image_and_library:	id: 20	x: 971	y: 1546	
Records jb2_new_symbol_add_to_image_and_library:	id: 21	x: 972	y: 1525	
Records jb2_new_symbol_add_to_image_and_library:	id: 22	x: 974	y: 1530	
Records jb2_new_symbol_add_to_image_and_library:	id: 23	x: 1019	y: 1521	
Records jb2_new_symbol_add_to_image_and_library:	id: 24	x: 1020	y: 1531	
Records jb2_new_symbol_add_to_image_and_library:	id: 25	x: 1023	y: 1547	
Records jb2_new_symbol_add_to_image_and_library:	id: 26	x: 886	y: 1501	
Records jb2_new_symbol_add_to_image_and_library:	id: 27	x: 1457	y: 127	
Records jb2_new_symbol_add_to_image_and_library:	id: 28	x: 1502	y: 114	
Records jb2_new_symbol_add_to_image_and_library:	id: 29	x: 1538	y: 109	
Records jb2_new_symbol_add_to_image_and_library:	id: 30	x: 1581	y: 110	
Records jb2_new_symbol_add_to_image_and_library:	id: 31	x: 1615	y: 112	
Records jb2_new_symbol_add_to_image_and_library:	id: 32	x: 1656	y: 110	
Records jb2_new_symbol_add_to_image_and_library:	id: 33	x: 1695	y: 108	
Records jb2_new_symbol_add_to_image_and_library:	id: 34	x: 1726	y: 102	
Records jb2_new_symbol_add_to_image_and_library:	id: 35	x: 1766	y: 100	
Records jb2_new_symbol_add_to_image_and_library:	id: 36	x: 1783	y: 52	
Records jb2_new_symbol_add_to_image_and_library:	id: 37	x: 1785	y: 39	
Records jb2_matched_symbol_copy_to_image_without_refinement:	id: 12	x: 961	y: 1	
Records jb2_new_symbol_add_to_image_and_library:	id: 38	x: 0	y: 300	
Records jb2_new_symbol_add_to_image_and_library:	id: 39	x: 300	y: 3	
Records jb2_new_symbol_add_to_image_and_library:	id: 40	x: 600	y: 2	
Records jb2_new_symbol_add_to_image_and_library:	id: 41	x: 900	y: 1	
Records jb2_new_symbol_add_to_image_and_library:	id: 42	x: 1200	y: 1	
Records jb2_new_symbol_add_to_image_and_library:	id: 43	x: 1500	y: 88	
Records jb2_new_symbol_add_to_image_and_library:	id: 44	x: 1800	y: 300	
Records jb2_new_symbol_add_to_image_and_library:	id: 45	x: 0	y: 600	
Records jb2_new_symbol_add_to_image_and_library:	id: 46	x: 1980	y: 600	
Records jb2_new_symbol_add_to_image_and_library:	id: 47	x: 0	y: 900	
Records jb2_new_symbol_add_to_image_and_library:	id: 48	x: 1980	y: 900	
Records jb2_new_symbol_add_to_image_and_library:	id: 49	x: 0	y: 1200	
Records jb2_new_symbol_add_to_image_and_library:	id: 50	x: 1980	y: 1200	
Records jb2_new_symbol_add_to_image_and_library:	id: 51	x: 0	y: 1500	
Records jb2_new_symbol_add_to_image_and_library:	id: 52	x: 1980	y: 1500	
Records jb2_new_symbol_add_to_image_and_library:	id: 53	x: 0	y: 1654	
Records jb2_new_symbol_add_to_image_and_library:	id: 54	x: 818	y: 1560	
Records jb2_new_symbol_add_to_image_and_library:	id: 55	x: 1004	y: 1535	
Records jb2_new_symbol_add_to_image_and_library:	id: 56	x: 1979	y: 1800	
Records jb2_new_symbol_add_to_image_and_library:	id: 57	x: 1980	y: 1929	
Records jb2_new_symbol_add_to_image_and_library:	id: 58	x: 1980	y: 2700	
Records jb2_new_symbol_add_to_image_and_library:	id: 59	x: 83	y: 2959	
Records jb2_new_symbol_add_to_image_and_library:	id: 60	x: 300	y: 2959	
Records jb2_new_symbol_add_to_image_and_library:	id: 61	x: 600	y: 2959	
Records jb2_new_symbol_add_to_image_and_library:	id: 62	x: 1055	y: 2959	
Records jb2_new_symbol_add_to_image_and_library:	id: 63	x: 1262	y: 2959	
Records jb2_new_symbol_add_to_image_and_library:	id: 64	x: 1500	y: 2959	
Records jb2_new_symbol_add_to_image_and_library:	id: 65	x: 1800	y: 2959	
Records jb2_end_of_data
