Records jb2_start_of_image
Records jb2_new_symbol_add_to_image_and_library:	id: 0	x: 742	y: 2968	
Records jb2_new_symbol_add_to_image_and_library:	id: 1	x: 1294	y: 2968	
Records jb2_matched_symbol_with_refinement_add_to_image_and_library:	id: 2	x: 1300	y: 2968	
Records jb2_new_symbol_add_to_image_and_library:	id: 3	x: 216	y: 2644	
Records jb2_new_symbol_add_to_image_and_library:	id: 4	x: 377	y: 2624	
Records jb2_new_symbol_add_to_image_and_library:	id: 5	x: 469	y: 2621	
Records jb2_new_symbol_add_to_image_and_library:	id: 6	x: 563	y: 2651	
Records jb2_new_symbol_add_to_image_and_library:	id: 7	x: 610	y: 2617	
Records jb2_matched_symbol_with_refinement_add_to_image_and_library:	id: 8	x: 678	y: 2623	
Records jb2_new_symbol_add_to_image_and_library:	id: 9	x: 765	y: 2652	
Records jb2_matched_symbol_with_refinement_add_to_image_and_library:	id: 10	x: 807	y: 2622	
Records jb2_new_symbol_add_to_image_and_library:	id: 11	x: 899	y: 2624	
Records jb2_new_symbol_add_to_image_and_library:	id: 12	x: 1062	y: 2637	
Records jb2_new_symbol_add_to_image_and_library:	id: 13	x: 1161	y: 2622	
Records jb2_new_symbol_add_to_image_and_library:	id: 14	x: 1244	y: 2622	
Records jb2_new_symbol_add_to_image_and_library:	id: 15	x: 1330	y: 2619	
Records jb2_new_symbol_add_to_image_and_library:	id: 16	x: 1396	y: 2624	
Records jb2_new_symbol_add_to_image_and_library:	id: 17	x: 1451	y: 2619	
Records jb2_new_symbol_add_to_image_and_library:	id: 18	x: 216	y: 2473	
Records jb2_new_symbol_add_to_image_and_library:	id: 19	x: 353	y: 2455	
Records jb2_new_symbol_add_to_image_and_library:	id: 20	x: 398	y: 2457	
Records jb2_new_symbol_add_to_image_and_library:	id: 21	x: 484	y: 2457	
Records jb2_new_symbol_add_to_image_and_library:	id: 22	x: 536	y: 2455	
Records jb2_new_symbol_add_to_image_and_library:	id: 23	x: 585	y: 2438	
Records jb2_new_symbol_add_to_image_and_library:	id: 24	x: 616	y: 2463	
Records jb2_new_symbol_add_to_image_and_library:	id: 25	x: 681	y: 2457	
Records jb2_new_symbol_add_to_image_and_library:	id: 26	x: 796	y: 2478	
Records jb2_new_symbol_add_to_image_and_library:	id: 27	x: 823	y: 2459	
Records jb2_new_symbol_add_to_image_and_library:	id: 28	x: 877	y: 2460	
Records jb2_new_symbol_add_to_image_and_library:	id: 29	x: 937	y: 2478	
Records jb2_new_symbol_add_to_image_and_library:	id: 30	x: 1109	y: 2436	
Records jb2_new_symbol_add_to_image_and_library:	id: 31	x: 1190	y: 2477	
Records jb2_new_symbol_add_to_image_and_library:	id: 32	x: 1204	y: 2480	
Records jb2_new_symbol_add_to_image_and_library:	id: 33	x: 1259	y: 2457	
Records jb2_matched_symbol_with_refinement_add_to_image_and_library:	id: 34	x: 1275	y: 2477	
Records jb2_matched_symbol_with_refinement_add_to_image_and_library:	id: 35	x: 1288	y: 2457	
Records jb2_new_symbol_add_to_image_and_library:	id: 36	x: 1376	y: 2456	
Records jb2_matched_symbol_with_refinement_add_to_image_and_library:	id: 37	x: 218	y: 2344	
Records jb2_new_symbol_add_to_image_and_library:	id: 38	x: 233	y: 2353	
Records jb2_matched_symbol_with_refinement_add_to_image_and_library:	id: 39	x: 249	y: 2347	
Records jb2_new_symbol_add_to_image_and_library:	id: 40	x: 319	y: 2349	
Records jb2_new_symbol_add_to_image_and_library:	id: 41	x: 376	y: 2349	
Records jb2_new_symbol_add_to_image_and_library:	id: 42	x: 435	y: 2349	
Records jb2_new_symbol_add_to_image_and_library:	id: 43	x: 493	y: 2370	
Records jb2_new_symbol_add_to_image_and_library:	id: 44	x: 616	y: 2358	
Records jb2_new_symbol_add_to_image_and_library:	id: 45	x: 669	y: 2356	
Records jb2_matched_symbol_with_refinement_add_to_image_and_library:	id: 46	x: 684	y: 2372	
Records jb2_matched_symbol_with_refinement_add_to_image_and_library:	id: 47	x: 700	y: 2354	
Records jb2_matched_symbol_with_refinement_add_to_image_and_library:	id: 48	x: 703	y: 2344	
Records jb2_new_symbol_add_to_image_and_library:	id: 49	x: 754	y: 2374	
Records jb2_new_symbol_add_to_image_and_library:	id: 50	x: 909	y: 2374	
Records jb2_new_symbol_add_to_image_and_library:	id: 51	x: 934	y: 2357	
Records jb2_new_symbol_add_to_image_and_library:	id: 52	x: 940	y: 2290	
Records jb2_matched_symbol_with_refinement_add_to_image_and_library:	id: 53	x: 1047	y: 2357	
Records jb2_new_symbol_add_to_image_and_library:	id: 54	x: 1104	y: 2354	
Records jb2_new_symbol_add_to_image_and_library:	id: 55	x: 1146	y: 2360	
Records jb2_new_symbol_add_to_image_and_library:	id: 56	x: 1197	y: 2338	
Records jb2_new_symbol_add_to_image_and_library:	id: 57	x: 1230	y: 2353	
Records jb2_new_symbol_add_to_image_and_library:	id: 58	x: 1338	y: 2358	
Records jb2_matched_symbol_with_refinement_add_to_image_and_library:	id: 59	x: 1360	y: 2304	
Records jb2_new_symbol_add_to_image_and_library:	id: 60	x: 1479	y: 2368	
Records jb2_new_symbol_add_to_image_and_library:	id: 61	x: 1491	y: 2352	
Records jb2_new_symbol_add_to_image_and_library:	id: 62	x: 1496	y: 2338	
Records jb2_new_symbol_add_to_image_and_library:	id: 63	x: 336	y: 2263	
Records jb2_new_symbol_add_to_image_and_library:	id: 64	x: 362	y: 2261	
Records jb2_new_symbol_add_to_image_and_library:	id: 65	x: 388	y: 2261	
Records jb2_matched_symbol_copy_to_image_without_refinement:	id: 48	x: 410	y: 2259	
Records jb2_new_symbol_add_to_image_and_library:	id: 66	x: 467	y: 2252	
Records jb2_new_symbol_add_to_image_and_library:	id: 67	x: 530	y: 2255	
Records jb2_new_symbol_add_to_image_and_library:	id: 68	x: 578	y: 2256	
Records jb2_new_symbol_add_to_image_and_library:	id: 69	x: 615	y: 2258	
Records jb2_new_symbol_add_to_image_and_library:	id: 70	x: 665	y: 2259	
Records jb2_new_symbol_add_to_image_and_library:	id: 71	x: 687	y: 2268	
Records jb2_new_symbol_add_to_image_and_library:	id: 72	x: 727	y: 2257	
Records jb2_new_symbol_add_to_image_and_library:	id: 73	x: 743	y: 2269	
Records jb2_new_symbol_add_to_image_and_library:	id: 74	x: 780	y: 2260	
Records jb2_new_symbol_add_to_image_and_library:	id: 75	x: 915	y: 2269	
Records jb2_new_symbol_add_to_image_and_library:	id: 76	x: 966	y: 2258	
Records jb2_new_symbol_add_to_image_and_library:	id: 77	x: 1029	y: 2258	
Records jb2_new_symbol_add_to_image_and_library:	id: 78	x: 1070	y: 2269	
Records jb2_matched_symbol_with_refinement_add_to_image_and_library:	id: 79	x: 1124	y: 2269	
Records jb2_matched_symbol_with_refinement_add_to_image_and_library:	id: 80	x: 1154	y: 2269	
Records jb2_new_symbol_add_to_image_and_library:	id: 81	x: 1289	y: 2265	
Records jb2_new_symbol_add_to_image_and_library:	id: 82	x: 1301	y: 2253	
Records jb2_new_symbol_add_to_image_and_library:	id: 83	x: 1352	y: 2255	
Records jb2_new_symbol_add_to_image_and_library:	id: 84	x: 405	y: 2194	
Records jb2_new_symbol_add_to_image_and_library:	id: 85	x: 454	y: 2200	
Records jb2_new_symbol_add_to_image_and_library:	id: 86	x: 509	y: 2179	
Records jb2_new_symbol_add_to_image_and_library:	id: 87	x: 565	y: 2209	
Records jb2_new_symbol_add_to_image_and_library:	id: 88	x: 571	y: 2197	
Records jb2_new_symbol_add_to_image_and_library:	id: 89	x: 606	y: 2200	
Records jb2_new_symbol_add_to_image_and_library:	id: 90	x: 735	y: 2199	
Records jb2_new_symbol_add_to_image_and_library:	id: 91	x: 752	y: 2201	
Records jb2_matched_symbol_with_refinement_add_to_image_and_library:	id: 92	x: 760	y: 2210	
Records jb2_matched_symbol_with_refinement_add_to_image_and_library:	id: 93	x: 838	y: 2210	
Records jb2_new_symbol_add_to_image_and_library:	id: 94	x: 850	y: 2201	
Records jb2_new_symbol_add_to_image_and_library:	id: 95	x: 944	y: 2202	
Records jb2_new_symbol_add_to_image_and_library:	id: 96	x: 1005	y: 2200	
Records jb2_matched_symbol_with_refinement_add_to_image_and_library:	id: 97	x: 1040	y: 2212	
Records jb2_matched_symbol_with_refinement_add_to_image_and_library:	id: 98	x: 1051	y: 2199	
Records jb2_new_symbol_add_to_image_and_library:	id: 99	x: 1080	y: 2202	
Records jb2_new_symbol_add_to_image_and_library:	id: 100	x: 1106	y: 2203	
Records jb2_new_symbol_add_to_image_and_library:	id: 101	x: 1142	y: 2201	
Records jb2_new_symbol_add_to_image_and_library:	id: 102	x: 1175	y: 2212	
Records jb2_new_symbol_add_to_image_and_library:	id: 103	x: 1228	y: 2202	
Records jb2_new_symbol_add_to_image_and_library:	id: 104	x: 1316	y: 2208	
Records jb2_new_symbol_add_to_image_and_library:	id: 105	x: 469	y: 2141	
Records jb2_new_symbol_add_to_image_and_library:	id: 106	x: 500	y: 2142	
Records jb2_new_symbol_add_to_image_and_library:	id: 107	x: 617	y: 2142	
Records jb2_new_symbol_add_to_image_and_library:	id: 108	x: 670	y: 2156	
Records jb2_new_symbol_add_to_image_and_library:	id: 109	x: 734	y: 2149	
Records jb2_new_symbol_add_to_image_and_library:	id: 110	x: 811	y: 2147	
Records jb2_matched_symbol_with_refinement_add_to_image_and_library:	id: 111	x: 818	y: 2156	
Records jb2_new_symbol_add_to_image_and_library:	id: 112	x: 867	y: 2156	
Records jb2_new_symbol_add_to_image_and_library:	id: 113	x: 928	y: 2156	
Records jb2_new_symbol_add_to_image_and_library:	id: 114	x: 1022	y: 2155	
Records jb2_matched_symbol_with_refinement_add_to_image_and_library:	id: 115	x: 1066	y: 2153	
Records jb2_matched_symbol_with_refinement_add_to_image_and_library:	id: 116	x: 1077	y: 2144	
Records jb2_matched_symbol_with_refinement_add_to_image_and_library:	id: 117	x: 1098	y: 2145	
Records jb2_new_symbol_add_to_image_and_library:	id: 118	x: 1126	y: 2147	
Records jb2_new_symbol_add_to_image_and_library:	id: 119	x: 537	y: 2088	
Records jb2_new_symbol_add_to_image_and_library:	id: 120	x: 567	y: 2090	
Records jb2_matched_symbol_with_refinement_add_to_image_and_library:	id: 121	x: 662	y: 2097	
Records jb2_new_symbol_add_to_image_and_library:	id: 122	x: 689	y: 2090	
Records jb2_new_symbol_add_to_image_and_library:	id: 123	x: 709	y: 2099	
Records jb2_new_symbol_add_to_image_and_library:	id: 124	x: 729	y: 2087	
Records jb2_new_symbol_add_to_image_and_library:	id: 125	x: 746	y: 2099	
Records jb2_new_symbol_add_to_image_and_library:	id: 126	x: 779	y: 2087	
Records jb2_new_symbol_add_to_image_and_library:	id: 127	x: 788	y: 2097	
Records jb2_matched_symbol_with_refinement_add_to_image_and_library:	id: 128	x: 795	y: 2087	
Records jb2_new_symbol_add_to_image_and_library:	id: 129	x: 829	y: 2099	
Records jb2_new_symbol_add_to_image_and_library:	id: 130	x: 915	y: 2090	
Records jb2_matched_symbol_with_refinement_add_to_image_and_library:	id: 131	x: 1038	y: 2097	
Records jb2_new_symbol_add_to_image_and_library:	id: 132	x: 1077	y: 2101	
Records jb2_matched_symbol_with_refinement_add_to_image_and_library:	id: 133	x: 1111	y: 2099	
Records jb2_new_symbol_add_to_image_and_library:	id: 134	x: 1134	y: 2097	
Records jb2_matched_symbol_with_refinement_add_to_image_and_library:	id: 135	x: 1169	y: 2101	
Records jb2_new_symbol_add_to_image_and_library:	id: 136	x: 668	y: 2042	
Records jb2_new_symbol_add_to_image_and_library:	id: 137	x: 684	y: 2031	
Records jb2_new_symbol_add_to_image_and_library:	id: 138	x: 761	y: 2030	
Records jb2_new_symbol_add_to_image_and_library:	id: 139	x: 809	y: 2041	
Records jb2_new_symbol_add_to_image_and_library:	id: 140	x: 850	y: 2031	
Records jb2_new_symbol_add_to_image_and_library:	id: 141	x: 915	y: 2028	
Records jb2_new_symbol_add_to_image_and_library:	id: 142	x: 936	y: 2033	
Records jb2_new_symbol_add_to_image_and_library:	id: 143	x: 979	y: 2033	
Records jb2_matched_symbol_with_refinement_add_to_image_and_library:	id: 144	x: 1065	y: 2042	
Records jb2_new_symbol_add_to_image_and_library:	id: 145	x: 1080	y: 2035	
Records jb2_new_symbol_add_to_image_and_library:	id: 146	x: 551	y: 1879	
Records jb2_new_symbol_add_to_image_and_library:	id: 147	x: 669	y: 1880	
Records jb2_new_symbol_add_to_image_and_library:	id: 148	x: 740	y: 1872	
Records jb2_matched_symbol_with_refinement_add_to_image_and_library:	id: 149	x: 781	y: 1869	
Records jb2_new_symbol_add_to_image_and_library:	id: 150	x: 836	y: 1883	
Records jb2_new_symbol_add_to_image_and_library:	id: 151	x: 850	y: 1882	
Records jb2_new_symbol_add_to_image_and_library:	id: 152	x: 900	y: 1884	
Records jb2_new_symbol_add_to_image_and_library:	id: 153	x: 962	y: 1884	
Records jb2_matched_symbol_with_refinement_add_to_image_and_library:	id: 154	x: 1004	y: 1884	
Records jb2_new_symbol_add_to_image_and_library:	id: 155	x: 1029	y: 1859	
Records jb2_matched_symbol_copy_to_image_without_refinement:	id: 56	x: 1057	y: 1866	
Records jb2_matched_symbol_with_refinement_add_to_image_and_library:	id: 156	x: 1065	y: 1874	
Records jb2_new_symbol_add_to_image_and_library:	id: 157	x: 1106	y: 1884	
Records jb2_new_symbol_add_to_image_and_library:	id: 158	x: 492	y: 1833	
Records jb2_new_symbol_add_to_image_and_library:	id: 159	x: 551	y: 1811	
Records jb2_new_symbol_add_to_image_and_library:	id: 160	x: 571	y: 1811	
Records jb2_matched_symbol_with_refinement_add_to_image_and_library:	id: 161	x: 620	y: 1821	
Records jb2_new_symbol_add_to_image_and_library:	id: 162	x: 628	y: 1778	
Records jb2_matched_symbol_with_refinement_add_to_image_and_library:	id: 163	x: 650	y: 1823	
Records jb2_new_symbol_add_to_image_and_library:	id: 164	x: 663	y: 1823	
Records jb2_new_symbol_add_to_image_and_library:	id: 165	x: 760	y: 1811	
Records jb2_new_symbol_add_to_image_and_library:	id: 166	x: 778	y: 1825	
Records jb2_new_symbol_add_to_image_and_library:	id: 167	x: 841	y: 1814	
Records jb2_matched_symbol_with_refinement_add_to_image_and_library:	id: 168	x: 848	y: 1824	
Records jb2_new_symbol_add_to_image_and_library:	id: 169	x: 898	y: 1812	
Records jb2_new_symbol_add_to_image_and_library:	id: 170	x: 899	y: 1779	
Records jb2_new_symbol_add_to_image_and_library:	id: 171	x: 922	y: 1815	
Records jb2_new_symbol_add_to_image_and_library:	id: 172	x: 986	y: 1826	
Records jb2_new_symbol_add_to_image_and_library:	id: 173	x: 1054	y: 1818	
Records jb2_new_symbol_add_to_image_and_library:	id: 174	x: 464	y: 1708	
Records jb2_matched_symbol_with_refinement_add_to_image_and_library:	id: 175	x: 525	y: 1697	
Records jb2_new_symbol_add_to_image_and_library:	id: 176	x: 530	y: 1699	
Records jb2_new_symbol_add_to_image_and_library:	id: 177	x: 545	y: 1696	
Records jb2_matched_symbol_with_refinement_add_to_image_and_library:	id: 178	x: 552	y: 1710	
Records jb2_new_symbol_add_to_image_and_library:	id: 179	x: 590	y: 1699	
Records jb2_matched_symbol_with_refinement_add_to_image_and_library:	id: 180	x: 596	y: 1711	
Records jb2_matched_symbol_with_refinement_add_to_image_and_library:	id: 181	x: 624	y: 1699	
Records jb2_new_symbol_add_to_image_and_library:	id: 182	x: 661	y: 1710	
Records jb2_new_symbol_add_to_image_and_library:	id: 183	x: 671	y: 1703	
Records jb2_matched_symbol_with_refinement_add_to_image_and_library:	id: 184	x: 704	y: 1704	
Records jb2_new_symbol_add_to_image_and_library:	id: 185	x: 733	y: 1702	
Records jb2_matched_symbol_with_refinement_add_to_image_and_library:	id: 186	x: 764	y: 1700	
Records jb2_new_symbol_add_to_image_and_library:	id: 187	x: 781	y: 1713	
Records jb2_new_symbol_add_to_image_and_library:	id: 188	x: 833	y: 1699	
Records jb2_new_symbol_add_to_image_and_library:	id: 189	x: 856	y: 1704	
Records jb2_new_symbol_add_to_image_and_library:	id: 190	x: 967	y: 1714	
Records jb2_matched_symbol_with_refinement_add_to_image_and_library:	id: 191	x: 1029	y: 1703	
Records jb2_new_symbol_add_to_image_and_library:	id: 192	x: 1056	y: 1706	
Records jb2_matched_symbol_with_refinement_add_to_image_and_library:	id: 193	x: 1098	y: 1715	
Records jb2_new_symbol_add_to_image_and_library:	id: 194	x: 1111	y: 1717	
Records jb2_new_symbol_add_to_image_and_library:	id: 195	x: 609	y: 1643	
Records jb2_matched_symbol_with_refinement_add_to_image_and_library:	id: 196	x: 653	y: 1652	
Records jb2_new_symbol_add_to_image_and_library:	id: 197	x: 667	y: 1644	
Records jb2_new_symbol_add_to_image_and_library:	id: 198	x: 738	y: 1654	
Records jb2_matched_symbol_with_refinement_add_to_image_and_library:	id: 199	x: 780	y: 1643	
Records jb2_matched_symbol_with_refinement_add_to_image_and_library:	id: 200	x: 826	y: 1645	
Records jb2_new_symbol_add_to_image_and_library:	id: 201	x: 862	y: 1645	
Records jb2_new_symbol_add_to_image_and_library:	id: 202	x: 929	y: 1649	
Records jb2_new_symbol_add_to_image_and_library:	id: 203	x: 959	y: 1610	
Records jb2_matched_symbol_with_refinement_add_to_image_and_library:	id: 204	x: 992	y: 1656	
Records jb2_matched_symbol_with_refinement_add_to_image_and_library:	id: 205	x: 1025	y: 1649	
Records jb2_new_symbol_add_to_image_and_library:	id: 206	x: 1029	y: 1611	
Records jb2_matched_symbol_with_refinement_add_to_image_and_library:	id: 207	x: 1047	y: 1615	
Records jb2_new_symbol_add_to_image_and_library:	id: 208	x: 1071	y: 1646	
Records jb2_new_symbol_add_to_image_and_library:	id: 209	x: 1127	y: 1658	
Records jb2_new_symbol_add_to_image_and_library:	id: 210	x: 467	y: 1597	
Records jb2_matched_symbol_with_refinement_add_to_image_and_library:	id: 211	x: 546	y: 1587	
Records jb2_matched_symbol_with_refinement_add_to_image_and_library:	id: 212	x: 594	y: 1586	
Records jb2_matched_symbol_with_refinement_add_to_image_and_library:	id: 213	x: 636	y: 1586	
Records jb2_new_symbol_add_to_image_and_library:	id: 214	x: 659	y: 1592	
Records jb2_new_symbol_add_to_image_and_library:	id: 215	x: 780	y: 1592	
Records jb2_matched_symbol_with_refinement_add_to_image_and_library:	id: 216	x: 839	y: 1591	
Records jb2_matched_symbol_with_refinement_add_to_image_and_library:	id: 217	x: 858	y: 1588	
Records jb2_new_symbol_add_to_image_and_library:	id: 218	x: 877	y: 1591	
Records jb2_new_symbol_add_to_image_and_library:	id: 219	x: 898	y: 1590	
Records jb2_matched_symbol_with_refinement_add_to_image_and_library:	id: 220	x: 1003	y: 1590	
Records jb2_matched_symbol_with_refinement_add_to_image_and_library:	id: 221	x: 1031	y: 1588	
Records jb2_matched_symbol_with_refinement_add_to_image_and_library:	id: 222	x: 1047	y: 1589	
Records jb2_matched_symbol_with_refinement_add_to_image_and_library:	id: 223	x: 1053	y: 1600	
Records jb2_new_symbol_add_to_image_and_library:	id: 224	x: 1070	y: 1592	
Records jb2_matched_symbol_with_refinement_add_to_image_and_library:	id: 225	x: 1110	y: 1592	
Records jb2_new_symbol_add_to_image_and_library:	id: 226	x: 1140	y: 1601	
Records jb2_matched_symbol_with_refinement_add_to_image_and_library:	id: 227	x: 1203	y: 1604	
Records jb2_new_symbol_add_to_image_and_library:	id: 228	x: 1210	y: 1594	
Records jb2_new_symbol_add_to_image_and_library:	id: 229	x: 1276	y: 1588	
Records jb2_new_symbol_add_to_image_and_library:	id: 230	x: 1287	y: 1606	
Records jb2_matched_symbol_with_refinement_add_to_image_and_library:	id: 231	x: 534	y: 1544	
Records jb2_new_symbol_add_to_image_and_library:	id: 232	x: 615	y: 1535	
Records jb2_matched_symbol_with_refinement_add_to_image_and_library:	id: 233	x: 676	y: 1532	
Records jb2_new_symbol_add_to_image_and_library:	id: 234	x: 703	y: 1545	
Records jb2_matched_symbol_with_refinement_add_to_image_and_library:	id: 235	x: 836	y: 1535	
Records jb2_matched_symbol_with_refinement_add_to_image_and_library:	id: 236	x: 874	y: 1532	
Records jb2_matched_symbol_with_refinement_add_to_image_and_library:	id: 237	x: 881	y: 1543	
Records jb2_new_symbol_add_to_image_and_library:	id: 238	x: 888	y: 1538	
Records jb2_matched_symbol_with_refinement_add_to_image_and_library:	id: 239	x: 942	y: 1534	
Records jb2_new_symbol_add_to_image_and_library:	id: 240	x: 966	y: 1536	
Records jb2_matched_symbol_with_refinement_add_to_image_and_library:	id: 241	x: 1015	y: 1545	
Records jb2_matched_symbol_with_refinement_add_to_image_and_library:	id: 242	x: 1048	y: 1533	
Records jb2_new_symbol_add_to_image_and_library:	id: 243	x: 1056	y: 1543	
Records jb2_new_symbol_add_to_image_and_library:	id: 244	x: 1060	y: 1541	
Records jb2_new_symbol_add_to_image_and_library:	id: 245	x: 1072	y: 1546	
Records jb2_matched_symbol_with_refinement_add_to_image_and_library:	id: 246	x: 1136	y: 1539	
Records jb2_matched_symbol_with_refinement_add_to_image_and_library:	id: 247	x: 1160	y: 1537	
Records jb2_matched_symbol_with_refinement_add_to_image_and_library:	id: 248	x: 1187	y: 1538	
Records jb2_new_symbol_add_to_image_and_library:	id: 249	x: 1218	y: 1538	
Records jb2_new_symbol_add_to_image_and_library:	id: 250	x: 467	y: 1487	
Records jb2_new_symbol_add_to_image_and_library:	id: 251	x: 526	y: 1477	
Records jb2_matched_symbol_with_refinement_add_to_image_and_library:	id: 252	x: 552	y: 1475	
Records jb2_new_symbol_add_to_image_and_library:	id: 253	x: 588	y: 1476	
Records jb2_matched_symbol_with_refinement_add_to_image_and_library:	id: 254	x: 637	y: 1476	
Records jb2_matched_symbol_with_refinement_add_to_image_and_library:	id: 255	x: 662	y: 1486	
Records jb2_matched_symbol_with_refinement_add_to_image_and_library:	id: 256	x: 678	y: 1474	
Records jb2_matched_symbol_with_refinement_add_to_image_and_library:	id: 257	x: 687	y: 1485	
Records jb2_new_symbol_add_to_image_and_library:	id: 258	x: 695	y: 1480	
Records jb2_new_symbol_add_to_image_and_library:	id: 259	x: 723	y: 1478	
Records jb2_matched_symbol_with_refinement_add_to_image_and_library:	id: 260	x: 795	y: 1475	
Records jb2_new_symbol_add_to_image_and_library:	id: 261	x: 816	y: 1488	
Records jb2_new_symbol_add_to_image_and_library:	id: 262	x: 856	y: 1480	
Records jb2_new_symbol_add_to_image_and_library:	id: 263	x: 880	y: 1488	
Records jb2_matched_symbol_with_refinement_add_to_image_and_library:	id: 264	x: 911	y: 1477	
Records jb2_matched_symbol_with_refinement_add_to_image_and_library:	id: 265	x: 918	y: 1486	
Records jb2_new_symbol_add_to_image_and_library:	id: 266	x: 931	y: 1479	
Records jb2_new_symbol_add_to_image_and_library:	id: 267	x: 1054	y: 1482	
Records jb2_matched_symbol_with_refinement_add_to_image_and_library:	id: 268	x: 1126	y: 1491	
Records jb2_new_symbol_add_to_image_and_library:	id: 269	x: 1137	y: 1491	
Records jb2_matched_symbol_with_refinement_add_to_image_and_library:	id: 270	x: 1192	y: 1482	
Records jb2_new_symbol_add_to_image_and_library:	id: 271	x: 1211	y: 1482	
Records jb2_matched_symbol_with_refinement_add_to_image_and_library:	id: 272	x: 1218	y: 1492	
Records jb2_new_symbol_add_to_image_and_library:	id: 273	x: 1273	y: 1497	
Records jb2_new_symbol_add_to_image_and_library:	id: 274	x: 533	y: 1430	
Records jb2_new_symbol_add_to_image_and_library:	id: 275	x: 579	y: 1421	
Records jb2_matched_symbol_with_refinement_add_to_image_and_library:	id: 276	x: 628	y: 1421	
Records jb2_matched_symbol_with_refinement_add_to_image_and_library:	id: 277	x: 658	y: 1419	
Records jb2_matched_symbol_with_refinement_add_to_image_and_library:	id: 278	x: 676	y: 1421	
Records jb2_new_symbol_add_to_image_and_library:	id: 279	x: 694	y: 1432	
Records jb2_new_symbol_add_to_image_and_library:	id: 280	x: 698	y: 1440	
Records jb2_new_symbol_add_to_image_and_library:	id: 281	x: 724	y: 1425	
Records jb2_matched_symbol_with_refinement_add_to_image_and_library:	id: 282	x: 799	y: 1419	
Records jb2_matched_symbol_with_refinement_add_to_image_and_library:	id: 283	x: 806	y: 1430	
Records jb2_new_symbol_add_to_image_and_library:	id: 284	x: 813	y: 1433	
Records jb2_matched_symbol_with_refinement_add_to_image_and_library:	id: 285	x: 840	y: 1420	
Records jb2_matched_symbol_with_refinement_add_to_image_and_library:	id: 286	x: 864	y: 1421	
Records jb2_matched_symbol_with_refinement_add_to_image_and_library:	id: 287	x: 895	y: 1421	
Records jb2_new_symbol_add_to_image_and_library:	id: 288	x: 923	y: 1429	
Records jb2_new_symbol_add_to_image_and_library:	id: 289	x: 969	y: 1433	
Records jb2_new_symbol_add_to_image_and_library:	id: 290	x: 997	y: 1433	
Records jb2_new_symbol_add_to_image_and_library:	id: 291	x: 1062	y: 1424	
Records jb2_new_symbol_add_to_image_and_library:	id: 292	x: 1157	y: 1434	
Records jb2_matched_symbol_with_refinement_add_to_image_and_library:	id: 293	x: 1164	y: 1438	
Records jb2_matched_symbol_with_refinement_add_to_image_and_library:	id: 294	x: 1191	y: 1427	
Records jb2_new_symbol_add_to_image_and_library:	id: 295	x: 1223	y: 1438	
Records jb2_new_symbol_add_to_image_and_library:	id: 296	x: 1297	y: 1438	
Records jb2_new_symbol_add_to_image_and_library:	id: 297	x: 471	y: 1376	
Records jb2_matched_symbol_with_refinement_add_to_image_and_library:	id: 298	x: 537	y: 1365	
Records jb2_matched_symbol_with_refinement_add_to_image_and_library:	id: 299	x: 589	y: 1362	
Records jb2_new_symbol_add_to_image_and_library:	id: 300	x: 611	y: 1366	
Records jb2_new_symbol_add_to_image_and_library:	id: 301	x: 683	y: 1367	
Records jb2_new_symbol_add_to_image_and_library:	id: 302	x: 738	y: 1375	
Records jb2_matched_symbol_with_refinement_add_to_image_and_library:	id: 303	x: 779	y: 1374	
Records jb2_matched_symbol_with_refinement_add_to_image_and_library:	id: 304	x: 825	y: 1375	
Records jb2_new_symbol_add_to_image_and_library:	id: 305	x: 845	y: 1366	
Records jb2_new_symbol_add_to_image_and_library:	id: 306	x: 916	y: 1366	
Records jb2_matched_symbol_with_refinement_add_to_image_and_library:	id: 307	x: 923	y: 1376	
Records jb2_new_symbol_add_to_image_and_library:	id: 308	x: 995	y: 1370	
Records jb2_matched_symbol_with_refinement_add_to_image_and_library:	id: 309	x: 1082	y: 1366	
Records jb2_matched_symbol_with_refinement_add_to_image_and_library:	id: 310	x: 1089	y: 1377	
Records jb2_new_symbol_add_to_image_and_library:	id: 311	x: 1094	y: 1368	
Records jb2_new_symbol_add_to_image_and_library:	id: 312	x: 1139	y: 1369	
Records jb2_matched_symbol_with_refinement_add_to_image_and_library:	id: 313	x: 1181	y: 1371	
Records jb2_matched_symbol_with_refinement_add_to_image_and_library:	id: 314	x: 1187	y: 1378	
Records jb2_new_symbol_add_to_image_and_library:	id: 315	x: 1252	y: 1372	
Records jb2_matched_symbol_with_refinement_add_to_image_and_library:	id: 316	x: 1323	y: 1370	
Records jb2_new_symbol_add_to_image_and_library:	id: 317	x: 1338	y: 1384	
Records jb2_new_symbol_add_to_image_and_library:	id: 318	x: 535	y: 1319	
Records jb2_matched_symbol_with_refinement_add_to_image_and_library:	id: 319	x: 602	y: 1309	
Records jb2_matched_symbol_with_refinement_add_to_image_and_library:	id: 320	x: 630	y: 1309	
Records jb2_new_symbol_add_to_image_and_library:	id: 321	x: 655	y: 1309	
Records jb2_matched_symbol_with_refinement_add_to_image_and_library:	id: 322	x: 694	y: 1307	
Records jb2_matched_symbol_with_refinement_add_to_image_and_library:	id: 323	x: 724	y: 1309	
Records jb2_matched_symbol_with_refinement_add_to_image_and_library:	id: 324	x: 776	y: 1310	
Records jb2_matched_symbol_with_refinement_add_to_image_and_library:	id: 325	x: 813	y: 1318	
Records jb2_new_symbol_add_to_image_and_library:	id: 326	x: 825	y: 1309	
Records jb2_matched_symbol_with_refinement_add_to_image_and_library:	id: 327	x: 866	y: 1310	
Records jb2_new_symbol_add_to_image_and_library:	id: 328	x: 888	y: 1310	
Records jb2_new_symbol_add_to_image_and_library:	id: 329	x: 956	y: 1311	
Records jb2_new_symbol_add_to_image_and_library:	id: 330	x: 1004	y: 1322	
Records jb2_new_symbol_add_to_image_and_library:	id: 331	x: 1080	y: 1321	
Records jb2_matched_symbol_with_refinement_add_to_image_and_library:	id: 332	x: 1156	y: 1311	
Records jb2_matched_symbol_with_refinement_add_to_image_and_library:	id: 333	x: 1190	y: 1322	
Records jb2_new_symbol_add_to_image_and_library:	id: 334	x: 1195	y: 1314	
Records jb2_new_symbol_add_to_image_and_library:	id: 335	x: 234	y: 1159	
Records jb2_new_symbol_add_to_image_and_library:	id: 336	x: 319	y: 1139	
Records jb2_new_symbol_add_to_image_and_library:	id: 337	x: 342	y: 1140	
Records jb2_new_symbol_add_to_image_and_library:	id: 338	x: 373	y: 1140	
Records jb2_new_symbol_add_to_image_and_library:	id: 339	x: 454	y: 1140	
Records jb2_matched_symbol_with_refinement_add_to_image_and_library:	id: 340	x: 487	y: 1139	
Records jb2_new_symbol_add_to_image_and_library:	id: 341	x: 531	y: 1162	
Records jb2_new_symbol_add_to_image_and_library:	id: 342	x: 581	y: 1139	
Records jb2_matched_symbol_with_refinement_add_to_image_and_library:	id: 343	x: 638	y: 1140	
Records jb2_new_symbol_add_to_image_and_library:	id: 344	x: 660	y: 1142	
Records jb2_new_symbol_add_to_image_and_library:	id: 345	x: 735	y: 1100	
Records jb2_new_symbol_add_to_image_and_library:	id: 346	x: 737	y: 1124	
Records jb2_new_symbol_add_to_image_and_library:	id: 347	x: 745	y: 1161	
Records jb2_new_symbol_add_to_image_and_library:	id: 348	x: 826	y: 1138	
Records jb2_new_symbol_add_to_image_and_library:	id: 349	x: 868	y: 1139	
Records jb2_new_symbol_add_to_image_and_library:	id: 350	x: 868	y: 1116	
Records jb2_new_symbol_add_to_image_and_library:	id: 351	x: 916	y: 1142	
Records jb2_matched_symbol_with_refinement_add_to_image_and_library:	id: 352	x: 954	y: 1142	
Records jb2_new_symbol_add_to_image_and_library:	id: 353	x: 1008	y: 1143	
Records jb2_matched_symbol_with_refinement_add_to_image_and_library:	id: 354	x: 1063	y: 1141	
Records jb2_matched_symbol_with_refinement_add_to_image_and_library:	id: 355	x: 1074	y: 1162	
Records jb2_new_symbol_add_to_image_and_library:	id: 356	x: 1093	y: 1143	
Records jb2_matched_symbol_with_refinement_add_to_image_and_library:	id: 357	x: 1176	y: 1164	
Records jb2_new_symbol_add_to_image_and_library:	id: 358	x: 1313	y: 1105	
Records jb2_new_symbol_add_to_image_and_library:	id: 359	x: 1335	y: 1153	
Records jb2_new_symbol_add_to_image_and_library:	id: 360	x: 1394	y: 1108	
Records jb2_matched_symbol_with_refinement_add_to_image_and_library:	id: 361	x: 1418	y: 1145	
Records jb2_matched_symbol_with_refinement_add_to_image_and_library:	id: 362	x: 1430	y: 1165	
Records jb2_matched_symbol_with_refinement_add_to_image_and_library:	id: 363	x: 1448	y: 1146	
Records jb2_matched_symbol_with_refinement_add_to_image_and_library:	id: 364	x: 1462	y: 1167	
Records jb2_new_symbol_add_to_image_and_library:	id: 365	x: 1477	y: 1148	
Records jb2_new_symbol_add_to_image_and_library:	id: 366	x: 1491	y: 1168	
Records jb2_new_symbol_add_to_image_and_library:	id: 367	x: 1510	y: 1170	
Records jb2_new_symbol_add_to_image_and_library:	id: 368	x: 931	y: 223	
Records jb2_new_symbol_add_to_image_and_library:	id: 369	x: 945	y: 230	
Records jb2_new_symbol_add_to_image_and_library:	id: 370	x: 959	y: 237	
Records jb2_new_symbol_add_to_image_and_library:	id: 371	x: 969	y: 241	
Records jb2_new_symbol_add_to_image_and_library:	id: 372	x: 989	y: 239	
Records jb2_new_symbol_add_to_image_and_library:	id: 373	x: 1000	y: 232	
Records jb2_new_symbol_add_to_image_and_library:	id: 374	x: 1012	y: 220	
Records jb2_new_symbol_add_to_image_and_library:	id: 375	x: 920	y: 200	
Records jb2_new_symbol_add_to_image_and_library:	id: 376	x: 922	y: 178	
Records jb2_new_symbol_add_to_image_and_library:	id: 377	x: 926	y: 208	
Records jb2_new_symbol_add_to_image_and_library:	id: 378	x: 948	y: 189	
Records jb2_new_symbol_add_to_image_and_library:	id: 379	x: 981	y: 191	
Records jb2_matched_symbol_with_refinement_add_to_image_and_library:	id: 380	x: 1024	y: 183	
Records jb2_new_symbol_add_to_image_and_library:	id: 381	x: 925	y: 157	
Records jb2_new_symbol_add_to_image_and_library:	id: 382	x: 935	y: 143	
Records jb2_new_symbol_add_to_image_and_library:	id: 383	x: 950	y: 137	
Records jb2_new_symbol_add_to_image_and_library:	id: 384	x: 966	y: 132	
Records jb2_matched_symbol_with_refinement_add_to_image_and_library:	id: 385	x: 982	y: 132	
Records jb2_matched_symbol_with_refinement_add_to_image_and_library:	id: 386	x: 997	y: 138	
Records jb2_new_symbol_add_to_image_and_library:	id: 387	x: 1008	y: 158	
Records jb2_new_symbol_add_to_image_and_library:	id: 388	x: 1220	y: 1	
Records jb2_matched_symbol_with_refinement_add_to_image_and_library:	id: 389	x: 1800	y: 1	
Records jb2_new_symbol_add_to_image_and_library:	id: 390	x: 0	y: 300	
Records jb2_new_symbol_add_to_image_and_library:	id: 391	x: 300	y: 2	
Records jb2_new_symbol_add_to_image_and_library:	id: 392	x: 600	y: 1	
Records jb2_new_symbol_add_to_image_and_library:	id: 393	x: 900	y: 1	
Records jb2_new_symbol_add_to_image_and_library:	id: 394	x: 1200	y: 1	
Records jb2_new_symbol_add_to_image_and_library:	id: 395	x: 1808	y: 300	
Records jb2_new_symbol_add_to_image_and_library:	id: 396	x: 0	y: 600	
Records jb2_new_symbol_add_to_image_and_library:	id: 397	x: 1969	y: 600	
Records jb2_new_symbol_add_to_image_and_library:	id: 398	x: 0	y: 900	
Records jb2_new_symbol_add_to_image_and_library:	id: 399	x: 1969	y: 900	
Records jb2_new_symbol_add_to_image_and_library:	id: 400	x: 0	y: 1200	
Records jb2_new_symbol_add_to_image_and_library:	id: 401	x: 722	y: 1130	
Records jb2_new_symbol_add_to_image_and_library:	id: 402	x: 1969	y: 1200	
Records jb2_new_symbol_add_to_image_and_library:	id: 403	x: 0	y: 1500	
Records jb2_new_symbol_add_to_image_and_library:	id: 404	x: 931	y: 1350	
Records jb2_new_symbol_add_to_image_and_library:	id: 405	x: 1969	y: 1500	
Records jb2_new_symbol_add_to_image_and_library:	id: 406	x: 0	y: 1753	
Records jb2_new_symbol_add_to_image_and_library:	id: 407	x: 614	y: 1777	
Records jb2_new_symbol_add_to_image_and_library:	id: 408	x: 937	y: 1782	
Records jb2_new_symbol_add_to_image_and_library:	id: 409	x: 1230	y: 1595	
Records jb2_new_symbol_add_to_image_and_library:	id: 410	x: 1969	y: 1800	
Records jb2_new_symbol_add_to_image_and_library:	id: 411	x: 699	y: 1848	
Records jb2_new_symbol_add_to_image_and_library:	id: 412	x: 917	y: 1838	
Records jb2_new_symbol_add_to_image_and_library:	id: 413	x: 1969	y: 2100	
Records jb2_new_symbol_add_to_image_and_library:	id: 414	x: 689	y: 2398	
Records jb2_new_symbol_add_to_image_and_library:	id: 415	x: 928	y: 2396	
Records jb2_new_symbol_add_to_image_and_library:	id: 416	x: 1206	y: 2391	
Records jb2_new_symbol_add_to_image_and_library:	id: 417	x: 1969	y: 2400	
Records jb2_new_symbol_add_to_image_and_library:	id: 418	x: 731	y: 2501	
Records jb2_new_symbol_add_to_image_and_library:	id: 419	x: 929	y: 2503	
Records jb2_new_symbol_add_to_image_and_library:	id: 420	x: 1204	y: 2457	
Records jb2_new_symbol_add_to_image_and_library:	id: 421	x: 1969	y: 2700	
Records jb2_new_symbol_add_to_image_and_library:	id: 422	x: 0	y: 2968	
Records jb2_new_symbol_add_to_image_and_library:	id: 423	x: 300	y: 2968	
Records jb2_new_symbol_add_to_image_and_library:	id: 424	x: 600	y: 2968	
Records jb2_new_symbol_add_to_image_and_library:	id: 425	x: 1305	y: 2968	
Records jb2_new_symbol_add_to_image_and_library:	id: 426	x: 1500	y: 2968	
Records jb2_new_symbol_add_to_image_and_library:	id: 427	x: 1800	y: 2968	
Records jb2_end_of_data
