Records jb2_start_of_image
Records jb2_new_symbol_add_to_image_and_library:	id: 0	x: 731	y: 2967	
Records jb2_new_symbol_add_to_image_and_library:	id: 1	x: 1302	y: 2967	
Records jb2_new_symbol_add_to_image_and_library:	id: 2	x: 228	y: 2683	
Records jb2_new_symbol_add_to_image_and_library:	id: 3	x: 273	y: 2685	
Records jb2_new_symbol_add_to_image_and_library:	id: 4	x: 275	y: 2650	
Records jb2_new_symbol_add_to_image_and_library:	id: 5	x: 324	y: 2671	
Records jb2_new_symbol_add_to_image_and_library:	id: 6	x: 345	y: 2673	
Records jb2_new_symbol_add_to_image_and_library:	id: 7	x: 384	y: 2686	
Records jb2_new_symbol_add_to_image_and_library:	id: 8	x: 455	y: 2677	
Records jb2_new_symbol_add_to_image_and_library:	id: 9	x: 484	y: 2679	
Records jb2_new_symbol_add_to_image_and_library:	id: 10	x: 543	y: 2676	
Records jb2_new_symbol_add_to_image_and_library:	id: 11	x: 610	y: 2687	
Records jb2_matched_symbol_with_refinement_add_to_image_and_library:	id: 12	x: 642	y: 2672	
Records jb2_new_symbol_add_to_image_and_library:	id: 13	x: 671	y: 2686	
Records jb2_new_symbol_add_to_image_and_library:	id: 14	x: 713	y: 2686	
Records jb2_matched_symbol_with_refinement_add_to_image_and_library:	id: 15	x: 725	y: 2686	
Records jb2_new_symbol_add_to_image_and_library:	id: 16	x: 735	y: 2663	
Records jb2_new_symbol_add_to_image_and_library:	id: 17	x: 736	y: 2638	
Records jb2_new_symbol_add_to_image_and_library:	id: 18	x: 741	y: 2682	
Records jb2_new_symbol_add_to_image_and_library:	id: 19	x: 755	y: 2671	
Records jb2_new_symbol_add_to_image_and_library:	id: 20	x: 1062	y: 2679	
Records jb2_matched_symbol_with_refinement_add_to_image_and_library:	id: 21	x: 1107	y: 2678	
Records jb2_new_symbol_add_to_image_and_library:	id: 22	x: 1156	y: 2668	
Records jb2_new_symbol_add_to_image_and_library:	id: 23	x: 1174	y: 2669	
Records jb2_new_symbol_add_to_image_and_library:	id: 24	x: 1211	y: 2679	
Records jb2_new_symbol_add_to_image_and_library:	id: 25	x: 1267	y: 2682	
Records jb2_new_symbol_add_to_image_and_library:	id: 26	x: 1374	y: 2665	
Records jb2_matched_symbol_with_refinement_add_to_image_and_library:	id: 27	x: 1375	y: 2646	
Records jb2_matched_symbol_with_refinement_add_to_image_and_library:	id: 28	x: 1385	y: 2669	
Records jb2_new_symbol_add_to_image_and_library:	id: 29	x: 1415	y: 2680	
Records jb2_new_symbol_add_to_image_and_library:	id: 30	x: 1437	y: 2678	
Records jb2_new_symbol_add_to_image_and_library:	id: 31	x: 456	y: 2532	
Records jb2_new_symbol_add_to_image_and_library:	id: 32	x: 454	y: 2473	
Records jb2_new_symbol_add_to_image_and_library:	id: 33	x: 202	y: 2426	
Records jb2_new_symbol_add_to_image_and_library:	id: 34	x: 200	y: 2405	
Records jb2_new_symbol_add_to_image_and_library:	id: 35	x: 242	y: 2392	
Records jb2_new_symbol_add_to_image_and_library:	id: 36	x: 300	y: 2404	
Records jb2_matched_symbol_with_refinement_add_to_image_and_library:	id: 37	x: 384	y: 2402	
Records jb2_new_symbol_add_to_image_and_library:	id: 38	x: 457	y: 2409	
Records jb2_new_symbol_add_to_image_and_library:	id: 39	x: 513	y: 2393	
Records jb2_matched_symbol_with_refinement_add_to_image_and_library:	id: 40	x: 571	y: 2410	
Records jb2_matched_symbol_with_refinement_add_to_image_and_library:	id: 41	x: 645	y: 2408	
Records jb2_new_symbol_add_to_image_and_library:	id: 42	x: 697	y: 2385	
Records jb2_new_symbol_add_to_image_and_library:	id: 43	x: 1318	y: 2399	
Records jb2_new_symbol_add_to_image_and_library:	id: 44	x: 213	y: 2328	
Records jb2_new_symbol_add_to_image_and_library:	id: 45	x: 454	y: 2365	
Records jb2_new_symbol_add_to_image_and_library:	id: 46	x: 1272	y: 2374	
Records jb2_matched_symbol_with_refinement_add_to_image_and_library:	id: 47	x: 431	y: 2313	
Records jb2_new_symbol_add_to_image_and_library:	id: 48	x: 452	y: 2323	
Records jb2_matched_symbol_with_refinement_add_to_image_and_library:	id: 49	x: 539	y: 2314	
Records jb2_new_symbol_add_to_image_and_library:	id: 50	x: 450	y: 2288	
Records jb2_new_symbol_add_to_image_and_library:	id: 51	x: 457	y: 2288	
Records jb2_new_symbol_add_to_image_and_library:	id: 52	x: 452	y: 2232	
Records jb2_new_symbol_add_to_image_and_library:	id: 53	x: 1291	y: 2243	
Records jb2_new_symbol_add_to_image_and_library:	id: 54	x: 444	y: 2180	
Records jb2_new_symbol_add_to_image_and_library:	id: 55	x: 444	y: 2084	
Records jb2_matched_symbol_with_refinement_add_to_image_and_library:	id: 56	x: 1051	y: 2076	
Records jb2_new_symbol_add_to_image_and_library:	id: 57	x: 1303	y: 2047	
Records jb2_new_symbol_add_to_image_and_library:	id: 58	x: 446	y: 1976	
Records jb2_new_symbol_add_to_image_and_library:	id: 59	x: 1296	y: 1960	
Records jb2_new_symbol_add_to_image_and_library:	id: 60	x: 427	y: 1911	
Records jb2_new_symbol_add_to_image_and_library:	id: 61	x: 439	y: 1910	
Records jb2_new_symbol_add_to_image_and_library:	id: 62	x: 452	y: 1914	
Records jb2_new_symbol_add_to_image_and_library:	id: 63	x: 1303	y: 1913	
Records jb2_new_symbol_add_to_image_and_library:	id: 64	x: 358	y: 1849	
Records jb2_new_symbol_add_to_image_and_library:	id: 65	x: 426	y: 1804	
Records jb2_matched_symbol_with_refinement_add_to_image_and_library:	id: 66	x: 435	y: 1861	
Records jb2_new_symbol_add_to_image_and_library:	id: 67	x: 449	y: 1840	
Records jb2_new_symbol_add_to_image_and_library:	id: 68	x: 499	y: 1812	
Records jb2_matched_symbol_with_refinement_add_to_image_and_library:	id: 69	x: 1304	y: 1820	
Records jb2_matched_symbol_with_refinement_add_to_image_and_library:	id: 70	x: 339	y: 1751	
Records jb2_new_symbol_add_to_image_and_library:	id: 71	x: 374	y: 1712	
Records jb2_new_symbol_add_to_image_and_library:	id: 72	x: 382	y: 1752	
Records jb2_matched_symbol_with_refinement_add_to_image_and_library:	id: 73	x: 432	y: 1740	
Records jb2_matched_symbol_with_refinement_add_to_image_and_library:	id: 74	x: 453	y: 1741	
Records jb2_new_symbol_add_to_image_and_library:	id: 75	x: 489	y: 1750	
Records jb2_matched_symbol_with_refinement_add_to_image_and_library:	id: 76	x: 533	y: 1720	
Records jb2_new_symbol_add_to_image_and_library:	id: 77	x: 548	y: 1750	
Records jb2_new_symbol_add_to_image_and_library:	id: 78	x: 592	y: 1738	
Records jb2_new_symbol_add_to_image_and_library:	id: 79	x: 616	y: 1741	
Records jb2_matched_symbol_with_refinement_add_to_image_and_library:	id: 80	x: 997	y: 1748	
Records jb2_new_symbol_add_to_image_and_library:	id: 81	x: 1040	y: 1748	
Records jb2_matched_symbol_with_refinement_add_to_image_and_library:	id: 82	x: 1090	y: 1736	
Records jb2_matched_symbol_with_refinement_add_to_image_and_library:	id: 83	x: 1109	y: 1737	
Records jb2_new_symbol_add_to_image_and_library:	id: 84	x: 1146	y: 1749	
Records jb2_new_symbol_add_to_image_and_library:	id: 85	x: 1200	y: 1718	
Records jb2_new_symbol_add_to_image_and_library:	id: 86	x: 1221	y: 1743	
Records jb2_matched_symbol_with_refinement_add_to_image_and_library:	id: 87	x: 1277	y: 1750	
Records jb2_matched_symbol_with_refinement_add_to_image_and_library:	id: 88	x: 1309	y: 1735	
Records jb2_matched_symbol_with_refinement_add_to_image_and_library:	id: 89	x: 1333	y: 1750	
Records jb2_new_symbol_add_to_image_and_library:	id: 90	x: 1362	y: 1740	
Records jb2_new_symbol_add_to_image_and_library:	id: 91	x: 1406	y: 1741	
Records jb2_new_symbol_add_to_image_and_library:	id: 92	x: 1429	y: 1741	
Records jb2_new_symbol_add_to_image_and_library:	id: 93	x: 1006	y: 1689	
Records jb2_new_symbol_add_to_image_and_library:	id: 94	x: 1021	y: 1687	
Records jb2_new_symbol_add_to_image_and_library:	id: 95	x: 1034	y: 1680	
Records jb2_matched_symbol_with_refinement_add_to_image_and_library:	id: 96	x: 1051	y: 1680	
Records jb2_new_symbol_add_to_image_and_library:	id: 97	x: 1068	y: 1678	
Records jb2_new_symbol_add_to_image_and_library:	id: 98	x: 1087	y: 1679	
Records jb2_matched_symbol_with_refinement_add_to_image_and_library:	id: 99	x: 1108	y: 1678	
Records jb2_new_symbol_add_to_image_and_library:	id: 100	x: 1130	y: 1680	
Records jb2_matched_symbol_with_refinement_add_to_image_and_library:	id: 101	x: 1167	y: 1680	
Records jb2_matched_symbol_with_refinement_add_to_image_and_library:	id: 102	x: 1187	y: 1680	
Records jb2_matched_symbol_with_refinement_add_to_image_and_library:	id: 103	x: 1205	y: 1679	
Records jb2_matched_symbol_with_refinement_add_to_image_and_library:	id: 104	x: 1229	y: 1692	
Records jb2_matched_symbol_with_refinement_add_to_image_and_library:	id: 105	x: 1242	y: 1681	
Records jb2_matched_symbol_with_refinement_add_to_image_and_library:	id: 106	x: 1262	y: 1681	
Records jb2_new_symbol_add_to_image_and_library:	id: 107	x: 1293	y: 1661	
Records jb2_matched_symbol_with_refinement_add_to_image_and_library:	id: 108	x: 1313	y: 1692	
Records jb2_matched_symbol_with_refinement_add_to_image_and_library:	id: 109	x: 1362	y: 1678	
Records jb2_new_symbol_add_to_image_and_library:	id: 110	x: 1380	y: 1679	
Records jb2_new_symbol_add_to_image_and_library:	id: 111	x: 1387	y: 1690	
Records jb2_new_symbol_add_to_image_and_library:	id: 112	x: 1464	y: 1680	
Records jb2_matched_symbol_with_refinement_add_to_image_and_library:	id: 113	x: 1496	y: 1679	
Records jb2_matched_symbol_with_refinement_add_to_image_and_library:	id: 114	x: 1505	y: 1689	
Records jb2_matched_symbol_with_refinement_add_to_image_and_library:	id: 115	x: 1079	y: 1632	
Records jb2_new_symbol_add_to_image_and_library:	id: 116	x: 206	y: 1613	
Records jb2_matched_symbol_with_refinement_add_to_image_and_library:	id: 117	x: 1008	y: 1622	
Records jb2_matched_symbol_with_refinement_add_to_image_and_library:	id: 118	x: 1030	y: 1622	
Records jb2_new_symbol_add_to_image_and_library:	id: 119	x: 1052	y: 1622	
Records jb2_new_symbol_add_to_image_and_library:	id: 120	x: 1084	y: 1623	
Records jb2_new_symbol_add_to_image_and_library:	id: 121	x: 1151	y: 1625	
Records jb2_new_symbol_add_to_image_and_library:	id: 122	x: 1296	y: 1606	
Records jb2_matched_symbol_with_refinement_add_to_image_and_library:	id: 123	x: 286	y: 1532	
Records jb2_new_symbol_add_to_image_and_library:	id: 124	x: 343	y: 1518	
Records jb2_new_symbol_add_to_image_and_library:	id: 125	x: 345	y: 1507	
Records jb2_new_symbol_add_to_image_and_library:	id: 126	x: 277	y: 1484	
Records jb2_new_symbol_add_to_image_and_library:	id: 127	x: 306	y: 1482	
Records jb2_matched_symbol_with_refinement_add_to_image_and_library:	id: 128	x: 258	y: 1475	
Records jb2_new_symbol_add_to_image_and_library:	id: 129	x: 568	y: 1476	
Records jb2_matched_symbol_with_refinement_add_to_image_and_library:	id: 130	x: 623	y: 1451	
Records jb2_new_symbol_add_to_image_and_library:	id: 131	x: 472	y: 1402	
Records jb2_new_symbol_add_to_image_and_library:	id: 132	x: 461	y: 1385	
Records jb2_new_symbol_add_to_image_and_library:	id: 133	x: 464	y: 1281	
Records jb2_new_symbol_add_to_image_and_library:	id: 134	x: 1091	y: 1300	
Records jb2_matched_symbol_with_refinement_add_to_image_and_library:	id: 135	x: 1170	y: 1293	
Records jb2_new_symbol_add_to_image_and_library:	id: 136	x: 1269	y: 1290	
Records jb2_new_symbol_add_to_image_and_library:	id: 137	x: 1356	y: 1298	
Records jb2_new_symbol_add_to_image_and_library:	id: 138	x: 462	y: 1238	
Records jb2_new_symbol_add_to_image_and_library:	id: 139	x: 476	y: 1091	
Records jb2_matched_symbol_with_refinement_add_to_image_and_library:	id: 140	x: 1155	y: 1008	
Records jb2_matched_symbol_with_refinement_add_to_image_and_library:	id: 141	x: 1208	y: 1004	
Records jb2_new_symbol_add_to_image_and_library:	id: 142	x: 1275	y: 1003	
Records jb2_new_symbol_add_to_image_and_library:	id: 143	x: 525	y: 886	
Records jb2_new_symbol_add_to_image_and_library:	id: 144	x: 973	y: 227	
Records jb2_new_symbol_add_to_image_and_library:	id: 145	x: 987	y: 234	
Records jb2_new_symbol_add_to_image_and_library:	id: 146	x: 1001	y: 241	
Records jb2_new_symbol_add_to_image_and_library:	id: 147	x: 1011	y: 243	
Records jb2_new_symbol_add_to_image_and_library:	id: 148	x: 1023	y: 237	
Records jb2_new_symbol_add_to_image_and_library:	id: 149	x: 1048	y: 220	
Records jb2_new_symbol_add_to_image_and_library:	id: 150	x: 1055	y: 221	
Records jb2_matched_symbol_copy_to_image_without_refinement:	id: 123	x: 1063	y: 224	
Records jb2_new_symbol_add_to_image_and_library:	id: 151	x: 962	y: 204	
Records jb2_new_symbol_add_to_image_and_library:	id: 152	x: 968	y: 213	
Records jb2_new_symbol_add_to_image_and_library:	id: 153	x: 990	y: 193	
Records jb2_new_symbol_add_to_image_and_library:	id: 154	x: 1023	y: 193	
Records jb2_matched_symbol_with_refinement_add_to_image_and_library:	id: 155	x: 1059	y: 208	
Records jb2_new_symbol_add_to_image_and_library:	id: 156	x: 1068	y: 199	
Records jb2_new_symbol_add_to_image_and_library:	id: 157	x: 963	y: 182	
Records jb2_new_symbol_add_to_image_and_library:	id: 158	x: 1070	y: 177	
Records jb2_new_symbol_add_to_image_and_library:	id: 159	x: 966	y: 162	
Records jb2_new_symbol_add_to_image_and_library:	id: 160	x: 976	y: 148	
Records jb2_new_symbol_add_to_image_and_library:	id: 161	x: 990	y: 141	
Records jb2_new_symbol_add_to_image_and_library:	id: 162	x: 1007	y: 136	
Records jb2_new_symbol_add_to_image_and_library:	id: 163	x: 1023	y: 136	
Records jb2_matched_symbol_with_refinement_add_to_image_and_library:	id: 164	x: 1038	y: 142	
Records jb2_new_symbol_add_to_image_and_library:	id: 165	x: 1049	y: 162	
Records jb2_new_symbol_add_to_image_and_library:	id: 166	x: 0	y: 300	
Records jb2_new_symbol_add_to_image_and_library:	id: 167	x: 300	y: 2	
Records jb2_new_symbol_add_to_image_and_library:	id: 168	x: 600	y: 1	
Records jb2_new_symbol_add_to_image_and_library:	id: 169	x: 900	y: 241	
Records jb2_new_symbol_add_to_image_and_library:	id: 170	x: 1200	y: 1	
Records jb2_new_symbol_add_to_image_and_library:	id: 171	x: 1500	y: 1	
Records jb2_new_symbol_add_to_image_and_library:	id: 172	x: 1800	y: 300	
Records jb2_new_symbol_add_to_image_and_library:	id: 173	x: 0	y: 600	
Records jb2_new_symbol_add_to_image_and_library:	id: 174	x: 1976	y: 600	
Records jb2_new_symbol_add_to_image_and_library:	id: 175	x: 0	y: 900	
Records jb2_new_symbol_add_to_image_and_library:	id: 176	x: 339	y: 900	
Records jb2_new_symbol_add_to_image_and_library:	id: 177	x: 1121	y: 900	
Records jb2_new_symbol_add_to_image_and_library:	id: 178	x: 1200	y: 900	
Records jb2_new_symbol_add_to_image_and_library:	id: 179	x: 1976	y: 900	
Records jb2_new_symbol_add_to_image_and_library:	id: 180	x: 0	y: 1200	
Records jb2_new_symbol_add_to_image_and_library:	id: 181	x: 384	y: 1200	
Records jb2_new_symbol_add_to_image_and_library:	id: 182	x: 1077	y: 1200	
Records jb2_new_symbol_add_to_image_and_library:	id: 183	x: 1200	y: 1200	
Records jb2_new_symbol_add_to_image_and_library:	id: 184	x: 1976	y: 1200	
Records jb2_new_symbol_add_to_image_and_library:	id: 185	x: 0	y: 1500	
Records jb2_new_symbol_add_to_image_and_library:	id: 186	x: 300	y: 1500	
Records jb2_new_symbol_add_to_image_and_library:	id: 187	x: 600	y: 1500	
Records jb2_new_symbol_add_to_image_and_library:	id: 188	x: 1014	y: 1500	
Records jb2_new_symbol_add_to_image_and_library:	id: 189	x: 1200	y: 1500	
Records jb2_new_symbol_add_to_image_and_library:	id: 190	x: 1976	y: 1423	
Records jb2_new_symbol_add_to_image_and_library:	id: 191	x: 0	y: 1787	
Records jb2_new_symbol_add_to_image_and_library:	id: 192	x: 300	y: 1800	
Records jb2_new_symbol_add_to_image_and_library:	id: 193	x: 600	y: 1587	
Records jb2_new_symbol_add_to_image_and_library:	id: 194	x: 1007	y: 1563	
Records jb2_new_symbol_add_to_image_and_library:	id: 195	x: 1200	y: 1800	
Records jb2_new_symbol_add_to_image_and_library:	id: 196	x: 333	y: 2100	
Records jb2_new_symbol_add_to_image_and_library:	id: 197	x: 1261	y: 2100	
Records jb2_new_symbol_add_to_image_and_library:	id: 198	x: 199	y: 2370	
Records jb2_new_symbol_add_to_image_and_library:	id: 199	x: 300	y: 2400	
Records jb2_new_symbol_add_to_image_and_library:	id: 200	x: 600	y: 2400	
Records jb2_new_symbol_add_to_image_and_library:	id: 201	x: 993	y: 2400	
Records jb2_new_symbol_add_to_image_and_library:	id: 202	x: 1200	y: 2400	
Records jb2_new_symbol_add_to_image_and_library:	id: 203	x: 202	y: 2441	
Records jb2_new_symbol_add_to_image_and_library:	id: 204	x: 300	y: 2616	
Records jb2_new_symbol_add_to_image_and_library:	id: 205	x: 600	y: 2471	
Records jb2_new_symbol_add_to_image_and_library:	id: 206	x: 1023	y: 2471	
Records jb2_new_symbol_add_to_image_and_library:	id: 207	x: 1200	y: 2569	
Records jb2_new_symbol_add_to_image_and_library:	id: 208	x: 1976	y: 2700	
Records jb2_new_symbol_add_to_image_and_library:	id: 209	x: 0	y: 2967	
Records jb2_new_symbol_add_to_image_and_library:	id: 210	x: 300	y: 2967	
Records jb2_new_symbol_add_to_image_and_library:	id: 211	x: 600	y: 2967	
Records jb2_new_symbol_add_to_image_and_library:	id: 212	x: 1308	y: 2967	
Records jb2_new_symbol_add_to_image_and_library:	id: 213	x: 1500	y: 2967	
Records jb2_new_symbol_add_to_image_and_library:	id: 214	x: 1800	y: 2967	
Records jb2_end_of_data
