Records jb2_start_of_image
Records jb2_new_symbol_add_to_image_and_library:	id: 0	x: 1301	y: 2967	
Records jb2_new_symbol_add_to_image_and_library:	id: 1	x: 1306	y: 2967	
Records jb2_matched_symbol_with_refinement_add_to_image_and_library:	id: 2	x: 1315	y: 2967	
Records jb2_new_symbol_add_to_image_and_library:	id: 3	x: 323	y: 2671	
Records jb2_new_symbol_add_to_image_and_library:	id: 4	x: 369	y: 2672	
Records jb2_new_symbol_add_to_image_and_library:	id: 5	x: 416	y: 2660	
Records jb2_new_symbol_add_to_image_and_library:	id: 6	x: 433	y: 2660	
Records jb2_new_symbol_add_to_image_and_library:	id: 7	x: 469	y: 2673	
Records jb2_new_symbol_add_to_image_and_library:	id: 8	x: 518	y: 2664	
Records jb2_new_symbol_add_to_image_and_library:	id: 9	x: 580	y: 2662	
Records jb2_new_symbol_add_to_image_and_library:	id: 10	x: 630	y: 2673	
Records jb2_new_symbol_add_to_image_and_library:	id: 11	x: 656	y: 2671	
Records jb2_new_symbol_add_to_image_and_library:	id: 12	x: 670	y: 2661	
Records jb2_new_symbol_add_to_image_and_library:	id: 13	x: 760	y: 2670	
Records jb2_matched_symbol_with_refinement_add_to_image_and_library:	id: 14	x: 1027	y: 2679	
Records jb2_new_symbol_add_to_image_and_library:	id: 15	x: 1076	y: 2678	
Records jb2_new_symbol_add_to_image_and_library:	id: 16	x: 1083	y: 2627	
Records jb2_matched_symbol_with_refinement_add_to_image_and_library:	id: 17	x: 1142	y: 2669	
Records jb2_new_symbol_add_to_image_and_library:	id: 18	x: 1176	y: 2682	
Records jb2_new_symbol_add_to_image_and_library:	id: 19	x: 1246	y: 2649	
Records jb2_new_symbol_add_to_image_and_library:	id: 20	x: 1258	y: 2675	
Records jb2_new_symbol_add_to_image_and_library:	id: 21	x: 1300	y: 2681	
Records jb2_new_symbol_add_to_image_and_library:	id: 22	x: 1013	y: 2615	
Records jb2_new_symbol_add_to_image_and_library:	id: 23	x: 1192	y: 2623	
Records jb2_new_symbol_add_to_image_and_library:	id: 24	x: 1248	y: 2624	
Records jb2_new_symbol_add_to_image_and_library:	id: 25	x: 1277	y: 2617	
Records jb2_new_symbol_add_to_image_and_library:	id: 26	x: 1358	y: 2624	
Records jb2_new_symbol_add_to_image_and_library:	id: 27	x: 651	y: 2326	
Records jb2_new_symbol_add_to_image_and_library:	id: 28	x: 664	y: 2325	
Records jb2_new_symbol_add_to_image_and_library:	id: 29	x: 1068	y: 2264	
Records jb2_new_symbol_add_to_image_and_library:	id: 30	x: 1146	y: 2250	
Records jb2_new_symbol_add_to_image_and_library:	id: 31	x: 1153	y: 2248	
Records jb2_new_symbol_add_to_image_and_library:	id: 32	x: 1362	y: 2178	
Records jb2_new_symbol_add_to_image_and_library:	id: 33	x: 1233	y: 2059	
Records jb2_new_symbol_add_to_image_and_library:	id: 34	x: 268	y: 2048	
Records jb2_new_symbol_add_to_image_and_library:	id: 35	x: 365	y: 2042	
Records jb2_new_symbol_add_to_image_and_library:	id: 36	x: 1272	y: 2051	
Records jb2_new_symbol_add_to_image_and_library:	id: 37	x: 1195	y: 2000	
Records jb2_new_symbol_add_to_image_and_library:	id: 38	x: 663	y: 1952	
Records jb2_new_symbol_add_to_image_and_library:	id: 39	x: 661	y: 1919	
Records jb2_new_symbol_add_to_image_and_library:	id: 40	x: 683	y: 1918	
Records jb2_new_symbol_add_to_image_and_library:	id: 41	x: 356	y: 1887	
Records jb2_matched_symbol_with_refinement_add_to_image_and_library:	id: 42	x: 1285	y: 1804	
Records jb2_new_symbol_add_to_image_and_library:	id: 43	x: 285	y: 1800	
Records jb2_new_symbol_add_to_image_and_library:	id: 44	x: 915	y: 1799	
Records jb2_matched_symbol_with_refinement_add_to_image_and_library:	id: 45	x: 866	y: 1622	
Records jb2_new_symbol_add_to_image_and_library:	id: 46	x: 886	y: 1622	
Records jb2_new_symbol_add_to_image_and_library:	id: 47	x: 962	y: 1609	
Records jb2_new_symbol_add_to_image_and_library:	id: 48	x: 980	y: 1611	
Records jb2_new_symbol_add_to_image_and_library:	id: 49	x: 1018	y: 1622	
Records jb2_matched_symbol_with_refinement_add_to_image_and_library:	id: 50	x: 1067	y: 1591	
Records jb2_new_symbol_add_to_image_and_library:	id: 51	x: 1078	y: 1612	
Records jb2_matched_symbol_with_refinement_add_to_image_and_library:	id: 52	x: 1110	y: 1611	
Records jb2_new_symbol_add_to_image_and_library:	id: 53	x: 1139	y: 1612	
Records jb2_new_symbol_add_to_image_and_library:	id: 54	x: 1167	y: 1612	
Records jb2_new_symbol_add_to_image_and_library:	id: 55	x: 1213	y: 1624	
Records jb2_new_symbol_add_to_image_and_library:	id: 56	x: 1241	y: 1614	
Records jb2_new_symbol_add_to_image_and_library:	id: 57	x: 1331	y: 1624	
Records jb2_new_symbol_add_to_image_and_library:	id: 58	x: 1343	y: 1622	
Records jb2_new_symbol_add_to_image_and_library:	id: 59	x: 1388	y: 1612	
Records jb2_new_symbol_add_to_image_and_library:	id: 60	x: 1407	y: 1612	
Records jb2_new_symbol_add_to_image_and_library:	id: 61	x: 1451	y: 1624	
Records jb2_new_symbol_add_to_image_and_library:	id: 62	x: 1463	y: 1613	
Records jb2_matched_symbol_with_refinement_add_to_image_and_library:	id: 63	x: 204	y: 1521	
Records jb2_new_symbol_add_to_image_and_library:	id: 64	x: 942	y: 1564	
Records jb2_matched_symbol_with_refinement_add_to_image_and_library:	id: 65	x: 991	y: 1551	
Records jb2_new_symbol_add_to_image_and_library:	id: 66	x: 1009	y: 1552	
Records jb2_new_symbol_add_to_image_and_library:	id: 67	x: 1016	y: 1562	
Records jb2_new_symbol_add_to_image_and_library:	id: 68	x: 1024	y: 1553	
Records jb2_new_symbol_add_to_image_and_library:	id: 69	x: 1067	y: 1550	
Records jb2_new_symbol_add_to_image_and_library:	id: 70	x: 1097	y: 1553	
Records jb2_new_symbol_add_to_image_and_library:	id: 71	x: 1162	y: 1564	
Records jb2_matched_symbol_with_refinement_add_to_image_and_library:	id: 72	x: 1215	y: 1553	
Records jb2_matched_symbol_with_refinement_add_to_image_and_library:	id: 73	x: 1222	y: 1565	
Records jb2_new_symbol_add_to_image_and_library:	id: 74	x: 1230	y: 1554	
Records jb2_new_symbol_add_to_image_and_library:	id: 75	x: 1298	y: 1555	
Records jb2_new_symbol_add_to_image_and_library:	id: 76	x: 1369	y: 1558	
Records jb2_matched_symbol_with_refinement_add_to_image_and_library:	id: 77	x: 1426	y: 1554	
Records jb2_matched_symbol_with_refinement_add_to_image_and_library:	id: 78	x: 1434	y: 1564	
Records jb2_new_symbol_add_to_image_and_library:	id: 79	x: 1454	y: 1555	
Records jb2_new_symbol_add_to_image_and_library:	id: 80	x: 1501	y: 1564	
Records jb2_matched_symbol_with_refinement_add_to_image_and_library:	id: 81	x: 249	y: 1520	
Records jb2_matched_symbol_with_refinement_add_to_image_and_library:	id: 82	x: 298	y: 1506	
Records jb2_matched_symbol_with_refinement_add_to_image_and_library:	id: 83	x: 315	y: 1506	
Records jb2_new_symbol_add_to_image_and_library:	id: 84	x: 351	y: 1517	
Records jb2_new_symbol_add_to_image_and_library:	id: 85	x: 361	y: 1518	
Records jb2_matched_symbol_with_refinement_add_to_image_and_library:	id: 86	x: 406	y: 1486	
Records jb2_new_symbol_add_to_image_and_library:	id: 87	x: 421	y: 1514	
Records jb2_matched_symbol_with_refinement_add_to_image_and_library:	id: 88	x: 454	y: 1502	
Records jb2_new_symbol_add_to_image_and_library:	id: 89	x: 474	y: 1503	
Records jb2_new_symbol_add_to_image_and_library:	id: 90	x: 492	y: 1502	
Records jb2_matched_symbol_with_refinement_add_to_image_and_library:	id: 91	x: 523	y: 1498	
Records jb2_new_symbol_add_to_image_and_library:	id: 92	x: 541	y: 1511	
Records jb2_new_symbol_add_to_image_and_library:	id: 93	x: 553	y: 1501	
Records jb2_matched_symbol_with_refinement_add_to_image_and_library:	id: 94	x: 601	y: 1511	
Records jb2_new_symbol_add_to_image_and_library:	id: 95	x: 619	y: 1498	
Records jb2_new_symbol_add_to_image_and_library:	id: 96	x: 672	y: 1496	
Records jb2_new_symbol_add_to_image_and_library:	id: 97	x: 689	y: 1494	
Records jb2_new_symbol_add_to_image_and_library:	id: 98	x: 953	y: 1496	
Records jb2_matched_symbol_with_refinement_add_to_image_and_library:	id: 99	x: 967	y: 1496	
Records jb2_new_symbol_add_to_image_and_library:	id: 100	x: 998	y: 1498	
Records jb2_new_symbol_add_to_image_and_library:	id: 101	x: 1072	y: 1497	
Records jb2_new_symbol_add_to_image_and_library:	id: 102	x: 1115	y: 1494	
Records jb2_matched_symbol_with_refinement_add_to_image_and_library:	id: 103	x: 1140	y: 1499	
Records jb2_new_symbol_add_to_image_and_library:	id: 104	x: 1157	y: 1497	
Records jb2_new_symbol_add_to_image_and_library:	id: 105	x: 1197	y: 1511	
Records jb2_matched_symbol_with_refinement_add_to_image_and_library:	id: 106	x: 1203	y: 1508	
Records jb2_matched_symbol_with_refinement_add_to_image_and_library:	id: 107	x: 1233	y: 1508	
Records jb2_new_symbol_add_to_image_and_library:	id: 108	x: 1247	y: 1497	
Records jb2_matched_symbol_with_refinement_add_to_image_and_library:	id: 109	x: 1254	y: 1508	
Records jb2_new_symbol_add_to_image_and_library:	id: 110	x: 1306	y: 1498	
Records jb2_matched_symbol_with_refinement_add_to_image_and_library:	id: 111	x: 1355	y: 1497	
Records jb2_new_symbol_add_to_image_and_library:	id: 112	x: 1413	y: 1496	
Records jb2_new_symbol_add_to_image_and_library:	id: 113	x: 1418	y: 1515	
Records jb2_new_symbol_add_to_image_and_library:	id: 114	x: 1454	y: 1509	
Records jb2_new_symbol_add_to_image_and_library:	id: 115	x: 203	y: 1461	
Records jb2_matched_symbol_with_refinement_add_to_image_and_library:	id: 116	x: 267	y: 1450	
Records jb2_new_symbol_add_to_image_and_library:	id: 117	x: 288	y: 1447	
Records jb2_new_symbol_add_to_image_and_library:	id: 118	x: 289	y: 1425	
Records jb2_matched_symbol_with_refinement_add_to_image_and_library:	id: 119	x: 311	y: 1459	
Records jb2_matched_symbol_with_refinement_add_to_image_and_library:	id: 120	x: 323	y: 1448	
Records jb2_new_symbol_add_to_image_and_library:	id: 121	x: 332	y: 1457	
Records jb2_new_symbol_add_to_image_and_library:	id: 122	x: 337	y: 1446	
Records jb2_matched_symbol_with_refinement_add_to_image_and_library:	id: 123	x: 338	y: 1438	
Records jb2_matched_symbol_with_refinement_add_to_image_and_library:	id: 124	x: 364	y: 1447	
Records jb2_matched_symbol_with_refinement_add_to_image_and_library:	id: 125	x: 389	y: 1446	
Records jb2_new_symbol_add_to_image_and_library:	id: 126	x: 396	y: 1457	
Records jb2_new_symbol_add_to_image_and_library:	id: 127	x: 400	y: 1444	
Records jb2_new_symbol_add_to_image_and_library:	id: 128	x: 413	y: 1444	
Records jb2_matched_symbol_with_refinement_add_to_image_and_library:	id: 129	x: 429	y: 1447	
Records jb2_new_symbol_add_to_image_and_library:	id: 130	x: 445	y: 1444	
Records jb2_new_symbol_add_to_image_and_library:	id: 131	x: 510	y: 1435	
Records jb2_new_symbol_add_to_image_and_library:	id: 132	x: 519	y: 1441	
Records jb2_new_symbol_add_to_image_and_library:	id: 133	x: 520	y: 1442	
Records jb2_new_symbol_add_to_image_and_library:	id: 134	x: 949	y: 1449	
Records jb2_matched_symbol_with_refinement_add_to_image_and_library:	id: 135	x: 979	y: 1439	
Records jb2_matched_symbol_with_refinement_add_to_image_and_library:	id: 136	x: 999	y: 1438	
Records jb2_matched_symbol_with_refinement_add_to_image_and_library:	id: 137	x: 1005	y: 1449	
Records jb2_matched_symbol_with_refinement_add_to_image_and_library:	id: 138	x: 1012	y: 1439	
Records jb2_matched_symbol_with_refinement_add_to_image_and_library:	id: 139	x: 1047	y: 1448	
Records jb2_new_symbol_add_to_image_and_library:	id: 140	x: 1060	y: 1438	
Records jb2_new_symbol_add_to_image_and_library:	id: 141	x: 1108	y: 1448	
Records jb2_new_symbol_add_to_image_and_library:	id: 142	x: 1119	y: 1439	
Records jb2_new_symbol_add_to_image_and_library:	id: 143	x: 1192	y: 1422	
Records jb2_matched_symbol_with_refinement_add_to_image_and_library:	id: 144	x: 510	y: 1340	
Records jb2_new_symbol_add_to_image_and_library:	id: 145	x: 365	y: 1305	
Records jb2_new_symbol_add_to_image_and_library:	id: 146	x: 390	y: 1324	
Records jb2_new_symbol_add_to_image_and_library:	id: 147	x: 394	y: 1327	
Records jb2_new_symbol_add_to_image_and_library:	id: 148	x: 404	y: 1305	
Records jb2_matched_symbol_with_refinement_add_to_image_and_library:	id: 149	x: 405	y: 1315	
Records jb2_new_symbol_add_to_image_and_library:	id: 150	x: 412	y: 1305	
Records jb2_new_symbol_add_to_image_and_library:	id: 151	x: 414	y: 1312	
Records jb2_new_symbol_add_to_image_and_library:	id: 152	x: 421	y: 1311	
Records jb2_new_symbol_add_to_image_and_library:	id: 153	x: 426	y: 1321	
Records jb2_new_symbol_add_to_image_and_library:	id: 154	x: 432	y: 1308	
Records jb2_new_symbol_add_to_image_and_library:	id: 155	x: 434	y: 1318	
Records jb2_matched_symbol_with_refinement_add_to_image_and_library:	id: 156	x: 438	y: 1326	
Records jb2_new_symbol_add_to_image_and_library:	id: 157	x: 445	y: 1323	
Records jb2_matched_symbol_copy_to_image_without_refinement:	id: 148	x: 452	y: 1303	
Records jb2_new_symbol_add_to_image_and_library:	id: 158	x: 463	y: 1325	
Records jb2_new_symbol_add_to_image_and_library:	id: 159	x: 470	y: 1327	
Records jb2_new_symbol_add_to_image_and_library:	id: 160	x: 470	y: 1318	
Records jb2_matched_symbol_with_refinement_add_to_image_and_library:	id: 161	x: 474	y: 1316	
Records jb2_new_symbol_add_to_image_and_library:	id: 162	x: 488	y: 1309	
Records jb2_new_symbol_add_to_image_and_library:	id: 163	x: 497	y: 1303	
Records jb2_new_symbol_add_to_image_and_library:	id: 164	x: 498	y: 1313	
Records jb2_matched_symbol_with_refinement_add_to_image_and_library:	id: 165	x: 505	y: 1330	
Records jb2_new_symbol_add_to_image_and_library:	id: 166	x: 510	y: 1329	
Records jb2_matched_symbol_with_refinement_add_to_image_and_library:	id: 167	x: 510	y: 1310	
Records jb2_new_symbol_add_to_image_and_library:	id: 168	x: 535	y: 1327	
Records jb2_new_symbol_add_to_image_and_library:	id: 169	x: 537	y: 1316	
Records jb2_new_symbol_add_to_image_and_library:	id: 170	x: 559	y: 1305	
Records jb2_new_symbol_add_to_image_and_library:	id: 171	x: 561	y: 1321	
Records jb2_new_symbol_add_to_image_and_library:	id: 172	x: 561	y: 1313	
Records jb2_new_symbol_add_to_image_and_library:	id: 173	x: 567	y: 1329	
Records jb2_new_symbol_add_to_image_and_library:	id: 174	x: 588	y: 1310	
Records jb2_new_symbol_add_to_image_and_library:	id: 175	x: 378	y: 1302	
Records jb2_new_symbol_add_to_image_and_library:	id: 176	x: 394	y: 1299	
Records jb2_new_symbol_add_to_image_and_library:	id: 177	x: 405	y: 1288	
Records jb2_new_symbol_add_to_image_and_library:	id: 178	x: 411	y: 1292	
Records jb2_new_symbol_add_to_image_and_library:	id: 179	x: 418	y: 1289	
Records jb2_new_symbol_add_to_image_and_library:	id: 180	x: 440	y: 1299	
Records jb2_new_symbol_add_to_image_and_library:	id: 181	x: 452	y: 1297	
Records jb2_matched_symbol_with_refinement_add_to_image_and_library:	id: 182	x: 455	y: 1291	
Records jb2_new_symbol_add_to_image_and_library:	id: 183	x: 459	y: 1302	
Records jb2_new_symbol_add_to_image_and_library:	id: 184	x: 467	y: 1293	
Records jb2_matched_symbol_with_refinement_add_to_image_and_library:	id: 185	x: 508	y: 1300	
Records jb2_matched_symbol_with_refinement_add_to_image_and_library:	id: 186	x: 520	y: 1297	
Records jb2_matched_symbol_with_refinement_add_to_image_and_library:	id: 187	x: 585	y: 1301	
Records jb2_new_symbol_add_to_image_and_library:	id: 188	x: 599	y: 1298	
Records jb2_new_symbol_add_to_image_and_library:	id: 189	x: 624	y: 1296	
Records jb2_new_symbol_add_to_image_and_library:	id: 190	x: 414	y: 1285	
Records jb2_new_symbol_add_to_image_and_library:	id: 191	x: 426	y: 1287	
Records jb2_new_symbol_add_to_image_and_library:	id: 192	x: 459	y: 1284	
Records jb2_new_symbol_add_to_image_and_library:	id: 193	x: 461	y: 1284	
Records jb2_matched_symbol_with_refinement_add_to_image_and_library:	id: 194	x: 498	y: 1280	
Records jb2_new_symbol_add_to_image_and_library:	id: 195	x: 501	y: 1271	
Records jb2_matched_symbol_with_refinement_add_to_image_and_library:	id: 196	x: 508	y: 1276	
Records jb2_matched_symbol_with_refinement_add_to_image_and_library:	id: 197	x: 534	y: 1275	
Records jb2_new_symbol_add_to_image_and_library:	id: 198	x: 481	y: 1248	
Records jb2_new_symbol_add_to_image_and_library:	id: 199	x: 546	y: 1251	
Records jb2_matched_symbol_with_refinement_add_to_image_and_library:	id: 200	x: 493	y: 1166	
Records jb2_matched_symbol_with_refinement_add_to_image_and_library:	id: 201	x: 1204	y: 1082	
Records jb2_matched_symbol_with_refinement_add_to_image_and_library:	id: 202	x: 525	y: 1074	
Records jb2_new_symbol_add_to_image_and_library:	id: 203	x: 581	y: 1077	
Records jb2_new_symbol_add_to_image_and_library:	id: 204	x: 530	y: 1065	
Records jb2_matched_symbol_with_refinement_add_to_image_and_library:	id: 205	x: 582	y: 1034	
Records jb2_new_symbol_add_to_image_and_library:	id: 206	x: 1116	y: 1017	
Records jb2_new_symbol_add_to_image_and_library:	id: 207	x: 544	y: 994	
Records jb2_matched_symbol_with_refinement_add_to_image_and_library:	id: 208	x: 551	y: 979	
Records jb2_new_symbol_add_to_image_and_library:	id: 209	x: 599	y: 999	
Records jb2_new_symbol_add_to_image_and_library:	id: 210	x: 1239	y: 979	
Records jb2_new_symbol_add_to_image_and_library:	id: 211	x: 1254	y: 976	
Records jb2_new_symbol_add_to_image_and_library:	id: 212	x: 1264	y: 984	
Records jb2_matched_symbol_with_refinement_add_to_image_and_library:	id: 213	x: 1283	y: 986	
Records jb2_new_symbol_add_to_image_and_library:	id: 214	x: 1304	y: 977	
Records jb2_new_symbol_add_to_image_and_library:	id: 215	x: 1321	y: 974	
Records jb2_new_symbol_add_to_image_and_library:	id: 216	x: 407	y: 942	
Records jb2_new_symbol_add_to_image_and_library:	id: 217	x: 409	y: 959	
Records jb2_new_symbol_add_to_image_and_library:	id: 218	x: 448	y: 935	
Records jb2_new_symbol_add_to_image_and_library:	id: 219	x: 1173	y: 946	
Records jb2_new_symbol_add_to_image_and_library:	id: 220	x: 1331	y: 962	
Records jb2_matched_symbol_copy_to_image_without_refinement:	id: 186	x: 1089	y: 901	
Records jb2_new_symbol_add_to_image_and_library:	id: 221	x: 425	y: 894	
Records jb2_matched_symbol_with_refinement_add_to_image_and_library:	id: 222	x: 428	y: 887	
Records jb2_new_symbol_add_to_image_and_library:	id: 223	x: 437	y: 870	
Records jb2_new_symbol_add_to_image_and_library:	id: 224	x: 1093	y: 864	
Records jb2_new_symbol_add_to_image_and_library:	id: 225	x: 1104	y: 880	
Records jb2_new_symbol_add_to_image_and_library:	id: 226	x: 1113	y: 894	
Records jb2_new_symbol_add_to_image_and_library:	id: 227	x: 1178	y: 897	
Records jb2_matched_symbol_with_refinement_add_to_image_and_library:	id: 228	x: 1322	y: 871	
Records jb2_matched_symbol_copy_to_image_without_refinement:	id: 0	x: 1323	y: 865	
Records jb2_new_symbol_add_to_image_and_library:	id: 229	x: 1362	y: 871	
Records jb2_new_symbol_add_to_image_and_library:	id: 230	x: 1375	y: 866	
Records jb2_matched_symbol_copy_to_image_without_refinement:	id: 34	x: 1391	y: 867	
Records jb2_new_symbol_add_to_image_and_library:	id: 231	x: 1432	y: 869	
Records jb2_new_symbol_add_to_image_and_library:	id: 232	x: 1089	y: 846	
Records jb2_matched_symbol_with_refinement_add_to_image_and_library:	id: 233	x: 1089	y: 827	
Records jb2_matched_symbol_with_refinement_add_to_image_and_library:	id: 234	x: 1237	y: 838	
Records jb2_matched_symbol_with_refinement_add_to_image_and_library:	id: 235	x: 1261	y: 844	
Records jb2_new_symbol_add_to_image_and_library:	id: 236	x: 1287	y: 829	
Records jb2_new_symbol_add_to_image_and_library:	id: 237	x: 1293	y: 832	
Records jb2_new_symbol_add_to_image_and_library:	id: 238	x: 1314	y: 847	
Records jb2_matched_symbol_with_refinement_add_to_image_and_library:	id: 239	x: 1317	y: 860	
Records jb2_new_symbol_add_to_image_and_library:	id: 240	x: 1345	y: 828	
Records jb2_new_symbol_add_to_image_and_library:	id: 241	x: 1349	y: 861	
Records jb2_new_symbol_add_to_image_and_library:	id: 242	x: 1352	y: 838	
Records jb2_matched_symbol_with_refinement_add_to_image_and_library:	id: 243	x: 1365	y: 838	
Records jb2_new_symbol_add_to_image_and_library:	id: 244	x: 1372	y: 829	
Records jb2_new_symbol_add_to_image_and_library:	id: 245	x: 1408	y: 850	
Records jb2_new_symbol_add_to_image_and_library:	id: 246	x: 1409	y: 861	
Records jb2_new_symbol_add_to_image_and_library:	id: 247	x: 1255	y: 825	
Records jb2_new_symbol_add_to_image_and_library:	id: 248	x: 1299	y: 821	
Records jb2_matched_symbol_with_refinement_add_to_image_and_library:	id: 249	x: 1309	y: 824	
Records jb2_matched_symbol_with_refinement_add_to_image_and_library:	id: 250	x: 1363	y: 820	
Records jb2_matched_symbol_with_refinement_add_to_image_and_library:	id: 251	x: 1128	y: 808	
Records jb2_matched_symbol_with_refinement_add_to_image_and_library:	id: 252	x: 1238	y: 807	
Records jb2_new_symbol_add_to_image_and_library:	id: 253	x: 1299	y: 813	
Records jb2_matched_symbol_with_refinement_add_to_image_and_library:	id: 254	x: 1312	y: 814	
Records jb2_new_symbol_add_to_image_and_library:	id: 255	x: 1328	y: 812	
Records jb2_new_symbol_add_to_image_and_library:	id: 256	x: 1176	y: 800	
Records jb2_matched_symbol_with_refinement_add_to_image_and_library:	id: 257	x: 1228	y: 795	
Records jb2_new_symbol_add_to_image_and_library:	id: 258	x: 1236	y: 790	
Records jb2_matched_symbol_copy_to_image_without_refinement:	id: 243	x: 1393	y: 773	
Records jb2_matched_symbol_with_refinement_add_to_image_and_library:	id: 259	x: 1144	y: 765	
Records jb2_matched_symbol_with_refinement_add_to_image_and_library:	id: 260	x: 1366	y: 764	
Records jb2_new_symbol_add_to_image_and_library:	id: 261	x: 1392	y: 764	
Records jb2_new_symbol_add_to_image_and_library:	id: 262	x: 1067	y: 736	
Records jb2_matched_symbol_with_refinement_add_to_image_and_library:	id: 263	x: 1068	y: 747	
Records jb2_matched_symbol_with_refinement_add_to_image_and_library:	id: 264	x: 1070	y: 756	
Records jb2_matched_symbol_with_refinement_add_to_image_and_library:	id: 265	x: 1126	y: 737	
Records jb2_new_symbol_add_to_image_and_library:	id: 266	x: 1153	y: 741	
Records jb2_new_symbol_add_to_image_and_library:	id: 267	x: 1169	y: 735	
Records jb2_matched_symbol_with_refinement_add_to_image_and_library:	id: 268	x: 1182	y: 739	
Records jb2_matched_symbol_with_refinement_add_to_image_and_library:	id: 269	x: 1202	y: 736	
Records jb2_new_symbol_add_to_image_and_library:	id: 270	x: 1214	y: 740	
Records jb2_matched_symbol_with_refinement_add_to_image_and_library:	id: 271	x: 1222	y: 739	
Records jb2_new_symbol_add_to_image_and_library:	id: 272	x: 1321	y: 747	
Records jb2_new_symbol_add_to_image_and_library:	id: 273	x: 1321	y: 744	
Records jb2_new_symbol_add_to_image_and_library:	id: 274	x: 1328	y: 753	
Records jb2_new_symbol_add_to_image_and_library:	id: 275	x: 1367	y: 743	
Records jb2_matched_symbol_with_refinement_add_to_image_and_library:	id: 276	x: 1388	y: 721	
Records jb2_new_symbol_add_to_image_and_library:	id: 277	x: 1394	y: 725	
Records jb2_matched_symbol_with_refinement_add_to_image_and_library:	id: 278	x: 1410	y: 725	
Records jb2_new_symbol_add_to_image_and_library:	id: 279	x: 1426	y: 725	
Records jb2_matched_symbol_with_refinement_add_to_image_and_library:	id: 280	x: 1135	y: 713	
Records jb2_matched_symbol_with_refinement_add_to_image_and_library:	id: 281	x: 1144	y: 706	
Records jb2_new_symbol_add_to_image_and_library:	id: 282	x: 572	y: 694	
Records jb2_new_symbol_add_to_image_and_library:	id: 283	x: 1128	y: 696	
Records jb2_new_symbol_add_to_image_and_library:	id: 284	x: 1139	y: 691	
Records jb2_new_symbol_add_to_image_and_library:	id: 285	x: 1266	y: 699	
Records jb2_matched_symbol_copy_to_image_without_refinement:	id: 243	x: 1321	y: 635	
Records jb2_new_symbol_add_to_image_and_library:	id: 286	x: 1160	y: 630	
Records jb2_new_symbol_add_to_image_and_library:	id: 287	x: 1380	y: 537	
Records jb2_new_symbol_add_to_image_and_library:	id: 288	x: 966	y: 220	
Records jb2_new_symbol_add_to_image_and_library:	id: 289	x: 981	y: 227	
Records jb2_new_symbol_add_to_image_and_library:	id: 290	x: 995	y: 234	
Records jb2_new_symbol_add_to_image_and_library:	id: 291	x: 1004	y: 236	
Records jb2_new_symbol_add_to_image_and_library:	id: 292	x: 1025	y: 235	
Records jb2_new_symbol_add_to_image_and_library:	id: 293	x: 1035	y: 227	
Records jb2_new_symbol_add_to_image_and_library:	id: 294	x: 1047	y: 216	
Records jb2_new_symbol_add_to_image_and_library:	id: 295	x: 954	y: 197	
Records jb2_new_symbol_add_to_image_and_library:	id: 296	x: 956	y: 175	
Records jb2_new_symbol_add_to_image_and_library:	id: 297	x: 961	y: 206	
Records jb2_new_symbol_add_to_image_and_library:	id: 298	x: 983	y: 186	
Records jb2_new_symbol_add_to_image_and_library:	id: 299	x: 1015	y: 186	
Records jb2_matched_symbol_with_refinement_add_to_image_and_library:	id: 300	x: 1059	y: 179	
Records jb2_new_symbol_add_to_image_and_library:	id: 301	x: 958	y: 154	
Records jb2_new_symbol_add_to_image_and_library:	id: 302	x: 968	y: 140	
Records jb2_new_symbol_add_to_image_and_library:	id: 303	x: 982	y: 133	
Records jb2_new_symbol_add_to_image_and_library:	id: 304	x: 999	y: 128	
Records jb2_new_symbol_add_to_image_and_library:	id: 305	x: 1015	y: 128	
Records jb2_matched_symbol_with_refinement_add_to_image_and_library:	id: 306	x: 1030	y: 133	
Records jb2_new_symbol_add_to_image_and_library:	id: 307	x: 1042	y: 154	
Records jb2_matched_symbol_copy_to_image_without_refinement:	id: 2	x: 752	y: 1	
Records jb2_new_symbol_add_to_image_and_library:	id: 308	x: 0	y: 300	
Records jb2_new_symbol_add_to_image_and_library:	id: 309	x: 300	y: 1	
Records jb2_new_symbol_add_to_image_and_library:	id: 310	x: 600	y: 1	
Records jb2_new_symbol_add_to_image_and_library:	id: 311	x: 1816	y: 300	
Records jb2_new_symbol_add_to_image_and_library:	id: 312	x: 0	y: 600	
Records jb2_new_symbol_add_to_image_and_library:	id: 313	x: 390	y: 600	
Records jb2_new_symbol_add_to_image_and_library:	id: 314	x: 600	y: 600	
Records jb2_new_symbol_add_to_image_and_library:	id: 315	x: 1073	y: 600	
Records jb2_new_symbol_add_to_image_and_library:	id: 316	x: 1200	y: 600	
Records jb2_new_symbol_add_to_image_and_library:	id: 317	x: 1971	y: 600	
Records jb2_new_symbol_add_to_image_and_library:	id: 318	x: 0	y: 900	
Records jb2_new_symbol_add_to_image_and_library:	id: 319	x: 382	y: 900	
Records jb2_new_symbol_add_to_image_and_library:	id: 320	x: 600	y: 900	
Records jb2_new_symbol_add_to_image_and_library:	id: 321	x: 972	y: 900	
Records jb2_new_symbol_add_to_image_and_library:	id: 322	x: 1200	y: 900	
Records jb2_new_symbol_add_to_image_and_library:	id: 323	x: 1971	y: 900	
Records jb2_new_symbol_add_to_image_and_library:	id: 324	x: 0	y: 1200	
Records jb2_new_symbol_add_to_image_and_library:	id: 325	x: 358	y: 1200	
Records jb2_new_symbol_add_to_image_and_library:	id: 326	x: 600	y: 1200	
Records jb2_new_symbol_add_to_image_and_library:	id: 327	x: 992	y: 1200	
Records jb2_new_symbol_add_to_image_and_library:	id: 328	x: 1200	y: 1200	
Records jb2_new_symbol_add_to_image_and_library:	id: 329	x: 1971	y: 1200	
Records jb2_new_symbol_add_to_image_and_library:	id: 330	x: 0	y: 1500	
Records jb2_new_symbol_add_to_image_and_library:	id: 331	x: 340	y: 1358	
Records jb2_new_symbol_add_to_image_and_library:	id: 332	x: 600	y: 1478	
Records jb2_new_symbol_add_to_image_and_library:	id: 333	x: 1101	y: 1316	
Records jb2_new_symbol_add_to_image_and_library:	id: 334	x: 1200	y: 1324	
Records jb2_new_symbol_add_to_image_and_library:	id: 335	x: 1971	y: 1419	
Records jb2_new_symbol_add_to_image_and_library:	id: 336	x: 0	y: 1800	
Records jb2_new_symbol_add_to_image_and_library:	id: 337	x: 300	y: 1800	
Records jb2_new_symbol_add_to_image_and_library:	id: 338	x: 600	y: 1800	
Records jb2_new_symbol_add_to_image_and_library:	id: 339	x: 1198	y: 1714	
Records jb2_new_symbol_add_to_image_and_library:	id: 340	x: 1200	y: 1800	
Records jb2_new_symbol_add_to_image_and_library:	id: 341	x: 233	y: 2100	
Records jb2_new_symbol_add_to_image_and_library:	id: 342	x: 312	y: 2100	
Records jb2_new_symbol_add_to_image_and_library:	id: 343	x: 600	y: 2100	
Records jb2_new_symbol_add_to_image_and_library:	id: 344	x: 955	y: 2100	
Records jb2_new_symbol_add_to_image_and_library:	id: 345	x: 1200	y: 2100	
Records jb2_new_symbol_add_to_image_and_library:	id: 346	x: 1500	y: 1963	
Records jb2_new_symbol_add_to_image_and_library:	id: 347	x: 236	y: 2210	
Records jb2_new_symbol_add_to_image_and_library:	id: 348	x: 300	y: 2128	
Records jb2_new_symbol_add_to_image_and_library:	id: 349	x: 614	y: 2400	
Records jb2_new_symbol_add_to_image_and_library:	id: 350	x: 955	y: 2297	
Records jb2_new_symbol_add_to_image_and_library:	id: 351	x: 1200	y: 2288	
Records jb2_new_symbol_add_to_image_and_library:	id: 352	x: 629	y: 2466	
Records jb2_new_symbol_add_to_image_and_library:	id: 353	x: 0	y: 2967	
Records jb2_new_symbol_add_to_image_and_library:	id: 354	x: 300	y: 2967	
Records jb2_new_symbol_add_to_image_and_library:	id: 355	x: 600	y: 2967	
Records jb2_new_symbol_add_to_image_and_library:	id: 356	x: 1324	y: 2967	
Records jb2_new_symbol_add_to_image_and_library:	id: 357	x: 1500	y: 2967	
Records jb2_new_symbol_add_to_image_and_library:	id: 358	x: 1800	y: 2967	
Records jb2_end_of_data
