Records jb2_start_of_image
Records jb2_new_symbol_add_to_image_and_library:	id: 0	x: 747	y: 2968	
Records jb2_new_symbol_add_to_image_and_library:	id: 1	x: 1359	y: 2968	
Records jb2_new_symbol_add_to_image_and_library:	id: 2	x: 222	y: 2682	
Records jb2_new_symbol_add_to_image_and_library:	id: 3	x: 301	y: 2671	
Records jb2_new_symbol_add_to_image_and_library:	id: 4	x: 329	y: 2672	
Records jb2_new_symbol_add_to_image_and_library:	id: 5	x: 347	y: 2673	
Records jb2_new_symbol_add_to_image_and_library:	id: 6	x: 390	y: 2677	
Records jb2_new_symbol_add_to_image_and_library:	id: 7	x: 454	y: 2675	
Records jb2_new_symbol_add_to_image_and_library:	id: 8	x: 480	y: 2675	
Records jb2_new_symbol_add_to_image_and_library:	id: 9	x: 484	y: 2687	
Records jb2_new_symbol_add_to_image_and_library:	id: 10	x: 493	y: 2676	
Records jb2_new_symbol_add_to_image_and_library:	id: 11	x: 515	y: 2682	
Records jb2_new_symbol_add_to_image_and_library:	id: 12	x: 528	y: 2687	
Records jb2_new_symbol_add_to_image_and_library:	id: 13	x: 535	y: 2679	
Records jb2_new_symbol_add_to_image_and_library:	id: 14	x: 578	y: 2678	
Records jb2_new_symbol_add_to_image_and_library:	id: 15	x: 607	y: 2689	
Records jb2_matched_symbol_with_refinement_add_to_image_and_library:	id: 16	x: 621	y: 2675	
Records jb2_new_symbol_add_to_image_and_library:	id: 17	x: 634	y: 2677	
Records jb2_new_symbol_add_to_image_and_library:	id: 18	x: 661	y: 2675	
Records jb2_new_symbol_add_to_image_and_library:	id: 19	x: 685	y: 2690	
Records jb2_new_symbol_add_to_image_and_library:	id: 20	x: 698	y: 2677	
Records jb2_new_symbol_add_to_image_and_library:	id: 21	x: 729	y: 2687	
Records jb2_matched_symbol_with_refinement_add_to_image_and_library:	id: 22	x: 762	y: 2675	
Records jb2_new_symbol_add_to_image_and_library:	id: 23	x: 786	y: 2689	
Records jb2_matched_symbol_with_refinement_add_to_image_and_library:	id: 24	x: 815	y: 2677	
Records jb2_new_symbol_add_to_image_and_library:	id: 25	x: 836	y: 2679	
Records jb2_matched_symbol_with_refinement_add_to_image_and_library:	id: 26	x: 869	y: 2676	
Records jb2_new_symbol_add_to_image_and_library:	id: 27	x: 881	y: 2676	
Records jb2_new_symbol_add_to_image_and_library:	id: 28	x: 936	y: 2689	
Records jb2_new_symbol_add_to_image_and_library:	id: 29	x: 993	y: 2693	
Records jb2_matched_symbol_with_refinement_add_to_image_and_library:	id: 30	x: 1043	y: 2678	
Records jb2_matched_symbol_with_refinement_add_to_image_and_library:	id: 31	x: 1062	y: 2677	
Records jb2_new_symbol_add_to_image_and_library:	id: 32	x: 1069	y: 2689	
Records jb2_new_symbol_add_to_image_and_library:	id: 33	x: 1076	y: 2678	
Records jb2_new_symbol_add_to_image_and_library:	id: 34	x: 1147	y: 2683	
Records jb2_new_symbol_add_to_image_and_library:	id: 35	x: 1203	y: 2689	
Records jb2_new_symbol_add_to_image_and_library:	id: 36	x: 1289	y: 2663	
Records jb2_matched_symbol_with_refinement_add_to_image_and_library:	id: 37	x: 1303	y: 2684	
Records jb2_new_symbol_add_to_image_and_library:	id: 38	x: 1309	y: 2675	
Records jb2_new_symbol_add_to_image_and_library:	id: 39	x: 1338	y: 2675	
Records jb2_new_symbol_add_to_image_and_library:	id: 40	x: 1367	y: 2656	
Records jb2_new_symbol_add_to_image_and_library:	id: 41	x: 1386	y: 2688	
Records jb2_new_symbol_add_to_image_and_library:	id: 42	x: 1523	y: 2676	
Records jb2_new_symbol_add_to_image_and_library:	id: 43	x: 1558	y: 2684	
Records jb2_new_symbol_add_to_image_and_library:	id: 44	x: 222	y: 2621	
Records jb2_new_symbol_add_to_image_and_library:	id: 45	x: 230	y: 2625	
Records jb2_new_symbol_add_to_image_and_library:	id: 46	x: 278	y: 2622	
Records jb2_new_symbol_add_to_image_and_library:	id: 47	x: 368	y: 2624	
Records jb2_matched_symbol_with_refinement_add_to_image_and_library:	id: 48	x: 381	y: 2612	
Records jb2_matched_symbol_with_refinement_add_to_image_and_library:	id: 49	x: 412	y: 2626	
Records jb2_matched_symbol_with_refinement_add_to_image_and_library:	id: 50	x: 423	y: 2615	
Records jb2_new_symbol_add_to_image_and_library:	id: 51	x: 431	y: 2624	
Records jb2_new_symbol_add_to_image_and_library:	id: 52	x: 436	y: 2616	
Records jb2_new_symbol_add_to_image_and_library:	id: 53	x: 493	y: 2627	
Records jb2_new_symbol_add_to_image_and_library:	id: 54	x: 542	y: 2617	
Records jb2_new_symbol_add_to_image_and_library:	id: 55	x: 568	y: 2618	
Records jb2_matched_symbol_with_refinement_add_to_image_and_library:	id: 56	x: 598	y: 2618	
Records jb2_matched_symbol_with_refinement_add_to_image_and_library:	id: 57	x: 629	y: 2618	
Records jb2_new_symbol_add_to_image_and_library:	id: 58	x: 657	y: 2620	
Records jb2_new_symbol_add_to_image_and_library:	id: 59	x: 687	y: 2616	
Records jb2_new_symbol_add_to_image_and_library:	id: 60	x: 704	y: 2615	
Records jb2_new_symbol_add_to_image_and_library:	id: 61	x: 724	y: 2620	
Records jb2_matched_symbol_with_refinement_add_to_image_and_library:	id: 62	x: 741	y: 2614	
Records jb2_new_symbol_add_to_image_and_library:	id: 63	x: 749	y: 2599	
Records jb2_matched_symbol_with_refinement_add_to_image_and_library:	id: 64	x: 765	y: 2597	
Records jb2_new_symbol_add_to_image_and_library:	id: 65	x: 780	y: 2626	
Records jb2_new_symbol_add_to_image_and_library:	id: 66	x: 822	y: 2625	
Records jb2_new_symbol_add_to_image_and_library:	id: 67	x: 870	y: 2616	
Records jb2_matched_symbol_with_refinement_add_to_image_and_library:	id: 68	x: 908	y: 2615	
Records jb2_matched_symbol_with_refinement_add_to_image_and_library:	id: 69	x: 930	y: 2615	
Records jb2_new_symbol_add_to_image_and_library:	id: 70	x: 937	y: 2626	
Records jb2_matched_symbol_with_refinement_add_to_image_and_library:	id: 71	x: 942	y: 2614	
Records jb2_new_symbol_add_to_image_and_library:	id: 72	x: 956	y: 2614	
Records jb2_matched_symbol_with_refinement_add_to_image_and_library:	id: 73	x: 971	y: 2617	
Records jb2_new_symbol_add_to_image_and_library:	id: 74	x: 1026	y: 2628	
Records jb2_new_symbol_add_to_image_and_library:	id: 75	x: 1082	y: 2618	
Records jb2_new_symbol_add_to_image_and_library:	id: 76	x: 1127	y: 2617	
Records jb2_new_symbol_add_to_image_and_library:	id: 77	x: 1157	y: 2622	
Records jb2_matched_symbol_with_refinement_add_to_image_and_library:	id: 78	x: 1196	y: 2630	
Records jb2_matched_symbol_with_refinement_add_to_image_and_library:	id: 79	x: 1207	y: 2615	
Records jb2_matched_symbol_with_refinement_add_to_image_and_library:	id: 80	x: 1232	y: 2630	
Records jb2_matched_symbol_with_refinement_add_to_image_and_library:	id: 81	x: 1260	y: 2616	
Records jb2_matched_symbol_with_refinement_add_to_image_and_library:	id: 82	x: 1279	y: 2617	
Records jb2_new_symbol_add_to_image_and_library:	id: 83	x: 1315	y: 2616	
Records jb2_matched_symbol_with_refinement_add_to_image_and_library:	id: 84	x: 1373	y: 2615	
Records jb2_new_symbol_add_to_image_and_library:	id: 85	x: 1417	y: 2616	
Records jb2_new_symbol_add_to_image_and_library:	id: 86	x: 1446	y: 2620	
Records jb2_matched_symbol_with_refinement_add_to_image_and_library:	id: 87	x: 1472	y: 2627	
Records jb2_matched_symbol_with_refinement_add_to_image_and_library:	id: 88	x: 225	y: 2553	
Records jb2_matched_symbol_with_refinement_add_to_image_and_library:	id: 89	x: 233	y: 2562	
Records jb2_new_symbol_add_to_image_and_library:	id: 90	x: 241	y: 2555	
Records jb2_matched_symbol_with_refinement_add_to_image_and_library:	id: 91	x: 277	y: 2553	
Records jb2_matched_symbol_with_refinement_add_to_image_and_library:	id: 92	x: 321	y: 2552	
Records jb2_matched_symbol_with_refinement_add_to_image_and_library:	id: 93	x: 344	y: 2557	
Records jb2_matched_symbol_with_refinement_add_to_image_and_library:	id: 94	x: 362	y: 2557	
Records jb2_matched_symbol_with_refinement_add_to_image_and_library:	id: 95	x: 391	y: 2559	
Records jb2_new_symbol_add_to_image_and_library:	id: 96	x: 416	y: 2567	
Records jb2_matched_symbol_with_refinement_add_to_image_and_library:	id: 97	x: 421	y: 2557	
Records jb2_matched_symbol_with_refinement_add_to_image_and_library:	id: 98	x: 450	y: 2558	
Records jb2_new_symbol_add_to_image_and_library:	id: 99	x: 459	y: 2568	
Records jb2_new_symbol_add_to_image_and_library:	id: 100	x: 464	y: 2558	
Records jb2_matched_symbol_with_refinement_add_to_image_and_library:	id: 101	x: 509	y: 2562	
Records jb2_new_symbol_add_to_image_and_library:	id: 102	x: 526	y: 2554	
Records jb2_new_symbol_add_to_image_and_library:	id: 103	x: 534	y: 2559	
Records jb2_new_symbol_add_to_image_and_library:	id: 104	x: 573	y: 2570	
Records jb2_new_symbol_add_to_image_and_library:	id: 105	x: 602	y: 2557	
Records jb2_matched_symbol_with_refinement_add_to_image_and_library:	id: 106	x: 619	y: 2559	
Records jb2_matched_symbol_with_refinement_add_to_image_and_library:	id: 107	x: 637	y: 2558	
Records jb2_matched_symbol_with_refinement_add_to_image_and_library:	id: 108	x: 665	y: 2570	
Records jb2_new_symbol_add_to_image_and_library:	id: 109	x: 680	y: 2559	
Records jb2_matched_symbol_with_refinement_add_to_image_and_library:	id: 110	x: 721	y: 2539	
Records jb2_new_symbol_add_to_image_and_library:	id: 111	x: 222	y: 2453	
Records jb2_new_symbol_add_to_image_and_library:	id: 112	x: 268	y: 2454	
Records jb2_new_symbol_add_to_image_and_library:	id: 113	x: 315	y: 2440	
Records jb2_matched_symbol_with_refinement_add_to_image_and_library:	id: 114	x: 334	y: 2440	
Records jb2_new_symbol_add_to_image_and_library:	id: 115	x: 341	y: 2453	
Records jb2_matched_symbol_with_refinement_add_to_image_and_library:	id: 116	x: 348	y: 2444	
Records jb2_matched_symbol_with_refinement_add_to_image_and_library:	id: 117	x: 390	y: 2444	
Records jb2_matched_symbol_with_refinement_add_to_image_and_library:	id: 118	x: 417	y: 2444	
Records jb2_matched_symbol_with_refinement_add_to_image_and_library:	id: 119	x: 428	y: 2445	
Records jb2_new_symbol_add_to_image_and_library:	id: 120	x: 466	y: 2455	
Records jb2_new_symbol_add_to_image_and_library:	id: 121	x: 509	y: 2423	
Records jb2_matched_symbol_with_refinement_add_to_image_and_library:	id: 122	x: 522	y: 2455	
Records jb2_matched_symbol_with_refinement_add_to_image_and_library:	id: 123	x: 534	y: 2443	
Records jb2_matched_symbol_with_refinement_add_to_image_and_library:	id: 124	x: 549	y: 2444	
Records jb2_new_symbol_add_to_image_and_library:	id: 125	x: 606	y: 2455	
Records jb2_matched_symbol_with_refinement_add_to_image_and_library:	id: 126	x: 613	y: 2454	
Records jb2_matched_symbol_with_refinement_add_to_image_and_library:	id: 127	x: 644	y: 2443	
Records jb2_matched_symbol_with_refinement_add_to_image_and_library:	id: 128	x: 665	y: 2442	
Records jb2_new_symbol_add_to_image_and_library:	id: 129	x: 691	y: 2446	
Records jb2_new_symbol_add_to_image_and_library:	id: 130	x: 709	y: 2456	
Records jb2_matched_symbol_with_refinement_add_to_image_and_library:	id: 131	x: 743	y: 2445	
Records jb2_new_symbol_add_to_image_and_library:	id: 132	x: 765	y: 2446	
Records jb2_matched_symbol_with_refinement_add_to_image_and_library:	id: 133	x: 772	y: 2457	
Records jb2_new_symbol_add_to_image_and_library:	id: 134	x: 796	y: 2445	
Records jb2_matched_symbol_with_refinement_add_to_image_and_library:	id: 135	x: 824	y: 2458	
Records jb2_matched_symbol_with_refinement_add_to_image_and_library:	id: 136	x: 831	y: 2445	
Records jb2_matched_symbol_with_refinement_add_to_image_and_library:	id: 137	x: 860	y: 2447	
Records jb2_matched_symbol_with_refinement_add_to_image_and_library:	id: 138	x: 898	y: 2446	
Records jb2_matched_symbol_with_refinement_add_to_image_and_library:	id: 139	x: 917	y: 2446	
Records jb2_matched_symbol_with_refinement_add_to_image_and_library:	id: 140	x: 947	y: 2445	
Records jb2_new_symbol_add_to_image_and_library:	id: 141	x: 222	y: 2392	
Records jb2_matched_symbol_with_refinement_add_to_image_and_library:	id: 142	x: 238	y: 2380	
Records jb2_matched_symbol_with_refinement_add_to_image_and_library:	id: 143	x: 265	y: 2393	
Records jb2_new_symbol_add_to_image_and_library:	id: 144	x: 278	y: 2381	
Records jb2_new_symbol_add_to_image_and_library:	id: 145	x: 278	y: 2376	
Records jb2_new_symbol_add_to_image_and_library:	id: 146	x: 302	y: 2394	
Records jb2_matched_symbol_with_refinement_add_to_image_and_library:	id: 147	x: 313	y: 2382	
Records jb2_matched_symbol_with_refinement_add_to_image_and_library:	id: 148	x: 330	y: 2383	
Records jb2_matched_symbol_with_refinement_add_to_image_and_library:	id: 149	x: 339	y: 2393	
Records jb2_matched_symbol_with_refinement_add_to_image_and_library:	id: 150	x: 345	y: 2385	
Records jb2_matched_symbol_with_refinement_add_to_image_and_library:	id: 151	x: 367	y: 2385	
Records jb2_matched_symbol_with_refinement_add_to_image_and_library:	id: 152	x: 392	y: 2388	
Records jb2_matched_symbol_with_refinement_add_to_image_and_library:	id: 153	x: 433	y: 2385	
Records jb2_new_symbol_add_to_image_and_library:	id: 154	x: 458	y: 2384	
Records jb2_matched_symbol_with_refinement_add_to_image_and_library:	id: 155	x: 506	y: 2383	
Records jb2_matched_symbol_with_refinement_add_to_image_and_library:	id: 156	x: 518	y: 2383	
Records jb2_matched_symbol_with_refinement_add_to_image_and_library:	id: 157	x: 532	y: 2383	
Records jb2_new_symbol_add_to_image_and_library:	id: 158	x: 554	y: 2384	
Records jb2_matched_symbol_with_refinement_add_to_image_and_library:	id: 159	x: 585	y: 2384	
Records jb2_matched_symbol_with_refinement_add_to_image_and_library:	id: 160	x: 612	y: 2385	
Records jb2_matched_symbol_with_refinement_add_to_image_and_library:	id: 161	x: 626	y: 2387	
Records jb2_new_symbol_add_to_image_and_library:	id: 162	x: 653	y: 2386	
Records jb2_new_symbol_add_to_image_and_library:	id: 163	x: 706	y: 2397	
Records jb2_matched_symbol_with_refinement_add_to_image_and_library:	id: 164	x: 720	y: 2380	
Records jb2_new_symbol_add_to_image_and_library:	id: 165	x: 728	y: 2388	
Records jb2_matched_symbol_with_refinement_add_to_image_and_library:	id: 166	x: 767	y: 2387	
Records jb2_new_symbol_add_to_image_and_library:	id: 167	x: 796	y: 2387	
Records jb2_matched_symbol_with_refinement_add_to_image_and_library:	id: 168	x: 815	y: 2388	
Records jb2_matched_symbol_with_refinement_add_to_image_and_library:	id: 169	x: 845	y: 2390	
Records jb2_new_symbol_add_to_image_and_library:	id: 170	x: 869	y: 2398	
Records jb2_new_symbol_add_to_image_and_library:	id: 171	x: 884	y: 2386	
Records jb2_new_symbol_add_to_image_and_library:	id: 172	x: 901	y: 2397	
Records jb2_matched_symbol_with_refinement_add_to_image_and_library:	id: 173	x: 929	y: 2385	
Records jb2_matched_symbol_with_refinement_add_to_image_and_library:	id: 174	x: 948	y: 2383	
Records jb2_new_symbol_add_to_image_and_library:	id: 175	x: 954	y: 2396	
Records jb2_new_symbol_add_to_image_and_library:	id: 176	x: 1259	y: 2401	
Records jb2_matched_symbol_with_refinement_add_to_image_and_library:	id: 177	x: 220	y: 2335	
Records jb2_matched_symbol_with_refinement_add_to_image_and_library:	id: 178	x: 235	y: 2324	
Records jb2_matched_symbol_with_refinement_add_to_image_and_library:	id: 179	x: 265	y: 2326	
Records jb2_matched_symbol_with_refinement_add_to_image_and_library:	id: 180	x: 293	y: 2323	
Records jb2_matched_symbol_with_refinement_add_to_image_and_library:	id: 181	x: 316	y: 2325	
Records jb2_new_symbol_add_to_image_and_library:	id: 182	x: 344	y: 2329	
Records jb2_matched_symbol_with_refinement_add_to_image_and_library:	id: 183	x: 370	y: 2335	
Records jb2_new_symbol_add_to_image_and_library:	id: 184	x: 377	y: 2336	
Records jb2_new_symbol_add_to_image_and_library:	id: 185	x: 404	y: 2325	
Records jb2_matched_symbol_with_refinement_add_to_image_and_library:	id: 186	x: 461	y: 2322	
Records jb2_matched_symbol_with_refinement_add_to_image_and_library:	id: 187	x: 461	y: 2304	
Records jb2_matched_symbol_with_refinement_add_to_image_and_library:	id: 188	x: 473	y: 2325	
Records jb2_matched_symbol_with_refinement_add_to_image_and_library:	id: 189	x: 503	y: 2324	
Records jb2_matched_symbol_with_refinement_add_to_image_and_library:	id: 190	x: 510	y: 2336	
Records jb2_new_symbol_add_to_image_and_library:	id: 191	x: 516	y: 2327	
Records jb2_matched_symbol_with_refinement_add_to_image_and_library:	id: 192	x: 553	y: 2338	
Records jb2_matched_symbol_with_refinement_add_to_image_and_library:	id: 193	x: 566	y: 2328	
Records jb2_new_symbol_add_to_image_and_library:	id: 194	x: 574	y: 2338	
Records jb2_matched_symbol_with_refinement_add_to_image_and_library:	id: 195	x: 581	y: 2329	
Records jb2_matched_symbol_with_refinement_add_to_image_and_library:	id: 196	x: 602	y: 2321	
Records jb2_new_symbol_add_to_image_and_library:	id: 197	x: 609	y: 2332	
Records jb2_new_symbol_add_to_image_and_library:	id: 198	x: 612	y: 2317	
Records jb2_new_symbol_add_to_image_and_library:	id: 199	x: 640	y: 2309	
Records jb2_new_symbol_add_to_image_and_library:	id: 200	x: 651	y: 2339	
Records jb2_matched_symbol_with_refinement_add_to_image_and_library:	id: 201	x: 681	y: 2311	
Records jb2_matched_symbol_with_refinement_add_to_image_and_library:	id: 202	x: 693	y: 2329	
Records jb2_matched_symbol_with_refinement_add_to_image_and_library:	id: 203	x: 716	y: 2309	
Records jb2_matched_symbol_with_refinement_add_to_image_and_library:	id: 204	x: 730	y: 2333	
Records jb2_matched_symbol_with_refinement_add_to_image_and_library:	id: 205	x: 759	y: 2310	
Records jb2_matched_symbol_with_refinement_add_to_image_and_library:	id: 206	x: 773	y: 2335	
Records jb2_new_symbol_add_to_image_and_library:	id: 207	x: 782	y: 2341	
Records jb2_matched_symbol_with_refinement_add_to_image_and_library:	id: 208	x: 784	y: 2310	
Records jb2_new_symbol_add_to_image_and_library:	id: 209	x: 797	y: 2329	
Records jb2_matched_symbol_copy_to_image_without_refinement:	id: 45	x: 825	y: 2318	
Records jb2_new_symbol_add_to_image_and_library:	id: 210	x: 836	y: 2330	
Records jb2_matched_symbol_with_refinement_add_to_image_and_library:	id: 211	x: 885	y: 2329	
Records jb2_matched_symbol_with_refinement_add_to_image_and_library:	id: 212	x: 934	y: 2337	
Records jb2_new_symbol_add_to_image_and_library:	id: 213	x: 948	y: 2325	
Records jb2_new_symbol_add_to_image_and_library:	id: 214	x: 960	y: 2327	
Records jb2_matched_symbol_with_refinement_add_to_image_and_library:	id: 215	x: 221	y: 2268	
Records jb2_matched_symbol_with_refinement_add_to_image_and_library:	id: 216	x: 274	y: 2268	
Records jb2_new_symbol_add_to_image_and_library:	id: 217	x: 303	y: 2277	
Records jb2_matched_symbol_with_refinement_add_to_image_and_library:	id: 218	x: 310	y: 2276	
Records jb2_matched_symbol_with_refinement_add_to_image_and_library:	id: 219	x: 389	y: 2266	
Records jb2_matched_symbol_with_refinement_add_to_image_and_library:	id: 220	x: 225	y: 2204	
Records jb2_new_symbol_add_to_image_and_library:	id: 221	x: 497	y: 2225	
Records jb2_matched_symbol_with_refinement_add_to_image_and_library:	id: 222	x: 545	y: 2211	
Records jb2_matched_symbol_with_refinement_add_to_image_and_library:	id: 223	x: 558	y: 2213	
Records jb2_new_symbol_add_to_image_and_library:	id: 224	x: 571	y: 2223	
Records jb2_matched_symbol_with_refinement_add_to_image_and_library:	id: 225	x: 605	y: 2211	
Records jb2_matched_symbol_with_refinement_add_to_image_and_library:	id: 226	x: 619	y: 2212	
Records jb2_matched_symbol_with_refinement_add_to_image_and_library:	id: 227	x: 633	y: 2208	
Records jb2_matched_symbol_with_refinement_add_to_image_and_library:	id: 228	x: 643	y: 2210	
Records jb2_new_symbol_add_to_image_and_library:	id: 229	x: 797	y: 2224	
Records jb2_new_symbol_add_to_image_and_library:	id: 230	x: 221	y: 2149	
Records jb2_new_symbol_add_to_image_and_library:	id: 231	x: 497	y: 2166	
Records jb2_matched_symbol_with_refinement_add_to_image_and_library:	id: 232	x: 545	y: 2153	
Records jb2_matched_symbol_with_refinement_add_to_image_and_library:	id: 233	x: 564	y: 2152	
Records jb2_matched_symbol_with_refinement_add_to_image_and_library:	id: 234	x: 593	y: 2152	
Records jb2_matched_symbol_with_refinement_add_to_image_and_library:	id: 235	x: 611	y: 2164	
Records jb2_matched_symbol_with_refinement_add_to_image_and_library:	id: 236	x: 624	y: 2152	
Records jb2_matched_symbol_with_refinement_add_to_image_and_library:	id: 237	x: 650	y: 2152	
Records jb2_matched_symbol_with_refinement_add_to_image_and_library:	id: 238	x: 800	y: 2151	
Records jb2_matched_symbol_with_refinement_add_to_image_and_library:	id: 239	x: 826	y: 2152	
Records jb2_matched_symbol_with_refinement_add_to_image_and_library:	id: 240	x: 1343	y: 2155	
Records jb2_new_symbol_add_to_image_and_library:	id: 241	x: 1346	y: 2165	
Records jb2_new_symbol_add_to_image_and_library:	id: 242	x: 214	y: 2090	
Records jb2_matched_symbol_with_refinement_add_to_image_and_library:	id: 243	x: 492	y: 2108	
Records jb2_new_symbol_add_to_image_and_library:	id: 244	x: 543	y: 2096	
Records jb2_new_symbol_add_to_image_and_library:	id: 245	x: 590	y: 2097	
Records jb2_matched_symbol_with_refinement_add_to_image_and_library:	id: 246	x: 659	y: 2091	
Records jb2_matched_symbol_with_refinement_add_to_image_and_library:	id: 247	x: 671	y: 2093	
Records jb2_matched_symbol_with_refinement_add_to_image_and_library:	id: 248	x: 791	y: 2093	
Records jb2_matched_symbol_with_refinement_add_to_image_and_library:	id: 249	x: 814	y: 2099	
Records jb2_new_symbol_add_to_image_and_library:	id: 250	x: 217	y: 2035	
Records jb2_matched_symbol_with_refinement_add_to_image_and_library:	id: 251	x: 492	y: 2048	
Records jb2_matched_symbol_with_refinement_add_to_image_and_library:	id: 252	x: 542	y: 2046	
Records jb2_matched_symbol_with_refinement_add_to_image_and_library:	id: 253	x: 555	y: 2035	
Records jb2_new_symbol_add_to_image_and_library:	id: 254	x: 565	y: 2044	
Records jb2_matched_symbol_with_refinement_add_to_image_and_library:	id: 255	x: 569	y: 2035	
Records jb2_matched_symbol_with_refinement_add_to_image_and_library:	id: 256	x: 581	y: 2035	
Records jb2_matched_symbol_with_refinement_add_to_image_and_library:	id: 257	x: 597	y: 2034	
Records jb2_matched_symbol_with_refinement_add_to_image_and_library:	id: 258	x: 604	y: 2044	
Records jb2_new_symbol_add_to_image_and_library:	id: 259	x: 610	y: 2040	
Records jb2_new_symbol_add_to_image_and_library:	id: 260	x: 622	y: 2048	
Records jb2_matched_symbol_with_refinement_add_to_image_and_library:	id: 261	x: 643	y: 2032	
Records jb2_new_symbol_add_to_image_and_library:	id: 262	x: 654	y: 2033	
Records jb2_matched_symbol_with_refinement_add_to_image_and_library:	id: 263	x: 666	y: 2046	
Records jb2_matched_symbol_with_refinement_add_to_image_and_library:	id: 264	x: 796	y: 2033	
Records jb2_matched_symbol_with_refinement_add_to_image_and_library:	id: 265	x: 820	y: 2047	
Records jb2_new_symbol_add_to_image_and_library:	id: 266	x: 219	y: 1980	
Records jb2_new_symbol_add_to_image_and_library:	id: 267	x: 487	y: 1990	
Records jb2_matched_symbol_with_refinement_add_to_image_and_library:	id: 268	x: 564	y: 1988	
Records jb2_matched_symbol_with_refinement_add_to_image_and_library:	id: 269	x: 577	y: 1977	
Records jb2_new_symbol_add_to_image_and_library:	id: 270	x: 602	y: 1975	
Records jb2_new_symbol_add_to_image_and_library:	id: 271	x: 633	y: 1977	
Records jb2_matched_symbol_with_refinement_add_to_image_and_library:	id: 272	x: 695	y: 1987	
Records jb2_matched_symbol_with_refinement_add_to_image_and_library:	id: 273	x: 709	y: 1979	
Records jb2_matched_symbol_with_refinement_add_to_image_and_library:	id: 274	x: 794	y: 1978	
Records jb2_new_symbol_add_to_image_and_library:	id: 275	x: 818	y: 1980	
Records jb2_matched_symbol_with_refinement_add_to_image_and_library:	id: 276	x: 217	y: 1875	
Records jb2_new_symbol_add_to_image_and_library:	id: 277	x: 287	y: 1875	
Records jb2_new_symbol_add_to_image_and_library:	id: 278	x: 298	y: 1863	
Records jb2_matched_symbol_with_refinement_add_to_image_and_library:	id: 279	x: 333	y: 1862	
Records jb2_matched_symbol_with_refinement_add_to_image_and_library:	id: 280	x: 339	y: 1874	
Records jb2_matched_symbol_with_refinement_add_to_image_and_library:	id: 281	x: 346	y: 1862	
Records jb2_matched_symbol_with_refinement_add_to_image_and_library:	id: 282	x: 388	y: 1863	
Records jb2_new_symbol_add_to_image_and_library:	id: 283	x: 395	y: 1874	
Records jb2_matched_symbol_with_refinement_add_to_image_and_library:	id: 284	x: 412	y: 1860	
Records jb2_matched_symbol_with_refinement_add_to_image_and_library:	id: 285	x: 419	y: 1875	
Records jb2_matched_symbol_with_refinement_add_to_image_and_library:	id: 286	x: 426	y: 1865	
Records jb2_matched_symbol_with_refinement_add_to_image_and_library:	id: 287	x: 443	y: 1863	
Records jb2_matched_symbol_with_refinement_add_to_image_and_library:	id: 288	x: 488	y: 1873	
Records jb2_matched_symbol_with_refinement_add_to_image_and_library:	id: 289	x: 501	y: 1854	
Records jb2_new_symbol_add_to_image_and_library:	id: 290	x: 508	y: 1873	
Records jb2_matched_symbol_with_refinement_add_to_image_and_library:	id: 291	x: 547	y: 1862	
Records jb2_matched_symbol_with_refinement_add_to_image_and_library:	id: 292	x: 597	y: 1874	
Records jb2_matched_symbol_with_refinement_add_to_image_and_library:	id: 293	x: 642	y: 1842	
Records jb2_matched_symbol_with_refinement_add_to_image_and_library:	id: 294	x: 654	y: 1873	
Records jb2_matched_symbol_with_refinement_add_to_image_and_library:	id: 295	x: 668	y: 1861	
Records jb2_matched_symbol_with_refinement_add_to_image_and_library:	id: 296	x: 677	y: 1872	
Records jb2_matched_symbol_with_refinement_add_to_image_and_library:	id: 297	x: 682	y: 1862	
Records jb2_matched_symbol_with_refinement_add_to_image_and_library:	id: 298	x: 736	y: 1862	
Records jb2_new_symbol_add_to_image_and_library:	id: 299	x: 743	y: 1874	
Records jb2_new_symbol_add_to_image_and_library:	id: 300	x: 750	y: 1875	
Records jb2_matched_symbol_with_refinement_add_to_image_and_library:	id: 301	x: 776	y: 1863	
Records jb2_matched_symbol_with_refinement_add_to_image_and_library:	id: 302	x: 795	y: 1862	
Records jb2_matched_symbol_with_refinement_add_to_image_and_library:	id: 303	x: 819	y: 1867	
Records jb2_matched_symbol_with_refinement_add_to_image_and_library:	id: 304	x: 838	y: 1876	
Records jb2_matched_symbol_with_refinement_add_to_image_and_library:	id: 305	x: 873	y: 1877	
Records jb2_matched_symbol_with_refinement_add_to_image_and_library:	id: 306	x: 885	y: 1865	
Records jb2_matched_symbol_with_refinement_add_to_image_and_library:	id: 307	x: 905	y: 1864	
Records jb2_matched_symbol_with_refinement_add_to_image_and_library:	id: 308	x: 929	y: 1877	
Records jb2_matched_symbol_with_refinement_add_to_image_and_library:	id: 309	x: 942	y: 1865	
Records jb2_matched_symbol_with_refinement_add_to_image_and_library:	id: 310	x: 214	y: 1813	
Records jb2_matched_symbol_with_refinement_add_to_image_and_library:	id: 311	x: 229	y: 1803	
Records jb2_matched_symbol_with_refinement_add_to_image_and_library:	id: 312	x: 255	y: 1804	
Records jb2_matched_symbol_with_refinement_add_to_image_and_library:	id: 313	x: 287	y: 1804	
Records jb2_matched_symbol_with_refinement_add_to_image_and_library:	id: 314	x: 320	y: 1804	
Records jb2_matched_symbol_with_refinement_add_to_image_and_library:	id: 315	x: 346	y: 1806	
Records jb2_matched_symbol_with_refinement_add_to_image_and_library:	id: 316	x: 376	y: 1805	
Records jb2_new_symbol_add_to_image_and_library:	id: 317	x: 384	y: 1815	
Records jb2_matched_symbol_with_refinement_add_to_image_and_library:	id: 318	x: 394	y: 1803	
Records jb2_matched_symbol_with_refinement_add_to_image_and_library:	id: 319	x: 415	y: 1806	
Records jb2_matched_symbol_with_refinement_add_to_image_and_library:	id: 320	x: 431	y: 1802	
Records jb2_matched_symbol_with_refinement_add_to_image_and_library:	id: 321	x: 462	y: 1806	
Records jb2_matched_symbol_with_refinement_add_to_image_and_library:	id: 322	x: 483	y: 1805	
Records jb2_matched_symbol_with_refinement_add_to_image_and_library:	id: 323	x: 508	y: 1815	
Records jb2_new_symbol_add_to_image_and_library:	id: 324	x: 522	y: 1803	
Records jb2_new_symbol_add_to_image_and_library:	id: 325	x: 529	y: 1814	
Records jb2_matched_symbol_with_refinement_add_to_image_and_library:	id: 326	x: 562	y: 1803	
Records jb2_matched_symbol_with_refinement_add_to_image_and_library:	id: 327	x: 587	y: 1804	
Records jb2_matched_symbol_with_refinement_add_to_image_and_library:	id: 328	x: 603	y: 1801	
Records jb2_matched_symbol_with_refinement_add_to_image_and_library:	id: 329	x: 634	y: 1803	
Records jb2_matched_symbol_with_refinement_add_to_image_and_library:	id: 330	x: 653	y: 1800	
Records jb2_new_symbol_add_to_image_and_library:	id: 331	x: 661	y: 1815	
Records jb2_matched_symbol_with_refinement_add_to_image_and_library:	id: 332	x: 681	y: 1812	
Records jb2_matched_symbol_with_refinement_add_to_image_and_library:	id: 333	x: 693	y: 1802	
Records jb2_matched_symbol_with_refinement_add_to_image_and_library:	id: 334	x: 702	y: 1812	
Records jb2_matched_symbol_with_refinement_add_to_image_and_library:	id: 335	x: 708	y: 1813	
Records jb2_matched_symbol_with_refinement_add_to_image_and_library:	id: 336	x: 720	y: 1815	
Records jb2_matched_symbol_with_refinement_add_to_image_and_library:	id: 337	x: 734	y: 1802	
Records jb2_matched_symbol_with_refinement_add_to_image_and_library:	id: 338	x: 757	y: 1812	
Records jb2_matched_symbol_with_refinement_add_to_image_and_library:	id: 339	x: 787	y: 1804	
Records jb2_new_symbol_add_to_image_and_library:	id: 340	x: 795	y: 1815	
Records jb2_new_symbol_add_to_image_and_library:	id: 341	x: 800	y: 1805	
Records jb2_new_symbol_add_to_image_and_library:	id: 342	x: 844	y: 1805	
Records jb2_new_symbol_add_to_image_and_library:	id: 343	x: 846	y: 1818	
Records jb2_matched_symbol_with_refinement_add_to_image_and_library:	id: 344	x: 872	y: 1807	
Records jb2_matched_symbol_with_refinement_add_to_image_and_library:	id: 345	x: 922	y: 1806	
Records jb2_new_symbol_add_to_image_and_library:	id: 346	x: 948	y: 1806	
Records jb2_matched_symbol_with_refinement_add_to_image_and_library:	id: 347	x: 214	y: 1742	
Records jb2_matched_symbol_with_refinement_add_to_image_and_library:	id: 348	x: 238	y: 1755	
Records jb2_matched_symbol_with_refinement_add_to_image_and_library:	id: 349	x: 250	y: 1743	
Records jb2_new_symbol_add_to_image_and_library:	id: 350	x: 266	y: 1743	
Records jb2_matched_symbol_with_refinement_add_to_image_and_library:	id: 351	x: 271	y: 1757	
Records jb2_new_symbol_add_to_image_and_library:	id: 352	x: 277	y: 1744	
Records jb2_matched_symbol_with_refinement_add_to_image_and_library:	id: 353	x: 314	y: 1746	
Records jb2_matched_symbol_with_refinement_add_to_image_and_library:	id: 354	x: 343	y: 1746	
Records jb2_matched_symbol_with_refinement_add_to_image_and_library:	id: 355	x: 369	y: 1746	
Records jb2_new_symbol_add_to_image_and_library:	id: 356	x: 377	y: 1756	
Records jb2_matched_symbol_with_refinement_add_to_image_and_library:	id: 357	x: 384	y: 1746	
Records jb2_matched_symbol_with_refinement_add_to_image_and_library:	id: 358	x: 395	y: 1746	
Records jb2_matched_symbol_with_refinement_add_to_image_and_library:	id: 359	x: 409	y: 1746	
Records jb2_matched_symbol_with_refinement_add_to_image_and_library:	id: 360	x: 462	y: 1745	
Records jb2_matched_symbol_with_refinement_add_to_image_and_library:	id: 361	x: 494	y: 1755	
Records jb2_matched_symbol_with_refinement_add_to_image_and_library:	id: 362	x: 507	y: 1743	
Records jb2_matched_symbol_with_refinement_add_to_image_and_library:	id: 363	x: 537	y: 1743	
Records jb2_matched_symbol_with_refinement_add_to_image_and_library:	id: 364	x: 565	y: 1742	
Records jb2_matched_symbol_with_refinement_add_to_image_and_library:	id: 365	x: 590	y: 1746	
Records jb2_new_symbol_add_to_image_and_library:	id: 366	x: 618	y: 1754	
Records jb2_matched_symbol_with_refinement_add_to_image_and_library:	id: 367	x: 643	y: 1756	
Records jb2_matched_symbol_with_refinement_add_to_image_and_library:	id: 368	x: 659	y: 1742	
Records jb2_matched_symbol_with_refinement_add_to_image_and_library:	id: 369	x: 676	y: 1743	
Records jb2_matched_symbol_with_refinement_add_to_image_and_library:	id: 370	x: 746	y: 1754	
Records jb2_new_symbol_add_to_image_and_library:	id: 371	x: 758	y: 1744	
Records jb2_matched_symbol_with_refinement_add_to_image_and_library:	id: 372	x: 806	y: 1746	
Records jb2_matched_symbol_with_refinement_add_to_image_and_library:	id: 373	x: 834	y: 1746	
Records jb2_matched_symbol_with_refinement_add_to_image_and_library:	id: 374	x: 853	y: 1747	
Records jb2_matched_symbol_with_refinement_add_to_image_and_library:	id: 375	x: 881	y: 1750	
Records jb2_matched_symbol_with_refinement_add_to_image_and_library:	id: 376	x: 908	y: 1758	
Records jb2_new_symbol_add_to_image_and_library:	id: 377	x: 913	y: 1758	
Records jb2_matched_symbol_with_refinement_add_to_image_and_library:	id: 378	x: 923	y: 1745	
Records jb2_new_symbol_add_to_image_and_library:	id: 379	x: 941	y: 1756	
Records jb2_matched_symbol_with_refinement_add_to_image_and_library:	id: 380	x: 215	y: 1687	
Records jb2_matched_symbol_with_refinement_add_to_image_and_library:	id: 381	x: 244	y: 1686	
Records jb2_matched_symbol_with_refinement_add_to_image_and_library:	id: 382	x: 252	y: 1696	
Records jb2_matched_symbol_with_refinement_add_to_image_and_library:	id: 383	x: 257	y: 1687	
Records jb2_new_symbol_add_to_image_and_library:	id: 384	x: 295	y: 1703	
Records jb2_matched_symbol_with_refinement_add_to_image_and_library:	id: 385	x: 307	y: 1688	
Records jb2_matched_symbol_with_refinement_add_to_image_and_library:	id: 386	x: 316	y: 1698	
Records jb2_matched_symbol_with_refinement_add_to_image_and_library:	id: 387	x: 320	y: 1688	
Records jb2_new_symbol_add_to_image_and_library:	id: 388	x: 340	y: 1690	
Records jb2_matched_symbol_with_refinement_add_to_image_and_library:	id: 389	x: 379	y: 1667	
Records jb2_matched_symbol_with_refinement_add_to_image_and_library:	id: 390	x: 390	y: 1697	
Records jb2_matched_symbol_with_refinement_add_to_image_and_library:	id: 391	x: 402	y: 1667	
Records jb2_matched_symbol_with_refinement_add_to_image_and_library:	id: 392	x: 415	y: 1686	
Records jb2_new_symbol_add_to_image_and_library:	id: 393	x: 428	y: 1686	
Records jb2_matched_symbol_with_refinement_add_to_image_and_library:	id: 394	x: 456	y: 1665	
Records jb2_matched_symbol_with_refinement_add_to_image_and_library:	id: 395	x: 470	y: 1685	
Records jb2_matched_symbol_with_refinement_add_to_image_and_library:	id: 396	x: 482	y: 1685	
Records jb2_matched_symbol_with_refinement_add_to_image_and_library:	id: 397	x: 497	y: 1666	
Records jb2_matched_symbol_with_refinement_add_to_image_and_library:	id: 398	x: 509	y: 1687	
Records jb2_matched_symbol_with_refinement_add_to_image_and_library:	id: 399	x: 541	y: 1663	
Records jb2_matched_symbol_with_refinement_add_to_image_and_library:	id: 400	x: 554	y: 1685	
Records jb2_matched_symbol_with_refinement_add_to_image_and_library:	id: 401	x: 583	y: 1664	
Records jb2_matched_symbol_with_refinement_add_to_image_and_library:	id: 402	x: 602	y: 1697	
Records jb2_matched_symbol_with_refinement_add_to_image_and_library:	id: 403	x: 649	y: 1684	
Records jb2_matched_symbol_with_refinement_add_to_image_and_library:	id: 404	x: 657	y: 1695	
Records jb2_matched_symbol_with_refinement_add_to_image_and_library:	id: 405	x: 663	y: 1683	
Records jb2_matched_symbol_with_refinement_add_to_image_and_library:	id: 406	x: 705	y: 1682	
Records jb2_matched_symbol_with_refinement_add_to_image_and_library:	id: 407	x: 712	y: 1693	
Records jb2_matched_symbol_with_refinement_add_to_image_and_library:	id: 408	x: 719	y: 1696	
Records jb2_matched_symbol_with_refinement_add_to_image_and_library:	id: 409	x: 731	y: 1684	
Records jb2_matched_symbol_with_refinement_add_to_image_and_library:	id: 410	x: 738	y: 1695	
Records jb2_matched_symbol_with_refinement_add_to_image_and_library:	id: 411	x: 744	y: 1687	
Records jb2_matched_symbol_with_refinement_add_to_image_and_library:	id: 412	x: 760	y: 1685	
Records jb2_matched_symbol_with_refinement_add_to_image_and_library:	id: 413	x: 813	y: 1688	
Records jb2_matched_symbol_with_refinement_add_to_image_and_library:	id: 414	x: 859	y: 1689	
Records jb2_matched_symbol_with_refinement_add_to_image_and_library:	id: 415	x: 892	y: 1699	
Records jb2_matched_symbol_with_refinement_add_to_image_and_library:	id: 416	x: 906	y: 1688	
Records jb2_new_symbol_add_to_image_and_library:	id: 417	x: 915	y: 1698	
Records jb2_matched_symbol_with_refinement_add_to_image_and_library:	id: 418	x: 919	y: 1692	
Records jb2_matched_symbol_with_refinement_add_to_image_and_library:	id: 419	x: 212	y: 1630	
Records jb2_matched_symbol_with_refinement_add_to_image_and_library:	id: 420	x: 244	y: 1629	
Records jb2_matched_symbol_with_refinement_add_to_image_and_library:	id: 421	x: 253	y: 1639	
Records jb2_matched_symbol_with_refinement_add_to_image_and_library:	id: 422	x: 259	y: 1629	
Records jb2_matched_symbol_with_refinement_add_to_image_and_library:	id: 423	x: 286	y: 1629	
Records jb2_matched_symbol_with_refinement_add_to_image_and_library:	id: 424	x: 323	y: 1641	
Records jb2_matched_symbol_with_refinement_add_to_image_and_library:	id: 425	x: 336	y: 1630	
Records jb2_matched_symbol_with_refinement_add_to_image_and_library:	id: 426	x: 364	y: 1611	
Records jb2_matched_symbol_with_refinement_add_to_image_and_library:	id: 427	x: 378	y: 1640	
Records jb2_new_symbol_add_to_image_and_library:	id: 428	x: 421	y: 1638	
Records jb2_new_symbol_add_to_image_and_library:	id: 429	x: 442	y: 1640	
Records jb2_new_symbol_add_to_image_and_library:	id: 430	x: 456	y: 1619	
Records jb2_matched_symbol_with_refinement_add_to_image_and_library:	id: 431	x: 477	y: 1626	
Records jb2_matched_symbol_with_refinement_add_to_image_and_library:	id: 432	x: 508	y: 1627	
Records jb2_matched_symbol_with_refinement_add_to_image_and_library:	id: 433	x: 526	y: 1625	
Records jb2_new_symbol_add_to_image_and_library:	id: 434	x: 555	y: 1626	
Records jb2_matched_symbol_with_refinement_add_to_image_and_library:	id: 435	x: 601	y: 1627	
Records jb2_matched_symbol_with_refinement_add_to_image_and_library:	id: 436	x: 610	y: 1637	
Records jb2_matched_symbol_with_refinement_add_to_image_and_library:	id: 437	x: 615	y: 1624	
Records jb2_matched_symbol_with_refinement_add_to_image_and_library:	id: 438	x: 627	y: 1624	
Records jb2_matched_symbol_with_refinement_add_to_image_and_library:	id: 439	x: 651	y: 1636	
Records jb2_new_symbol_add_to_image_and_library:	id: 440	x: 663	y: 1625	
Records jb2_matched_symbol_with_refinement_add_to_image_and_library:	id: 441	x: 684	y: 1622	
Records jb2_matched_symbol_with_refinement_add_to_image_and_library:	id: 442	x: 706	y: 1625	
Records jb2_matched_symbol_with_refinement_add_to_image_and_library:	id: 443	x: 732	y: 1623	
Records jb2_new_symbol_add_to_image_and_library:	id: 444	x: 755	y: 1628	
Records jb2_matched_symbol_with_refinement_add_to_image_and_library:	id: 445	x: 791	y: 1628	
Records jb2_matched_symbol_with_refinement_add_to_image_and_library:	id: 446	x: 815	y: 1640	
Records jb2_matched_symbol_with_refinement_add_to_image_and_library:	id: 447	x: 827	y: 1629	
Records jb2_matched_symbol_with_refinement_add_to_image_and_library:	id: 448	x: 849	y: 1611	
Records jb2_new_symbol_add_to_image_and_library:	id: 449	x: 869	y: 1641	
Records jb2_matched_symbol_with_refinement_add_to_image_and_library:	id: 450	x: 880	y: 1641	
Records jb2_matched_symbol_with_refinement_add_to_image_and_library:	id: 451	x: 901	y: 1629	
Records jb2_new_symbol_add_to_image_and_library:	id: 452	x: 932	y: 1642	
Records jb2_new_symbol_add_to_image_and_library:	id: 453	x: 213	y: 1575	
Records jb2_new_symbol_add_to_image_and_library:	id: 454	x: 275	y: 1587	
Records jb2_matched_symbol_with_refinement_add_to_image_and_library:	id: 455	x: 314	y: 1573	
Records jb2_matched_symbol_with_refinement_add_to_image_and_library:	id: 456	x: 341	y: 1572	
Records jb2_new_symbol_add_to_image_and_library:	id: 457	x: 348	y: 1584	
Records jb2_matched_symbol_with_refinement_add_to_image_and_library:	id: 458	x: 376	y: 1566	
Records jb2_matched_symbol_with_refinement_add_to_image_and_library:	id: 459	x: 384	y: 1571	
Records jb2_matched_symbol_with_refinement_add_to_image_and_library:	id: 460	x: 396	y: 1579	
Records jb2_matched_symbol_with_refinement_add_to_image_and_library:	id: 461	x: 407	y: 1583	
Records jb2_matched_symbol_with_refinement_add_to_image_and_library:	id: 462	x: 428	y: 1551	
Records jb2_matched_symbol_with_refinement_add_to_image_and_library:	id: 463	x: 442	y: 1581	
Records jb2_matched_symbol_with_refinement_add_to_image_and_library:	id: 464	x: 488	y: 1568	
Records jb2_matched_symbol_with_refinement_add_to_image_and_library:	id: 465	x: 496	y: 1578	
Records jb2_matched_symbol_with_refinement_add_to_image_and_library:	id: 466	x: 503	y: 1568	
Records jb2_new_symbol_add_to_image_and_library:	id: 467	x: 545	y: 1580	
Records jb2_matched_symbol_with_refinement_add_to_image_and_library:	id: 468	x: 551	y: 1577	
Records jb2_matched_symbol_with_refinement_add_to_image_and_library:	id: 469	x: 571	y: 1568	
Records jb2_matched_symbol_with_refinement_add_to_image_and_library:	id: 470	x: 580	y: 1579	
Records jb2_matched_symbol_with_refinement_add_to_image_and_library:	id: 471	x: 586	y: 1568	
Records jb2_matched_symbol_with_refinement_add_to_image_and_library:	id: 472	x: 602	y: 1568	
Records jb2_matched_symbol_with_refinement_add_to_image_and_library:	id: 473	x: 648	y: 1565	
Records jb2_matched_symbol_with_refinement_add_to_image_and_library:	id: 474	x: 668	y: 1567	
Records jb2_new_symbol_add_to_image_and_library:	id: 475	x: 692	y: 1579	
Records jb2_matched_symbol_with_refinement_add_to_image_and_library:	id: 476	x: 730	y: 1565	
Records jb2_matched_symbol_with_refinement_add_to_image_and_library:	id: 477	x: 760	y: 1570	
Records jb2_matched_symbol_with_refinement_add_to_image_and_library:	id: 478	x: 789	y: 1570	
Records jb2_matched_symbol_with_refinement_add_to_image_and_library:	id: 479	x: 796	y: 1581	
Records jb2_matched_symbol_with_refinement_add_to_image_and_library:	id: 480	x: 803	y: 1570	
Records jb2_matched_symbol_with_refinement_add_to_image_and_library:	id: 481	x: 835	y: 1573	
Records jb2_matched_symbol_with_refinement_add_to_image_and_library:	id: 482	x: 856	y: 1573	
Records jb2_matched_symbol_with_refinement_add_to_image_and_library:	id: 483	x: 885	y: 1573	
Records jb2_matched_symbol_with_refinement_add_to_image_and_library:	id: 484	x: 892	y: 1583	
Records jb2_new_symbol_add_to_image_and_library:	id: 485	x: 898	y: 1574	
Records jb2_matched_symbol_with_refinement_add_to_image_and_library:	id: 486	x: 955	y: 1585	
Records jb2_matched_symbol_with_refinement_add_to_image_and_library:	id: 487	x: 210	y: 1518	
Records jb2_matched_symbol_with_refinement_add_to_image_and_library:	id: 488	x: 243	y: 1513	
Records jb2_matched_symbol_with_refinement_add_to_image_and_library:	id: 489	x: 252	y: 1525	
Records jb2_matched_symbol_with_refinement_add_to_image_and_library:	id: 490	x: 258	y: 1517	
Records jb2_matched_symbol_with_refinement_add_to_image_and_library:	id: 491	x: 283	y: 1516	
Records jb2_matched_symbol_with_refinement_add_to_image_and_library:	id: 492	x: 332	y: 1515	
Records jb2_matched_symbol_with_refinement_add_to_image_and_library:	id: 493	x: 380	y: 1513	
Records jb2_matched_symbol_with_refinement_add_to_image_and_library:	id: 494	x: 400	y: 1493	
Records jb2_matched_symbol_with_refinement_add_to_image_and_library:	id: 495	x: 414	y: 1512	
Records jb2_matched_symbol_with_refinement_add_to_image_and_library:	id: 496	x: 421	y: 1525	
Records jb2_matched_symbol_with_refinement_add_to_image_and_library:	id: 497	x: 463	y: 1522	
Records jb2_matched_symbol_with_refinement_add_to_image_and_library:	id: 498	x: 475	y: 1510	
Records jb2_matched_symbol_with_refinement_add_to_image_and_library:	id: 499	x: 505	y: 1509	
Records jb2_matched_symbol_with_refinement_add_to_image_and_library:	id: 500	x: 533	y: 1508	
Records jb2_matched_symbol_with_refinement_add_to_image_and_library:	id: 501	x: 562	y: 1488	
Records jb2_matched_symbol_with_refinement_add_to_image_and_library:	id: 502	x: 775	y: 1522	
Records jb2_matched_symbol_with_refinement_add_to_image_and_library:	id: 503	x: 819	y: 1524	
Records jb2_matched_symbol_with_refinement_add_to_image_and_library:	id: 504	x: 865	y: 1515	
Records jb2_new_symbol_add_to_image_and_library:	id: 505	x: 883	y: 1515	
Records jb2_matched_symbol_with_refinement_add_to_image_and_library:	id: 506	x: 931	y: 1525	
Records jb2_matched_symbol_with_refinement_add_to_image_and_library:	id: 507	x: 936	y: 1515	
Records jb2_matched_symbol_with_refinement_add_to_image_and_library:	id: 508	x: 940	y: 1528	
Records jb2_matched_symbol_with_refinement_add_to_image_and_library:	id: 509	x: 972	y: 1524	
Records jb2_matched_symbol_with_refinement_add_to_image_and_library:	id: 510	x: 1017	y: 1491	
Records jb2_matched_symbol_with_refinement_add_to_image_and_library:	id: 511	x: 1032	y: 1524	
Records jb2_matched_symbol_with_refinement_add_to_image_and_library:	id: 512	x: 1045	y: 1511	
Records jb2_matched_symbol_with_refinement_add_to_image_and_library:	id: 513	x: 1057	y: 1514	
Records jb2_new_symbol_add_to_image_and_library:	id: 514	x: 1112	y: 1522	
Records jb2_matched_symbol_with_refinement_add_to_image_and_library:	id: 515	x: 1130	y: 1527	
Records jb2_matched_symbol_with_refinement_add_to_image_and_library:	id: 516	x: 1155	y: 1514	
Records jb2_matched_symbol_with_refinement_add_to_image_and_library:	id: 517	x: 1177	y: 1512	
Records jb2_matched_symbol_with_refinement_add_to_image_and_library:	id: 518	x: 1201	y: 1515	
Records jb2_matched_symbol_with_refinement_add_to_image_and_library:	id: 519	x: 1221	y: 1527	
Records jb2_new_symbol_add_to_image_and_library:	id: 520	x: 1255	y: 1527	
Records jb2_matched_symbol_with_refinement_add_to_image_and_library:	id: 521	x: 1294	y: 1514	
Records jb2_matched_symbol_with_refinement_add_to_image_and_library:	id: 522	x: 1322	y: 1513	
Records jb2_new_symbol_add_to_image_and_library:	id: 523	x: 1350	y: 1526	
Records jb2_matched_symbol_with_refinement_add_to_image_and_library:	id: 524	x: 1386	y: 1516	
Records jb2_matched_symbol_with_refinement_add_to_image_and_library:	id: 525	x: 1415	y: 1527	
Records jb2_matched_symbol_with_refinement_add_to_image_and_library:	id: 526	x: 1427	y: 1512	
Records jb2_new_symbol_add_to_image_and_library:	id: 527	x: 1451	y: 1513	
Records jb2_matched_symbol_with_refinement_add_to_image_and_library:	id: 528	x: 1479	y: 1524	
Records jb2_matched_symbol_with_refinement_add_to_image_and_library:	id: 529	x: 1496	y: 1512	
Records jb2_new_symbol_add_to_image_and_library:	id: 530	x: 1515	y: 1516	
Records jb2_matched_symbol_with_refinement_add_to_image_and_library:	id: 531	x: 1519	y: 1526	
Records jb2_new_symbol_add_to_image_and_library:	id: 532	x: 778	y: 1466	
Records jb2_matched_symbol_with_refinement_add_to_image_and_library:	id: 533	x: 792	y: 1453	
Records jb2_matched_symbol_with_refinement_add_to_image_and_library:	id: 534	x: 830	y: 1453	
Records jb2_matched_symbol_with_refinement_add_to_image_and_library:	id: 535	x: 836	y: 1467	
Records jb2_matched_symbol_with_refinement_add_to_image_and_library:	id: 536	x: 852	y: 1468	
Records jb2_matched_symbol_with_refinement_add_to_image_and_library:	id: 537	x: 882	y: 1455	
Records jb2_matched_symbol_with_refinement_add_to_image_and_library:	id: 538	x: 890	y: 1466	
Records jb2_matched_symbol_with_refinement_add_to_image_and_library:	id: 539	x: 895	y: 1457	
Records jb2_matched_symbol_with_refinement_add_to_image_and_library:	id: 540	x: 916	y: 1454	
Records jb2_matched_symbol_with_refinement_add_to_image_and_library:	id: 541	x: 940	y: 1458	
Records jb2_matched_symbol_with_refinement_add_to_image_and_library:	id: 542	x: 983	y: 1455	
Records jb2_matched_symbol_with_refinement_add_to_image_and_library:	id: 543	x: 1012	y: 1454	
Records jb2_matched_symbol_with_refinement_add_to_image_and_library:	id: 544	x: 1034	y: 1455	
Records jb2_matched_symbol_with_refinement_add_to_image_and_library:	id: 545	x: 1061	y: 1453	
Records jb2_matched_symbol_with_refinement_add_to_image_and_library:	id: 546	x: 1111	y: 1453	
Records jb2_matched_symbol_with_refinement_add_to_image_and_library:	id: 547	x: 1124	y: 1452	
Records jb2_matched_symbol_with_refinement_add_to_image_and_library:	id: 548	x: 1131	y: 1452	
Records jb2_matched_symbol_with_refinement_add_to_image_and_library:	id: 549	x: 1151	y: 1464	
Records jb2_matched_symbol_with_refinement_add_to_image_and_library:	id: 550	x: 1164	y: 1454	
Records jb2_matched_symbol_with_refinement_add_to_image_and_library:	id: 551	x: 1172	y: 1464	
Records jb2_matched_symbol_with_refinement_add_to_image_and_library:	id: 552	x: 1176	y: 1456	
Records jb2_matched_symbol_with_refinement_add_to_image_and_library:	id: 553	x: 1235	y: 1455	
Records jb2_matched_symbol_with_refinement_add_to_image_and_library:	id: 554	x: 1243	y: 1465	
Records jb2_matched_symbol_with_refinement_add_to_image_and_library:	id: 555	x: 1285	y: 1456	
Records jb2_matched_symbol_with_refinement_add_to_image_and_library:	id: 556	x: 1315	y: 1454	
Records jb2_matched_symbol_with_refinement_add_to_image_and_library:	id: 557	x: 1343	y: 1452	
Records jb2_matched_symbol_with_refinement_add_to_image_and_library:	id: 558	x: 1368	y: 1458	
Records jb2_matched_symbol_with_refinement_add_to_image_and_library:	id: 559	x: 1384	y: 1455	
Records jb2_matched_symbol_with_refinement_add_to_image_and_library:	id: 560	x: 1412	y: 1455	
Records jb2_matched_symbol_with_refinement_add_to_image_and_library:	id: 561	x: 1442	y: 1454	
Records jb2_new_symbol_add_to_image_and_library:	id: 562	x: 1463	y: 1453	
Records jb2_matched_symbol_with_refinement_add_to_image_and_library:	id: 563	x: 1499	y: 1464	
Records jb2_matched_symbol_with_refinement_add_to_image_and_library:	id: 564	x: 1513	y: 1454	
Records jb2_new_symbol_add_to_image_and_library:	id: 565	x: 1542	y: 1446	
Records jb2_matched_symbol_with_refinement_add_to_image_and_library:	id: 566	x: 1543	y: 1457	
Records jb2_matched_symbol_with_refinement_add_to_image_and_library:	id: 567	x: 776	y: 1394	
Records jb2_matched_symbol_with_refinement_add_to_image_and_library:	id: 568	x: 806	y: 1394	
Records jb2_matched_symbol_with_refinement_add_to_image_and_library:	id: 569	x: 830	y: 1398	
Records jb2_matched_symbol_with_refinement_add_to_image_and_library:	id: 570	x: 862	y: 1401	
Records jb2_matched_symbol_with_refinement_add_to_image_and_library:	id: 571	x: 878	y: 1396	
Records jb2_new_symbol_add_to_image_and_library:	id: 572	x: 886	y: 1404	
Records jb2_matched_symbol_with_refinement_add_to_image_and_library:	id: 573	x: 891	y: 1409	
Records jb2_matched_symbol_with_refinement_add_to_image_and_library:	id: 574	x: 902	y: 1395	
Records jb2_matched_symbol_with_refinement_add_to_image_and_library:	id: 575	x: 920	y: 1399	
Records jb2_matched_symbol_with_refinement_add_to_image_and_library:	id: 576	x: 948	y: 1395	
Records jb2_matched_symbol_with_refinement_add_to_image_and_library:	id: 577	x: 976	y: 1393	
Records jb2_matched_symbol_with_refinement_add_to_image_and_library:	id: 578	x: 977	y: 1375	
Records jb2_new_symbol_add_to_image_and_library:	id: 579	x: 988	y: 1396	
Records jb2_matched_symbol_with_refinement_add_to_image_and_library:	id: 580	x: 1025	y: 1407	
Records jb2_matched_symbol_with_refinement_add_to_image_and_library:	id: 581	x: 1033	y: 1401	
Records jb2_matched_symbol_with_refinement_add_to_image_and_library:	id: 582	x: 1062	y: 1394	
Records jb2_new_symbol_add_to_image_and_library:	id: 583	x: 1079	y: 1407	
Records jb2_new_symbol_add_to_image_and_library:	id: 584	x: 1096	y: 1395	
Records jb2_matched_symbol_with_refinement_add_to_image_and_library:	id: 585	x: 1103	y: 1406	
Records jb2_new_symbol_add_to_image_and_library:	id: 586	x: 1129	y: 1399	
Records jb2_matched_symbol_with_refinement_add_to_image_and_library:	id: 587	x: 1165	y: 1375	
Records jb2_matched_symbol_with_refinement_add_to_image_and_library:	id: 588	x: 1177	y: 1398	
Records jb2_matched_symbol_with_refinement_add_to_image_and_library:	id: 589	x: 1197	y: 1377	
Records jb2_matched_symbol_with_refinement_add_to_image_and_library:	id: 590	x: 1209	y: 1397	
Records jb2_matched_symbol_with_refinement_add_to_image_and_library:	id: 591	x: 1240	y: 1377	
Records jb2_matched_symbol_with_refinement_add_to_image_and_library:	id: 592	x: 1250	y: 1401	
Records jb2_new_symbol_add_to_image_and_library:	id: 593	x: 1281	y: 1397	
Records jb2_matched_symbol_with_refinement_add_to_image_and_library:	id: 594	x: 1300	y: 1378	
Records jb2_matched_symbol_with_refinement_add_to_image_and_library:	id: 595	x: 1323	y: 1399	
Records jb2_matched_symbol_with_refinement_add_to_image_and_library:	id: 596	x: 1368	y: 1408	
Records jb2_matched_symbol_with_refinement_add_to_image_and_library:	id: 597	x: 1401	y: 1396	
Records jb2_matched_symbol_with_refinement_add_to_image_and_library:	id: 598	x: 1431	y: 1396	
Records jb2_matched_symbol_with_refinement_add_to_image_and_library:	id: 599	x: 1460	y: 1396	
Records jb2_matched_symbol_with_refinement_add_to_image_and_library:	id: 600	x: 1481	y: 1397	
Records jb2_matched_symbol_with_refinement_add_to_image_and_library:	id: 601	x: 1510	y: 1399	
Records jb2_matched_symbol_with_refinement_add_to_image_and_library:	id: 602	x: 780	y: 1347	
Records jb2_matched_symbol_with_refinement_add_to_image_and_library:	id: 603	x: 795	y: 1334	
Records jb2_matched_symbol_with_refinement_add_to_image_and_library:	id: 604	x: 802	y: 1346	
Records jb2_matched_symbol_with_refinement_add_to_image_and_library:	id: 605	x: 808	y: 1339	
Records jb2_new_symbol_add_to_image_and_library:	id: 606	x: 862	y: 1342	
Records jb2_matched_symbol_with_refinement_add_to_image_and_library:	id: 607	x: 890	y: 1340	
Records jb2_matched_symbol_with_refinement_add_to_image_and_library:	id: 608	x: 898	y: 1350	
Records jb2_matched_symbol_with_refinement_add_to_image_and_library:	id: 609	x: 904	y: 1339	
Records jb2_matched_symbol_with_refinement_add_to_image_and_library:	id: 610	x: 930	y: 1337	
Records jb2_matched_symbol_with_refinement_add_to_image_and_library:	id: 611	x: 949	y: 1348	
Records jb2_matched_symbol_with_refinement_add_to_image_and_library:	id: 612	x: 982	y: 1337	
Records jb2_matched_symbol_with_refinement_add_to_image_and_library:	id: 613	x: 1011	y: 1319	
Records jb2_new_symbol_add_to_image_and_library:	id: 614	x: 1101	y: 1122	
Records jb2_new_symbol_add_to_image_and_library:	id: 615	x: 1121	y: 1108	
Records jb2_new_symbol_add_to_image_and_library:	id: 616	x: 777	y: 1099	
Records jb2_new_symbol_add_to_image_and_library:	id: 617	x: 1316	y: 971	
Records jb2_matched_symbol_with_refinement_add_to_image_and_library:	id: 618	x: 1320	y: 959	
Records jb2_matched_symbol_with_refinement_add_to_image_and_library:	id: 619	x: 496	y: 949	
Records jb2_new_symbol_add_to_image_and_library:	id: 620	x: 1341	y: 918	
Records jb2_matched_symbol_copy_to_image_without_refinement:	id: 63	x: 378	y: 907	
Records jb2_new_symbol_add_to_image_and_library:	id: 621	x: 377	y: 904	
Records jb2_matched_symbol_with_refinement_add_to_image_and_library:	id: 622	x: 1373	y: 821	
Records jb2_matched_symbol_with_refinement_add_to_image_and_library:	id: 623	x: 1115	y: 747	
Records jb2_new_symbol_add_to_image_and_library:	id: 624	x: 1406	y: 735	
Records jb2_new_symbol_add_to_image_and_library:	id: 625	x: 1419	y: 742	
Records jb2_new_symbol_add_to_image_and_library:	id: 626	x: 1319	y: 726	
Records jb2_new_symbol_add_to_image_and_library:	id: 627	x: 1079	y: 716	
Records jb2_new_symbol_add_to_image_and_library:	id: 628	x: 1148	y: 716	
Records jb2_new_symbol_add_to_image_and_library:	id: 629	x: 1180	y: 715	
Records jb2_new_symbol_add_to_image_and_library:	id: 630	x: 612	y: 649	
Records jb2_matched_symbol_with_refinement_add_to_image_and_library:	id: 631	x: 1388	y: 607	
Records jb2_matched_symbol_with_refinement_add_to_image_and_library:	id: 632	x: 1392	y: 610	
Records jb2_new_symbol_add_to_image_and_library:	id: 633	x: 1444	y: 589	
Records jb2_new_symbol_add_to_image_and_library:	id: 634	x: 213	y: 567	
Records jb2_new_symbol_add_to_image_and_library:	id: 635	x: 970	y: 218	
Records jb2_new_symbol_add_to_image_and_library:	id: 636	x: 984	y: 225	
Records jb2_new_symbol_add_to_image_and_library:	id: 637	x: 998	y: 232	
Records jb2_new_symbol_add_to_image_and_library:	id: 638	x: 1008	y: 235	
Records jb2_new_symbol_add_to_image_and_library:	id: 639	x: 1028	y: 233	
Records jb2_new_symbol_add_to_image_and_library:	id: 640	x: 1039	y: 226	
Records jb2_new_symbol_add_to_image_and_library:	id: 641	x: 1051	y: 214	
Records jb2_new_symbol_add_to_image_and_library:	id: 642	x: 958	y: 196	
Records jb2_new_symbol_add_to_image_and_library:	id: 643	x: 960	y: 173	
Records jb2_new_symbol_add_to_image_and_library:	id: 644	x: 964	y: 204	
Records jb2_new_symbol_add_to_image_and_library:	id: 645	x: 987	y: 184	
Records jb2_new_symbol_add_to_image_and_library:	id: 646	x: 1019	y: 185	
Records jb2_matched_symbol_with_refinement_add_to_image_and_library:	id: 647	x: 1062	y: 177	
Records jb2_new_symbol_add_to_image_and_library:	id: 648	x: 962	y: 152	
Records jb2_new_symbol_add_to_image_and_library:	id: 649	x: 972	y: 138	
Records jb2_new_symbol_add_to_image_and_library:	id: 650	x: 987	y: 132	
Records jb2_new_symbol_add_to_image_and_library:	id: 651	x: 1003	y: 127	
Records jb2_matched_symbol_with_refinement_add_to_image_and_library:	id: 652	x: 1019	y: 127	
Records jb2_matched_symbol_with_refinement_add_to_image_and_library:	id: 653	x: 1034	y: 132	
Records jb2_new_symbol_add_to_image_and_library:	id: 654	x: 1046	y: 147	
Records jb2_new_symbol_add_to_image_and_library:	id: 655	x: 1059	y: 153	
Records jb2_matched_symbol_with_refinement_add_to_image_and_library:	id: 656	x: 1259	y: 1	
Records jb2_matched_symbol_copy_to_image_without_refinement:	id: 0	x: 1793	y: 1	
Records jb2_new_symbol_add_to_image_and_library:	id: 657	x: 0	y: 4	
Records jb2_new_symbol_add_to_image_and_library:	id: 658	x: 300	y: 2	
Records jb2_new_symbol_add_to_image_and_library:	id: 659	x: 600	y: 1	
Records jb2_new_symbol_add_to_image_and_library:	id: 660	x: 900	y: 7	
Records jb2_new_symbol_add_to_image_and_library:	id: 661	x: 1200	y: 1	
Records jb2_new_symbol_add_to_image_and_library:	id: 662	x: 1790	y: 1	
Records jb2_new_symbol_add_to_image_and_library:	id: 663	x: 1800	y: 300	
Records jb2_new_symbol_add_to_image_and_library:	id: 664	x: 208	y: 600	
Records jb2_new_symbol_add_to_image_and_library:	id: 665	x: 486	y: 600	
Records jb2_new_symbol_add_to_image_and_library:	id: 666	x: 726	y: 600	
Records jb2_new_symbol_add_to_image_and_library:	id: 667	x: 914	y: 600	
Records jb2_new_symbol_add_to_image_and_library:	id: 668	x: 1200	y: 600	
Records jb2_new_symbol_add_to_image_and_library:	id: 669	x: 1969	y: 600	
Records jb2_new_symbol_add_to_image_and_library:	id: 670	x: 210	y: 900	
Records jb2_new_symbol_add_to_image_and_library:	id: 671	x: 300	y: 900	
Records jb2_new_symbol_add_to_image_and_library:	id: 672	x: 600	y: 900	
Records jb2_new_symbol_add_to_image_and_library:	id: 673	x: 915	y: 900	
Records jb2_new_symbol_add_to_image_and_library:	id: 674	x: 1200	y: 900	
Records jb2_new_symbol_add_to_image_and_library:	id: 675	x: 1969	y: 900	
Records jb2_new_symbol_add_to_image_and_library:	id: 676	x: 292	y: 927	
Records jb2_new_symbol_add_to_image_and_library:	id: 677	x: 300	y: 1200	
Records jb2_new_symbol_add_to_image_and_library:	id: 678	x: 600	y: 1200	
Records jb2_new_symbol_add_to_image_and_library:	id: 679	x: 981	y: 1200	
Records jb2_new_symbol_add_to_image_and_library:	id: 680	x: 1200	y: 1200	
Records jb2_new_symbol_add_to_image_and_library:	id: 681	x: 1970	y: 1200	
Records jb2_new_symbol_add_to_image_and_library:	id: 682	x: 398	y: 1441	
Records jb2_new_symbol_add_to_image_and_library:	id: 683	x: 600	y: 1352	
Records jb2_new_symbol_add_to_image_and_library:	id: 684	x: 910	y: 1458	
Records jb2_new_symbol_add_to_image_and_library:	id: 685	x: 1200	y: 1306	
Records jb2_new_symbol_add_to_image_and_library:	id: 686	x: 1970	y: 1448	
Records jb2_new_symbol_add_to_image_and_library:	id: 687	x: 296	y: 1617	
Records jb2_new_symbol_add_to_image_and_library:	id: 688	x: 480	y: 1727	
Records jb2_new_symbol_add_to_image_and_library:	id: 689	x: 610	y: 1795	
Records jb2_new_symbol_add_to_image_and_library:	id: 690	x: 957	y: 1800	
Records jb2_new_symbol_add_to_image_and_library:	id: 691	x: 1480	y: 1800	
Records jb2_new_symbol_add_to_image_and_library:	id: 692	x: 1500	y: 1800	
Records jb2_new_symbol_add_to_image_and_library:	id: 693	x: 451	y: 1848	
Records jb2_new_symbol_add_to_image_and_library:	id: 694	x: 980	y: 2100	
Records jb2_new_symbol_add_to_image_and_library:	id: 695	x: 1325	y: 2100	
Records jb2_new_symbol_add_to_image_and_library:	id: 696	x: 1500	y: 1845	
Records jb2_new_symbol_add_to_image_and_library:	id: 697	x: 554	y: 2140	
Records jb2_new_symbol_add_to_image_and_library:	id: 698	x: 621	y: 2393	
Records jb2_new_symbol_add_to_image_and_library:	id: 699	x: 995	y: 2400	
Records jb2_new_symbol_add_to_image_and_library:	id: 700	x: 1200	y: 2400	
Records jb2_new_symbol_add_to_image_and_library:	id: 701	x: 387	y: 2680	
Records jb2_new_symbol_add_to_image_and_library:	id: 702	x: 702	y: 2662	
Records jb2_new_symbol_add_to_image_and_library:	id: 703	x: 1175	y: 2525	
Records jb2_new_symbol_add_to_image_and_library:	id: 704	x: 1200	y: 2657	
Records jb2_new_symbol_add_to_image_and_library:	id: 705	x: 1554	y: 2578	
Records jb2_new_symbol_add_to_image_and_library:	id: 706	x: 0	y: 2968	
Records jb2_new_symbol_add_to_image_and_library:	id: 707	x: 300	y: 2968	
Records jb2_new_symbol_add_to_image_and_library:	id: 708	x: 600	y: 2968	
Records jb2_new_symbol_add_to_image_and_library:	id: 709	x: 1354	y: 2968	
Records jb2_new_symbol_add_to_image_and_library:	id: 710	x: 1500	y: 2968	
Records jb2_new_symbol_add_to_image_and_library:	id: 711	x: 1800	y: 2968	
Records jb2_end_of_data
