Records jb2_start_of_image
Records jb2_new_symbol_add_to_image_and_library:	id: 0	x: 1165	y: 2954	
Records jb2_new_symbol_add_to_image_and_library:	id: 1	x: 1169	y: 2954	
Records jb2_new_symbol_add_to_image_and_library:	id: 2	x: 481	y: 2669	
Records jb2_new_symbol_add_to_image_and_library:	id: 3	x: 527	y: 2669	
Records jb2_new_symbol_add_to_image_and_library:	id: 4	x: 576	y: 2655	
Records jb2_new_symbol_add_to_image_and_library:	id: 5	x: 596	y: 2658	
Records jb2_new_symbol_add_to_image_and_library:	id: 6	x: 630	y: 2668	
Records jb2_new_symbol_add_to_image_and_library:	id: 7	x: 674	y: 2660	
Records jb2_new_symbol_add_to_image_and_library:	id: 8	x: 713	y: 2660	
Records jb2_new_symbol_add_to_image_and_library:	id: 9	x: 767	y: 2670	
Records jb2_new_symbol_add_to_image_and_library:	id: 10	x: 832	y: 2668	
Records jb2_new_symbol_add_to_image_and_library:	id: 11	x: 908	y: 2669	
Records jb2_new_symbol_add_to_image_and_library:	id: 12	x: 917	y: 2655	
Records jb2_new_symbol_add_to_image_and_library:	id: 13	x: 994	y: 2659	
Records jb2_new_symbol_add_to_image_and_library:	id: 14	x: 1015	y: 2653	
Records jb2_new_symbol_add_to_image_and_library:	id: 15	x: 1038	y: 2659	
Records jb2_new_symbol_add_to_image_and_library:	id: 16	x: 1067	y: 2670	
Records jb2_new_symbol_add_to_image_and_library:	id: 17	x: 1170	y: 2655	
Records jb2_matched_symbol_with_refinement_add_to_image_and_library:	id: 18	x: 1188	y: 2658	
Records jb2_new_symbol_add_to_image_and_library:	id: 19	x: 1223	y: 2673	
Records jb2_matched_symbol_with_refinement_add_to_image_and_library:	id: 20	x: 1296	y: 2660	
Records jb2_new_symbol_add_to_image_and_library:	id: 21	x: 1321	y: 2661	
Records jb2_new_symbol_add_to_image_and_library:	id: 22	x: 1347	y: 2672	
Records jb2_matched_symbol_with_refinement_add_to_image_and_library:	id: 23	x: 1384	y: 2641	
Records jb2_new_symbol_add_to_image_and_library:	id: 24	x: 1402	y: 2674	
Records jb2_new_symbol_add_to_image_and_library:	id: 25	x: 1448	y: 2672	
Records jb2_matched_symbol_with_refinement_add_to_image_and_library:	id: 26	x: 1523	y: 2673	
Records jb2_new_symbol_add_to_image_and_library:	id: 27	x: 1571	y: 2659	
Records jb2_new_symbol_add_to_image_and_library:	id: 28	x: 1578	y: 2671	
Records jb2_new_symbol_add_to_image_and_library:	id: 29	x: 1627	y: 2660	
Records jb2_matched_symbol_with_refinement_add_to_image_and_library:	id: 30	x: 1653	y: 2672	
Records jb2_matched_symbol_with_refinement_add_to_image_and_library:	id: 31	x: 1659	y: 2660	
Records jb2_matched_symbol_with_refinement_add_to_image_and_library:	id: 32	x: 1688	y: 2641	
Records jb2_new_symbol_add_to_image_and_library:	id: 33	x: 1707	y: 2670	
Records jb2_new_symbol_add_to_image_and_library:	id: 34	x: 1753	y: 2658	
Records jb2_new_symbol_add_to_image_and_library:	id: 35	x: 457	y: 2599	
Records jb2_matched_symbol_with_refinement_add_to_image_and_library:	id: 36	x: 487	y: 2608	
Records jb2_matched_symbol_with_refinement_add_to_image_and_library:	id: 37	x: 496	y: 2596	
Records jb2_new_symbol_add_to_image_and_library:	id: 38	x: 523	y: 2609	
Records jb2_new_symbol_add_to_image_and_library:	id: 39	x: 525	y: 2586	
Records jb2_new_symbol_add_to_image_and_library:	id: 40	x: 557	y: 2580	
Records jb2_new_symbol_add_to_image_and_library:	id: 41	x: 610	y: 2610	
Records jb2_matched_symbol_with_refinement_add_to_image_and_library:	id: 42	x: 670	y: 2598	
Records jb2_matched_symbol_with_refinement_add_to_image_and_library:	id: 43	x: 699	y: 2578	
Records jb2_new_symbol_add_to_image_and_library:	id: 44	x: 713	y: 2610	
Records jb2_new_symbol_add_to_image_and_library:	id: 45	x: 755	y: 2602	
Records jb2_new_symbol_add_to_image_and_library:	id: 46	x: 777	y: 2597	
Records jb2_matched_symbol_with_refinement_add_to_image_and_library:	id: 47	x: 795	y: 2597	
Records jb2_matched_symbol_with_refinement_add_to_image_and_library:	id: 48	x: 826	y: 2597	
Records jb2_new_symbol_add_to_image_and_library:	id: 49	x: 855	y: 2608	
Records jb2_new_symbol_add_to_image_and_library:	id: 50	x: 894	y: 2607	
Records jb2_new_symbol_add_to_image_and_library:	id: 51	x: 928	y: 2608	
Records jb2_new_symbol_add_to_image_and_library:	id: 52	x: 940	y: 2597	
Records jb2_new_symbol_add_to_image_and_library:	id: 53	x: 957	y: 2599	
Records jb2_new_symbol_add_to_image_and_library:	id: 54	x: 966	y: 2609	
Records jb2_new_symbol_add_to_image_and_library:	id: 55	x: 989	y: 2599	
Records jb2_new_symbol_add_to_image_and_library:	id: 56	x: 1036	y: 2601	
Records jb2_new_symbol_add_to_image_and_library:	id: 57	x: 1081	y: 2600	
Records jb2_new_symbol_add_to_image_and_library:	id: 58	x: 1105	y: 2599	
Records jb2_matched_symbol_with_refinement_add_to_image_and_library:	id: 59	x: 1120	y: 2579	
Records jb2_new_symbol_add_to_image_and_library:	id: 60	x: 1153	y: 2599	
Records jb2_matched_symbol_with_refinement_add_to_image_and_library:	id: 61	x: 1205	y: 2599	
Records jb2_matched_symbol_with_refinement_add_to_image_and_library:	id: 62	x: 1224	y: 2601	
Records jb2_matched_symbol_with_refinement_add_to_image_and_library:	id: 63	x: 1255	y: 2603	
Records jb2_new_symbol_add_to_image_and_library:	id: 64	x: 1285	y: 2614	
Records jb2_new_symbol_add_to_image_and_library:	id: 65	x: 1295	y: 2602	
Records jb2_matched_symbol_with_refinement_add_to_image_and_library:	id: 66	x: 1330	y: 2603	
Records jb2_matched_symbol_with_refinement_add_to_image_and_library:	id: 67	x: 1358	y: 2601	
Records jb2_matched_symbol_with_refinement_add_to_image_and_library:	id: 68	x: 1382	y: 2603	
Records jb2_new_symbol_add_to_image_and_library:	id: 69	x: 1411	y: 2614	
Records jb2_new_symbol_add_to_image_and_library:	id: 70	x: 1470	y: 2603	
Records jb2_matched_symbol_with_refinement_add_to_image_and_library:	id: 71	x: 1531	y: 2600	
Records jb2_matched_symbol_with_refinement_add_to_image_and_library:	id: 72	x: 1554	y: 2605	
Records jb2_matched_symbol_with_refinement_add_to_image_and_library:	id: 73	x: 1590	y: 2601	
Records jb2_matched_symbol_with_refinement_add_to_image_and_library:	id: 74	x: 1633	y: 2601	
Records jb2_matched_symbol_with_refinement_add_to_image_and_library:	id: 75	x: 1661	y: 2607	
Records jb2_matched_symbol_with_refinement_add_to_image_and_library:	id: 76	x: 1691	y: 2600	
Records jb2_new_symbol_add_to_image_and_library:	id: 77	x: 1695	y: 2613	
Records jb2_new_symbol_add_to_image_and_library:	id: 78	x: 1726	y: 2611	
Records jb2_new_symbol_add_to_image_and_library:	id: 79	x: 1762	y: 2600	
Records jb2_new_symbol_add_to_image_and_library:	id: 80	x: 1772	y: 2610	
Records jb2_new_symbol_add_to_image_and_library:	id: 81	x: 1776	y: 2597	
Records jb2_new_symbol_add_to_image_and_library:	id: 82	x: 461	y: 2556	
Records jb2_new_symbol_add_to_image_and_library:	id: 83	x: 462	y: 2542	
Records jb2_new_symbol_add_to_image_and_library:	id: 84	x: 515	y: 2541	
Records jb2_new_symbol_add_to_image_and_library:	id: 85	x: 561	y: 2541	
Records jb2_new_symbol_add_to_image_and_library:	id: 86	x: 573	y: 2557	
Records jb2_matched_symbol_with_refinement_add_to_image_and_library:	id: 87	x: 591	y: 2539	
Records jb2_new_symbol_add_to_image_and_library:	id: 88	x: 605	y: 2566	
Records jb2_new_symbol_add_to_image_and_library:	id: 89	x: 623	y: 2552	
Records jb2_new_symbol_add_to_image_and_library:	id: 90	x: 679	y: 2542	
Records jb2_new_symbol_add_to_image_and_library:	id: 91	x: 685	y: 2550	
Records jb2_matched_symbol_with_refinement_add_to_image_and_library:	id: 92	x: 720	y: 2541	
Records jb2_new_symbol_add_to_image_and_library:	id: 93	x: 770	y: 2543	
Records jb2_new_symbol_add_to_image_and_library:	id: 94	x: 868	y: 2551	
Records jb2_new_symbol_add_to_image_and_library:	id: 95	x: 882	y: 2553	
Records jb2_new_symbol_add_to_image_and_library:	id: 96	x: 919	y: 2552	
Records jb2_matched_symbol_with_refinement_add_to_image_and_library:	id: 97	x: 953	y: 2544	
Records jb2_new_symbol_add_to_image_and_library:	id: 98	x: 980	y: 2544	
Records jb2_matched_symbol_with_refinement_add_to_image_and_library:	id: 99	x: 1019	y: 2553	
Records jb2_new_symbol_add_to_image_and_library:	id: 100	x: 1033	y: 2544	
Records jb2_new_symbol_add_to_image_and_library:	id: 101	x: 1070	y: 2555	
Records jb2_matched_symbol_with_refinement_add_to_image_and_library:	id: 102	x: 1112	y: 2523	
Records jb2_matched_symbol_with_refinement_add_to_image_and_library:	id: 103	x: 1132	y: 2554	
Records jb2_matched_symbol_with_refinement_add_to_image_and_library:	id: 104	x: 1178	y: 2544	
Records jb2_matched_symbol_with_refinement_add_to_image_and_library:	id: 105	x: 1187	y: 2554	
Records jb2_new_symbol_add_to_image_and_library:	id: 106	x: 1194	y: 2547	
Records jb2_matched_symbol_with_refinement_add_to_image_and_library:	id: 107	x: 1264	y: 2555	
Records jb2_matched_symbol_with_refinement_add_to_image_and_library:	id: 108	x: 1331	y: 2552	
Records jb2_new_symbol_add_to_image_and_library:	id: 109	x: 1361	y: 2549	
Records jb2_matched_symbol_with_refinement_add_to_image_and_library:	id: 110	x: 1368	y: 2557	
Records jb2_matched_symbol_with_refinement_add_to_image_and_library:	id: 111	x: 1402	y: 2558	
Records jb2_new_symbol_add_to_image_and_library:	id: 112	x: 1478	y: 2557	
Records jb2_new_symbol_add_to_image_and_library:	id: 113	x: 1509	y: 2557	
Records jb2_new_symbol_add_to_image_and_library:	id: 114	x: 1569	y: 2562	
Records jb2_matched_symbol_with_refinement_add_to_image_and_library:	id: 115	x: 1616	y: 2545	
Records jb2_matched_symbol_with_refinement_add_to_image_and_library:	id: 116	x: 1654	y: 2546	
Records jb2_matched_symbol_with_refinement_add_to_image_and_library:	id: 117	x: 1684	y: 2546	
Records jb2_new_symbol_add_to_image_and_library:	id: 118	x: 1704	y: 2546	
Records jb2_new_symbol_add_to_image_and_library:	id: 119	x: 1750	y: 2557	
Records jb2_matched_symbol_with_refinement_add_to_image_and_library:	id: 120	x: 465	y: 2482	
Records jb2_matched_symbol_with_refinement_add_to_image_and_library:	id: 121	x: 473	y: 2493	
Records jb2_matched_symbol_with_refinement_add_to_image_and_library:	id: 122	x: 518	y: 2493	
Records jb2_matched_symbol_with_refinement_add_to_image_and_library:	id: 123	x: 531	y: 2482	
Records jb2_matched_symbol_with_refinement_add_to_image_and_library:	id: 124	x: 556	y: 2495	
Records jb2_matched_symbol_with_refinement_add_to_image_and_library:	id: 125	x: 589	y: 2482	
Records jb2_new_symbol_add_to_image_and_library:	id: 126	x: 613	y: 2494	
Records jb2_new_symbol_add_to_image_and_library:	id: 127	x: 729	y: 2488	
Records jb2_new_symbol_add_to_image_and_library:	id: 128	x: 760	y: 2490	
Records jb2_new_symbol_add_to_image_and_library:	id: 129	x: 822	y: 2496	
Records jb2_matched_symbol_with_refinement_add_to_image_and_library:	id: 130	x: 533	y: 2439	
Records jb2_new_symbol_add_to_image_and_library:	id: 131	x: 583	y: 2428	
Records jb2_new_symbol_add_to_image_and_library:	id: 132	x: 601	y: 2428	
Records jb2_matched_symbol_with_refinement_add_to_image_and_library:	id: 133	x: 607	y: 2437	
Records jb2_matched_symbol_with_refinement_add_to_image_and_library:	id: 134	x: 655	y: 2427	
Records jb2_matched_symbol_with_refinement_add_to_image_and_library:	id: 135	x: 681	y: 2431	
Records jb2_matched_symbol_with_refinement_add_to_image_and_library:	id: 136	x: 713	y: 2428	
Records jb2_matched_symbol_with_refinement_add_to_image_and_library:	id: 137	x: 732	y: 2429	
Records jb2_matched_symbol_with_refinement_add_to_image_and_library:	id: 138	x: 766	y: 2439	
Records jb2_new_symbol_add_to_image_and_library:	id: 139	x: 810	y: 2440	
Records jb2_new_symbol_add_to_image_and_library:	id: 140	x: 1407	y: 2445	
Records jb2_matched_symbol_with_refinement_add_to_image_and_library:	id: 141	x: 1576	y: 2430	
Records jb2_new_symbol_add_to_image_and_library:	id: 142	x: 1604	y: 2449	
Records jb2_new_symbol_add_to_image_and_library:	id: 143	x: 1652	y: 2432	
Records jb2_matched_symbol_with_refinement_add_to_image_and_library:	id: 144	x: 1657	y: 2443	
Records jb2_matched_symbol_with_refinement_add_to_image_and_library:	id: 145	x: 1683	y: 2429	
Records jb2_new_symbol_add_to_image_and_library:	id: 146	x: 1559	y: 2271	
Records jb2_new_symbol_add_to_image_and_library:	id: 147	x: 726	y: 2193	
Records jb2_new_symbol_add_to_image_and_library:	id: 148	x: 767	y: 2189	
Records jb2_new_symbol_add_to_image_and_library:	id: 149	x: 791	y: 2194	
Records jb2_new_symbol_add_to_image_and_library:	id: 150	x: 721	y: 2187	
Records jb2_new_symbol_add_to_image_and_library:	id: 151	x: 1555	y: 2049	
Records jb2_new_symbol_add_to_image_and_library:	id: 152	x: 678	y: 1964	
Records jb2_new_symbol_add_to_image_and_library:	id: 153	x: 718	y: 1969	
Records jb2_new_symbol_add_to_image_and_library:	id: 154	x: 1537	y: 2013	
Records jb2_new_symbol_add_to_image_and_library:	id: 155	x: 1542	y: 1967	
Records jb2_new_symbol_add_to_image_and_library:	id: 156	x: 1565	y: 2008	
Records jb2_new_symbol_add_to_image_and_library:	id: 157	x: 671	y: 1958	
Records jb2_new_symbol_add_to_image_and_library:	id: 158	x: 0	y: 1934	
Records jb2_new_symbol_add_to_image_and_library:	id: 159	x: 1551	y: 1925	
Records jb2_new_symbol_add_to_image_and_library:	id: 160	x: 1517	y: 1868	
Records jb2_new_symbol_add_to_image_and_library:	id: 161	x: 1538	y: 1842	
Records jb2_new_symbol_add_to_image_and_library:	id: 162	x: 1545	y: 1850	
Records jb2_new_symbol_add_to_image_and_library:	id: 163	x: 1548	y: 1880	
Records jb2_new_symbol_add_to_image_and_library:	id: 164	x: 762	y: 1737	
Records jb2_new_symbol_add_to_image_and_library:	id: 165	x: 1520	y: 1756	
Records jb2_new_symbol_add_to_image_and_library:	id: 166	x: 1524	y: 1728	
Records jb2_new_symbol_add_to_image_and_library:	id: 167	x: 1527	y: 1703	
Records jb2_new_symbol_add_to_image_and_library:	id: 168	x: 1552	y: 1764	
Records jb2_new_symbol_add_to_image_and_library:	id: 169	x: 823	y: 1569	
Records jb2_matched_symbol_with_refinement_add_to_image_and_library:	id: 170	x: 833	y: 1540	
Records jb2_new_symbol_add_to_image_and_library:	id: 171	x: 839	y: 1541	
Records jb2_new_symbol_add_to_image_and_library:	id: 172	x: 1014	y: 1429	
Records jb2_new_symbol_add_to_image_and_library:	id: 173	x: 1064	y: 1425	
Records jb2_new_symbol_add_to_image_and_library:	id: 174	x: 1170	y: 1424	
Records jb2_matched_symbol_with_refinement_add_to_image_and_library:	id: 175	x: 1227	y: 1413	
Records jb2_matched_symbol_with_refinement_add_to_image_and_library:	id: 176	x: 1272	y: 1411	
Records jb2_new_symbol_add_to_image_and_library:	id: 177	x: 1301	y: 1419	
Records jb2_matched_symbol_with_refinement_add_to_image_and_library:	id: 178	x: 1331	y: 1409	
Records jb2_matched_symbol_with_refinement_add_to_image_and_library:	id: 179	x: 1337	y: 1423	
Records jb2_matched_symbol_with_refinement_add_to_image_and_library:	id: 180	x: 1344	y: 1413	
Records jb2_matched_symbol_with_refinement_add_to_image_and_library:	id: 181	x: 1365	y: 1414	
Records jb2_matched_symbol_with_refinement_add_to_image_and_library:	id: 182	x: 1395	y: 1414	
Records jb2_matched_symbol_with_refinement_add_to_image_and_library:	id: 183	x: 1446	y: 1414	
Records jb2_new_symbol_add_to_image_and_library:	id: 184	x: 1467	y: 1413	
Records jb2_matched_symbol_with_refinement_add_to_image_and_library:	id: 185	x: 1481	y: 1413	
Records jb2_new_symbol_add_to_image_and_library:	id: 186	x: 1496	y: 1414	
Records jb2_matched_symbol_with_refinement_add_to_image_and_library:	id: 187	x: 1507	y: 1412	
Records jb2_new_symbol_add_to_image_and_library:	id: 188	x: 1516	y: 1413	
Records jb2_matched_symbol_with_refinement_add_to_image_and_library:	id: 189	x: 1542	y: 1416	
Records jb2_matched_symbol_with_refinement_add_to_image_and_library:	id: 190	x: 1583	y: 1417	
Records jb2_new_symbol_add_to_image_and_library:	id: 191	x: 1613	y: 1419	
Records jb2_new_symbol_add_to_image_and_library:	id: 192	x: 1643	y: 1416	
Records jb2_new_symbol_add_to_image_and_library:	id: 193	x: 1643	y: 1395	
Records jb2_matched_symbol_with_refinement_add_to_image_and_library:	id: 194	x: 1655	y: 1419	
Records jb2_matched_symbol_with_refinement_add_to_image_and_library:	id: 195	x: 1676	y: 1430	
Records jb2_new_symbol_add_to_image_and_library:	id: 196	x: 1707	y: 1430	
Records jb2_matched_symbol_with_refinement_add_to_image_and_library:	id: 197	x: 1721	y: 1415	
Records jb2_new_symbol_add_to_image_and_library:	id: 198	x: 1744	y: 1427	
Records jb2_matched_symbol_with_refinement_add_to_image_and_library:	id: 199	x: 1774	y: 1416	
Records jb2_new_symbol_add_to_image_and_library:	id: 200	x: 1028	y: 1360	
Records jb2_new_symbol_add_to_image_and_library:	id: 201	x: 1084	y: 1368	
Records jb2_matched_symbol_with_refinement_add_to_image_and_library:	id: 202	x: 1098	y: 1359	
Records jb2_matched_symbol_with_refinement_add_to_image_and_library:	id: 203	x: 1120	y: 1355	
Records jb2_new_symbol_add_to_image_and_library:	id: 204	x: 1140	y: 1354	
Records jb2_matched_symbol_with_refinement_add_to_image_and_library:	id: 205	x: 1223	y: 1364	
Records jb2_matched_symbol_with_refinement_add_to_image_and_library:	id: 206	x: 1258	y: 1351	
Records jb2_matched_symbol_with_refinement_add_to_image_and_library:	id: 207	x: 1281	y: 1364	
Records jb2_new_symbol_add_to_image_and_library:	id: 208	x: 1311	y: 1354	
Records jb2_matched_symbol_with_refinement_add_to_image_and_library:	id: 209	x: 1351	y: 1355	
Records jb2_matched_symbol_with_refinement_add_to_image_and_library:	id: 210	x: 1375	y: 1355	
Records jb2_matched_symbol_with_refinement_add_to_image_and_library:	id: 211	x: 1407	y: 1354	
Records jb2_matched_symbol_with_refinement_add_to_image_and_library:	id: 212	x: 1437	y: 1356	
Records jb2_matched_symbol_with_refinement_add_to_image_and_library:	id: 213	x: 1452	y: 1355	
Records jb2_new_symbol_add_to_image_and_library:	id: 214	x: 1474	y: 1361	
Records jb2_new_symbol_add_to_image_and_library:	id: 215	x: 1485	y: 1367	
Records jb2_matched_symbol_with_refinement_add_to_image_and_library:	id: 216	x: 1519	y: 1358	
Records jb2_matched_symbol_with_refinement_add_to_image_and_library:	id: 217	x: 1551	y: 1356	
Records jb2_matched_symbol_with_refinement_add_to_image_and_library:	id: 218	x: 1580	y: 1356	
Records jb2_matched_symbol_with_refinement_add_to_image_and_library:	id: 219	x: 1609	y: 1358	
Records jb2_matched_symbol_with_refinement_add_to_image_and_library:	id: 220	x: 1648	y: 1359	
Records jb2_new_symbol_add_to_image_and_library:	id: 221	x: 1673	y: 1359	
Records jb2_new_symbol_add_to_image_and_library:	id: 222	x: 1717	y: 1361	
Records jb2_matched_symbol_with_refinement_add_to_image_and_library:	id: 223	x: 1764	y: 1357	
Records jb2_new_symbol_add_to_image_and_library:	id: 224	x: 1790	y: 1363	
Records jb2_new_symbol_add_to_image_and_library:	id: 225	x: 1810	y: 1346	
Records jb2_new_symbol_add_to_image_and_library:	id: 226	x: 583	y: 1315	
Records jb2_matched_symbol_with_refinement_add_to_image_and_library:	id: 227	x: 633	y: 1304	
Records jb2_new_symbol_add_to_image_and_library:	id: 228	x: 669	y: 1304	
Records jb2_matched_symbol_with_refinement_add_to_image_and_library:	id: 229	x: 696	y: 1315	
Records jb2_new_symbol_add_to_image_and_library:	id: 230	x: 734	y: 1317	
Records jb2_new_symbol_add_to_image_and_library:	id: 231	x: 816	y: 1317	
Records jb2_new_symbol_add_to_image_and_library:	id: 232	x: 878	y: 1306	
Records jb2_new_symbol_add_to_image_and_library:	id: 233	x: 1013	y: 1303	
Records jb2_matched_symbol_with_refinement_add_to_image_and_library:	id: 234	x: 1120	y: 1297	
Records jb2_new_symbol_add_to_image_and_library:	id: 235	x: 1143	y: 1300	
Records jb2_matched_symbol_with_refinement_add_to_image_and_library:	id: 236	x: 1244	y: 1296	
Records jb2_matched_symbol_with_refinement_add_to_image_and_library:	id: 237	x: 1258	y: 1296	
Records jb2_matched_symbol_with_refinement_add_to_image_and_library:	id: 238	x: 1316	y: 1298	
Records jb2_matched_symbol_with_refinement_add_to_image_and_library:	id: 239	x: 1366	y: 1297	
Records jb2_new_symbol_add_to_image_and_library:	id: 240	x: 1421	y: 1310	
Records jb2_matched_symbol_with_refinement_add_to_image_and_library:	id: 241	x: 1466	y: 1298	
Records jb2_matched_symbol_with_refinement_add_to_image_and_library:	id: 242	x: 1497	y: 1308	
Records jb2_matched_symbol_with_refinement_add_to_image_and_library:	id: 243	x: 1510	y: 1297	
Records jb2_matched_symbol_with_refinement_add_to_image_and_library:	id: 244	x: 1534	y: 1282	
Records jb2_new_symbol_add_to_image_and_library:	id: 245	x: 651	y: 1248	
Records jb2_new_symbol_add_to_image_and_library:	id: 246	x: 1178	y: 1238	
Records jb2_matched_symbol_with_refinement_add_to_image_and_library:	id: 247	x: 1367	y: 1197	
Records jb2_new_symbol_add_to_image_and_library:	id: 248	x: 708	y: 1166	
Records jb2_new_symbol_add_to_image_and_library:	id: 249	x: 709	y: 1149	
Records jb2_new_symbol_add_to_image_and_library:	id: 250	x: 710	y: 1129	
Records jb2_matched_symbol_with_refinement_add_to_image_and_library:	id: 251	x: 712	y: 1109	
Records jb2_new_symbol_add_to_image_and_library:	id: 252	x: 1431	y: 1121	
Records jb2_matched_symbol_with_refinement_add_to_image_and_library:	id: 253	x: 715	y: 1065	
Records jb2_new_symbol_add_to_image_and_library:	id: 254	x: 715	y: 1035	
Records jb2_matched_symbol_with_refinement_add_to_image_and_library:	id: 255	x: 716	y: 1048	
Records jb2_matched_symbol_with_refinement_add_to_image_and_library:	id: 256	x: 715	y: 1021	
Records jb2_new_symbol_add_to_image_and_library:	id: 257	x: 710	y: 952	
Records jb2_new_symbol_add_to_image_and_library:	id: 258	x: 1456	y: 839	
Records jb2_new_symbol_add_to_image_and_library:	id: 259	x: 1458	y: 811	
Records jb2_matched_symbol_with_refinement_add_to_image_and_library:	id: 260	x: 1468	y: 807	
Records jb2_new_symbol_add_to_image_and_library:	id: 261	x: 1260	y: 758	
Records jb2_new_symbol_add_to_image_and_library:	id: 262	x: 1348	y: 775	
Records jb2_matched_symbol_with_refinement_add_to_image_and_library:	id: 263	x: 1377	y: 779	
Records jb2_new_symbol_add_to_image_and_library:	id: 264	x: 1493	y: 567	
Records jb2_new_symbol_add_to_image_and_library:	id: 265	x: 1396	y: 550	
Records jb2_new_symbol_add_to_image_and_library:	id: 266	x: 1498	y: 514	
Records jb2_new_symbol_add_to_image_and_library:	id: 267	x: 1508	y: 516	
Records jb2_new_symbol_add_to_image_and_library:	id: 268	x: 1559	y: 520	
Records jb2_new_symbol_add_to_image_and_library:	id: 269	x: 1504	y: 502	
Records jb2_new_symbol_add_to_image_and_library:	id: 270	x: 1350	y: 495	
Records jb2_new_symbol_add_to_image_and_library:	id: 271	x: 1477	y: 486	
Records jb2_new_symbol_add_to_image_and_library:	id: 272	x: 1480	y: 474	
Records jb2_new_symbol_add_to_image_and_library:	id: 273	x: 1494	y: 489	
Records jb2_new_symbol_add_to_image_and_library:	id: 274	x: 1515	y: 468	
Records jb2_matched_symbol_with_refinement_add_to_image_and_library:	id: 275	x: 1527	y: 487	
Records jb2_matched_symbol_copy_to_image_without_refinement:	id: 158	x: 1555	y: 480	
Records jb2_new_symbol_add_to_image_and_library:	id: 276	x: 1591	y: 484	
Records jb2_matched_symbol_copy_to_image_without_refinement:	id: 158	x: 1584	y: 466	
Records jb2_matched_symbol_with_refinement_add_to_image_and_library:	id: 277	x: 1362	y: 462	
Records jb2_matched_symbol_with_refinement_add_to_image_and_library:	id: 278	x: 1535	y: 462	
Records jb2_new_symbol_add_to_image_and_library:	id: 279	x: 1376	y: 455	
Records jb2_matched_symbol_with_refinement_add_to_image_and_library:	id: 280	x: 1592	y: 434	
Records jb2_matched_symbol_with_refinement_add_to_image_and_library:	id: 281	x: 1575	y: 426	
Records jb2_new_symbol_add_to_image_and_library:	id: 282	x: 1413	y: 422	
Records jb2_new_symbol_add_to_image_and_library:	id: 283	x: 0	y: 300	
Records jb2_new_symbol_add_to_image_and_library:	id: 284	x: 649	y: 1	
Records jb2_new_symbol_add_to_image_and_library:	id: 285	x: 900	y: 2	
Records jb2_new_symbol_add_to_image_and_library:	id: 286	x: 1200	y: 4	
Records jb2_new_symbol_add_to_image_and_library:	id: 287	x: 1500	y: 6	
Records jb2_new_symbol_add_to_image_and_library:	id: 288	x: 1800	y: 8	
Records jb2_new_symbol_add_to_image_and_library:	id: 289	x: 0	y: 600	
Records jb2_new_symbol_add_to_image_and_library:	id: 290	x: 679	y: 600	
Records jb2_new_symbol_add_to_image_and_library:	id: 291	x: 1314	y: 600	
Records jb2_new_symbol_add_to_image_and_library:	id: 292	x: 1500	y: 600	
Records jb2_new_symbol_add_to_image_and_library:	id: 293	x: 0	y: 900	
Records jb2_new_symbol_add_to_image_and_library:	id: 294	x: 680	y: 900	
Records jb2_new_symbol_add_to_image_and_library:	id: 295	x: 1221	y: 900	
Records jb2_new_symbol_add_to_image_and_library:	id: 296	x: 1500	y: 900	
Records jb2_new_symbol_add_to_image_and_library:	id: 297	x: 0	y: 1200	
Records jb2_new_symbol_add_to_image_and_library:	id: 298	x: 663	y: 1200	
Records jb2_new_symbol_add_to_image_and_library:	id: 299	x: 1159	y: 1200	
Records jb2_new_symbol_add_to_image_and_library:	id: 300	x: 1200	y: 1200	
Records jb2_new_symbol_add_to_image_and_library:	id: 301	x: 1500	y: 1200	
Records jb2_new_symbol_add_to_image_and_library:	id: 302	x: 2027	y: 1200	
Records jb2_new_symbol_add_to_image_and_library:	id: 303	x: 0	y: 1500	
Records jb2_new_symbol_add_to_image_and_library:	id: 304	x: 640	y: 1500	
Records jb2_new_symbol_add_to_image_and_library:	id: 305	x: 1166	y: 1235	
Records jb2_new_symbol_add_to_image_and_library:	id: 306	x: 1200	y: 1330	
Records jb2_new_symbol_add_to_image_and_library:	id: 307	x: 1500	y: 1500	
Records jb2_new_symbol_add_to_image_and_library:	id: 308	x: 2025	y: 1500	
Records jb2_new_symbol_add_to_image_and_library:	id: 309	x: 0	y: 1800	
Records jb2_new_symbol_add_to_image_and_library:	id: 310	x: 553	y: 1641	
Records jb2_new_symbol_add_to_image_and_library:	id: 311	x: 600	y: 1800	
Records jb2_new_symbol_add_to_image_and_library:	id: 312	x: 1448	y: 1790	
Records jb2_new_symbol_add_to_image_and_library:	id: 313	x: 1500	y: 1800	
Records jb2_new_symbol_add_to_image_and_library:	id: 314	x: 2023	y: 1800	
Records jb2_new_symbol_add_to_image_and_library:	id: 315	x: 0	y: 1929	
Records jb2_new_symbol_add_to_image_and_library:	id: 316	x: 649	y: 2100	
Records jb2_new_symbol_add_to_image_and_library:	id: 317	x: 1451	y: 2056	
Records jb2_new_symbol_add_to_image_and_library:	id: 318	x: 1500	y: 2100	
Records jb2_new_symbol_add_to_image_and_library:	id: 319	x: 2021	y: 2100	
Records jb2_new_symbol_add_to_image_and_library:	id: 320	x: 588	y: 2264	
Records jb2_new_symbol_add_to_image_and_library:	id: 321	x: 600	y: 2355	
Records jb2_new_symbol_add_to_image_and_library:	id: 322	x: 1508	y: 2361	
Records jb2_new_symbol_add_to_image_and_library:	id: 323	x: 2019	y: 2400	
Records jb2_new_symbol_add_to_image_and_library:	id: 324	x: 615	y: 2565	
Records jb2_new_symbol_add_to_image_and_library:	id: 325	x: 965	y: 2641	
Records jb2_new_symbol_add_to_image_and_library:	id: 326	x: 2017	y: 2700	
Records jb2_new_symbol_add_to_image_and_library:	id: 327	x: 0	y: 2954	
Records jb2_new_symbol_add_to_image_and_library:	id: 328	x: 300	y: 2954	
Records jb2_new_symbol_add_to_image_and_library:	id: 329	x: 600	y: 2954	
Records jb2_new_symbol_add_to_image_and_library:	id: 330	x: 1195	y: 2954	
Records jb2_new_symbol_add_to_image_and_library:	id: 331	x: 1200	y: 2954	
Records jb2_new_symbol_add_to_image_and_library:	id: 332	x: 1500	y: 2954	
Records jb2_new_symbol_add_to_image_and_library:	id: 333	x: 1800	y: 2954	
Records jb2_end_of_data
