Records jb2_start_of_image
Records jb2_new_symbol_add_to_image_and_library:	id: 0	x: 146	y: 2842	
Records jb2_new_symbol_add_to_image_and_library:	id: 1	x: 153	y: 2823	
Records jb2_new_symbol_add_to_image_and_library:	id: 2	x: 168	y: 2822	
Records jb2_matched_symbol_with_refinement_add_to_image_and_library:	id: 3	x: 188	y: 2819	
Records jb2_new_symbol_add_to_image_and_library:	id: 4	x: 232	y: 2817	
Records jb2_new_symbol_add_to_image_and_library:	id: 5	x: 239	y: 2821	
Records jb2_new_symbol_add_to_image_and_library:	id: 6	x: 254	y: 2805	
Records jb2_new_symbol_add_to_image_and_library:	id: 7	x: 375	y: 2813	
Records jb2_new_symbol_add_to_image_and_library:	id: 8	x: 391	y: 2798	
Records jb2_new_symbol_add_to_image_and_library:	id: 9	x: 393	y: 2828	
Records jb2_new_symbol_add_to_image_and_library:	id: 10	x: 393	y: 2815	
Records jb2_new_symbol_add_to_image_and_library:	id: 11	x: 393	y: 2800	
Records jb2_new_symbol_add_to_image_and_library:	id: 12	x: 445	y: 2844	
Records jb2_new_symbol_add_to_image_and_library:	id: 13	x: 484	y: 2840	
Records jb2_new_symbol_add_to_image_and_library:	id: 14	x: 917	y: 2830	
Records jb2_new_symbol_add_to_image_and_library:	id: 15	x: 391	y: 2794	
Records jb2_new_symbol_add_to_image_and_library:	id: 16	x: 225	y: 2755	
Records jb2_new_symbol_add_to_image_and_library:	id: 17	x: 236	y: 2759	
Records jb2_new_symbol_add_to_image_and_library:	id: 18	x: 430	y: 2756	
Records jb2_new_symbol_add_to_image_and_library:	id: 19	x: 503	y: 2763	
Records jb2_new_symbol_add_to_image_and_library:	id: 20	x: 180	y: 2739	
Records jb2_new_symbol_add_to_image_and_library:	id: 21	x: 511	y: 2712	
Records jb2_new_symbol_add_to_image_and_library:	id: 22	x: 192	y: 2699	
Records jb2_new_symbol_add_to_image_and_library:	id: 23	x: 279	y: 2698	
Records jb2_new_symbol_add_to_image_and_library:	id: 24	x: 311	y: 2698	
Records jb2_new_symbol_add_to_image_and_library:	id: 25	x: 359	y: 2698	
Records jb2_new_symbol_add_to_image_and_library:	id: 26	x: 412	y: 2698	
Records jb2_new_symbol_add_to_image_and_library:	id: 27	x: 484	y: 2699	
Records jb2_new_symbol_add_to_image_and_library:	id: 28	x: 548	y: 2697	
Records jb2_new_symbol_add_to_image_and_library:	id: 29	x: 580	y: 2699	
Records jb2_new_symbol_add_to_image_and_library:	id: 30	x: 637	y: 2698	
Records jb2_new_symbol_add_to_image_and_library:	id: 31	x: 656	y: 2698	
Records jb2_new_symbol_add_to_image_and_library:	id: 32	x: 192	y: 2577	
Records jb2_new_symbol_add_to_image_and_library:	id: 33	x: 311	y: 2540	
Records jb2_new_symbol_add_to_image_and_library:	id: 34	x: 383	y: 2538	
Records jb2_new_symbol_add_to_image_and_library:	id: 35	x: 447	y: 2540	
Records jb2_new_symbol_add_to_image_and_library:	id: 36	x: 498	y: 2540	
Records jb2_matched_symbol_with_refinement_add_to_image_and_library:	id: 37	x: 564	y: 2538	
Records jb2_new_symbol_add_to_image_and_library:	id: 38	x: 634	y: 2581	
Records jb2_matched_symbol_with_refinement_add_to_image_and_library:	id: 39	x: 664	y: 2538	
Records jb2_new_symbol_add_to_image_and_library:	id: 40	x: 734	y: 2541	
Records jb2_new_symbol_add_to_image_and_library:	id: 41	x: 872	y: 2581	
Records jb2_new_symbol_add_to_image_and_library:	id: 42	x: 943	y: 2540	
Records jb2_new_symbol_add_to_image_and_library:	id: 43	x: 1047	y: 2540	
Records jb2_new_symbol_add_to_image_and_library:	id: 44	x: 1124	y: 2562	
Records jb2_matched_symbol_with_refinement_add_to_image_and_library:	id: 45	x: 1194	y: 2540	
Records jb2_matched_symbol_with_refinement_add_to_image_and_library:	id: 46	x: 1303	y: 2541	
Records jb2_matched_symbol_with_refinement_add_to_image_and_library:	id: 47	x: 1403	y: 2540	
Records jb2_matched_symbol_with_refinement_add_to_image_and_library:	id: 48	x: 1473	y: 2540	
Records jb2_new_symbol_add_to_image_and_library:	id: 49	x: 1573	y: 2540	
Records jb2_new_symbol_add_to_image_and_library:	id: 50	x: 1652	y: 2540	
Records jb2_matched_symbol_with_refinement_add_to_image_and_library:	id: 51	x: 1688	y: 2540	
Records jb2_new_symbol_add_to_image_and_library:	id: 52	x: 1756	y: 2561	
Records jb2_new_symbol_add_to_image_and_library:	id: 53	x: 1796	y: 2566	
Records jb2_new_symbol_add_to_image_and_library:	id: 54	x: 1798	y: 2538	
Records jb2_new_symbol_add_to_image_and_library:	id: 55	x: 1820	y: 2538	
Records jb2_matched_symbol_with_refinement_add_to_image_and_library:	id: 56	x: 1879	y: 2540	
Records jb2_new_symbol_add_to_image_and_library:	id: 57	x: 185	y: 2417	
Records jb2_matched_symbol_with_refinement_add_to_image_and_library:	id: 58	x: 239	y: 2382	
Records jb2_new_symbol_add_to_image_and_library:	id: 59	x: 315	y: 2382	
Records jb2_matched_symbol_with_refinement_add_to_image_and_library:	id: 60	x: 379	y: 2382	
Records jb2_new_symbol_add_to_image_and_library:	id: 61	x: 489	y: 2420	
Records jb2_new_symbol_add_to_image_and_library:	id: 62	x: 552	y: 2380	
Records jb2_new_symbol_add_to_image_and_library:	id: 63	x: 611	y: 2423	
Records jb2_matched_symbol_with_refinement_add_to_image_and_library:	id: 64	x: 672	y: 2423	
Records jb2_matched_symbol_with_refinement_add_to_image_and_library:	id: 65	x: 697	y: 2382	
Records jb2_matched_symbol_with_refinement_add_to_image_and_library:	id: 66	x: 774	y: 2382	
Records jb2_matched_symbol_with_refinement_add_to_image_and_library:	id: 67	x: 816	y: 2423	
Records jb2_matched_symbol_with_refinement_add_to_image_and_library:	id: 68	x: 871	y: 2382	
Records jb2_new_symbol_add_to_image_and_library:	id: 69	x: 190	y: 2253	
Records jb2_new_symbol_add_to_image_and_library:	id: 70	x: 229	y: 2232	
Records jb2_new_symbol_add_to_image_and_library:	id: 71	x: 270	y: 2232	
Records jb2_new_symbol_add_to_image_and_library:	id: 72	x: 294	y: 2232	
Records jb2_new_symbol_add_to_image_and_library:	id: 73	x: 332	y: 2232	
Records jb2_matched_symbol_with_refinement_add_to_image_and_library:	id: 74	x: 376	y: 2232	
Records jb2_new_symbol_add_to_image_and_library:	id: 75	x: 398	y: 2256	
Records jb2_new_symbol_add_to_image_and_library:	id: 76	x: 438	y: 2231	
Records jb2_matched_symbol_with_refinement_add_to_image_and_library:	id: 77	x: 473	y: 2232	
Records jb2_new_symbol_add_to_image_and_library:	id: 78	x: 484	y: 2247	
Records jb2_new_symbol_add_to_image_and_library:	id: 79	x: 510	y: 2233	
Records jb2_new_symbol_add_to_image_and_library:	id: 80	x: 543	y: 2256	
Records jb2_new_symbol_add_to_image_and_library:	id: 81	x: 578	y: 2248	
Records jb2_new_symbol_add_to_image_and_library:	id: 82	x: 578	y: 2232	
Records jb2_new_symbol_add_to_image_and_library:	id: 83	x: 613	y: 2245	
Records jb2_matched_symbol_with_refinement_add_to_image_and_library:	id: 84	x: 637	y: 2233	
Records jb2_matched_symbol_with_refinement_add_to_image_and_library:	id: 85	x: 658	y: 2233	
Records jb2_matched_symbol_with_refinement_add_to_image_and_library:	id: 86	x: 703	y: 2257	
Records jb2_matched_symbol_with_refinement_add_to_image_and_library:	id: 87	x: 733	y: 2246	
Records jb2_matched_symbol_with_refinement_add_to_image_and_library:	id: 88	x: 755	y: 2233	
Records jb2_matched_symbol_with_refinement_add_to_image_and_library:	id: 89	x: 794	y: 2246	
Records jb2_new_symbol_add_to_image_and_library:	id: 90	x: 841	y: 2233	
Records jb2_matched_symbol_with_refinement_add_to_image_and_library:	id: 91	x: 902	y: 2233	
Records jb2_matched_symbol_with_refinement_add_to_image_and_library:	id: 92	x: 939	y: 2233	
Records jb2_matched_symbol_with_refinement_add_to_image_and_library:	id: 93	x: 980	y: 2233	
Records jb2_new_symbol_add_to_image_and_library:	id: 94	x: 1038	y: 2233	
Records jb2_matched_symbol_with_refinement_add_to_image_and_library:	id: 95	x: 1079	y: 2246	
Records jb2_matched_symbol_with_refinement_add_to_image_and_library:	id: 96	x: 1101	y: 2233	
Records jb2_new_symbol_add_to_image_and_library:	id: 97	x: 1139	y: 2233	
Records jb2_new_symbol_add_to_image_and_library:	id: 98	x: 1177	y: 2257	
Records jb2_matched_symbol_with_refinement_add_to_image_and_library:	id: 99	x: 1217	y: 2233	
Records jb2_matched_symbol_with_refinement_add_to_image_and_library:	id: 100	x: 1257	y: 2249	
Records jb2_matched_symbol_with_refinement_add_to_image_and_library:	id: 101	x: 1258	y: 2232	
Records jb2_matched_symbol_with_refinement_add_to_image_and_library:	id: 102	x: 1272	y: 2234	
Records jb2_new_symbol_add_to_image_and_library:	id: 103	x: 1306	y: 2233	
Records jb2_matched_symbol_with_refinement_add_to_image_and_library:	id: 104	x: 1339	y: 2233	
Records jb2_matched_symbol_with_refinement_add_to_image_and_library:	id: 105	x: 1376	y: 2232	
Records jb2_matched_symbol_with_refinement_add_to_image_and_library:	id: 106	x: 1429	y: 2232	
Records jb2_new_symbol_add_to_image_and_library:	id: 107	x: 1490	y: 2254	
Records jb2_new_symbol_add_to_image_and_library:	id: 108	x: 1526	y: 2254	
Records jb2_new_symbol_add_to_image_and_library:	id: 109	x: 1571	y: 2255	
Records jb2_new_symbol_add_to_image_and_library:	id: 110	x: 1615	y: 2254	
Records jb2_matched_symbol_with_refinement_add_to_image_and_library:	id: 111	x: 1684	y: 2234	
Records jb2_matched_symbol_with_refinement_add_to_image_and_library:	id: 112	x: 1706	y: 2234	
Records jb2_matched_symbol_with_refinement_add_to_image_and_library:	id: 113	x: 1751	y: 2257	
Records jb2_new_symbol_add_to_image_and_library:	id: 114	x: 1786	y: 2232	
Records jb2_new_symbol_add_to_image_and_library:	id: 115	x: 125	y: 1593	
Records jb2_new_symbol_add_to_image_and_library:	id: 116	x: 163	y: 1512	
Records jb2_new_symbol_add_to_image_and_library:	id: 117	x: 217	y: 1585	
Records jb2_new_symbol_add_to_image_and_library:	id: 118	x: 218	y: 1592	
Records jb2_new_symbol_add_to_image_and_library:	id: 119	x: 358	y: 1590	
Records jb2_new_symbol_add_to_image_and_library:	id: 120	x: 409	y: 1491	
Records jb2_new_symbol_add_to_image_and_library:	id: 121	x: 423	y: 1473	
Records jb2_new_symbol_add_to_image_and_library:	id: 122	x: 429	y: 1442	
Records jb2_matched_symbol_with_refinement_add_to_image_and_library:	id: 123	x: 439	y: 1506	
Records jb2_new_symbol_add_to_image_and_library:	id: 124	x: 748	y: 1580	
Records jb2_new_symbol_add_to_image_and_library:	id: 125	x: 869	y: 1563	
Records jb2_new_symbol_add_to_image_and_library:	id: 126	x: 909	y: 1418	
Records jb2_new_symbol_add_to_image_and_library:	id: 127	x: 1153	y: 1578	
Records jb2_new_symbol_add_to_image_and_library:	id: 128	x: 1192	y: 1418	
Records jb2_new_symbol_add_to_image_and_library:	id: 129	x: 1322	y: 1601	
Records jb2_new_symbol_add_to_image_and_library:	id: 130	x: 1338	y: 1427	
Records jb2_new_symbol_add_to_image_and_library:	id: 131	x: 1340	y: 1462	
Records jb2_new_symbol_add_to_image_and_library:	id: 132	x: 1614	y: 1584	
Records jb2_new_symbol_add_to_image_and_library:	id: 133	x: 1621	y: 1539	
Records jb2_new_symbol_add_to_image_and_library:	id: 134	x: 1626	y: 1518	
Records jb2_new_symbol_add_to_image_and_library:	id: 135	x: 1629	y: 1511	
Records jb2_matched_symbol_copy_to_image_without_refinement:	id: 14	x: 1632	y: 1506	
Records jb2_new_symbol_add_to_image_and_library:	id: 136	x: 1639	y: 1501	
Records jb2_new_symbol_add_to_image_and_library:	id: 137	x: 1643	y: 1563	
Records jb2_new_symbol_add_to_image_and_library:	id: 138	x: 1643	y: 1504	
Records jb2_new_symbol_add_to_image_and_library:	id: 139	x: 1645	y: 1566	
Records jb2_new_symbol_add_to_image_and_library:	id: 140	x: 1649	y: 1496	
Records jb2_new_symbol_add_to_image_and_library:	id: 141	x: 1656	y: 1499	
Records jb2_matched_symbol_with_refinement_add_to_image_and_library:	id: 142	x: 1661	y: 1497	
Records jb2_matched_symbol_with_refinement_add_to_image_and_library:	id: 143	x: 1673	y: 1494	
Records jb2_new_symbol_add_to_image_and_library:	id: 144	x: 1823	y: 1590	
Records jb2_new_symbol_add_to_image_and_library:	id: 145	x: 1700	y: 1362	
Records jb2_new_symbol_add_to_image_and_library:	id: 146	x: 176	y: 1282	
Records jb2_new_symbol_add_to_image_and_library:	id: 147	x: 395	y: 1287	
Records jb2_new_symbol_add_to_image_and_library:	id: 148	x: 651	y: 1266	
Records jb2_new_symbol_add_to_image_and_library:	id: 149	x: 745	y: 1266	
Records jb2_new_symbol_add_to_image_and_library:	id: 150	x: 768	y: 1223	
Records jb2_new_symbol_add_to_image_and_library:	id: 151	x: 932	y: 1271	
Records jb2_new_symbol_add_to_image_and_library:	id: 152	x: 971	y: 1144	
Records jb2_new_symbol_add_to_image_and_library:	id: 153	x: 1171	y: 1269	
Records jb2_new_symbol_add_to_image_and_library:	id: 154	x: 1251	y: 1077	
Records jb2_new_symbol_add_to_image_and_library:	id: 155	x: 1306	y: 1273	
Records jb2_new_symbol_add_to_image_and_library:	id: 156	x: 1353	y: 1066	
Records jb2_new_symbol_add_to_image_and_library:	id: 157	x: 1390	y: 1144	
Records jb2_new_symbol_add_to_image_and_library:	id: 158	x: 1392	y: 1146	
Records jb2_new_symbol_add_to_image_and_library:	id: 159	x: 1576	y: 1259	
Records jb2_new_symbol_add_to_image_and_library:	id: 160	x: 1578	y: 1260	
Records jb2_new_symbol_add_to_image_and_library:	id: 161	x: 1799	y: 1256	
Records jb2_new_symbol_add_to_image_and_library:	id: 162	x: 1807	y: 1074	
Records jb2_new_symbol_add_to_image_and_library:	id: 163	x: 1812	y: 1083	
Records jb2_new_symbol_add_to_image_and_library:	id: 164	x: 1813	y: 1136	
Records jb2_matched_symbol_with_refinement_add_to_image_and_library:	id: 165	x: 1817	y: 1057	
Records jb2_new_symbol_add_to_image_and_library:	id: 166	x: 1834	y: 1224	
Records jb2_new_symbol_add_to_image_and_library:	id: 167	x: 1837	y: 1191	
Records jb2_matched_symbol_with_refinement_add_to_image_and_library:	id: 168	x: 1863	y: 1244	
Records jb2_new_symbol_add_to_image_and_library:	id: 169	x: 1868	y: 1212	
Records jb2_matched_symbol_with_refinement_add_to_image_and_library:	id: 170	x: 1878	y: 1214	
Records jb2_new_symbol_add_to_image_and_library:	id: 171	x: 1884	y: 1231	
Records jb2_new_symbol_add_to_image_and_library:	id: 172	x: 1886	y: 1241	
Records jb2_new_symbol_add_to_image_and_library:	id: 173	x: 1889	y: 1238	
Records jb2_new_symbol_add_to_image_and_library:	id: 174	x: 1890	y: 1219	
Records jb2_matched_symbol_with_refinement_add_to_image_and_library:	id: 175	x: 1897	y: 1218	
Records jb2_new_symbol_add_to_image_and_library:	id: 176	x: 1899	y: 1222	
Records jb2_new_symbol_add_to_image_and_library:	id: 177	x: 1901	y: 1218	
Records jb2_matched_symbol_with_refinement_add_to_image_and_library:	id: 178	x: 1916	y: 1217	
Records jb2_new_symbol_add_to_image_and_library:	id: 179	x: 1920	y: 1195	
Records jb2_matched_symbol_with_refinement_add_to_image_and_library:	id: 180	x: 1923	y: 1201	
Records jb2_new_symbol_add_to_image_and_library:	id: 181	x: 1928	y: 1195	
Records jb2_new_symbol_add_to_image_and_library:	id: 182	x: 1930	y: 1213	
Records jb2_matched_symbol_with_refinement_add_to_image_and_library:	id: 183	x: 1934	y: 1210	
Records jb2_new_symbol_add_to_image_and_library:	id: 184	x: 1934	y: 1047	
Records jb2_new_symbol_add_to_image_and_library:	id: 185	x: 1935	y: 1175	
Records jb2_new_symbol_add_to_image_and_library:	id: 186	x: 1938	y: 1171	
Records jb2_new_symbol_add_to_image_and_library:	id: 187	x: 1944	y: 1159	
Records jb2_new_symbol_add_to_image_and_library:	id: 188	x: 1945	y: 1094	
Records jb2_new_symbol_add_to_image_and_library:	id: 189	x: 1945	y: 1060	
Records jb2_matched_symbol_with_refinement_add_to_image_and_library:	id: 190	x: 1948	y: 1190	
Records jb2_new_symbol_add_to_image_and_library:	id: 191	x: 1948	y: 1070	
Records jb2_matched_symbol_with_refinement_add_to_image_and_library:	id: 192	x: 1952	y: 1139	
Records jb2_matched_symbol_copy_to_image_without_refinement:	id: 123	x: 1953	y: 1152	
Records jb2_matched_symbol_copy_to_image_without_refinement:	id: 178	x: 1953	y: 1098	
Records jb2_new_symbol_add_to_image_and_library:	id: 193	x: 1954	y: 1148	
Records jb2_new_symbol_add_to_image_and_library:	id: 194	x: 1954	y: 1066	
Records jb2_new_symbol_add_to_image_and_library:	id: 195	x: 1955	y: 1131	
Records jb2_new_symbol_add_to_image_and_library:	id: 196	x: 1955	y: 1077	
Records jb2_new_symbol_add_to_image_and_library:	id: 197	x: 1956	y: 1140	
Records jb2_new_symbol_add_to_image_and_library:	id: 198	x: 1956	y: 1110	
Records jb2_new_symbol_add_to_image_and_library:	id: 199	x: 1961	y: 1127	
Records jb2_new_symbol_add_to_image_and_library:	id: 200	x: 1964	y: 1119	
Records jb2_new_symbol_add_to_image_and_library:	id: 201	x: 1966	y: 1112	
Records jb2_new_symbol_add_to_image_and_library:	id: 202	x: 1966	y: 1106	
Records jb2_new_symbol_add_to_image_and_library:	id: 203	x: 1967	y: 1101	
Records jb2_matched_symbol_with_refinement_add_to_image_and_library:	id: 204	x: 1905	y: 1041	
Records jb2_matched_symbol_with_refinement_add_to_image_and_library:	id: 205	x: 1909	y: 1041	
Records jb2_matched_symbol_copy_to_image_without_refinement:	id: 178	x: 1880	y: 1036	
Records jb2_new_symbol_add_to_image_and_library:	id: 206	x: 194	y: 928	
Records jb2_new_symbol_add_to_image_and_library:	id: 207	x: 425	y: 931	
Records jb2_matched_symbol_with_refinement_add_to_image_and_library:	id: 208	x: 448	y: 840	
Records jb2_new_symbol_add_to_image_and_library:	id: 209	x: 641	y: 931	
Records jb2_new_symbol_add_to_image_and_library:	id: 210	x: 900	y: 942	
Records jb2_new_symbol_add_to_image_and_library:	id: 211	x: 1143	y: 929	
Records jb2_new_symbol_add_to_image_and_library:	id: 212	x: 1177	y: 771	
Records jb2_new_symbol_add_to_image_and_library:	id: 213	x: 1179	y: 813	
Records jb2_new_symbol_add_to_image_and_library:	id: 214	x: 1339	y: 883	
Records jb2_new_symbol_add_to_image_and_library:	id: 215	x: 1369	y: 873	
Records jb2_new_symbol_add_to_image_and_library:	id: 216	x: 1404	y: 802	
Records jb2_new_symbol_add_to_image_and_library:	id: 217	x: 1813	y: 964	
Records jb2_matched_symbol_with_refinement_add_to_image_and_library:	id: 218	x: 1924	y: 852	
Records jb2_new_symbol_add_to_image_and_library:	id: 219	x: 220	y: 639	
Records jb2_new_symbol_add_to_image_and_library:	id: 220	x: 350	y: 641	
Records jb2_new_symbol_add_to_image_and_library:	id: 221	x: 677	y: 607	
Records jb2_new_symbol_add_to_image_and_library:	id: 222	x: 713	y: 535	
Records jb2_matched_symbol_with_refinement_add_to_image_and_library:	id: 223	x: 716	y: 538	
Records jb2_matched_symbol_with_refinement_add_to_image_and_library:	id: 224	x: 718	y: 542	
Records jb2_matched_symbol_with_refinement_add_to_image_and_library:	id: 225	x: 720	y: 546	
Records jb2_matched_symbol_with_refinement_add_to_image_and_library:	id: 226	x: 723	y: 550	
Records jb2_matched_symbol_with_refinement_add_to_image_and_library:	id: 227	x: 726	y: 552	
Records jb2_matched_symbol_with_refinement_add_to_image_and_library:	id: 228	x: 730	y: 556	
Records jb2_new_symbol_add_to_image_and_library:	id: 229	x: 730	y: 537	
Records jb2_matched_symbol_with_refinement_add_to_image_and_library:	id: 230	x: 733	y: 559	
Records jb2_new_symbol_add_to_image_and_library:	id: 231	x: 734	y: 515	
Records jb2_new_symbol_add_to_image_and_library:	id: 232	x: 737	y: 591	
Records jb2_matched_symbol_with_refinement_add_to_image_and_library:	id: 233	x: 737	y: 559	
Records jb2_new_symbol_add_to_image_and_library:	id: 234	x: 739	y: 568	
Records jb2_new_symbol_add_to_image_and_library:	id: 235	x: 741	y: 538	
Records jb2_matched_symbol_with_refinement_add_to_image_and_library:	id: 236	x: 742	y: 566	
Records jb2_new_symbol_add_to_image_and_library:	id: 237	x: 744	y: 597	
Records jb2_new_symbol_add_to_image_and_library:	id: 238	x: 746	y: 564	
Records jb2_matched_symbol_with_refinement_add_to_image_and_library:	id: 239	x: 753	y: 560	
Records jb2_new_symbol_add_to_image_and_library:	id: 240	x: 761	y: 552	
Records jb2_matched_symbol_with_refinement_add_to_image_and_library:	id: 241	x: 764	y: 550	
Records jb2_new_symbol_add_to_image_and_library:	id: 242	x: 774	y: 578	
Records jb2_matched_symbol_with_refinement_add_to_image_and_library:	id: 243	x: 781	y: 571	
Records jb2_matched_symbol_with_refinement_add_to_image_and_library:	id: 244	x: 786	y: 565	
Records jb2_new_symbol_add_to_image_and_library:	id: 245	x: 854	y: 652	
Records jb2_matched_symbol_with_refinement_add_to_image_and_library:	id: 246	x: 877	y: 481	
Records jb2_matched_symbol_with_refinement_add_to_image_and_library:	id: 247	x: 878	y: 468	
Records jb2_matched_symbol_with_refinement_add_to_image_and_library:	id: 248	x: 879	y: 488	
Records jb2_new_symbol_add_to_image_and_library:	id: 249	x: 879	y: 460	
Records jb2_matched_symbol_with_refinement_add_to_image_and_library:	id: 250	x: 932	y: 441	
Records jb2_new_symbol_add_to_image_and_library:	id: 251	x: 942	y: 577	
Records jb2_new_symbol_add_to_image_and_library:	id: 252	x: 1174	y: 627	
Records jb2_new_symbol_add_to_image_and_library:	id: 253	x: 1184	y: 612	
Records jb2_new_symbol_add_to_image_and_library:	id: 254	x: 1189	y: 611	
Records jb2_new_symbol_add_to_image_and_library:	id: 255	x: 1193	y: 619	
Records jb2_new_symbol_add_to_image_and_library:	id: 256	x: 1197	y: 619	
Records jb2_new_symbol_add_to_image_and_library:	id: 257	x: 1210	y: 616	
Records jb2_matched_symbol_with_refinement_add_to_image_and_library:	id: 258	x: 1210	y: 612	
Records jb2_new_symbol_add_to_image_and_library:	id: 259	x: 1220	y: 617	
Records jb2_matched_symbol_copy_to_image_without_refinement:	id: 123	x: 1242	y: 518	
Records jb2_new_symbol_add_to_image_and_library:	id: 260	x: 1345	y: 618	
Records jb2_matched_symbol_with_refinement_add_to_image_and_library:	id: 261	x: 1377	y: 489	
Records jb2_matched_symbol_with_refinement_add_to_image_and_library:	id: 262	x: 1377	y: 484	
Records jb2_matched_symbol_with_refinement_add_to_image_and_library:	id: 263	x: 1379	y: 494	
Records jb2_matched_symbol_with_refinement_add_to_image_and_library:	id: 264	x: 1382	y: 499	
Records jb2_matched_symbol_with_refinement_add_to_image_and_library:	id: 265	x: 1384	y: 503	
Records jb2_matched_symbol_copy_to_image_without_refinement:	id: 182	x: 1397	y: 431	
Records jb2_matched_symbol_with_refinement_add_to_image_and_library:	id: 266	x: 1418	y: 526	
Records jb2_new_symbol_add_to_image_and_library:	id: 267	x: 1441	y: 462	
Records jb2_new_symbol_add_to_image_and_library:	id: 268	x: 1599	y: 641	
Records jb2_matched_symbol_with_refinement_add_to_image_and_library:	id: 269	x: 1624	y: 468	
Records jb2_new_symbol_add_to_image_and_library:	id: 270	x: 1802	y: 613	
Records jb2_new_symbol_add_to_image_and_library:	id: 271	x: 1818	y: 590	
Records jb2_new_symbol_add_to_image_and_library:	id: 272	x: 1829	y: 498	
Records jb2_new_symbol_add_to_image_and_library:	id: 273	x: 1716	y: 413	
Records jb2_matched_symbol_with_refinement_add_to_image_and_library:	id: 274	x: 1601	y: 388	
Records jb2_new_symbol_add_to_image_and_library:	id: 275	x: 1811	y: 401	
Records jb2_matched_symbol_with_refinement_add_to_image_and_library:	id: 276	x: 1531	y: 247	
Records jb2_new_symbol_add_to_image_and_library:	id: 277	x: 0	y: 300	
Records jb2_new_symbol_add_to_image_and_library:	id: 278	x: 300	y: 11	
Records jb2_new_symbol_add_to_image_and_library:	id: 279	x: 600	y: 11	
Records jb2_new_symbol_add_to_image_and_library:	id: 280	x: 900	y: 11	
Records jb2_new_symbol_add_to_image_and_library:	id: 281	x: 1200	y: 13	
Records jb2_new_symbol_add_to_image_and_library:	id: 282	x: 1500	y: 14	
Records jb2_new_symbol_add_to_image_and_library:	id: 283	x: 1800	y: 300	
Records jb2_new_symbol_add_to_image_and_library:	id: 284	x: 0	y: 600	
Records jb2_new_symbol_add_to_image_and_library:	id: 285	x: 430	y: 559	
Records jb2_new_symbol_add_to_image_and_library:	id: 286	x: 710	y: 572	
Records jb2_new_symbol_add_to_image_and_library:	id: 287	x: 909	y: 588	
Records jb2_new_symbol_add_to_image_and_library:	id: 288	x: 1245	y: 529	
Records jb2_new_symbol_add_to_image_and_library:	id: 289	x: 1623	y: 463	
Records jb2_new_symbol_add_to_image_and_library:	id: 290	x: 1822	y: 600	
Records jb2_new_symbol_add_to_image_and_library:	id: 291	x: 0	y: 900	
Records jb2_new_symbol_add_to_image_and_library:	id: 292	x: 887	y: 765	
Records jb2_new_symbol_add_to_image_and_library:	id: 293	x: 1190	y: 618	
Records jb2_new_symbol_add_to_image_and_library:	id: 294	x: 1199	y: 619	
Records jb2_new_symbol_add_to_image_and_library:	id: 295	x: 2083	y: 900	
Records jb2_new_symbol_add_to_image_and_library:	id: 296	x: 0	y: 1200	
Records jb2_new_symbol_add_to_image_and_library:	id: 297	x: 839	y: 1075	
Records jb2_new_symbol_add_to_image_and_library:	id: 298	x: 1248	y: 1178	
Records jb2_new_symbol_add_to_image_and_library:	id: 299	x: 1806	y: 1200	
Records jb2_new_symbol_add_to_image_and_library:	id: 300	x: 0	y: 1500	
Records jb2_new_symbol_add_to_image_and_library:	id: 301	x: 433	y: 1496	
Records jb2_new_symbol_add_to_image_and_library:	id: 302	x: 750	y: 1442	
Records jb2_new_symbol_add_to_image_and_library:	id: 303	x: 1183	y: 1437	
Records jb2_new_symbol_add_to_image_and_library:	id: 304	x: 1338	y: 1481	
Records jb2_new_symbol_add_to_image_and_library:	id: 305	x: 1674	y: 1489	
Records jb2_new_symbol_add_to_image_and_library:	id: 306	x: 1849	y: 1500	
Records jb2_new_symbol_add_to_image_and_library:	id: 307	x: 0	y: 1800	
Records jb2_new_symbol_add_to_image_and_library:	id: 308	x: 370	y: 1539	
Records jb2_new_symbol_add_to_image_and_library:	id: 309	x: 1636	y: 1513	
Records jb2_new_symbol_add_to_image_and_library:	id: 310	x: 1885	y: 1800	
Records jb2_new_symbol_add_to_image_and_library:	id: 311	x: 0	y: 2100	
Records jb2_new_symbol_add_to_image_and_library:	id: 312	x: 300	y: 1935	
Records jb2_new_symbol_add_to_image_and_library:	id: 313	x: 600	y: 1935	
Records jb2_new_symbol_add_to_image_and_library:	id: 314	x: 900	y: 1936	
Records jb2_new_symbol_add_to_image_and_library:	id: 315	x: 1200	y: 1936	
Records jb2_new_symbol_add_to_image_and_library:	id: 316	x: 1500	y: 1937	
Records jb2_new_symbol_add_to_image_and_library:	id: 317	x: 1800	y: 2100	
Records jb2_new_symbol_add_to_image_and_library:	id: 318	x: 0	y: 2400	
Records jb2_new_symbol_add_to_image_and_library:	id: 319	x: 1313	y: 2234	
Records jb2_new_symbol_add_to_image_and_library:	id: 320	x: 2079	y: 2400	
Records jb2_new_symbol_add_to_image_and_library:	id: 321	x: 0	y: 2700	
Records jb2_new_symbol_add_to_image_and_library:	id: 322	x: 645	y: 2665	
Records jb2_new_symbol_add_to_image_and_library:	id: 323	x: 2078	y: 2700	
Records jb2_new_symbol_add_to_image_and_library:	id: 324	x: 0	y: 2992	
Records jb2_new_symbol_add_to_image_and_library:	id: 325	x: 300	y: 2992	
Records jb2_new_symbol_add_to_image_and_library:	id: 326	x: 600	y: 2992	
Records jb2_new_symbol_add_to_image_and_library:	id: 327	x: 900	y: 2992	
Records jb2_new_symbol_add_to_image_and_library:	id: 328	x: 1200	y: 2992	
Records jb2_new_symbol_add_to_image_and_library:	id: 329	x: 1500	y: 2992	
Records jb2_new_symbol_add_to_image_and_library:	id: 330	x: 1800	y: 2992	
Records jb2_end_of_data
