Records jb2_start_of_image
Records jb2_new_symbol_add_to_image_and_library:	id: 0	x: 1615	y: 2367	
Records jb2_new_symbol_add_to_image_and_library:	id: 1	x: 1847	y: 2209	
Records jb2_new_symbol_add_to_image_and_library:	id: 2	x: 1969	y: 2201	
Records jb2_new_symbol_add_to_image_and_library:	id: 3	x: 1969	y: 2159	
Records jb2_new_symbol_add_to_image_and_library:	id: 4	x: 1993	y: 2196	
Records jb2_new_symbol_add_to_image_and_library:	id: 5	x: 1996	y: 2191	
Records jb2_matched_symbol_with_refinement_add_to_image_and_library:	id: 6	x: 2000	y: 2184	
Records jb2_new_symbol_add_to_image_and_library:	id: 7	x: 1677	y: 2128	
Records jb2_new_symbol_add_to_image_and_library:	id: 8	x: 1996	y: 2152	
Records jb2_new_symbol_add_to_image_and_library:	id: 9	x: 1997	y: 2127	
Records jb2_matched_symbol_copy_to_image_without_refinement:	id: 9	x: 2003	y: 2150	
Records jb2_new_symbol_add_to_image_and_library:	id: 10	x: 1999	y: 2120	
Records jb2_new_symbol_add_to_image_and_library:	id: 11	x: 1998	y: 2114	
Records jb2_matched_symbol_with_refinement_add_to_image_and_library:	id: 12	x: 1997	y: 2099	
Records jb2_new_symbol_add_to_image_and_library:	id: 13	x: 349	y: 1409	
Records jb2_new_symbol_add_to_image_and_library:	id: 14	x: 585	y: 1176	
Records jb2_new_symbol_add_to_image_and_library:	id: 15	x: 1289	y: 895	
Records jb2_new_symbol_add_to_image_and_library:	id: 16	x: 1124	y: 751	
Records jb2_new_symbol_add_to_image_and_library:	id: 17	x: 664	y: 711	
Records jb2_new_symbol_add_to_image_and_library:	id: 18	x: 1429	y: 501	
Records jb2_new_symbol_add_to_image_and_library:	id: 19	x: 1458	y: 491	
Records jb2_matched_symbol_with_refinement_add_to_image_and_library:	id: 20	x: 1461	y: 500	
Records jb2_new_symbol_add_to_image_and_library:	id: 21	x: 1468	y: 500	
Records jb2_new_symbol_add_to_image_and_library:	id: 22	x: 1491	y: 500	
Records jb2_matched_symbol_with_refinement_add_to_image_and_library:	id: 23	x: 1503	y: 491	
Records jb2_matched_symbol_with_refinement_add_to_image_and_library:	id: 24	x: 1505	y: 500	
Records jb2_new_symbol_add_to_image_and_library:	id: 25	x: 1513	y: 491	
Records jb2_new_symbol_add_to_image_and_library:	id: 26	x: 1536	y: 495	
Records jb2_new_symbol_add_to_image_and_library:	id: 27	x: 1546	y: 491	
Records jb2_new_symbol_add_to_image_and_library:	id: 28	x: 1565	y: 499	
Records jb2_new_symbol_add_to_image_and_library:	id: 29	x: 1586	y: 490	
Records jb2_new_symbol_add_to_image_and_library:	id: 30	x: 1615	y: 497	
Records jb2_matched_symbol_with_refinement_add_to_image_and_library:	id: 31	x: 1645	y: 489	
Records jb2_new_symbol_add_to_image_and_library:	id: 32	x: 1665	y: 488	
Records jb2_matched_symbol_with_refinement_add_to_image_and_library:	id: 33	x: 1678	y: 488	
Records jb2_new_symbol_add_to_image_and_library:	id: 34	x: 1699	y: 496	
Records jb2_matched_symbol_with_refinement_add_to_image_and_library:	id: 35	x: 1720	y: 487	
Records jb2_new_symbol_add_to_image_and_library:	id: 36	x: 1740	y: 486	
Records jb2_matched_symbol_with_refinement_add_to_image_and_library:	id: 37	x: 1751	y: 486	
Records jb2_new_symbol_add_to_image_and_library:	id: 38	x: 1764	y: 486	
Records jb2_matched_symbol_with_refinement_add_to_image_and_library:	id: 39	x: 1770	y: 486	
Records jb2_new_symbol_add_to_image_and_library:	id: 40	x: 847	y: 429	
Records jb2_new_symbol_add_to_image_and_library:	id: 41	x: 857	y: 430	
Records jb2_new_symbol_add_to_image_and_library:	id: 42	x: 878	y: 429	
Records jb2_new_symbol_add_to_image_and_library:	id: 43	x: 899	y: 429	
Records jb2_new_symbol_add_to_image_and_library:	id: 44	x: 948	y: 429	
Records jb2_new_symbol_add_to_image_and_library:	id: 45	x: 970	y: 430	
Records jb2_new_symbol_add_to_image_and_library:	id: 46	x: 997	y: 412	
Records jb2_new_symbol_add_to_image_and_library:	id: 47	x: 1016	y: 430	
Records jb2_new_symbol_add_to_image_and_library:	id: 48	x: 1042	y: 429	
Records jb2_matched_symbol_with_refinement_add_to_image_and_library:	id: 49	x: 1061	y: 430	
Records jb2_new_symbol_add_to_image_and_library:	id: 50	x: 1085	y: 430	
Records jb2_matched_symbol_with_refinement_add_to_image_and_library:	id: 51	x: 1110	y: 412	
Records jb2_new_symbol_add_to_image_and_library:	id: 52	x: 1128	y: 430	
Records jb2_matched_symbol_with_refinement_add_to_image_and_library:	id: 53	x: 1151	y: 431	
Records jb2_matched_symbol_with_refinement_add_to_image_and_library:	id: 54	x: 1174	y: 430	
Records jb2_matched_symbol_with_refinement_add_to_image_and_library:	id: 55	x: 1200	y: 412	
Records jb2_matched_symbol_with_refinement_add_to_image_and_library:	id: 56	x: 1219	y: 431	
Records jb2_matched_symbol_copy_to_image_without_refinement:	id: 9	x: 1383	y: 323	
Records jb2_new_symbol_add_to_image_and_library:	id: 57	x: 1408	y: 412	
Records jb2_matched_symbol_with_refinement_add_to_image_and_library:	id: 58	x: 1414	y: 411	
Records jb2_new_symbol_add_to_image_and_library:	id: 59	x: 1420	y: 411	
Records jb2_matched_symbol_with_refinement_add_to_image_and_library:	id: 60	x: 1432	y: 411	
Records jb2_matched_symbol_with_refinement_add_to_image_and_library:	id: 61	x: 1444	y: 410	
Records jb2_matched_symbol_with_refinement_add_to_image_and_library:	id: 62	x: 1456	y: 410	
Records jb2_new_symbol_add_to_image_and_library:	id: 63	x: 1468	y: 410	
Records jb2_matched_symbol_with_refinement_add_to_image_and_library:	id: 64	x: 1474	y: 410	
Records jb2_matched_symbol_with_refinement_add_to_image_and_library:	id: 65	x: 1480	y: 410	
Records jb2_matched_symbol_with_refinement_add_to_image_and_library:	id: 66	x: 1485	y: 410	
Records jb2_matched_symbol_with_refinement_add_to_image_and_library:	id: 67	x: 1503	y: 410	
Records jb2_matched_symbol_with_refinement_add_to_image_and_library:	id: 68	x: 1521	y: 409	
Records jb2_new_symbol_add_to_image_and_library:	id: 69	x: 1523	y: 458	
Records jb2_matched_symbol_with_refinement_add_to_image_and_library:	id: 70	x: 1527	y: 409	
Records jb2_new_symbol_add_to_image_and_library:	id: 71	x: 1535	y: 457	
Records jb2_matched_symbol_with_refinement_add_to_image_and_library:	id: 72	x: 1539	y: 409	
Records jb2_matched_symbol_with_refinement_add_to_image_and_library:	id: 73	x: 1545	y: 409	
Records jb2_matched_symbol_with_refinement_add_to_image_and_library:	id: 74	x: 1557	y: 409	
Records jb2_new_symbol_add_to_image_and_library:	id: 75	x: 1561	y: 440	
Records jb2_new_symbol_add_to_image_and_library:	id: 76	x: 1562	y: 449	
Records jb2_matched_symbol_with_refinement_add_to_image_and_library:	id: 77	x: 1569	y: 409	
Records jb2_matched_symbol_with_refinement_add_to_image_and_library:	id: 78	x: 1580	y: 448	
Records jb2_matched_symbol_with_refinement_add_to_image_and_library:	id: 79	x: 1580	y: 408	
Records jb2_new_symbol_add_to_image_and_library:	id: 80	x: 1594	y: 448	
Records jb2_matched_symbol_with_refinement_add_to_image_and_library:	id: 81	x: 1598	y: 408	
Records jb2_new_symbol_add_to_image_and_library:	id: 82	x: 1610	y: 447	
Records jb2_matched_symbol_with_refinement_add_to_image_and_library:	id: 83	x: 1610	y: 408	
Records jb2_matched_symbol_with_refinement_add_to_image_and_library:	id: 84	x: 1616	y: 407	
Records jb2_matched_symbol_with_refinement_add_to_image_and_library:	id: 85	x: 1622	y: 408	
Records jb2_matched_symbol_with_refinement_add_to_image_and_library:	id: 86	x: 1628	y: 448	
Records jb2_matched_symbol_with_refinement_add_to_image_and_library:	id: 87	x: 1634	y: 407	
Records jb2_matched_symbol_with_refinement_add_to_image_and_library:	id: 88	x: 1640	y: 407	
Records jb2_matched_symbol_with_refinement_add_to_image_and_library:	id: 89	x: 1646	y: 446	
Records jb2_matched_symbol_with_refinement_add_to_image_and_library:	id: 90	x: 1658	y: 446	
Records jb2_matched_symbol_with_refinement_add_to_image_and_library:	id: 91	x: 1658	y: 407	
Records jb2_matched_symbol_with_refinement_add_to_image_and_library:	id: 92	x: 1670	y: 407	
Records jb2_matched_symbol_with_refinement_add_to_image_and_library:	id: 93	x: 1671	y: 446	
Records jb2_matched_symbol_with_refinement_add_to_image_and_library:	id: 94	x: 1676	y: 447	
Records jb2_matched_symbol_with_refinement_add_to_image_and_library:	id: 95	x: 1676	y: 407	
Records jb2_matched_symbol_with_refinement_add_to_image_and_library:	id: 96	x: 1688	y: 406	
Records jb2_matched_symbol_with_refinement_add_to_image_and_library:	id: 97	x: 1699	y: 406	
Records jb2_matched_symbol_with_refinement_add_to_image_and_library:	id: 98	x: 1717	y: 406	
Records jb2_matched_symbol_with_refinement_add_to_image_and_library:	id: 99	x: 1723	y: 406	
Records jb2_matched_symbol_with_refinement_add_to_image_and_library:	id: 100	x: 1729	y: 406	
Records jb2_matched_symbol_with_refinement_add_to_image_and_library:	id: 101	x: 1741	y: 406	
Records jb2_matched_symbol_with_refinement_add_to_image_and_library:	id: 102	x: 1759	y: 405	
Records jb2_matched_symbol_with_refinement_add_to_image_and_library:	id: 103	x: 1765	y: 405	
Records jb2_matched_symbol_with_refinement_add_to_image_and_library:	id: 104	x: 1777	y: 405	
Records jb2_matched_symbol_with_refinement_add_to_image_and_library:	id: 105	x: 1788	y: 404	
Records jb2_matched_symbol_with_refinement_add_to_image_and_library:	id: 106	x: 1794	y: 405	
Records jb2_matched_symbol_with_refinement_add_to_image_and_library:	id: 107	x: 1806	y: 404	
Records jb2_new_symbol_add_to_image_and_library:	id: 108	x: 1476	y: 272	
Records jb2_new_symbol_add_to_image_and_library:	id: 109	x: 1495	y: 272	
Records jb2_matched_symbol_with_refinement_add_to_image_and_library:	id: 110	x: 1514	y: 272	
Records jb2_matched_symbol_with_refinement_add_to_image_and_library:	id: 111	x: 1532	y: 271	
Records jb2_new_symbol_add_to_image_and_library:	id: 112	x: 1554	y: 270	
Records jb2_matched_symbol_with_refinement_add_to_image_and_library:	id: 113	x: 1570	y: 271	
Records jb2_matched_symbol_with_refinement_add_to_image_and_library:	id: 114	x: 1591	y: 270	
Records jb2_matched_symbol_with_refinement_add_to_image_and_library:	id: 115	x: 1608	y: 270	
Records jb2_matched_symbol_with_refinement_add_to_image_and_library:	id: 116	x: 1626	y: 269	
Records jb2_new_symbol_add_to_image_and_library:	id: 117	x: 1645	y: 269	
Records jb2_matched_symbol_with_refinement_add_to_image_and_library:	id: 118	x: 1664	y: 269	
Records jb2_matched_symbol_with_refinement_add_to_image_and_library:	id: 119	x: 1683	y: 269	
Records jb2_new_symbol_add_to_image_and_library:	id: 120	x: 1702	y: 268	
Records jb2_matched_symbol_with_refinement_add_to_image_and_library:	id: 121	x: 1720	y: 268	
Records jb2_matched_symbol_with_refinement_add_to_image_and_library:	id: 122	x: 626	y: 219	
Records jb2_new_symbol_add_to_image_and_library:	id: 123	x: 0	y: 300	
Records jb2_new_symbol_add_to_image_and_library:	id: 124	x: 300	y: 8	
Records jb2_new_symbol_add_to_image_and_library:	id: 125	x: 600	y: 9	
Records jb2_new_symbol_add_to_image_and_library:	id: 126	x: 900	y: 10	
Records jb2_new_symbol_add_to_image_and_library:	id: 127	x: 1200	y: 13	
Records jb2_new_symbol_add_to_image_and_library:	id: 128	x: 1500	y: 13	
Records jb2_new_symbol_add_to_image_and_library:	id: 129	x: 1800	y: 300	
Records jb2_new_symbol_add_to_image_and_library:	id: 130	x: 0	y: 600	
Records jb2_new_symbol_add_to_image_and_library:	id: 131	x: 1383	y: 326	
Records jb2_new_symbol_add_to_image_and_library:	id: 132	x: 2070	y: 600	
Records jb2_new_symbol_add_to_image_and_library:	id: 133	x: 0	y: 900	
Records jb2_new_symbol_add_to_image_and_library:	id: 134	x: 2071	y: 900	
Records jb2_new_symbol_add_to_image_and_library:	id: 135	x: 0	y: 1200	
Records jb2_new_symbol_add_to_image_and_library:	id: 136	x: 2070	y: 1200	
Records jb2_new_symbol_add_to_image_and_library:	id: 137	x: 0	y: 1500	
Records jb2_new_symbol_add_to_image_and_library:	id: 138	x: 2069	y: 1500	
Records jb2_new_symbol_add_to_image_and_library:	id: 139	x: 0	y: 1800	
Records jb2_new_symbol_add_to_image_and_library:	id: 140	x: 2067	y: 1800	
Records jb2_new_symbol_add_to_image_and_library:	id: 141	x: 0	y: 2100	
Records jb2_new_symbol_add_to_image_and_library:	id: 142	x: 1962	y: 2100	
Records jb2_new_symbol_add_to_image_and_library:	id: 143	x: 0	y: 2400	
Records jb2_new_symbol_add_to_image_and_library:	id: 144	x: 1665	y: 2369	
Records jb2_new_symbol_add_to_image_and_library:	id: 145	x: 1968	y: 2400	
Records jb2_new_symbol_add_to_image_and_library:	id: 146	x: 0	y: 2700	
Records jb2_new_symbol_add_to_image_and_library:	id: 147	x: 2058	y: 2700	
Records jb2_new_symbol_add_to_image_and_library:	id: 148	x: 0	y: 2987	
Records jb2_new_symbol_add_to_image_and_library:	id: 149	x: 300	y: 2987	
Records jb2_new_symbol_add_to_image_and_library:	id: 150	x: 600	y: 2987	
Records jb2_new_symbol_add_to_image_and_library:	id: 151	x: 900	y: 2987	
Records jb2_new_symbol_add_to_image_and_library:	id: 152	x: 1200	y: 2987	
Records jb2_new_symbol_add_to_image_and_library:	id: 153	x: 1500	y: 2987	
Records jb2_new_symbol_add_to_image_and_library:	id: 154	x: 1800	y: 2987	
Records jb2_end_of_data
