Records jb2_start_of_image
Records jb2_new_symbol_add_to_image_and_library:	id: 0	x: 218	y: 2667	
Records jb2_new_symbol_add_to_image_and_library:	id: 1	x: 252	y: 2677	
Records jb2_new_symbol_add_to_image_and_library:	id: 2	x: 281	y: 2664	
Records jb2_new_symbol_add_to_image_and_library:	id: 3	x: 341	y: 2679	
Records jb2_new_symbol_add_to_image_and_library:	id: 4	x: 370	y: 2671	
Records jb2_new_symbol_add_to_image_and_library:	id: 5	x: 408	y: 2674	
Records jb2_new_symbol_add_to_image_and_library:	id: 6	x: 413	y: 2673	
Records jb2_new_symbol_add_to_image_and_library:	id: 7	x: 456	y: 2672	
Records jb2_new_symbol_add_to_image_and_library:	id: 8	x: 518	y: 2674	
Records jb2_new_symbol_add_to_image_and_library:	id: 9	x: 549	y: 2672	
Records jb2_new_symbol_add_to_image_and_library:	id: 10	x: 567	y: 2673	
Records jb2_new_symbol_add_to_image_and_library:	id: 11	x: 613	y: 2684	
Records jb2_new_symbol_add_to_image_and_library:	id: 12	x: 628	y: 2675	
Records jb2_new_symbol_add_to_image_and_library:	id: 13	x: 644	y: 2673	
Records jb2_new_symbol_add_to_image_and_library:	id: 14	x: 672	y: 2676	
Records jb2_new_symbol_add_to_image_and_library:	id: 15	x: 761	y: 2669	
Records jb2_matched_symbol_with_refinement_add_to_image_and_library:	id: 16	x: 830	y: 2673	
Records jb2_new_symbol_add_to_image_and_library:	id: 17	x: 847	y: 2670	
Records jb2_matched_symbol_with_refinement_add_to_image_and_library:	id: 18	x: 890	y: 2681	
Records jb2_new_symbol_add_to_image_and_library:	id: 19	x: 973	y: 2671	
Records jb2_new_symbol_add_to_image_and_library:	id: 20	x: 1000	y: 2681	
Records jb2_new_symbol_add_to_image_and_library:	id: 21	x: 1081	y: 2639	
Records jb2_new_symbol_add_to_image_and_library:	id: 22	x: 1192	y: 2682	
Records jb2_new_symbol_add_to_image_and_library:	id: 23	x: 1221	y: 2673	
Records jb2_new_symbol_add_to_image_and_library:	id: 24	x: 1251	y: 2675	
Records jb2_new_symbol_add_to_image_and_library:	id: 25	x: 1253	y: 2684	
Records jb2_matched_symbol_with_refinement_add_to_image_and_library:	id: 26	x: 1258	y: 2683	
Records jb2_new_symbol_add_to_image_and_library:	id: 27	x: 1324	y: 2678	
Records jb2_new_symbol_add_to_image_and_library:	id: 28	x: 1356	y: 2682	
Records jb2_new_symbol_add_to_image_and_library:	id: 29	x: 1408	y: 2679	
Records jb2_new_symbol_add_to_image_and_library:	id: 30	x: 1456	y: 2679	
Records jb2_new_symbol_add_to_image_and_library:	id: 31	x: 221	y: 2617	
Records jb2_new_symbol_add_to_image_and_library:	id: 32	x: 246	y: 2606	
Records jb2_new_symbol_add_to_image_and_library:	id: 33	x: 264	y: 2605	
Records jb2_new_symbol_add_to_image_and_library:	id: 34	x: 271	y: 2614	
Records jb2_new_symbol_add_to_image_and_library:	id: 35	x: 282	y: 2608	
Records jb2_matched_symbol_with_refinement_add_to_image_and_library:	id: 36	x: 327	y: 2617	
Records jb2_new_symbol_add_to_image_and_library:	id: 37	x: 337	y: 2618	
Records jb2_matched_symbol_with_refinement_add_to_image_and_library:	id: 38	x: 364	y: 2613	
Records jb2_new_symbol_add_to_image_and_library:	id: 39	x: 381	y: 2610	
Records jb2_new_symbol_add_to_image_and_library:	id: 40	x: 399	y: 2608	
Records jb2_matched_symbol_with_refinement_add_to_image_and_library:	id: 41	x: 421	y: 2616	
Records jb2_new_symbol_add_to_image_and_library:	id: 42	x: 459	y: 2617	
Records jb2_new_symbol_add_to_image_and_library:	id: 43	x: 499	y: 2615	
Records jb2_new_symbol_add_to_image_and_library:	id: 44	x: 551	y: 2620	
Records jb2_new_symbol_add_to_image_and_library:	id: 45	x: 580	y: 2615	
Records jb2_new_symbol_add_to_image_and_library:	id: 46	x: 607	y: 2624	
Records jb2_new_symbol_add_to_image_and_library:	id: 47	x: 621	y: 2613	
Records jb2_new_symbol_add_to_image_and_library:	id: 48	x: 660	y: 2612	
Records jb2_new_symbol_add_to_image_and_library:	id: 49	x: 688	y: 2611	
Records jb2_new_symbol_add_to_image_and_library:	id: 50	x: 696	y: 2619	
Records jb2_matched_symbol_with_refinement_add_to_image_and_library:	id: 51	x: 735	y: 2609	
Records jb2_matched_symbol_with_refinement_add_to_image_and_library:	id: 52	x: 755	y: 2612	
Records jb2_new_symbol_add_to_image_and_library:	id: 53	x: 778	y: 2611	
Records jb2_new_symbol_add_to_image_and_library:	id: 54	x: 821	y: 2621	
Records jb2_matched_symbol_with_refinement_add_to_image_and_library:	id: 55	x: 884	y: 2610	
Records jb2_new_symbol_add_to_image_and_library:	id: 56	x: 893	y: 2619	
Records jb2_matched_symbol_with_refinement_add_to_image_and_library:	id: 57	x: 907	y: 2611	
Records jb2_new_symbol_add_to_image_and_library:	id: 58	x: 949	y: 2610	
Records jb2_new_symbol_add_to_image_and_library:	id: 59	x: 977	y: 2613	
Records jb2_matched_symbol_with_refinement_add_to_image_and_library:	id: 60	x: 1001	y: 2621	
Records jb2_matched_symbol_with_refinement_add_to_image_and_library:	id: 61	x: 1006	y: 2608	
Records jb2_new_symbol_add_to_image_and_library:	id: 62	x: 1019	y: 2612	
Records jb2_new_symbol_add_to_image_and_library:	id: 63	x: 1080	y: 2611	
Records jb2_matched_symbol_with_refinement_add_to_image_and_library:	id: 64	x: 1108	y: 2610	
Records jb2_new_symbol_add_to_image_and_library:	id: 65	x: 1132	y: 2624	
Records jb2_matched_symbol_with_refinement_add_to_image_and_library:	id: 66	x: 1186	y: 2614	
Records jb2_matched_symbol_with_refinement_add_to_image_and_library:	id: 67	x: 1203	y: 2614	
Records jb2_matched_symbol_with_refinement_add_to_image_and_library:	id: 68	x: 1234	y: 2616	
Records jb2_new_symbol_add_to_image_and_library:	id: 69	x: 1267	y: 2616	
Records jb2_matched_symbol_with_refinement_add_to_image_and_library:	id: 70	x: 1304	y: 2624	
Records jb2_new_symbol_add_to_image_and_library:	id: 71	x: 1329	y: 2616	
Records jb2_matched_symbol_with_refinement_add_to_image_and_library:	id: 72	x: 1354	y: 2623	
Records jb2_matched_symbol_with_refinement_add_to_image_and_library:	id: 73	x: 1467	y: 2610	
Records jb2_new_symbol_add_to_image_and_library:	id: 74	x: 1475	y: 2620	
Records jb2_new_symbol_add_to_image_and_library:	id: 75	x: 1481	y: 2612	
Records jb2_new_symbol_add_to_image_and_library:	id: 76	x: 692	y: 2575	
Records jb2_new_symbol_add_to_image_and_library:	id: 77	x: 222	y: 2550	
Records jb2_matched_symbol_with_refinement_add_to_image_and_library:	id: 78	x: 255	y: 2549	
Records jb2_matched_symbol_with_refinement_add_to_image_and_library:	id: 79	x: 273	y: 2549	
Records jb2_new_symbol_add_to_image_and_library:	id: 80	x: 280	y: 2560	
Records jb2_new_symbol_add_to_image_and_library:	id: 81	x: 287	y: 2550	
Records jb2_matched_symbol_with_refinement_add_to_image_and_library:	id: 82	x: 312	y: 2550	
Records jb2_new_symbol_add_to_image_and_library:	id: 83	x: 328	y: 2551	
Records jb2_new_symbol_add_to_image_and_library:	id: 84	x: 364	y: 2566	
Records jb2_matched_symbol_with_refinement_add_to_image_and_library:	id: 85	x: 377	y: 2555	
Records jb2_matched_symbol_with_refinement_add_to_image_and_library:	id: 86	x: 405	y: 2557	
Records jb2_matched_symbol_with_refinement_add_to_image_and_library:	id: 87	x: 425	y: 2558	
Records jb2_new_symbol_add_to_image_and_library:	id: 88	x: 460	y: 2559	
Records jb2_new_symbol_add_to_image_and_library:	id: 89	x: 472	y: 2543	
Records jb2_new_symbol_add_to_image_and_library:	id: 90	x: 490	y: 2559	
Records jb2_matched_symbol_with_refinement_add_to_image_and_library:	id: 91	x: 545	y: 2559	
Records jb2_new_symbol_add_to_image_and_library:	id: 92	x: 568	y: 2567	
Records jb2_matched_symbol_with_refinement_add_to_image_and_library:	id: 93	x: 581	y: 2557	
Records jb2_matched_symbol_with_refinement_add_to_image_and_library:	id: 94	x: 609	y: 2556	
Records jb2_matched_symbol_with_refinement_add_to_image_and_library:	id: 95	x: 635	y: 2557	
Records jb2_matched_symbol_with_refinement_add_to_image_and_library:	id: 96	x: 660	y: 2555	
Records jb2_new_symbol_add_to_image_and_library:	id: 97	x: 689	y: 2554	
Records jb2_new_symbol_add_to_image_and_library:	id: 98	x: 727	y: 2564	
Records jb2_matched_symbol_with_refinement_add_to_image_and_library:	id: 99	x: 776	y: 2551	
Records jb2_new_symbol_add_to_image_and_library:	id: 100	x: 801	y: 2554	
Records jb2_matched_symbol_with_refinement_add_to_image_and_library:	id: 101	x: 828	y: 2563	
Records jb2_new_symbol_add_to_image_and_library:	id: 102	x: 834	y: 2554	
Records jb2_new_symbol_add_to_image_and_library:	id: 103	x: 865	y: 2567	
Records jb2_matched_symbol_with_refinement_add_to_image_and_library:	id: 104	x: 938	y: 2556	
Records jb2_matched_symbol_with_refinement_add_to_image_and_library:	id: 105	x: 946	y: 2566	
Records jb2_new_symbol_add_to_image_and_library:	id: 106	x: 990	y: 2555	
Records jb2_new_symbol_add_to_image_and_library:	id: 107	x: 1038	y: 2555	
Records jb2_new_symbol_add_to_image_and_library:	id: 108	x: 1089	y: 2555	
Records jb2_matched_symbol_with_refinement_add_to_image_and_library:	id: 109	x: 1156	y: 2555	
Records jb2_matched_symbol_with_refinement_add_to_image_and_library:	id: 110	x: 1165	y: 2564	
Records jb2_matched_symbol_with_refinement_add_to_image_and_library:	id: 111	x: 1198	y: 2554	
Records jb2_matched_symbol_with_refinement_add_to_image_and_library:	id: 112	x: 1216	y: 2555	
Records jb2_matched_symbol_with_refinement_add_to_image_and_library:	id: 113	x: 1224	y: 2564	
Records jb2_new_symbol_add_to_image_and_library:	id: 114	x: 1243	y: 2568	
Records jb2_matched_symbol_with_refinement_add_to_image_and_library:	id: 115	x: 1338	y: 2555	
Records jb2_matched_symbol_with_refinement_add_to_image_and_library:	id: 116	x: 1357	y: 2559	
Records jb2_new_symbol_add_to_image_and_library:	id: 117	x: 1385	y: 2540	
Records jb2_new_symbol_add_to_image_and_library:	id: 118	x: 1407	y: 2562	
Records jb2_matched_symbol_with_refinement_add_to_image_and_library:	id: 119	x: 1447	y: 2560	
Records jb2_matched_symbol_with_refinement_add_to_image_and_library:	id: 120	x: 1472	y: 2565	
Records jb2_new_symbol_add_to_image_and_library:	id: 121	x: 1485	y: 2556	
Records jb2_matched_symbol_with_refinement_add_to_image_and_library:	id: 122	x: 221	y: 2493	
Records jb2_new_symbol_add_to_image_and_library:	id: 123	x: 267	y: 2505	
Records jb2_new_symbol_add_to_image_and_library:	id: 124	x: 291	y: 2496	
Records jb2_matched_symbol_with_refinement_add_to_image_and_library:	id: 125	x: 299	y: 2504	
Records jb2_matched_symbol_with_refinement_add_to_image_and_library:	id: 126	x: 366	y: 2497	
Records jb2_new_symbol_add_to_image_and_library:	id: 127	x: 373	y: 2509	
Records jb2_new_symbol_add_to_image_and_library:	id: 128	x: 380	y: 2499	
Records jb2_matched_symbol_with_refinement_add_to_image_and_library:	id: 129	x: 413	y: 2500	
Records jb2_matched_symbol_with_refinement_add_to_image_and_library:	id: 130	x: 442	y: 2501	
Records jb2_matched_symbol_with_refinement_add_to_image_and_library:	id: 131	x: 485	y: 2499	
Records jb2_matched_symbol_with_refinement_add_to_image_and_library:	id: 132	x: 513	y: 2499	
Records jb2_matched_symbol_with_refinement_add_to_image_and_library:	id: 133	x: 519	y: 2507	
Records jb2_matched_symbol_with_refinement_add_to_image_and_library:	id: 134	x: 532	y: 2502	
Records jb2_matched_symbol_with_refinement_add_to_image_and_library:	id: 135	x: 560	y: 2499	
Records jb2_matched_symbol_with_refinement_add_to_image_and_library:	id: 136	x: 568	y: 2510	
Records jb2_new_symbol_add_to_image_and_library:	id: 137	x: 575	y: 2505	
Records jb2_new_symbol_add_to_image_and_library:	id: 138	x: 585	y: 2511	
Records jb2_new_symbol_add_to_image_and_library:	id: 139	x: 617	y: 2509	
Records jb2_new_symbol_add_to_image_and_library:	id: 140	x: 623	y: 2498	
Records jb2_new_symbol_add_to_image_and_library:	id: 141	x: 663	y: 2509	
Records jb2_new_symbol_add_to_image_and_library:	id: 142	x: 736	y: 2508	
Records jb2_matched_symbol_with_refinement_add_to_image_and_library:	id: 143	x: 774	y: 2506	
Records jb2_new_symbol_add_to_image_and_library:	id: 144	x: 779	y: 2498	
Records jb2_matched_symbol_with_refinement_add_to_image_and_library:	id: 145	x: 807	y: 2508	
Records jb2_matched_symbol_with_refinement_add_to_image_and_library:	id: 146	x: 814	y: 2502	
Records jb2_new_symbol_add_to_image_and_library:	id: 147	x: 837	y: 2504	
Records jb2_matched_symbol_with_refinement_add_to_image_and_library:	id: 148	x: 879	y: 2500	
Records jb2_new_symbol_add_to_image_and_library:	id: 149	x: 922	y: 2503	
Records jb2_matched_symbol_with_refinement_add_to_image_and_library:	id: 150	x: 979	y: 2502	
Records jb2_new_symbol_add_to_image_and_library:	id: 151	x: 1005	y: 2502	
Records jb2_new_symbol_add_to_image_and_library:	id: 152	x: 1063	y: 2514	
Records jb2_matched_symbol_with_refinement_add_to_image_and_library:	id: 153	x: 1142	y: 2506	
Records jb2_new_symbol_add_to_image_and_library:	id: 154	x: 1156	y: 2509	
Records jb2_new_symbol_add_to_image_and_library:	id: 155	x: 1203	y: 2500	
Records jb2_matched_symbol_with_refinement_add_to_image_and_library:	id: 156	x: 1270	y: 2500	
Records jb2_matched_symbol_with_refinement_add_to_image_and_library:	id: 157	x: 1297	y: 2508	
Records jb2_new_symbol_add_to_image_and_library:	id: 158	x: 1307	y: 2508	
Records jb2_new_symbol_add_to_image_and_library:	id: 159	x: 1385	y: 2499	
Records jb2_new_symbol_add_to_image_and_library:	id: 160	x: 1403	y: 2499	
Records jb2_matched_symbol_with_refinement_add_to_image_and_library:	id: 161	x: 1456	y: 2499	
Records jb2_new_symbol_add_to_image_and_library:	id: 162	x: 1486	y: 2510	
Records jb2_matched_symbol_with_refinement_add_to_image_and_library:	id: 163	x: 221	y: 2438	
Records jb2_matched_symbol_with_refinement_add_to_image_and_library:	id: 164	x: 247	y: 2447	
Records jb2_matched_symbol_with_refinement_add_to_image_and_library:	id: 165	x: 253	y: 2437	
Records jb2_matched_symbol_with_refinement_add_to_image_and_library:	id: 166	x: 282	y: 2450	
Records jb2_new_symbol_add_to_image_and_library:	id: 167	x: 338	y: 2440	
Records jb2_new_symbol_add_to_image_and_library:	id: 168	x: 369	y: 2445	
Records jb2_new_symbol_add_to_image_and_library:	id: 169	x: 425	y: 2443	
Records jb2_matched_symbol_with_refinement_add_to_image_and_library:	id: 170	x: 427	y: 2454	
Records jb2_new_symbol_add_to_image_and_library:	id: 171	x: 453	y: 2445	
Records jb2_matched_symbol_with_refinement_add_to_image_and_library:	id: 172	x: 505	y: 2452	
Records jb2_matched_symbol_with_refinement_add_to_image_and_library:	id: 173	x: 528	y: 2441	
Records jb2_matched_symbol_with_refinement_add_to_image_and_library:	id: 174	x: 557	y: 2441	
Records jb2_matched_symbol_with_refinement_add_to_image_and_library:	id: 175	x: 626	y: 2442	
Records jb2_matched_symbol_with_refinement_add_to_image_and_library:	id: 176	x: 655	y: 2443	
Records jb2_matched_symbol_with_refinement_add_to_image_and_library:	id: 177	x: 683	y: 2441	
Records jb2_matched_symbol_with_refinement_add_to_image_and_library:	id: 178	x: 711	y: 2442	
Records jb2_matched_symbol_with_refinement_add_to_image_and_library:	id: 179	x: 718	y: 2452	
Records jb2_matched_symbol_with_refinement_add_to_image_and_library:	id: 180	x: 727	y: 2441	
Records jb2_matched_symbol_with_refinement_add_to_image_and_library:	id: 181	x: 768	y: 2441	
Records jb2_matched_symbol_with_refinement_add_to_image_and_library:	id: 182	x: 775	y: 2453	
Records jb2_matched_symbol_with_refinement_add_to_image_and_library:	id: 183	x: 782	y: 2444	
Records jb2_matched_symbol_with_refinement_add_to_image_and_library:	id: 184	x: 818	y: 2454	
Records jb2_new_symbol_add_to_image_and_library:	id: 185	x: 832	y: 2456	
Records jb2_matched_symbol_with_refinement_add_to_image_and_library:	id: 186	x: 883	y: 2447	
Records jb2_matched_symbol_with_refinement_add_to_image_and_library:	id: 187	x: 912	y: 2445	
Records jb2_matched_symbol_with_refinement_add_to_image_and_library:	id: 188	x: 931	y: 2445	
Records jb2_new_symbol_add_to_image_and_library:	id: 189	x: 960	y: 2449	
Records jb2_matched_symbol_copy_to_image_without_refinement:	id: 80	x: 1031	y: 2456	
Records jb2_new_symbol_add_to_image_and_library:	id: 190	x: 1072	y: 2455	
Records jb2_new_symbol_add_to_image_and_library:	id: 191	x: 1197	y: 2460	
Records jb2_matched_symbol_with_refinement_add_to_image_and_library:	id: 192	x: 1240	y: 2442	
Records jb2_new_symbol_add_to_image_and_library:	id: 193	x: 1292	y: 2452	
Records jb2_new_symbol_add_to_image_and_library:	id: 194	x: 1333	y: 2444	
Records jb2_matched_symbol_with_refinement_add_to_image_and_library:	id: 195	x: 1399	y: 2451	
Records jb2_new_symbol_add_to_image_and_library:	id: 196	x: 1414	y: 2442	
Records jb2_new_symbol_add_to_image_and_library:	id: 197	x: 996	y: 2407	
Records jb2_new_symbol_add_to_image_and_library:	id: 198	x: 219	y: 2392	
Records jb2_matched_symbol_with_refinement_add_to_image_and_library:	id: 199	x: 255	y: 2381	
Records jb2_matched_symbol_with_refinement_add_to_image_and_library:	id: 200	x: 283	y: 2383	
Records jb2_matched_symbol_with_refinement_add_to_image_and_library:	id: 201	x: 310	y: 2384	
Records jb2_new_symbol_add_to_image_and_library:	id: 202	x: 339	y: 2386	
Records jb2_matched_symbol_with_refinement_add_to_image_and_library:	id: 203	x: 407	y: 2384	
Records jb2_matched_symbol_with_refinement_add_to_image_and_library:	id: 204	x: 425	y: 2365	
Records jb2_new_symbol_add_to_image_and_library:	id: 205	x: 437	y: 2395	
Records jb2_new_symbol_add_to_image_and_library:	id: 206	x: 480	y: 2392	
Records jb2_new_symbol_add_to_image_and_library:	id: 207	x: 520	y: 2384	
Records jb2_matched_symbol_with_refinement_add_to_image_and_library:	id: 208	x: 528	y: 2394	
Records jb2_matched_symbol_with_refinement_add_to_image_and_library:	id: 209	x: 572	y: 2383	
Records jb2_new_symbol_add_to_image_and_library:	id: 210	x: 602	y: 2397	
Records jb2_matched_symbol_with_refinement_add_to_image_and_library:	id: 211	x: 634	y: 2386	
Records jb2_matched_symbol_with_refinement_add_to_image_and_library:	id: 212	x: 663	y: 2388	
Records jb2_matched_symbol_with_refinement_add_to_image_and_library:	id: 213	x: 690	y: 2388	
Records jb2_matched_symbol_with_refinement_add_to_image_and_library:	id: 214	x: 718	y: 2386	
Records jb2_matched_symbol_with_refinement_add_to_image_and_library:	id: 215	x: 749	y: 2389	
Records jb2_new_symbol_add_to_image_and_library:	id: 216	x: 764	y: 2392	
Records jb2_matched_symbol_with_refinement_add_to_image_and_library:	id: 217	x: 829	y: 2389	
Records jb2_matched_symbol_with_refinement_add_to_image_and_library:	id: 218	x: 848	y: 2370	
Records jb2_new_symbol_add_to_image_and_library:	id: 219	x: 861	y: 2401	
Records jb2_matched_symbol_with_refinement_add_to_image_and_library:	id: 220	x: 907	y: 2390	
Records jb2_matched_symbol_with_refinement_add_to_image_and_library:	id: 221	x: 915	y: 2400	
Records jb2_matched_symbol_with_refinement_add_to_image_and_library:	id: 222	x: 928	y: 2390	
Records jb2_matched_symbol_with_refinement_add_to_image_and_library:	id: 223	x: 958	y: 2390	
Records jb2_matched_symbol_with_refinement_add_to_image_and_library:	id: 224	x: 985	y: 2390	
Records jb2_new_symbol_add_to_image_and_library:	id: 225	x: 991	y: 2399	
Records jb2_new_symbol_add_to_image_and_library:	id: 226	x: 998	y: 2388	
Records jb2_new_symbol_add_to_image_and_library:	id: 227	x: 1033	y: 2400	
Records jb2_matched_symbol_with_refinement_add_to_image_and_library:	id: 228	x: 1103	y: 2392	
Records jb2_matched_symbol_with_refinement_add_to_image_and_library:	id: 229	x: 1124	y: 2398	
Records jb2_matched_symbol_with_refinement_add_to_image_and_library:	id: 230	x: 1159	y: 2385	
Records jb2_matched_symbol_with_refinement_add_to_image_and_library:	id: 231	x: 1181	y: 2397	
Records jb2_new_symbol_add_to_image_and_library:	id: 232	x: 1211	y: 2387	
Records jb2_matched_symbol_with_refinement_add_to_image_and_library:	id: 233	x: 1240	y: 2385	
Records jb2_matched_symbol_with_refinement_add_to_image_and_library:	id: 234	x: 1249	y: 2386	
Records jb2_matched_symbol_with_refinement_add_to_image_and_library:	id: 235	x: 1279	y: 2386	
Records jb2_new_symbol_add_to_image_and_library:	id: 236	x: 1307	y: 2397	
Records jb2_matched_symbol_with_refinement_add_to_image_and_library:	id: 237	x: 1398	y: 2394	
Records jb2_new_symbol_add_to_image_and_library:	id: 238	x: 1429	y: 2386	
Records jb2_matched_symbol_with_refinement_add_to_image_and_library:	id: 239	x: 221	y: 2325	
Records jb2_matched_symbol_with_refinement_add_to_image_and_library:	id: 240	x: 244	y: 2325	
Records jb2_matched_symbol_with_refinement_add_to_image_and_library:	id: 241	x: 271	y: 2325	
Records jb2_matched_symbol_with_refinement_add_to_image_and_library:	id: 242	x: 279	y: 2335	
Records jb2_matched_symbol_with_refinement_add_to_image_and_library:	id: 243	x: 284	y: 2325	
Records jb2_new_symbol_add_to_image_and_library:	id: 244	x: 312	y: 2338	
Records jb2_matched_symbol_with_refinement_add_to_image_and_library:	id: 245	x: 339	y: 2326	
Records jb2_matched_symbol_with_refinement_add_to_image_and_library:	id: 246	x: 347	y: 2337	
Records jb2_new_symbol_add_to_image_and_library:	id: 247	x: 353	y: 2338	
Records jb2_matched_symbol_with_refinement_add_to_image_and_library:	id: 248	x: 380	y: 2329	
Records jb2_matched_symbol_with_refinement_add_to_image_and_library:	id: 249	x: 422	y: 2331	
Records jb2_matched_symbol_with_refinement_add_to_image_and_library:	id: 250	x: 451	y: 2322	
Records jb2_matched_symbol_with_refinement_add_to_image_and_library:	id: 251	x: 459	y: 2334	
Records jb2_new_symbol_add_to_image_and_library:	id: 252	x: 465	y: 2337	
Records jb2_matched_symbol_with_refinement_add_to_image_and_library:	id: 253	x: 501	y: 2326	
Records jb2_matched_symbol_with_refinement_add_to_image_and_library:	id: 254	x: 508	y: 2337	
Records jb2_matched_symbol_with_refinement_add_to_image_and_library:	id: 255	x: 515	y: 2327	
Records jb2_new_symbol_add_to_image_and_library:	id: 256	x: 558	y: 2340	
Records jb2_matched_symbol_with_refinement_add_to_image_and_library:	id: 257	x: 604	y: 2331	
Records jb2_matched_symbol_with_refinement_add_to_image_and_library:	id: 258	x: 631	y: 2333	
Records jb2_matched_symbol_with_refinement_add_to_image_and_library:	id: 259	x: 653	y: 2334	
Records jb2_matched_symbol_with_refinement_add_to_image_and_library:	id: 260	x: 685	y: 2332	
Records jb2_matched_symbol_with_refinement_add_to_image_and_library:	id: 261	x: 715	y: 2331	
Records jb2_matched_symbol_with_refinement_add_to_image_and_library:	id: 262	x: 741	y: 2332	
Records jb2_matched_symbol_with_refinement_add_to_image_and_library:	id: 263	x: 749	y: 2342	
Records jb2_matched_symbol_with_refinement_add_to_image_and_library:	id: 264	x: 756	y: 2334	
Records jb2_matched_symbol_with_refinement_add_to_image_and_library:	id: 265	x: 780	y: 2342	
Records jb2_new_symbol_add_to_image_and_library:	id: 266	x: 810	y: 2334	
Records jb2_new_symbol_add_to_image_and_library:	id: 267	x: 855	y: 2336	
Records jb2_new_symbol_add_to_image_and_library:	id: 268	x: 934	y: 2343	
Records jb2_matched_symbol_with_refinement_add_to_image_and_library:	id: 269	x: 1020	y: 2331	
Records jb2_matched_symbol_with_refinement_add_to_image_and_library:	id: 270	x: 1072	y: 2330	
Records jb2_matched_symbol_with_refinement_add_to_image_and_library:	id: 271	x: 1100	y: 2331	
Records jb2_new_symbol_add_to_image_and_library:	id: 272	x: 1150	y: 2334	
Records jb2_matched_symbol_with_refinement_add_to_image_and_library:	id: 273	x: 1214	y: 2330	
Records jb2_new_symbol_add_to_image_and_library:	id: 274	x: 1249	y: 2341	
Records jb2_matched_symbol_with_refinement_add_to_image_and_library:	id: 275	x: 1310	y: 2340	
Records jb2_new_symbol_add_to_image_and_library:	id: 276	x: 1317	y: 2338	
Records jb2_new_symbol_add_to_image_and_library:	id: 277	x: 1369	y: 2327	
Records jb2_matched_symbol_with_refinement_add_to_image_and_library:	id: 278	x: 1411	y: 2333	
Records jb2_matched_symbol_with_refinement_add_to_image_and_library:	id: 279	x: 1440	y: 2327	
Records jb2_new_symbol_add_to_image_and_library:	id: 280	x: 1496	y: 2327	
Records jb2_matched_symbol_with_refinement_add_to_image_and_library:	id: 281	x: 1497	y: 2309	
Records jb2_new_symbol_add_to_image_and_library:	id: 282	x: 222	y: 2279	
Records jb2_matched_symbol_with_refinement_add_to_image_and_library:	id: 283	x: 301	y: 2269	
Records jb2_matched_symbol_with_refinement_add_to_image_and_library:	id: 284	x: 332	y: 2269	
Records jb2_matched_symbol_with_refinement_add_to_image_and_library:	id: 285	x: 373	y: 2266	
Records jb2_matched_symbol_with_refinement_add_to_image_and_library:	id: 286	x: 396	y: 2268	
Records jb2_matched_symbol_with_refinement_add_to_image_and_library:	id: 287	x: 433	y: 2272	
Records jb2_matched_symbol_with_refinement_add_to_image_and_library:	id: 288	x: 479	y: 2269	
Records jb2_matched_symbol_with_refinement_add_to_image_and_library:	id: 289	x: 501	y: 2283	
Records jb2_new_symbol_add_to_image_and_library:	id: 290	x: 515	y: 2273	
Records jb2_matched_symbol_with_refinement_add_to_image_and_library:	id: 291	x: 522	y: 2283	
Records jb2_matched_symbol_with_refinement_add_to_image_and_library:	id: 292	x: 533	y: 2285	
Records jb2_new_symbol_add_to_image_and_library:	id: 293	x: 547	y: 2273	
Records jb2_matched_symbol_with_refinement_add_to_image_and_library:	id: 294	x: 591	y: 2283	
Records jb2_matched_symbol_with_refinement_add_to_image_and_library:	id: 295	x: 598	y: 2278	
Records jb2_new_symbol_add_to_image_and_library:	id: 296	x: 620	y: 2276	
Records jb2_matched_symbol_with_refinement_add_to_image_and_library:	id: 297	x: 714	y: 2275	
Records jb2_matched_symbol_with_refinement_add_to_image_and_library:	id: 298	x: 757	y: 2274	
Records jb2_matched_symbol_with_refinement_add_to_image_and_library:	id: 299	x: 780	y: 2277	
Records jb2_matched_symbol_with_refinement_add_to_image_and_library:	id: 300	x: 789	y: 2288	
Records jb2_matched_symbol_with_refinement_add_to_image_and_library:	id: 301	x: 795	y: 2276	
Records jb2_matched_symbol_with_refinement_add_to_image_and_library:	id: 302	x: 823	y: 2276	
Records jb2_matched_symbol_with_refinement_add_to_image_and_library:	id: 303	x: 842	y: 2277	
Records jb2_new_symbol_add_to_image_and_library:	id: 304	x: 846	y: 2287	
Records jb2_matched_symbol_with_refinement_add_to_image_and_library:	id: 305	x: 868	y: 2289	
Records jb2_matched_symbol_with_refinement_add_to_image_and_library:	id: 306	x: 881	y: 2286	
Records jb2_matched_symbol_with_refinement_add_to_image_and_library:	id: 307	x: 934	y: 2276	
Records jb2_matched_symbol_with_refinement_add_to_image_and_library:	id: 308	x: 963	y: 2274	
Records jb2_new_symbol_add_to_image_and_library:	id: 309	x: 980	y: 2273	
Records jb2_matched_symbol_with_refinement_add_to_image_and_library:	id: 310	x: 1010	y: 2275	
Records jb2_new_symbol_add_to_image_and_library:	id: 311	x: 1051	y: 2273	
Records jb2_matched_symbol_with_refinement_add_to_image_and_library:	id: 312	x: 1094	y: 2272	
Records jb2_new_symbol_add_to_image_and_library:	id: 313	x: 1116	y: 2278	
Records jb2_matched_symbol_with_refinement_add_to_image_and_library:	id: 314	x: 1244	y: 2284	
Records jb2_matched_symbol_with_refinement_add_to_image_and_library:	id: 315	x: 1259	y: 2272	
Records jb2_matched_symbol_with_refinement_add_to_image_and_library:	id: 316	x: 1271	y: 2274	
Records jb2_matched_symbol_with_refinement_add_to_image_and_library:	id: 317	x: 1315	y: 2276	
Records jb2_new_symbol_add_to_image_and_library:	id: 318	x: 1342	y: 2271	
Records jb2_matched_symbol_with_refinement_add_to_image_and_library:	id: 319	x: 1381	y: 2272	
Records jb2_new_symbol_add_to_image_and_library:	id: 320	x: 1402	y: 2283	
Records jb2_matched_symbol_with_refinement_add_to_image_and_library:	id: 321	x: 222	y: 2215	
Records jb2_matched_symbol_with_refinement_add_to_image_and_library:	id: 322	x: 295	y: 2209	
Records jb2_matched_symbol_copy_to_image_without_refinement:	id: 254	x: 303	y: 2220	
Records jb2_matched_symbol_with_refinement_add_to_image_and_library:	id: 323	x: 309	y: 2211	
Records jb2_matched_symbol_with_refinement_add_to_image_and_library:	id: 324	x: 346	y: 2210	
Records jb2_matched_symbol_with_refinement_add_to_image_and_library:	id: 325	x: 367	y: 2211	
Records jb2_matched_symbol_with_refinement_add_to_image_and_library:	id: 326	x: 391	y: 2213	
Records jb2_new_symbol_add_to_image_and_library:	id: 327	x: 420	y: 2224	
Records jb2_new_symbol_add_to_image_and_library:	id: 328	x: 433	y: 2214	
Records jb2_matched_symbol_with_refinement_add_to_image_and_library:	id: 329	x: 474	y: 2196	
Records jb2_matched_symbol_with_refinement_add_to_image_and_library:	id: 330	x: 486	y: 2226	
Records jb2_matched_symbol_with_refinement_add_to_image_and_library:	id: 331	x: 502	y: 2214	
Records jb2_matched_symbol_with_refinement_add_to_image_and_library:	id: 332	x: 514	y: 2217	
Records jb2_matched_symbol_with_refinement_add_to_image_and_library:	id: 333	x: 541	y: 2218	
Records jb2_matched_symbol_with_refinement_add_to_image_and_library:	id: 334	x: 569	y: 2219	
Records jb2_new_symbol_add_to_image_and_library:	id: 335	x: 577	y: 2226	
Records jb2_matched_symbol_with_refinement_add_to_image_and_library:	id: 336	x: 582	y: 2224	
Records jb2_new_symbol_add_to_image_and_library:	id: 337	x: 595	y: 2230	
Records jb2_matched_symbol_with_refinement_add_to_image_and_library:	id: 338	x: 623	y: 2229	
Records jb2_new_symbol_add_to_image_and_library:	id: 339	x: 629	y: 2222	
Records jb2_matched_symbol_with_refinement_add_to_image_and_library:	id: 340	x: 701	y: 2228	
Records jb2_matched_symbol_with_refinement_add_to_image_and_library:	id: 341	x: 706	y: 2218	
Records jb2_matched_symbol_with_refinement_add_to_image_and_library:	id: 342	x: 741	y: 2220	
Records jb2_matched_symbol_with_refinement_add_to_image_and_library:	id: 343	x: 772	y: 2218	
Records jb2_matched_symbol_with_refinement_add_to_image_and_library:	id: 344	x: 802	y: 2218	
Records jb2_new_symbol_add_to_image_and_library:	id: 345	x: 854	y: 2222	
Records jb2_matched_symbol_with_refinement_add_to_image_and_library:	id: 346	x: 921	y: 2217	
Records jb2_matched_symbol_with_refinement_add_to_image_and_library:	id: 347	x: 930	y: 2227	
Records jb2_matched_symbol_with_refinement_add_to_image_and_library:	id: 348	x: 935	y: 2218	
Records jb2_matched_symbol_with_refinement_add_to_image_and_library:	id: 349	x: 967	y: 2228	
Records jb2_matched_symbol_with_refinement_add_to_image_and_library:	id: 350	x: 979	y: 2217	
Records jb2_matched_symbol_with_refinement_add_to_image_and_library:	id: 351	x: 1008	y: 2216	
Records jb2_matched_symbol_with_refinement_add_to_image_and_library:	id: 352	x: 1028	y: 2215	
Records jb2_new_symbol_add_to_image_and_library:	id: 353	x: 1065	y: 2215	
Records jb2_matched_symbol_with_refinement_add_to_image_and_library:	id: 354	x: 1094	y: 2217	
Records jb2_new_symbol_add_to_image_and_library:	id: 355	x: 1142	y: 2217	
Records jb2_new_symbol_add_to_image_and_library:	id: 356	x: 1203	y: 2228	
Records jb2_matched_symbol_copy_to_image_without_refinement:	id: 72	x: 1225	y: 2227	
Records jb2_matched_symbol_with_refinement_add_to_image_and_library:	id: 357	x: 1230	y: 2216	
Records jb2_matched_symbol_with_refinement_add_to_image_and_library:	id: 358	x: 1231	y: 2198	
Records jb2_new_symbol_add_to_image_and_library:	id: 359	x: 1243	y: 2220	
Records jb2_matched_symbol_with_refinement_add_to_image_and_library:	id: 360	x: 1310	y: 2226	
Records jb2_matched_symbol_with_refinement_add_to_image_and_library:	id: 361	x: 1315	y: 2217	
Records jb2_matched_symbol_with_refinement_add_to_image_and_library:	id: 362	x: 1361	y: 2225	
Records jb2_matched_symbol_with_refinement_add_to_image_and_library:	id: 363	x: 1373	y: 2213	
Records jb2_matched_symbol_with_refinement_add_to_image_and_library:	id: 364	x: 1380	y: 2223	
Records jb2_matched_symbol_with_refinement_add_to_image_and_library:	id: 365	x: 1402	y: 2224	
Records jb2_matched_symbol_with_refinement_add_to_image_and_library:	id: 366	x: 1415	y: 2213	
Records jb2_matched_symbol_with_refinement_add_to_image_and_library:	id: 367	x: 1430	y: 2215	
Records jb2_matched_symbol_with_refinement_add_to_image_and_library:	id: 368	x: 1457	y: 2213	
Records jb2_new_symbol_add_to_image_and_library:	id: 369	x: 1481	y: 2227	
Records jb2_new_symbol_add_to_image_and_library:	id: 370	x: 218	y: 2165	
Records jb2_matched_symbol_with_refinement_add_to_image_and_library:	id: 371	x: 266	y: 2164	
Records jb2_matched_symbol_with_refinement_add_to_image_and_library:	id: 372	x: 274	y: 2153	
Records jb2_matched_symbol_with_refinement_add_to_image_and_library:	id: 373	x: 303	y: 2153	
Records jb2_new_symbol_add_to_image_and_library:	id: 374	x: 331	y: 2155	
Records jb2_matched_symbol_with_refinement_add_to_image_and_library:	id: 375	x: 386	y: 2158	
Records jb2_matched_symbol_with_refinement_add_to_image_and_library:	id: 376	x: 394	y: 2167	
Records jb2_matched_symbol_with_refinement_add_to_image_and_library:	id: 377	x: 401	y: 2157	
Records jb2_matched_symbol_with_refinement_add_to_image_and_library:	id: 378	x: 434	y: 2170	
Records jb2_matched_symbol_with_refinement_add_to_image_and_library:	id: 379	x: 445	y: 2158	
Records jb2_new_symbol_add_to_image_and_library:	id: 380	x: 474	y: 2159	
Records jb2_new_symbol_add_to_image_and_library:	id: 381	x: 503	y: 2170	
Records jb2_matched_symbol_with_refinement_add_to_image_and_library:	id: 382	x: 545	y: 2161	
Records jb2_matched_symbol_with_refinement_add_to_image_and_library:	id: 383	x: 577	y: 2160	
Records jb2_new_symbol_add_to_image_and_library:	id: 384	x: 598	y: 2164	
Records jb2_matched_symbol_with_refinement_add_to_image_and_library:	id: 385	x: 643	y: 2172	
Records jb2_new_symbol_add_to_image_and_library:	id: 386	x: 647	y: 2160	
Records jb2_new_symbol_add_to_image_and_library:	id: 387	x: 693	y: 2172	
Records jb2_matched_symbol_with_refinement_add_to_image_and_library:	id: 388	x: 727	y: 2161	
Records jb2_matched_symbol_with_refinement_add_to_image_and_library:	id: 389	x: 753	y: 2172	
Records jb2_matched_symbol_with_refinement_add_to_image_and_library:	id: 390	x: 787	y: 2161	
Records jb2_matched_symbol_with_refinement_add_to_image_and_library:	id: 391	x: 850	y: 2172	
Records jb2_new_symbol_add_to_image_and_library:	id: 392	x: 865	y: 2162	
Records jb2_matched_symbol_with_refinement_add_to_image_and_library:	id: 393	x: 931	y: 2161	
Records jb2_matched_symbol_with_refinement_add_to_image_and_library:	id: 394	x: 973	y: 2160	
Records jb2_matched_symbol_with_refinement_add_to_image_and_library:	id: 395	x: 1033	y: 2170	
Records jb2_matched_symbol_with_refinement_add_to_image_and_library:	id: 396	x: 1062	y: 2156	
Records jb2_new_symbol_add_to_image_and_library:	id: 397	x: 1080	y: 2156	
Records jb2_matched_symbol_with_refinement_add_to_image_and_library:	id: 398	x: 1102	y: 2139	
Records jb2_new_symbol_add_to_image_and_library:	id: 399	x: 1114	y: 2162	
Records jb2_matched_symbol_with_refinement_add_to_image_and_library:	id: 400	x: 1165	y: 2160	
Records jb2_matched_symbol_with_refinement_add_to_image_and_library:	id: 401	x: 1227	y: 2161	
Records jb2_matched_symbol_with_refinement_add_to_image_and_library:	id: 402	x: 1257	y: 2160	
Records jb2_matched_symbol_with_refinement_add_to_image_and_library:	id: 403	x: 1266	y: 2168	
Records jb2_matched_symbol_with_refinement_add_to_image_and_library:	id: 404	x: 1271	y: 2163	
Records jb2_matched_symbol_with_refinement_add_to_image_and_library:	id: 405	x: 1295	y: 2158	
Records jb2_matched_symbol_with_refinement_add_to_image_and_library:	id: 406	x: 1318	y: 2170	
Records jb2_new_symbol_add_to_image_and_library:	id: 407	x: 1332	y: 2158	
Records jb2_matched_symbol_with_refinement_add_to_image_and_library:	id: 408	x: 1368	y: 2157	
Records jb2_matched_symbol_with_refinement_add_to_image_and_library:	id: 409	x: 1391	y: 2158	
Records jb2_new_symbol_add_to_image_and_library:	id: 410	x: 1419	y: 2163	
Records jb2_new_symbol_add_to_image_and_library:	id: 411	x: 1487	y: 2169	
Records jb2_matched_symbol_with_refinement_add_to_image_and_library:	id: 412	x: 220	y: 2096	
Records jb2_matched_symbol_with_refinement_add_to_image_and_library:	id: 413	x: 246	y: 2108	
Records jb2_matched_symbol_with_refinement_add_to_image_and_library:	id: 414	x: 259	y: 2098	
Records jb2_matched_symbol_with_refinement_add_to_image_and_library:	id: 415	x: 307	y: 2079	
Records jb2_matched_symbol_with_refinement_add_to_image_and_library:	id: 416	x: 320	y: 2111	
Records jb2_matched_symbol_with_refinement_add_to_image_and_library:	id: 417	x: 362	y: 2104	
Records jb2_matched_symbol_with_refinement_add_to_image_and_library:	id: 418	x: 385	y: 2111	
Records jb2_matched_symbol_with_refinement_add_to_image_and_library:	id: 419	x: 394	y: 2101	
Records jb2_matched_symbol_with_refinement_add_to_image_and_library:	id: 420	x: 398	y: 2113	
Records jb2_matched_symbol_with_refinement_add_to_image_and_library:	id: 421	x: 425	y: 2102	
Records jb2_matched_symbol_with_refinement_add_to_image_and_library:	id: 422	x: 452	y: 2105	
Records jb2_matched_symbol_with_refinement_add_to_image_and_library:	id: 423	x: 476	y: 2104	
Records jb2_matched_symbol_with_refinement_add_to_image_and_library:	id: 424	x: 506	y: 2099	
Records jb2_matched_symbol_with_refinement_add_to_image_and_library:	id: 425	x: 530	y: 2105	
Records jb2_new_symbol_add_to_image_and_library:	id: 426	x: 548	y: 2097	
Records jb2_new_symbol_add_to_image_and_library:	id: 427	x: 555	y: 2115	
Records jb2_matched_symbol_with_refinement_add_to_image_and_library:	id: 428	x: 595	y: 2103	
Records jb2_matched_symbol_with_refinement_add_to_image_and_library:	id: 429	x: 603	y: 2114	
Records jb2_matched_symbol_with_refinement_add_to_image_and_library:	id: 430	x: 609	y: 2107	
Records jb2_matched_symbol_with_refinement_add_to_image_and_library:	id: 431	x: 632	y: 2105	
Records jb2_matched_symbol_with_refinement_add_to_image_and_library:	id: 432	x: 639	y: 2114	
Records jb2_matched_symbol_with_refinement_add_to_image_and_library:	id: 433	x: 647	y: 2103	
Records jb2_matched_symbol_with_refinement_add_to_image_and_library:	id: 434	x: 671	y: 2103	
Records jb2_matched_symbol_with_refinement_add_to_image_and_library:	id: 435	x: 689	y: 2103	
Records jb2_new_symbol_add_to_image_and_library:	id: 436	x: 731	y: 2103	
Records jb2_matched_symbol_with_refinement_add_to_image_and_library:	id: 437	x: 749	y: 2109	
Records jb2_matched_symbol_with_refinement_add_to_image_and_library:	id: 438	x: 777	y: 2104	
Records jb2_matched_symbol_with_refinement_add_to_image_and_library:	id: 439	x: 785	y: 2114	
Records jb2_matched_symbol_with_refinement_add_to_image_and_library:	id: 440	x: 792	y: 2101	
Records jb2_matched_symbol_with_refinement_add_to_image_and_library:	id: 441	x: 816	y: 2108	
Records jb2_matched_symbol_with_refinement_add_to_image_and_library:	id: 442	x: 833	y: 2104	
Records jb2_matched_symbol_with_refinement_add_to_image_and_library:	id: 443	x: 859	y: 2103	
Records jb2_matched_symbol_with_refinement_add_to_image_and_library:	id: 444	x: 867	y: 2114	
Records jb2_matched_symbol_with_refinement_add_to_image_and_library:	id: 445	x: 873	y: 2105	
Records jb2_matched_symbol_with_refinement_add_to_image_and_library:	id: 446	x: 910	y: 2114	
Records jb2_new_symbol_add_to_image_and_library:	id: 447	x: 923	y: 2104	
Records jb2_matched_symbol_with_refinement_add_to_image_and_library:	id: 448	x: 1003	y: 2101	
Records jb2_matched_symbol_with_refinement_add_to_image_and_library:	id: 449	x: 1034	y: 2101	
Records jb2_matched_symbol_with_refinement_add_to_image_and_library:	id: 450	x: 1061	y: 2100	
Records jb2_matched_symbol_with_refinement_add_to_image_and_library:	id: 451	x: 1069	y: 2109	
Records jb2_new_symbol_add_to_image_and_library:	id: 452	x: 1075	y: 2112	
Records jb2_matched_symbol_with_refinement_add_to_image_and_library:	id: 453	x: 1130	y: 2101	
Records jb2_matched_symbol_with_refinement_add_to_image_and_library:	id: 454	x: 1165	y: 2102	
Records jb2_matched_symbol_with_refinement_add_to_image_and_library:	id: 455	x: 1175	y: 2112	
Records jb2_matched_symbol_with_refinement_add_to_image_and_library:	id: 456	x: 1181	y: 2103	
Records jb2_matched_symbol_with_refinement_add_to_image_and_library:	id: 457	x: 1220	y: 2112	
Records jb2_matched_symbol_with_refinement_add_to_image_and_library:	id: 458	x: 1234	y: 2101	
Records jb2_matched_symbol_with_refinement_add_to_image_and_library:	id: 459	x: 1254	y: 2102	
Records jb2_new_symbol_add_to_image_and_library:	id: 460	x: 1303	y: 2105	
Records jb2_matched_symbol_with_refinement_add_to_image_and_library:	id: 461	x: 1386	y: 2102	
Records jb2_matched_symbol_with_refinement_add_to_image_and_library:	id: 462	x: 1430	y: 2101	
Records jb2_matched_symbol_with_refinement_add_to_image_and_library:	id: 463	x: 1458	y: 2106	
Records jb2_matched_symbol_with_refinement_add_to_image_and_library:	id: 464	x: 1486	y: 2101	
Records jb2_new_symbol_add_to_image_and_library:	id: 465	x: 219	y: 2043	
Records jb2_matched_symbol_with_refinement_add_to_image_and_library:	id: 466	x: 242	y: 2043	
Records jb2_matched_symbol_with_refinement_add_to_image_and_library:	id: 467	x: 260	y: 2043	
Records jb2_matched_symbol_with_refinement_add_to_image_and_library:	id: 468	x: 282	y: 2043	
Records jb2_matched_symbol_with_refinement_add_to_image_and_library:	id: 469	x: 289	y: 2053	
Records jb2_matched_symbol_with_refinement_add_to_image_and_library:	id: 470	x: 297	y: 2043	
Records jb2_matched_symbol_with_refinement_add_to_image_and_library:	id: 471	x: 328	y: 2045	
Records jb2_matched_symbol_with_refinement_add_to_image_and_library:	id: 472	x: 336	y: 2055	
Records jb2_matched_symbol_with_refinement_add_to_image_and_library:	id: 473	x: 344	y: 2045	
Records jb2_matched_symbol_with_refinement_add_to_image_and_library:	id: 474	x: 391	y: 2050	
Records jb2_matched_symbol_with_refinement_add_to_image_and_library:	id: 475	x: 420	y: 2045	
Records jb2_matched_symbol_with_refinement_add_to_image_and_library:	id: 476	x: 429	y: 2056	
Records jb2_matched_symbol_with_refinement_add_to_image_and_library:	id: 477	x: 433	y: 2026	
Records jb2_matched_symbol_with_refinement_add_to_image_and_library:	id: 478	x: 453	y: 2054	
Records jb2_matched_symbol_with_refinement_add_to_image_and_library:	id: 479	x: 493	y: 2048	
Records jb2_matched_symbol_with_refinement_add_to_image_and_library:	id: 480	x: 518	y: 2057	
Records jb2_matched_symbol_with_refinement_add_to_image_and_library:	id: 481	x: 532	y: 2044	
Records jb2_matched_symbol_with_refinement_add_to_image_and_library:	id: 482	x: 544	y: 2046	
Records jb2_matched_symbol_with_refinement_add_to_image_and_library:	id: 483	x: 570	y: 2048	
Records jb2_matched_symbol_with_refinement_add_to_image_and_library:	id: 484	x: 586	y: 2047	
Records jb2_matched_symbol_with_refinement_add_to_image_and_library:	id: 485	x: 617	y: 2049	
Records jb2_matched_symbol_with_refinement_add_to_image_and_library:	id: 486	x: 649	y: 2056	
Records jb2_matched_symbol_with_refinement_add_to_image_and_library:	id: 487	x: 662	y: 2045	
Records jb2_matched_symbol_with_refinement_add_to_image_and_library:	id: 488	x: 676	y: 2045	
Records jb2_matched_symbol_with_refinement_add_to_image_and_library:	id: 489	x: 704	y: 2048	
Records jb2_matched_symbol_with_refinement_add_to_image_and_library:	id: 490	x: 729	y: 2058	
Records jb2_matched_symbol_with_refinement_add_to_image_and_library:	id: 491	x: 741	y: 2046	
Records jb2_matched_symbol_with_refinement_add_to_image_and_library:	id: 492	x: 768	y: 2047	
Records jb2_matched_symbol_with_refinement_add_to_image_and_library:	id: 493	x: 790	y: 2046	
Records jb2_matched_symbol_with_refinement_add_to_image_and_library:	id: 494	x: 821	y: 2048	
Records jb2_matched_symbol_with_refinement_add_to_image_and_library:	id: 495	x: 853	y: 2050	
Records jb2_matched_symbol_with_refinement_add_to_image_and_library:	id: 496	x: 879	y: 2057	
Records jb2_new_symbol_add_to_image_and_library:	id: 497	x: 884	y: 2057	
Records jb2_matched_symbol_with_refinement_add_to_image_and_library:	id: 498	x: 944	y: 2044	
Records jb2_matched_symbol_with_refinement_add_to_image_and_library:	id: 499	x: 967	y: 2045	
Records jb2_matched_symbol_with_refinement_add_to_image_and_library:	id: 500	x: 995	y: 2054	
Records jb2_matched_symbol_with_refinement_add_to_image_and_library:	id: 501	x: 1002	y: 2043	
Records jb2_new_symbol_add_to_image_and_library:	id: 502	x: 1041	y: 2045	
Records jb2_matched_symbol_with_refinement_add_to_image_and_library:	id: 503	x: 1098	y: 2045	
Records jb2_matched_symbol_with_refinement_add_to_image_and_library:	id: 504	x: 1127	y: 2045	
Records jb2_matched_symbol_with_refinement_add_to_image_and_library:	id: 505	x: 1149	y: 2054	
Records jb2_matched_symbol_with_refinement_add_to_image_and_library:	id: 506	x: 1165	y: 2045	
Records jb2_matched_symbol_with_refinement_add_to_image_and_library:	id: 507	x: 1191	y: 2047	
Records jb2_matched_symbol_with_refinement_add_to_image_and_library:	id: 508	x: 1221	y: 2048	
Records jb2_matched_symbol_with_refinement_add_to_image_and_library:	id: 509	x: 1245	y: 2045	
Records jb2_matched_symbol_with_refinement_add_to_image_and_library:	id: 510	x: 1274	y: 2045	
Records jb2_new_symbol_add_to_image_and_library:	id: 511	x: 1301	y: 2052	
Records jb2_matched_symbol_with_refinement_add_to_image_and_library:	id: 512	x: 1333	y: 2057	
Records jb2_matched_symbol_with_refinement_add_to_image_and_library:	id: 513	x: 1362	y: 2054	
Records jb2_matched_symbol_with_refinement_add_to_image_and_library:	id: 514	x: 1367	y: 2043	
Records jb2_matched_symbol_with_refinement_add_to_image_and_library:	id: 515	x: 1398	y: 2045	
Records jb2_new_symbol_add_to_image_and_library:	id: 516	x: 1427	y: 2045	
Records jb2_matched_symbol_with_refinement_add_to_image_and_library:	id: 517	x: 1477	y: 2025	
Records jb2_new_symbol_add_to_image_and_library:	id: 518	x: 222	y: 1997	
Records jb2_new_symbol_add_to_image_and_library:	id: 519	x: 267	y: 2000	
Records jb2_matched_symbol_with_refinement_add_to_image_and_library:	id: 520	x: 356	y: 1990	
Records jb2_matched_symbol_with_refinement_add_to_image_and_library:	id: 521	x: 385	y: 1987	
Records jb2_new_symbol_add_to_image_and_library:	id: 522	x: 416	y: 1986	
Records jb2_matched_symbol_with_refinement_add_to_image_and_library:	id: 523	x: 457	y: 1989	
Records jb2_new_symbol_add_to_image_and_library:	id: 524	x: 485	y: 2000	
Records jb2_matched_symbol_with_refinement_add_to_image_and_library:	id: 525	x: 563	y: 1991	
Records jb2_new_symbol_add_to_image_and_library:	id: 526	x: 592	y: 1996	
Records jb2_new_symbol_add_to_image_and_library:	id: 527	x: 651	y: 2003	
Records jb2_matched_symbol_with_refinement_add_to_image_and_library:	id: 528	x: 675	y: 1990	
Records jb2_new_symbol_add_to_image_and_library:	id: 529	x: 683	y: 2000	
Records jb2_matched_symbol_with_refinement_add_to_image_and_library:	id: 530	x: 688	y: 1990	
Records jb2_new_symbol_add_to_image_and_library:	id: 531	x: 718	y: 1990	
Records jb2_matched_symbol_with_refinement_add_to_image_and_library:	id: 532	x: 728	y: 1991	
Records jb2_matched_symbol_with_refinement_add_to_image_and_library:	id: 533	x: 745	y: 1991	
Records jb2_new_symbol_add_to_image_and_library:	id: 534	x: 748	y: 2003	
Records jb2_new_symbol_add_to_image_and_library:	id: 535	x: 755	y: 1991	
Records jb2_matched_symbol_with_refinement_add_to_image_and_library:	id: 536	x: 779	y: 2002	
Records jb2_matched_symbol_with_refinement_add_to_image_and_library:	id: 537	x: 794	y: 1990	
Records jb2_new_symbol_add_to_image_and_library:	id: 538	x: 795	y: 1984	
Records jb2_new_symbol_add_to_image_and_library:	id: 539	x: 817	y: 1995	
Records jb2_new_symbol_add_to_image_and_library:	id: 540	x: 907	y: 2002	
Records jb2_matched_symbol_with_refinement_add_to_image_and_library:	id: 541	x: 966	y: 1988	
Records jb2_matched_symbol_with_refinement_add_to_image_and_library:	id: 542	x: 994	y: 1989	
Records jb2_matched_symbol_with_refinement_add_to_image_and_library:	id: 543	x: 1045	y: 1990	
Records jb2_matched_symbol_with_refinement_add_to_image_and_library:	id: 544	x: 1074	y: 1988	
Records jb2_matched_symbol_with_refinement_add_to_image_and_library:	id: 545	x: 1122	y: 1990	
Records jb2_matched_symbol_with_refinement_add_to_image_and_library:	id: 546	x: 1138	y: 1990	
Records jb2_matched_symbol_with_refinement_add_to_image_and_library:	id: 547	x: 1184	y: 1989	
Records jb2_matched_symbol_with_refinement_add_to_image_and_library:	id: 548	x: 1212	y: 1987	
Records jb2_matched_symbol_with_refinement_add_to_image_and_library:	id: 549	x: 1234	y: 1989	
Records jb2_matched_symbol_with_refinement_add_to_image_and_library:	id: 550	x: 1262	y: 1992	
Records jb2_matched_symbol_with_refinement_add_to_image_and_library:	id: 551	x: 1284	y: 1998	
Records jb2_matched_symbol_with_refinement_add_to_image_and_library:	id: 552	x: 1297	y: 1986	
Records jb2_new_symbol_add_to_image_and_library:	id: 553	x: 1320	y: 1990	
Records jb2_new_symbol_add_to_image_and_library:	id: 554	x: 1394	y: 1996	
Records jb2_new_symbol_add_to_image_and_library:	id: 555	x: 1406	y: 1997	
Records jb2_matched_symbol_with_refinement_add_to_image_and_library:	id: 556	x: 1453	y: 1998	
Records jb2_matched_symbol_with_refinement_add_to_image_and_library:	id: 557	x: 1484	y: 1988	
Records jb2_matched_symbol_with_refinement_add_to_image_and_library:	id: 558	x: 220	y: 1931	
Records jb2_matched_symbol_with_refinement_add_to_image_and_library:	id: 559	x: 265	y: 1931	
Records jb2_new_symbol_add_to_image_and_library:	id: 560	x: 292	y: 1943	
Records jb2_matched_symbol_with_refinement_add_to_image_and_library:	id: 561	x: 335	y: 1942	
Records jb2_new_symbol_add_to_image_and_library:	id: 562	x: 346	y: 1933	
Records jb2_matched_symbol_with_refinement_add_to_image_and_library:	id: 563	x: 384	y: 1930	
Records jb2_matched_symbol_with_refinement_add_to_image_and_library:	id: 564	x: 408	y: 1931	
Records jb2_matched_symbol_with_refinement_add_to_image_and_library:	id: 565	x: 436	y: 1934	
Records jb2_matched_symbol_with_refinement_add_to_image_and_library:	id: 566	x: 464	y: 1931	
Records jb2_matched_symbol_with_refinement_add_to_image_and_library:	id: 567	x: 482	y: 1931	
Records jb2_matched_symbol_with_refinement_add_to_image_and_library:	id: 568	x: 490	y: 1941	
Records jb2_matched_symbol_with_refinement_add_to_image_and_library:	id: 569	x: 503	y: 1934	
Records jb2_matched_symbol_with_refinement_add_to_image_and_library:	id: 570	x: 533	y: 1932	
Records jb2_matched_symbol_with_refinement_add_to_image_and_library:	id: 571	x: 559	y: 1931	
Records jb2_matched_symbol_with_refinement_add_to_image_and_library:	id: 572	x: 581	y: 1945	
Records jb2_matched_symbol_with_refinement_add_to_image_and_library:	id: 573	x: 594	y: 1935	
Records jb2_matched_symbol_with_refinement_add_to_image_and_library:	id: 574	x: 650	y: 1937	
Records jb2_matched_symbol_with_refinement_add_to_image_and_library:	id: 575	x: 693	y: 1933	
Records jb2_matched_symbol_with_refinement_add_to_image_and_library:	id: 576	x: 717	y: 1946	
Records jb2_matched_symbol_with_refinement_add_to_image_and_library:	id: 577	x: 729	y: 1935	
Records jb2_matched_symbol_with_refinement_add_to_image_and_library:	id: 578	x: 737	y: 1946	
Records jb2_matched_symbol_with_refinement_add_to_image_and_library:	id: 579	x: 742	y: 1935	
Records jb2_matched_symbol_with_refinement_add_to_image_and_library:	id: 580	x: 768	y: 1935	
Records jb2_matched_symbol_with_refinement_add_to_image_and_library:	id: 581	x: 789	y: 1937	
Records jb2_matched_symbol_with_refinement_add_to_image_and_library:	id: 582	x: 818	y: 1937	
Records jb2_matched_symbol_with_refinement_add_to_image_and_library:	id: 583	x: 866	y: 1937	
Records jb2_matched_symbol_with_refinement_add_to_image_and_library:	id: 584	x: 899	y: 1936	
Records jb2_matched_symbol_with_refinement_add_to_image_and_library:	id: 585	x: 930	y: 1946	
Records jb2_matched_symbol_with_refinement_add_to_image_and_library:	id: 586	x: 944	y: 1934	
Records jb2_matched_symbol_with_refinement_add_to_image_and_library:	id: 587	x: 958	y: 1936	
Records jb2_matched_symbol_with_refinement_add_to_image_and_library:	id: 588	x: 976	y: 1930	
Records jb2_new_symbol_add_to_image_and_library:	id: 589	x: 1003	y: 1935	
Records jb2_matched_symbol_with_refinement_add_to_image_and_library:	id: 590	x: 1035	y: 1931	
Records jb2_matched_symbol_with_refinement_add_to_image_and_library:	id: 591	x: 1054	y: 1932	
Records jb2_matched_symbol_with_refinement_add_to_image_and_library:	id: 592	x: 1062	y: 1943	
Records jb2_matched_symbol_with_refinement_add_to_image_and_library:	id: 593	x: 1069	y: 1933	
Records jb2_new_symbol_add_to_image_and_library:	id: 594	x: 1097	y: 1933	
Records jb2_matched_symbol_with_refinement_add_to_image_and_library:	id: 595	x: 1126	y: 1943	
Records jb2_matched_symbol_with_refinement_add_to_image_and_library:	id: 596	x: 1162	y: 1932	
Records jb2_matched_symbol_with_refinement_add_to_image_and_library:	id: 597	x: 1186	y: 1943	
Records jb2_matched_symbol_with_refinement_add_to_image_and_library:	id: 598	x: 1198	y: 1934	
Records jb2_matched_symbol_with_refinement_add_to_image_and_library:	id: 599	x: 1206	y: 1943	
Records jb2_matched_symbol_with_refinement_add_to_image_and_library:	id: 600	x: 1217	y: 1933	
Records jb2_matched_symbol_with_refinement_add_to_image_and_library:	id: 601	x: 1247	y: 1933	
Records jb2_new_symbol_add_to_image_and_library:	id: 602	x: 1276	y: 1945	
Records jb2_matched_symbol_with_refinement_add_to_image_and_library:	id: 603	x: 1336	y: 1942	
Records jb2_matched_symbol_with_refinement_add_to_image_and_library:	id: 604	x: 1343	y: 1933	
Records jb2_new_symbol_add_to_image_and_library:	id: 605	x: 1372	y: 1933	
Records jb2_matched_symbol_with_refinement_add_to_image_and_library:	id: 606	x: 1430	y: 1930	
Records jb2_matched_symbol_with_refinement_add_to_image_and_library:	id: 607	x: 1437	y: 1941	
Records jb2_new_symbol_add_to_image_and_library:	id: 608	x: 1472	y: 1942	
Records jb2_matched_symbol_with_refinement_add_to_image_and_library:	id: 609	x: 1489	y: 1930	
Records jb2_new_symbol_add_to_image_and_library:	id: 610	x: 549	y: 1900	
Records jb2_matched_symbol_with_refinement_add_to_image_and_library:	id: 611	x: 220	y: 1873	
Records jb2_matched_symbol_with_refinement_add_to_image_and_library:	id: 612	x: 242	y: 1873	
Records jb2_matched_symbol_with_refinement_add_to_image_and_library:	id: 613	x: 278	y: 1874	
Records jb2_new_symbol_add_to_image_and_library:	id: 614	x: 304	y: 1875	
Records jb2_matched_symbol_with_refinement_add_to_image_and_library:	id: 615	x: 388	y: 1872	
Records jb2_matched_symbol_with_refinement_add_to_image_and_library:	id: 616	x: 411	y: 1884	
Records jb2_new_symbol_add_to_image_and_library:	id: 617	x: 423	y: 1873	
Records jb2_matched_symbol_with_refinement_add_to_image_and_library:	id: 618	x: 429	y: 1884	
Records jb2_matched_symbol_with_refinement_add_to_image_and_library:	id: 619	x: 434	y: 1873	
Records jb2_matched_symbol_with_refinement_add_to_image_and_library:	id: 620	x: 447	y: 1876	
Records jb2_matched_symbol_with_refinement_add_to_image_and_library:	id: 621	x: 506	y: 1876	
Records jb2_matched_symbol_with_refinement_add_to_image_and_library:	id: 622	x: 536	y: 1877	
Records jb2_matched_symbol_with_refinement_add_to_image_and_library:	id: 623	x: 561	y: 1877	
Records jb2_new_symbol_add_to_image_and_library:	id: 624	x: 587	y: 1891	
Records jb2_matched_symbol_with_refinement_add_to_image_and_library:	id: 625	x: 613	y: 1889	
Records jb2_matched_symbol_with_refinement_add_to_image_and_library:	id: 626	x: 625	y: 1878	
Records jb2_matched_symbol_with_refinement_add_to_image_and_library:	id: 627	x: 653	y: 1890	
Records jb2_matched_symbol_with_refinement_add_to_image_and_library:	id: 628	x: 688	y: 1883	
Records jb2_matched_symbol_with_refinement_add_to_image_and_library:	id: 629	x: 718	y: 1877	
Records jb2_matched_symbol_with_refinement_add_to_image_and_library:	id: 630	x: 726	y: 1889	
Records jb2_matched_symbol_with_refinement_add_to_image_and_library:	id: 631	x: 730	y: 1879	
Records jb2_matched_symbol_with_refinement_add_to_image_and_library:	id: 632	x: 757	y: 1880	
Records jb2_matched_symbol_with_refinement_add_to_image_and_library:	id: 633	x: 765	y: 1889	
Records jb2_matched_symbol_with_refinement_add_to_image_and_library:	id: 634	x: 771	y: 1890	
Records jb2_matched_symbol_with_refinement_add_to_image_and_library:	id: 635	x: 784	y: 1880	
Records jb2_matched_symbol_with_refinement_add_to_image_and_library:	id: 636	x: 792	y: 1890	
Records jb2_new_symbol_add_to_image_and_library:	id: 637	x: 827	y: 1879	
Records jb2_new_symbol_add_to_image_and_library:	id: 638	x: 886	y: 1867	
Records jb2_matched_symbol_with_refinement_add_to_image_and_library:	id: 639	x: 914	y: 1879	
Records jb2_new_symbol_add_to_image_and_library:	id: 640	x: 942	y: 1888	
Records jb2_matched_symbol_with_refinement_add_to_image_and_library:	id: 641	x: 979	y: 1875	
Records jb2_matched_symbol_with_refinement_add_to_image_and_library:	id: 642	x: 987	y: 1885	
Records jb2_matched_symbol_with_refinement_add_to_image_and_library:	id: 643	x: 991	y: 1884	
Records jb2_matched_symbol_with_refinement_add_to_image_and_library:	id: 644	x: 1016	y: 1875	
Records jb2_matched_symbol_with_refinement_add_to_image_and_library:	id: 645	x: 1045	y: 1877	
Records jb2_new_symbol_add_to_image_and_library:	id: 646	x: 1075	y: 1883	
Records jb2_matched_symbol_with_refinement_add_to_image_and_library:	id: 647	x: 1156	y: 1877	
Records jb2_matched_symbol_with_refinement_add_to_image_and_library:	id: 648	x: 1165	y: 1887	
Records jb2_matched_symbol_with_refinement_add_to_image_and_library:	id: 649	x: 1170	y: 1876	
Records jb2_matched_symbol_with_refinement_add_to_image_and_library:	id: 650	x: 1200	y: 1878	
Records jb2_matched_symbol_with_refinement_add_to_image_and_library:	id: 651	x: 1227	y: 1873	
Records jb2_matched_symbol_with_refinement_add_to_image_and_library:	id: 652	x: 1246	y: 1875	
Records jb2_matched_symbol_with_refinement_add_to_image_and_library:	id: 653	x: 1286	y: 1878	
Records jb2_matched_symbol_with_refinement_add_to_image_and_library:	id: 654	x: 1314	y: 1877	
Records jb2_matched_symbol_with_refinement_add_to_image_and_library:	id: 655	x: 1367	y: 1876	
Records jb2_matched_symbol_with_refinement_add_to_image_and_library:	id: 656	x: 1374	y: 1885	
Records jb2_matched_symbol_with_refinement_add_to_image_and_library:	id: 657	x: 1380	y: 1887	
Records jb2_matched_symbol_with_refinement_add_to_image_and_library:	id: 658	x: 1410	y: 1876	
Records jb2_matched_symbol_with_refinement_add_to_image_and_library:	id: 659	x: 1417	y: 1887	
Records jb2_matched_symbol_with_refinement_add_to_image_and_library:	id: 660	x: 1432	y: 1874	
Records jb2_matched_symbol_with_refinement_add_to_image_and_library:	id: 661	x: 1460	y: 1873	
Records jb2_new_symbol_add_to_image_and_library:	id: 662	x: 1477	y: 1875	
Records jb2_matched_symbol_with_refinement_add_to_image_and_library:	id: 663	x: 1484	y: 1885	
Records jb2_new_symbol_add_to_image_and_library:	id: 664	x: 1493	y: 1886	
Records jb2_matched_symbol_with_refinement_add_to_image_and_library:	id: 665	x: 221	y: 1819	
Records jb2_matched_symbol_with_refinement_add_to_image_and_library:	id: 666	x: 241	y: 1816	
Records jb2_matched_symbol_with_refinement_add_to_image_and_library:	id: 667	x: 267	y: 1817	
Records jb2_matched_symbol_with_refinement_add_to_image_and_library:	id: 668	x: 293	y: 1817	
Records jb2_matched_symbol_with_refinement_add_to_image_and_library:	id: 669	x: 300	y: 1827	
Records jb2_matched_symbol_with_refinement_add_to_image_and_library:	id: 670	x: 307	y: 1817	
Records jb2_matched_symbol_with_refinement_add_to_image_and_library:	id: 671	x: 343	y: 1829	
Records jb2_matched_symbol_with_refinement_add_to_image_and_library:	id: 672	x: 355	y: 1817	
Records jb2_matched_symbol_with_refinement_add_to_image_and_library:	id: 673	x: 386	y: 1819	
Records jb2_matched_symbol_with_refinement_add_to_image_and_library:	id: 674	x: 406	y: 1818	
Records jb2_matched_symbol_with_refinement_add_to_image_and_library:	id: 675	x: 413	y: 1829	
Records jb2_new_symbol_add_to_image_and_library:	id: 676	x: 453	y: 1824	
Records jb2_matched_symbol_with_refinement_add_to_image_and_library:	id: 677	x: 551	y: 1830	
Records jb2_matched_symbol_with_refinement_add_to_image_and_library:	id: 678	x: 559	y: 1822	
Records jb2_matched_symbol_with_refinement_add_to_image_and_library:	id: 679	x: 604	y: 1833	
Records jb2_matched_symbol_with_refinement_add_to_image_and_library:	id: 680	x: 617	y: 1819	
Records jb2_matched_symbol_with_refinement_add_to_image_and_library:	id: 681	x: 638	y: 1821	
Records jb2_matched_symbol_with_refinement_add_to_image_and_library:	id: 682	x: 665	y: 1829	
Records jb2_matched_symbol_with_refinement_add_to_image_and_library:	id: 683	x: 670	y: 1831	
Records jb2_matched_symbol_with_refinement_add_to_image_and_library:	id: 684	x: 698	y: 1820	
Records jb2_matched_symbol_with_refinement_add_to_image_and_library:	id: 685	x: 762	y: 1833	
Records jb2_new_symbol_add_to_image_and_library:	id: 686	x: 770	y: 1831	
Records jb2_matched_symbol_with_refinement_add_to_image_and_library:	id: 687	x: 788	y: 1833	
Records jb2_new_symbol_add_to_image_and_library:	id: 688	x: 801	y: 1823	
Records jb2_matched_symbol_with_refinement_add_to_image_and_library:	id: 689	x: 809	y: 1833	
Records jb2_matched_symbol_with_refinement_add_to_image_and_library:	id: 690	x: 879	y: 1832	
Records jb2_matched_symbol_with_refinement_add_to_image_and_library:	id: 691	x: 891	y: 1820	
Records jb2_matched_symbol_with_refinement_add_to_image_and_library:	id: 692	x: 920	y: 1821	
Records jb2_matched_symbol_with_refinement_add_to_image_and_library:	id: 693	x: 941	y: 1820	
Records jb2_matched_symbol_with_refinement_add_to_image_and_library:	id: 694	x: 950	y: 1831	
Records jb2_matched_symbol_with_refinement_add_to_image_and_library:	id: 695	x: 960	y: 1819	
Records jb2_matched_symbol_with_refinement_add_to_image_and_library:	id: 696	x: 988	y: 1819	
Records jb2_new_symbol_add_to_image_and_library:	id: 697	x: 1035	y: 1819	
Records jb2_matched_symbol_with_refinement_add_to_image_and_library:	id: 698	x: 1072	y: 1816	
Records jb2_new_symbol_add_to_image_and_library:	id: 699	x: 1095	y: 1829	
Records jb2_matched_symbol_with_refinement_add_to_image_and_library:	id: 700	x: 1117	y: 1829	
Records jb2_matched_symbol_with_refinement_add_to_image_and_library:	id: 701	x: 1159	y: 1820	
Records jb2_matched_symbol_with_refinement_add_to_image_and_library:	id: 702	x: 1168	y: 1829	
Records jb2_matched_symbol_with_refinement_add_to_image_and_library:	id: 703	x: 1207	y: 1822	
Records jb2_matched_symbol_with_refinement_add_to_image_and_library:	id: 704	x: 1224	y: 1819	
Records jb2_matched_symbol_with_refinement_add_to_image_and_library:	id: 705	x: 1256	y: 1820	
Records jb2_matched_symbol_with_refinement_add_to_image_and_library:	id: 706	x: 1280	y: 1821	
Records jb2_new_symbol_add_to_image_and_library:	id: 707	x: 1290	y: 1807	
Records jb2_matched_symbol_with_refinement_add_to_image_and_library:	id: 708	x: 1309	y: 1820	
Records jb2_matched_symbol_with_refinement_add_to_image_and_library:	id: 709	x: 1335	y: 1819	
Records jb2_matched_symbol_with_refinement_add_to_image_and_library:	id: 710	x: 1366	y: 1821	
Records jb2_new_symbol_add_to_image_and_library:	id: 711	x: 1388	y: 1819	
Records jb2_matched_symbol_with_refinement_add_to_image_and_library:	id: 712	x: 1429	y: 1829	
Records jb2_matched_symbol_with_refinement_add_to_image_and_library:	id: 713	x: 1457	y: 1820	
Records jb2_matched_symbol_with_refinement_add_to_image_and_library:	id: 714	x: 1478	y: 1829	
Records jb2_matched_symbol_with_refinement_add_to_image_and_library:	id: 715	x: 1490	y: 1816	
Records jb2_matched_symbol_with_refinement_add_to_image_and_library:	id: 716	x: 221	y: 1760	
Records jb2_matched_symbol_with_refinement_add_to_image_and_library:	id: 717	x: 246	y: 1759	
Records jb2_matched_symbol_with_refinement_add_to_image_and_library:	id: 718	x: 276	y: 1761	
Records jb2_matched_symbol_with_refinement_add_to_image_and_library:	id: 719	x: 305	y: 1760	
Records jb2_new_symbol_add_to_image_and_library:	id: 720	x: 324	y: 1774	
Records jb2_new_symbol_add_to_image_and_library:	id: 721	x: 392	y: 1762	
Records jb2_matched_symbol_with_refinement_add_to_image_and_library:	id: 722	x: 439	y: 1771	
Records jb2_matched_symbol_with_refinement_add_to_image_and_library:	id: 723	x: 469	y: 1762	
Records jb2_matched_symbol_with_refinement_add_to_image_and_library:	id: 724	x: 469	y: 1744	
Records jb2_matched_symbol_with_refinement_add_to_image_and_library:	id: 725	x: 483	y: 1766	
Records jb2_matched_symbol_with_refinement_add_to_image_and_library:	id: 726	x: 500	y: 1762	
Records jb2_matched_symbol_with_refinement_add_to_image_and_library:	id: 727	x: 526	y: 1763	
Records jb2_matched_symbol_with_refinement_add_to_image_and_library:	id: 728	x: 568	y: 1764	
Records jb2_new_symbol_add_to_image_and_library:	id: 729	x: 620	y: 1764	
Records jb2_matched_symbol_with_refinement_add_to_image_and_library:	id: 730	x: 664	y: 1764	
Records jb2_matched_symbol_with_refinement_add_to_image_and_library:	id: 731	x: 694	y: 1764	
Records jb2_matched_symbol_with_refinement_add_to_image_and_library:	id: 732	x: 712	y: 1763	
Records jb2_new_symbol_add_to_image_and_library:	id: 733	x: 737	y: 1765	
Records jb2_new_symbol_add_to_image_and_library:	id: 734	x: 799	y: 1769	
Records jb2_new_symbol_add_to_image_and_library:	id: 735	x: 849	y: 1766	
Records jb2_matched_symbol_with_refinement_add_to_image_and_library:	id: 736	x: 924	y: 1763	
Records jb2_matched_symbol_with_refinement_add_to_image_and_library:	id: 737	x: 953	y: 1762	
Records jb2_new_symbol_add_to_image_and_library:	id: 738	x: 1002	y: 1773	
Records jb2_matched_symbol_with_refinement_add_to_image_and_library:	id: 739	x: 1064	y: 1762	
Records jb2_matched_symbol_with_refinement_add_to_image_and_library:	id: 740	x: 1118	y: 1762	
Records jb2_matched_symbol_with_refinement_add_to_image_and_library:	id: 741	x: 1161	y: 1762	
Records jb2_matched_symbol_with_refinement_add_to_image_and_library:	id: 742	x: 1222	y: 1761	
Records jb2_matched_symbol_with_refinement_add_to_image_and_library:	id: 743	x: 1252	y: 1760	
Records jb2_new_symbol_add_to_image_and_library:	id: 744	x: 1270	y: 1763	
Records jb2_matched_symbol_with_refinement_add_to_image_and_library:	id: 745	x: 1279	y: 1775	
Records jb2_new_symbol_add_to_image_and_library:	id: 746	x: 1325	y: 1775	
Records jb2_matched_symbol_with_refinement_add_to_image_and_library:	id: 747	x: 1362	y: 1765	
Records jb2_matched_symbol_with_refinement_add_to_image_and_library:	id: 748	x: 1381	y: 1763	
Records jb2_matched_symbol_with_refinement_add_to_image_and_library:	id: 749	x: 1389	y: 1774	
Records jb2_matched_symbol_with_refinement_add_to_image_and_library:	id: 750	x: 1392	y: 1761	
Records jb2_new_symbol_add_to_image_and_library:	id: 751	x: 1422	y: 1763	
Records jb2_new_symbol_add_to_image_and_library:	id: 752	x: 1456	y: 1765	
Records jb2_matched_symbol_with_refinement_add_to_image_and_library:	id: 753	x: 1505	y: 1741	
Records jb2_new_symbol_add_to_image_and_library:	id: 754	x: 221	y: 1704	
Records jb2_matched_symbol_with_refinement_add_to_image_and_library:	id: 755	x: 254	y: 1705	
Records jb2_matched_symbol_with_refinement_add_to_image_and_library:	id: 756	x: 275	y: 1708	
Records jb2_new_symbol_add_to_image_and_library:	id: 757	x: 304	y: 1705	
Records jb2_matched_symbol_with_refinement_add_to_image_and_library:	id: 758	x: 311	y: 1714	
Records jb2_new_symbol_add_to_image_and_library:	id: 759	x: 327	y: 1705	
Records jb2_matched_symbol_with_refinement_add_to_image_and_library:	id: 760	x: 343	y: 1715	
Records jb2_matched_symbol_with_refinement_add_to_image_and_library:	id: 761	x: 357	y: 1705	
Records jb2_matched_symbol_with_refinement_add_to_image_and_library:	id: 762	x: 366	y: 1715	
Records jb2_matched_symbol_with_refinement_add_to_image_and_library:	id: 763	x: 372	y: 1704	
Records jb2_matched_symbol_with_refinement_add_to_image_and_library:	id: 764	x: 408	y: 1706	
Records jb2_new_symbol_add_to_image_and_library:	id: 765	x: 427	y: 1706	
Records jb2_matched_symbol_with_refinement_add_to_image_and_library:	id: 766	x: 479	y: 1708	
Records jb2_matched_symbol_with_refinement_add_to_image_and_library:	id: 767	x: 496	y: 1716	
Records jb2_matched_symbol_with_refinement_add_to_image_and_library:	id: 768	x: 527	y: 1704	
Records jb2_matched_symbol_with_refinement_add_to_image_and_library:	id: 769	x: 558	y: 1708	
Records jb2_matched_symbol_with_refinement_add_to_image_and_library:	id: 770	x: 587	y: 1705	
Records jb2_matched_symbol_with_refinement_add_to_image_and_library:	id: 771	x: 587	y: 1688	
Records jb2_matched_symbol_with_refinement_add_to_image_and_library:	id: 772	x: 606	y: 1707	
Records jb2_new_symbol_add_to_image_and_library:	id: 773	x: 626	y: 1709	
Records jb2_matched_symbol_with_refinement_add_to_image_and_library:	id: 774	x: 739	y: 1711	
Records jb2_matched_symbol_with_refinement_add_to_image_and_library:	id: 775	x: 763	y: 1718	
Records jb2_matched_symbol_with_refinement_add_to_image_and_library:	id: 776	x: 770	y: 1688	
Records jb2_new_symbol_add_to_image_and_library:	id: 777	x: 224	y: 1657	
Records jb2_matched_symbol_with_refinement_add_to_image_and_library:	id: 778	x: 361	y: 1658	
Records jb2_matched_symbol_with_refinement_add_to_image_and_library:	id: 779	x: 442	y: 1649	
Records jb2_matched_symbol_with_refinement_add_to_image_and_library:	id: 780	x: 463	y: 1648	
Records jb2_matched_symbol_with_refinement_add_to_image_and_library:	id: 781	x: 485	y: 1647	
Records jb2_matched_symbol_with_refinement_add_to_image_and_library:	id: 782	x: 512	y: 1652	
Records jb2_matched_symbol_with_refinement_add_to_image_and_library:	id: 783	x: 530	y: 1661	
Records jb2_matched_symbol_with_refinement_add_to_image_and_library:	id: 784	x: 563	y: 1647	
Records jb2_matched_symbol_with_refinement_add_to_image_and_library:	id: 785	x: 592	y: 1650	
Records jb2_matched_symbol_with_refinement_add_to_image_and_library:	id: 786	x: 620	y: 1650	
Records jb2_matched_symbol_with_refinement_add_to_image_and_library:	id: 787	x: 649	y: 1650	
Records jb2_matched_symbol_with_refinement_add_to_image_and_library:	id: 788	x: 679	y: 1651	
Records jb2_matched_symbol_with_refinement_add_to_image_and_library:	id: 789	x: 696	y: 1648	
Records jb2_new_symbol_add_to_image_and_library:	id: 790	x: 719	y: 1650	
Records jb2_new_symbol_add_to_image_and_library:	id: 791	x: 754	y: 1663	
Records jb2_matched_symbol_with_refinement_add_to_image_and_library:	id: 792	x: 843	y: 1652	
Records jb2_new_symbol_add_to_image_and_library:	id: 793	x: 885	y: 1653	
Records jb2_new_symbol_add_to_image_and_library:	id: 794	x: 937	y: 1652	
Records jb2_matched_symbol_with_refinement_add_to_image_and_library:	id: 795	x: 989	y: 1652	
Records jb2_matched_symbol_with_refinement_add_to_image_and_library:	id: 796	x: 1021	y: 1650	
Records jb2_matched_symbol_with_refinement_add_to_image_and_library:	id: 797	x: 1050	y: 1650	
Records jb2_matched_symbol_with_refinement_add_to_image_and_library:	id: 798	x: 1100	y: 1659	
Records jb2_matched_symbol_with_refinement_add_to_image_and_library:	id: 799	x: 1128	y: 1650	
Records jb2_new_symbol_add_to_image_and_library:	id: 800	x: 1166	y: 1652	
Records jb2_new_symbol_add_to_image_and_library:	id: 801	x: 1265	y: 1652	
Records jb2_new_symbol_add_to_image_and_library:	id: 802	x: 1320	y: 1650	
Records jb2_matched_symbol_with_refinement_add_to_image_and_library:	id: 803	x: 1384	y: 1661	
Records jb2_matched_symbol_with_refinement_add_to_image_and_library:	id: 804	x: 1397	y: 1649	
Records jb2_new_symbol_add_to_image_and_library:	id: 805	x: 1461	y: 1653	
Records jb2_matched_symbol_with_refinement_add_to_image_and_library:	id: 806	x: 1461	y: 1628	
Records jb2_matched_symbol_with_refinement_add_to_image_and_library:	id: 807	x: 320	y: 1602	
Records jb2_new_symbol_add_to_image_and_library:	id: 808	x: 366	y: 1603	
Records jb2_matched_symbol_with_refinement_add_to_image_and_library:	id: 809	x: 421	y: 1594	
Records jb2_matched_symbol_with_refinement_add_to_image_and_library:	id: 810	x: 449	y: 1592	
Records jb2_matched_symbol_with_refinement_add_to_image_and_library:	id: 811	x: 477	y: 1593	
Records jb2_matched_symbol_with_refinement_add_to_image_and_library:	id: 812	x: 525	y: 1604	
Records jb2_matched_symbol_with_refinement_add_to_image_and_library:	id: 813	x: 554	y: 1593	
Records jb2_matched_symbol_with_refinement_add_to_image_and_library:	id: 814	x: 577	y: 1594	
Records jb2_matched_symbol_with_refinement_add_to_image_and_library:	id: 815	x: 623	y: 1606	
Records jb2_matched_symbol_with_refinement_add_to_image_and_library:	id: 816	x: 638	y: 1593	
Records jb2_matched_symbol_with_refinement_add_to_image_and_library:	id: 817	x: 996	y: 1604	
Records jb2_new_symbol_add_to_image_and_library:	id: 818	x: 1049	y: 1604	
Records jb2_matched_symbol_with_refinement_add_to_image_and_library:	id: 819	x: 1098	y: 1593	
Records jb2_matched_symbol_with_refinement_add_to_image_and_library:	id: 820	x: 1126	y: 1595	
Records jb2_matched_symbol_with_refinement_add_to_image_and_library:	id: 821	x: 1144	y: 1612	
Records jb2_matched_symbol_with_refinement_add_to_image_and_library:	id: 822	x: 1164	y: 1593	
Records jb2_matched_symbol_with_refinement_add_to_image_and_library:	id: 823	x: 1184	y: 1593	
Records jb2_new_symbol_add_to_image_and_library:	id: 824	x: 1213	y: 1604	
Records jb2_matched_symbol_with_refinement_add_to_image_and_library:	id: 825	x: 1237	y: 1592	
Records jb2_matched_symbol_with_refinement_add_to_image_and_library:	id: 826	x: 1271	y: 1593	
Records jb2_matched_symbol_with_refinement_add_to_image_and_library:	id: 827	x: 1318	y: 1594	
Records jb2_matched_symbol_with_refinement_add_to_image_and_library:	id: 828	x: 1327	y: 1603	
Records jb2_matched_symbol_with_refinement_add_to_image_and_library:	id: 829	x: 1359	y: 1602	
Records jb2_matched_symbol_with_refinement_add_to_image_and_library:	id: 830	x: 1372	y: 1592	
Records jb2_matched_symbol_with_refinement_add_to_image_and_library:	id: 831	x: 1421	y: 1591	
Records jb2_new_symbol_add_to_image_and_library:	id: 832	x: 1447	y: 1593	
Records jb2_new_symbol_add_to_image_and_library:	id: 833	x: 1004	y: 1538	
Records jb2_matched_symbol_with_refinement_add_to_image_and_library:	id: 834	x: 1066	y: 1546	
Records jb2_new_symbol_add_to_image_and_library:	id: 835	x: 1102	y: 1538	
Records jb2_matched_symbol_with_refinement_add_to_image_and_library:	id: 836	x: 1136	y: 1538	
Records jb2_matched_symbol_with_refinement_add_to_image_and_library:	id: 837	x: 1163	y: 1540	
Records jb2_new_symbol_add_to_image_and_library:	id: 838	x: 1218	y: 1543	
Records jb2_new_symbol_add_to_image_and_library:	id: 839	x: 1262	y: 1537	
Records jb2_matched_symbol_with_refinement_add_to_image_and_library:	id: 840	x: 1270	y: 1547	
Records jb2_matched_symbol_with_refinement_add_to_image_and_library:	id: 841	x: 1340	y: 1546	
Records jb2_new_symbol_add_to_image_and_library:	id: 842	x: 570	y: 1450	
Records jb2_new_symbol_add_to_image_and_library:	id: 843	x: 1210	y: 1420	
Records jb2_new_symbol_add_to_image_and_library:	id: 844	x: 1209	y: 1409	
Records jb2_matched_symbol_with_refinement_add_to_image_and_library:	id: 845	x: 1280	y: 1399	
Records jb2_matched_symbol_with_refinement_add_to_image_and_library:	id: 846	x: 1289	y: 1395	
Records jb2_new_symbol_add_to_image_and_library:	id: 847	x: 1207	y: 1382	
Records jb2_new_symbol_add_to_image_and_library:	id: 848	x: 1219	y: 1261	
Records jb2_new_symbol_add_to_image_and_library:	id: 849	x: 1274	y: 1200	
Records jb2_new_symbol_add_to_image_and_library:	id: 850	x: 1285	y: 1186	
Records jb2_new_symbol_add_to_image_and_library:	id: 851	x: 1175	y: 1123	
Records jb2_new_symbol_add_to_image_and_library:	id: 852	x: 1270	y: 1084	
Records jb2_new_symbol_add_to_image_and_library:	id: 853	x: 1248	y: 1051	
Records jb2_new_symbol_add_to_image_and_library:	id: 854	x: 1384	y: 1077	
Records jb2_new_symbol_add_to_image_and_library:	id: 855	x: 1202	y: 1027	
Records jb2_new_symbol_add_to_image_and_library:	id: 856	x: 1169	y: 924	
Records jb2_matched_symbol_with_refinement_add_to_image_and_library:	id: 857	x: 1307	y: 891	
Records jb2_new_symbol_add_to_image_and_library:	id: 858	x: 1011	y: 747	
Records jb2_new_symbol_add_to_image_and_library:	id: 859	x: 1681	y: 742	
Records jb2_new_symbol_add_to_image_and_library:	id: 860	x: 1782	y: 671	
Records jb2_new_symbol_add_to_image_and_library:	id: 861	x: 977	y: 207	
Records jb2_new_symbol_add_to_image_and_library:	id: 862	x: 983	y: 221	
Records jb2_new_symbol_add_to_image_and_library:	id: 863	x: 998	y: 227	
Records jb2_new_symbol_add_to_image_and_library:	id: 864	x: 1012	y: 234	
Records jb2_new_symbol_add_to_image_and_library:	id: 865	x: 1022	y: 236	
Records jb2_new_symbol_add_to_image_and_library:	id: 866	x: 1043	y: 234	
Records jb2_new_symbol_add_to_image_and_library:	id: 867	x: 1052	y: 226	
Records jb2_new_symbol_add_to_image_and_library:	id: 868	x: 1064	y: 213	
Records jb2_new_symbol_add_to_image_and_library:	id: 869	x: 970	y: 199	
Records jb2_new_symbol_add_to_image_and_library:	id: 870	x: 971	y: 176	
Records jb2_new_symbol_add_to_image_and_library:	id: 871	x: 998	y: 186	
Records jb2_new_symbol_add_to_image_and_library:	id: 872	x: 1030	y: 185	
Records jb2_matched_symbol_with_refinement_add_to_image_and_library:	id: 873	x: 1074	y: 176	
Records jb2_new_symbol_add_to_image_and_library:	id: 874	x: 972	y: 155	
Records jb2_new_symbol_add_to_image_and_library:	id: 875	x: 982	y: 141	
Records jb2_new_symbol_add_to_image_and_library:	id: 876	x: 996	y: 134	
Records jb2_new_symbol_add_to_image_and_library:	id: 877	x: 1029	y: 127	
Records jb2_new_symbol_add_to_image_and_library:	id: 878	x: 1043	y: 132	
Records jb2_new_symbol_add_to_image_and_library:	id: 879	x: 1055	y: 145	
Records jb2_new_symbol_add_to_image_and_library:	id: 880	x: 1070	y: 151	
Records jb2_new_symbol_add_to_image_and_library:	id: 881	x: 1270	y: 1	
Records jb2_new_symbol_add_to_image_and_library:	id: 882	x: 1282	y: 1	
Records jb2_new_symbol_add_to_image_and_library:	id: 883	x: 1289	y: 1	
Records jb2_matched_symbol_with_refinement_add_to_image_and_library:	id: 884	x: 1474	y: 1	
Records jb2_new_symbol_add_to_image_and_library:	id: 885	x: 0	y: 3	
Records jb2_new_symbol_add_to_image_and_library:	id: 886	x: 300	y: 2	
Records jb2_new_symbol_add_to_image_and_library:	id: 887	x: 600	y: 1	
Records jb2_new_symbol_add_to_image_and_library:	id: 888	x: 900	y: 1	
Records jb2_new_symbol_add_to_image_and_library:	id: 889	x: 1278	y: 1	
Records jb2_new_symbol_add_to_image_and_library:	id: 890	x: 1500	y: 1	
Records jb2_new_symbol_add_to_image_and_library:	id: 891	x: 1800	y: 300	
Records jb2_new_symbol_add_to_image_and_library:	id: 892	x: 1976	y: 600	
Records jb2_new_symbol_add_to_image_and_library:	id: 893	x: 507	y: 900	
Records jb2_new_symbol_add_to_image_and_library:	id: 894	x: 1016	y: 900	
Records jb2_new_symbol_add_to_image_and_library:	id: 895	x: 1200	y: 900	
Records jb2_new_symbol_add_to_image_and_library:	id: 896	x: 1681	y: 763	
Records jb2_new_symbol_add_to_image_and_library:	id: 897	x: 1976	y: 900	
Records jb2_new_symbol_add_to_image_and_library:	id: 898	x: 0	y: 1200	
Records jb2_new_symbol_add_to_image_and_library:	id: 899	x: 496	y: 1200	
Records jb2_new_symbol_add_to_image_and_library:	id: 900	x: 956	y: 1164	
Records jb2_new_symbol_add_to_image_and_library:	id: 901	x: 1200	y: 1200	
Records jb2_new_symbol_add_to_image_and_library:	id: 902	x: 1976	y: 918	
Records jb2_new_symbol_add_to_image_and_library:	id: 903	x: 0	y: 1500	
Records jb2_new_symbol_add_to_image_and_library:	id: 904	x: 384	y: 1486	
Records jb2_new_symbol_add_to_image_and_library:	id: 905	x: 600	y: 1485	
Records jb2_new_symbol_add_to_image_and_library:	id: 906	x: 1143	y: 1431	
Records jb2_new_symbol_add_to_image_and_library:	id: 907	x: 1200	y: 1443	
Records jb2_new_symbol_add_to_image_and_library:	id: 908	x: 1500	y: 1309	
Records jb2_new_symbol_add_to_image_and_library:	id: 909	x: 0	y: 1800	
Records jb2_new_symbol_add_to_image_and_library:	id: 910	x: 318	y: 1671	
Records jb2_new_symbol_add_to_image_and_library:	id: 911	x: 0	y: 2100	
Records jb2_new_symbol_add_to_image_and_library:	id: 912	x: 0	y: 2400	
Records jb2_new_symbol_add_to_image_and_library:	id: 913	x: 1199	y: 2155	
Records jb2_new_symbol_add_to_image_and_library:	id: 914	x: 1279	y: 2203	
Records jb2_new_symbol_add_to_image_and_library:	id: 915	x: 0	y: 2700	
Records jb2_new_symbol_add_to_image_and_library:	id: 916	x: 1173	y: 2473	
Records jb2_new_symbol_add_to_image_and_library:	id: 917	x: 1976	y: 2700	
Records jb2_new_symbol_add_to_image_and_library:	id: 918	x: 0	y: 2964	
Records jb2_new_symbol_add_to_image_and_library:	id: 919	x: 300	y: 2964	
Records jb2_new_symbol_add_to_image_and_library:	id: 920	x: 600	y: 2964	
Records jb2_new_symbol_add_to_image_and_library:	id: 921	x: 1291	y: 2964	
Records jb2_new_symbol_add_to_image_and_library:	id: 922	x: 1500	y: 2964	
Records jb2_new_symbol_add_to_image_and_library:	id: 923	x: 1800	y: 2964	
Records jb2_end_of_data
