Records jb2_start_of_image
Records jb2_new_symbol_add_to_image_and_library:	id: 0	x: 1071	y: 2683	
Records jb2_new_symbol_add_to_image_and_library:	id: 1	x: 1204	y: 2673	
Records jb2_new_symbol_add_to_image_and_library:	id: 2	x: 1241	y: 2675	
Records jb2_new_symbol_add_to_image_and_library:	id: 3	x: 1287	y: 2682	
Records jb2_new_symbol_add_to_image_and_library:	id: 4	x: 1337	y: 2675	
Records jb2_new_symbol_add_to_image_and_library:	id: 5	x: 1422	y: 2680	
Records jb2_new_symbol_add_to_image_and_library:	id: 6	x: 1457	y: 2680	
Records jb2_new_symbol_add_to_image_and_library:	id: 7	x: 1076	y: 2622	
Records jb2_new_symbol_add_to_image_and_library:	id: 8	x: 1218	y: 2625	
Records jb2_new_symbol_add_to_image_and_library:	id: 9	x: 1226	y: 2623	
Records jb2_new_symbol_add_to_image_and_library:	id: 10	x: 1312	y: 2614	
Records jb2_new_symbol_add_to_image_and_library:	id: 11	x: 347	y: 2562	
Records jb2_new_symbol_add_to_image_and_library:	id: 12	x: 392	y: 2563	
Records jb2_new_symbol_add_to_image_and_library:	id: 13	x: 438	y: 2558	
Records jb2_new_symbol_add_to_image_and_library:	id: 14	x: 488	y: 2559	
Records jb2_new_symbol_add_to_image_and_library:	id: 15	x: 575	y: 2568	
Records jb2_matched_symbol_with_refinement_add_to_image_and_library:	id: 16	x: 628	y: 2566	
Records jb2_matched_symbol_with_refinement_add_to_image_and_library:	id: 17	x: 689	y: 2556	
Records jb2_new_symbol_add_to_image_and_library:	id: 18	x: 387	y: 2168	
Records jb2_new_symbol_add_to_image_and_library:	id: 19	x: 641	y: 2170	
Records jb2_new_symbol_add_to_image_and_library:	id: 20	x: 644	y: 2002	
Records jb2_new_symbol_add_to_image_and_library:	id: 21	x: 731	y: 1783	
Records jb2_new_symbol_add_to_image_and_library:	id: 22	x: 733	y: 1775	
Records jb2_new_symbol_add_to_image_and_library:	id: 23	x: 741	y: 1779	
Records jb2_new_symbol_add_to_image_and_library:	id: 24	x: 202	y: 1687	
Records jb2_new_symbol_add_to_image_and_library:	id: 25	x: 203	y: 1703	
Records jb2_new_symbol_add_to_image_and_library:	id: 26	x: 230	y: 1685	
Records jb2_new_symbol_add_to_image_and_library:	id: 27	x: 228	y: 1680	
Records jb2_new_symbol_add_to_image_and_library:	id: 28	x: 196	y: 1648	
Records jb2_new_symbol_add_to_image_and_library:	id: 29	x: 198	y: 1630	
Records jb2_new_symbol_add_to_image_and_library:	id: 30	x: 222	y: 1599	
Records jb2_new_symbol_add_to_image_and_library:	id: 31	x: 277	y: 1598	
Records jb2_new_symbol_add_to_image_and_library:	id: 32	x: 355	y: 1588	
Records jb2_new_symbol_add_to_image_and_library:	id: 33	x: 403	y: 1587	
Records jb2_new_symbol_add_to_image_and_library:	id: 34	x: 454	y: 1585	
Records jb2_new_symbol_add_to_image_and_library:	id: 35	x: 473	y: 1597	
Records jb2_new_symbol_add_to_image_and_library:	id: 36	x: 510	y: 1586	
Records jb2_new_symbol_add_to_image_and_library:	id: 37	x: 538	y: 1583	
Records jb2_new_symbol_add_to_image_and_library:	id: 38	x: 567	y: 1600	
Records jb2_matched_symbol_with_refinement_add_to_image_and_library:	id: 39	x: 626	y: 1587	
Records jb2_matched_symbol_with_refinement_add_to_image_and_library:	id: 40	x: 648	y: 1586	
Records jb2_new_symbol_add_to_image_and_library:	id: 41	x: 671	y: 1600	
Records jb2_new_symbol_add_to_image_and_library:	id: 42	x: 743	y: 1588	
Records jb2_matched_symbol_with_refinement_add_to_image_and_library:	id: 43	x: 773	y: 1589	
Records jb2_new_symbol_add_to_image_and_library:	id: 44	x: 793	y: 1587	
Records jb2_matched_symbol_with_refinement_add_to_image_and_library:	id: 45	x: 947	y: 1602	
Records jb2_new_symbol_add_to_image_and_library:	id: 46	x: 995	y: 1598	
Records jb2_matched_symbol_with_refinement_add_to_image_and_library:	id: 47	x: 1039	y: 1589	
Records jb2_matched_symbol_with_refinement_add_to_image_and_library:	id: 48	x: 1057	y: 1589	
Records jb2_matched_symbol_with_refinement_add_to_image_and_library:	id: 49	x: 1077	y: 1587	
Records jb2_new_symbol_add_to_image_and_library:	id: 50	x: 1079	y: 1600	
Records jb2_new_symbol_add_to_image_and_library:	id: 51	x: 1097	y: 1570	
Records jb2_new_symbol_add_to_image_and_library:	id: 52	x: 1109	y: 1596	
Records jb2_matched_symbol_with_refinement_add_to_image_and_library:	id: 53	x: 1174	y: 1590	
Records jb2_matched_symbol_with_refinement_add_to_image_and_library:	id: 54	x: 1194	y: 1590	
Records jb2_new_symbol_add_to_image_and_library:	id: 55	x: 1220	y: 1599	
Records jb2_new_symbol_add_to_image_and_library:	id: 56	x: 1285	y: 1598	
Records jb2_new_symbol_add_to_image_and_library:	id: 57	x: 1320	y: 1586	
Records jb2_new_symbol_add_to_image_and_library:	id: 58	x: 1357	y: 1594	
Records jb2_new_symbol_add_to_image_and_library:	id: 59	x: 1363	y: 1587	
Records jb2_new_symbol_add_to_image_and_library:	id: 60	x: 1407	y: 1585	
Records jb2_new_symbol_add_to_image_and_library:	id: 61	x: 1449	y: 1581	
Records jb2_new_symbol_add_to_image_and_library:	id: 62	x: 1478	y: 1593	
Records jb2_new_symbol_add_to_image_and_library:	id: 63	x: 1512	y: 1582	
Records jb2_new_symbol_add_to_image_and_library:	id: 64	x: 221	y: 1527	
Records jb2_new_symbol_add_to_image_and_library:	id: 65	x: 241	y: 1540	
Records jb2_new_symbol_add_to_image_and_library:	id: 66	x: 309	y: 1529	
Records jb2_matched_symbol_with_refinement_add_to_image_and_library:	id: 67	x: 338	y: 1527	
Records jb2_new_symbol_add_to_image_and_library:	id: 68	x: 361	y: 1529	
Records jb2_new_symbol_add_to_image_and_library:	id: 69	x: 388	y: 1538	
Records jb2_new_symbol_add_to_image_and_library:	id: 70	x: 396	y: 1531	
Records jb2_new_symbol_add_to_image_and_library:	id: 71	x: 413	y: 1528	
Records jb2_matched_symbol_with_refinement_add_to_image_and_library:	id: 72	x: 450	y: 1508	
Records jb2_new_symbol_add_to_image_and_library:	id: 73	x: 464	y: 1527	
Records jb2_new_symbol_add_to_image_and_library:	id: 74	x: 529	y: 1528	
Records jb2_new_symbol_add_to_image_and_library:	id: 75	x: 566	y: 1529	
Records jb2_matched_symbol_with_refinement_add_to_image_and_library:	id: 76	x: 623	y: 1527	
Records jb2_new_symbol_add_to_image_and_library:	id: 77	x: 644	y: 1509	
Records jb2_new_symbol_add_to_image_and_library:	id: 78	x: 948	y: 1534	
Records jb2_new_symbol_add_to_image_and_library:	id: 79	x: 979	y: 1545	
Records jb2_new_symbol_add_to_image_and_library:	id: 80	x: 994	y: 1531	
Records jb2_new_symbol_add_to_image_and_library:	id: 81	x: 999	y: 1519	
Records jb2_new_symbol_add_to_image_and_library:	id: 82	x: 1022	y: 1542	
Records jb2_new_symbol_add_to_image_and_library:	id: 83	x: 1077	y: 1532	
Records jb2_new_symbol_add_to_image_and_library:	id: 84	x: 1125	y: 1543	
Records jb2_matched_symbol_with_refinement_add_to_image_and_library:	id: 85	x: 1138	y: 1532	
Records jb2_new_symbol_add_to_image_and_library:	id: 86	x: 1175	y: 1531	
Records jb2_new_symbol_add_to_image_and_library:	id: 87	x: 1202	y: 1543	
Records jb2_new_symbol_add_to_image_and_library:	id: 88	x: 1250	y: 1542	
Records jb2_new_symbol_add_to_image_and_library:	id: 89	x: 1261	y: 1530	
Records jb2_matched_symbol_with_refinement_add_to_image_and_library:	id: 90	x: 1278	y: 1526	
Records jb2_new_symbol_add_to_image_and_library:	id: 91	x: 1302	y: 1538	
Records jb2_matched_symbol_with_refinement_add_to_image_and_library:	id: 92	x: 1361	y: 1527	
Records jb2_matched_symbol_with_refinement_add_to_image_and_library:	id: 93	x: 1397	y: 1526	
Records jb2_new_symbol_add_to_image_and_library:	id: 94	x: 1421	y: 1537	
Records jb2_new_symbol_add_to_image_and_library:	id: 95	x: 1452	y: 1534	
Records jb2_new_symbol_add_to_image_and_library:	id: 96	x: 1463	y: 1523	
Records jb2_new_symbol_add_to_image_and_library:	id: 97	x: 1483	y: 1530	
Records jb2_new_symbol_add_to_image_and_library:	id: 98	x: 1496	y: 1524	
Records jb2_new_symbol_add_to_image_and_library:	id: 99	x: 1500	y: 1535	
Records jb2_new_symbol_add_to_image_and_library:	id: 100	x: 593	y: 1460	
Records jb2_new_symbol_add_to_image_and_library:	id: 101	x: 941	y: 1477	
Records jb2_new_symbol_add_to_image_and_library:	id: 102	x: 994	y: 1452	
Records jb2_new_symbol_add_to_image_and_library:	id: 103	x: 1003	y: 1475	
Records jb2_new_symbol_add_to_image_and_library:	id: 104	x: 1036	y: 1455	
Records jb2_matched_symbol_with_refinement_add_to_image_and_library:	id: 105	x: 1040	y: 1473	
Records jb2_new_symbol_add_to_image_and_library:	id: 106	x: 1063	y: 1476	
Records jb2_matched_symbol_with_refinement_add_to_image_and_library:	id: 107	x: 1118	y: 1472	
Records jb2_new_symbol_add_to_image_and_library:	id: 108	x: 1138	y: 1482	
Records jb2_new_symbol_add_to_image_and_library:	id: 109	x: 1170	y: 1487	
Records jb2_matched_symbol_with_refinement_add_to_image_and_library:	id: 110	x: 1210	y: 1475	
Records jb2_matched_symbol_with_refinement_add_to_image_and_library:	id: 111	x: 1239	y: 1456	
Records jb2_new_symbol_add_to_image_and_library:	id: 112	x: 527	y: 1428	
Records jb2_new_symbol_add_to_image_and_library:	id: 113	x: 572	y: 1398	
Records jb2_new_symbol_add_to_image_and_library:	id: 114	x: 596	y: 1398	
Records jb2_new_symbol_add_to_image_and_library:	id: 115	x: 625	y: 1407	
Records jb2_new_symbol_add_to_image_and_library:	id: 116	x: 660	y: 1399	
Records jb2_new_symbol_add_to_image_and_library:	id: 117	x: 672	y: 1398	
Records jb2_new_symbol_add_to_image_and_library:	id: 118	x: 1235	y: 1413	
Records jb2_matched_symbol_with_refinement_add_to_image_and_library:	id: 119	x: 1262	y: 1413	
Records jb2_new_symbol_add_to_image_and_library:	id: 120	x: 1446	y: 1425	
Records jb2_new_symbol_add_to_image_and_library:	id: 121	x: 1496	y: 1420	
Records jb2_new_symbol_add_to_image_and_library:	id: 122	x: 679	y: 1394	
Records jb2_new_symbol_add_to_image_and_library:	id: 123	x: 594	y: 1390	
Records jb2_new_symbol_add_to_image_and_library:	id: 124	x: 629	y: 1387	
Records jb2_new_symbol_add_to_image_and_library:	id: 125	x: 647	y: 1390	
Records jb2_new_symbol_add_to_image_and_library:	id: 126	x: 523	y: 1373	
Records jb2_new_symbol_add_to_image_and_library:	id: 127	x: 550	y: 1356	
Records jb2_new_symbol_add_to_image_and_library:	id: 128	x: 638	y: 1351	
Records jb2_new_symbol_add_to_image_and_library:	id: 129	x: 642	y: 1352	
Records jb2_new_symbol_add_to_image_and_library:	id: 130	x: 649	y: 1362	
Records jb2_new_symbol_add_to_image_and_library:	id: 131	x: 661	y: 1353	
Records jb2_new_symbol_add_to_image_and_library:	id: 132	x: 1449	y: 1354	
Records jb2_matched_symbol_with_refinement_add_to_image_and_library:	id: 133	x: 565	y: 1337	
Records jb2_new_symbol_add_to_image_and_library:	id: 134	x: 651	y: 1309	
Records jb2_matched_symbol_with_refinement_add_to_image_and_library:	id: 135	x: 655	y: 1301	
Records jb2_new_symbol_add_to_image_and_library:	id: 136	x: 455	y: 1235	
Records jb2_new_symbol_add_to_image_and_library:	id: 137	x: 469	y: 1229	
Records jb2_new_symbol_add_to_image_and_library:	id: 138	x: 489	y: 1233	
Records jb2_new_symbol_add_to_image_and_library:	id: 139	x: 575	y: 1229	
Records jb2_new_symbol_add_to_image_and_library:	id: 140	x: 589	y: 1237	
Records jb2_new_symbol_add_to_image_and_library:	id: 141	x: 595	y: 1236	
Records jb2_new_symbol_add_to_image_and_library:	id: 142	x: 1246	y: 1278	
Records jb2_new_symbol_add_to_image_and_library:	id: 143	x: 1321	y: 1250	
Records jb2_new_symbol_add_to_image_and_library:	id: 144	x: 1331	y: 1227	
Records jb2_new_symbol_add_to_image_and_library:	id: 145	x: 1394	y: 1264	
Records jb2_new_symbol_add_to_image_and_library:	id: 146	x: 511	y: 1201	
Records jb2_new_symbol_add_to_image_and_library:	id: 147	x: 515	y: 1195	
Records jb2_new_symbol_add_to_image_and_library:	id: 148	x: 551	y: 1199	
Records jb2_new_symbol_add_to_image_and_library:	id: 149	x: 557	y: 1210	
Records jb2_matched_symbol_with_refinement_add_to_image_and_library:	id: 150	x: 564	y: 1219	
Records jb2_new_symbol_add_to_image_and_library:	id: 151	x: 574	y: 1204	
Records jb2_matched_symbol_with_refinement_add_to_image_and_library:	id: 152	x: 584	y: 1197	
Records jb2_new_symbol_add_to_image_and_library:	id: 153	x: 587	y: 1193	
Records jb2_new_symbol_add_to_image_and_library:	id: 154	x: 603	y: 1210	
Records jb2_new_symbol_add_to_image_and_library:	id: 155	x: 612	y: 1212	
Records jb2_new_symbol_add_to_image_and_library:	id: 156	x: 617	y: 1219	
Records jb2_matched_symbol_with_refinement_add_to_image_and_library:	id: 157	x: 641	y: 1193	
Records jb2_new_symbol_add_to_image_and_library:	id: 158	x: 1176	y: 1195	
Records jb2_new_symbol_add_to_image_and_library:	id: 159	x: 1254	y: 1209	
Records jb2_matched_symbol_copy_to_image_without_refinement:	id: 152	x: 1333	y: 1210	
Records jb2_new_symbol_add_to_image_and_library:	id: 160	x: 481	y: 1187	
Records jb2_new_symbol_add_to_image_and_library:	id: 161	x: 497	y: 1174	
Records jb2_new_symbol_add_to_image_and_library:	id: 162	x: 510	y: 1177	
Records jb2_new_symbol_add_to_image_and_library:	id: 163	x: 520	y: 1183	
Records jb2_matched_symbol_with_refinement_add_to_image_and_library:	id: 164	x: 522	y: 1189	
Records jb2_new_symbol_add_to_image_and_library:	id: 165	x: 533	y: 1180	
Records jb2_new_symbol_add_to_image_and_library:	id: 166	x: 545	y: 1176	
Records jb2_matched_symbol_copy_to_image_without_refinement:	id: 152	x: 554	y: 1147	
Records jb2_new_symbol_add_to_image_and_library:	id: 167	x: 569	y: 1178	
Records jb2_new_symbol_add_to_image_and_library:	id: 168	x: 634	y: 1169	
Records jb2_new_symbol_add_to_image_and_library:	id: 169	x: 642	y: 1157	
Records jb2_new_symbol_add_to_image_and_library:	id: 170	x: 651	y: 1144	
Records jb2_new_symbol_add_to_image_and_library:	id: 171	x: 687	y: 1160	
Records jb2_new_symbol_add_to_image_and_library:	id: 172	x: 695	y: 1157	
Records jb2_new_symbol_add_to_image_and_library:	id: 173	x: 707	y: 1144	
Records jb2_matched_symbol_with_refinement_add_to_image_and_library:	id: 174	x: 724	y: 1182	
Records jb2_matched_symbol_with_refinement_add_to_image_and_library:	id: 175	x: 1122	y: 1146	
Records jb2_new_symbol_add_to_image_and_library:	id: 176	x: 1280	y: 1161	
Records jb2_matched_symbol_with_refinement_add_to_image_and_library:	id: 177	x: 1288	y: 1164	
Records jb2_new_symbol_add_to_image_and_library:	id: 178	x: 1297	y: 1159	
Records jb2_new_symbol_add_to_image_and_library:	id: 179	x: 1307	y: 1158	
Records jb2_matched_symbol_copy_to_image_without_refinement:	id: 140	x: 1445	y: 1167	
Records jb2_new_symbol_add_to_image_and_library:	id: 180	x: 429	y: 1111	
Records jb2_new_symbol_add_to_image_and_library:	id: 181	x: 440	y: 1118	
Records jb2_new_symbol_add_to_image_and_library:	id: 182	x: 523	y: 1082	
Records jb2_matched_symbol_with_refinement_add_to_image_and_library:	id: 183	x: 535	y: 1093	
Records jb2_new_symbol_add_to_image_and_library:	id: 184	x: 550	y: 1095	
Records jb2_new_symbol_add_to_image_and_library:	id: 185	x: 556	y: 1127	
Records jb2_new_symbol_add_to_image_and_library:	id: 186	x: 570	y: 1121	
Records jb2_matched_symbol_with_refinement_add_to_image_and_library:	id: 187	x: 584	y: 1112	
Records jb2_new_symbol_add_to_image_and_library:	id: 188	x: 597	y: 1106	
Records jb2_new_symbol_add_to_image_and_library:	id: 189	x: 611	y: 1098	
Records jb2_new_symbol_add_to_image_and_library:	id: 190	x: 621	y: 1089	
Records jb2_new_symbol_add_to_image_and_library:	id: 191	x: 666	y: 1130	
Records jb2_new_symbol_add_to_image_and_library:	id: 192	x: 681	y: 1126	
Records jb2_new_symbol_add_to_image_and_library:	id: 193	x: 685	y: 1104	
Records jb2_matched_symbol_with_refinement_add_to_image_and_library:	id: 194	x: 698	y: 1142	
Records jb2_matched_symbol_with_refinement_add_to_image_and_library:	id: 195	x: 708	y: 1137	
Records jb2_matched_symbol_with_refinement_add_to_image_and_library:	id: 196	x: 710	y: 1100	
Records jb2_matched_symbol_with_refinement_add_to_image_and_library:	id: 197	x: 717	y: 1129	
Records jb2_new_symbol_add_to_image_and_library:	id: 198	x: 723	y: 1097	
Records jb2_new_symbol_add_to_image_and_library:	id: 199	x: 729	y: 1118	
Records jb2_new_symbol_add_to_image_and_library:	id: 200	x: 747	y: 1126	
Records jb2_new_symbol_add_to_image_and_library:	id: 201	x: 1111	y: 1094	
Records jb2_new_symbol_add_to_image_and_library:	id: 202	x: 1125	y: 1087	
Records jb2_matched_symbol_with_refinement_add_to_image_and_library:	id: 203	x: 1263	y: 1132	
Records jb2_new_symbol_add_to_image_and_library:	id: 204	x: 1287	y: 1136	
Records jb2_new_symbol_add_to_image_and_library:	id: 205	x: 352	y: 1062	
Records jb2_new_symbol_add_to_image_and_library:	id: 206	x: 488	y: 1045	
Records jb2_matched_symbol_with_refinement_add_to_image_and_library:	id: 207	x: 499	y: 1060	
Records jb2_matched_symbol_with_refinement_add_to_image_and_library:	id: 208	x: 511	y: 1069	
Records jb2_new_symbol_add_to_image_and_library:	id: 209	x: 608	y: 1070	
Records jb2_matched_symbol_with_refinement_add_to_image_and_library:	id: 210	x: 633	y: 1044	
Records jb2_new_symbol_add_to_image_and_library:	id: 211	x: 638	y: 1069	
Records jb2_new_symbol_add_to_image_and_library:	id: 212	x: 647	y: 1060	
Records jb2_new_symbol_add_to_image_and_library:	id: 213	x: 696	y: 1042	
Records jb2_new_symbol_add_to_image_and_library:	id: 214	x: 1265	y: 1056	
Records jb2_new_symbol_add_to_image_and_library:	id: 215	x: 1271	y: 1049	
Records jb2_new_symbol_add_to_image_and_library:	id: 216	x: 328	y: 1035	
Records jb2_new_symbol_add_to_image_and_library:	id: 217	x: 354	y: 1006	
Records jb2_new_symbol_add_to_image_and_library:	id: 218	x: 430	y: 1009	
Records jb2_new_symbol_add_to_image_and_library:	id: 219	x: 463	y: 1006	
Records jb2_new_symbol_add_to_image_and_library:	id: 220	x: 474	y: 1016	
Records jb2_matched_symbol_with_refinement_add_to_image_and_library:	id: 221	x: 480	y: 1031	
Records jb2_new_symbol_add_to_image_and_library:	id: 222	x: 526	y: 1011	
Records jb2_new_symbol_add_to_image_and_library:	id: 223	x: 527	y: 998	
Records jb2_new_symbol_add_to_image_and_library:	id: 224	x: 530	y: 999	
Records jb2_matched_symbol_copy_to_image_without_refinement:	id: 174	x: 543	y: 1033	
Records jb2_new_symbol_add_to_image_and_library:	id: 225	x: 563	y: 1015	
Records jb2_matched_symbol_with_refinement_add_to_image_and_library:	id: 226	x: 677	y: 1006	
Records jb2_new_symbol_add_to_image_and_library:	id: 227	x: 679	y: 1013	
Records jb2_new_symbol_add_to_image_and_library:	id: 228	x: 1333	y: 1019	
Records jb2_new_symbol_add_to_image_and_library:	id: 229	x: 454	y: 945	
Records jb2_new_symbol_add_to_image_and_library:	id: 230	x: 514	y: 931	
Records jb2_new_symbol_add_to_image_and_library:	id: 231	x: 533	y: 931	
Records jb2_new_symbol_add_to_image_and_library:	id: 232	x: 588	y: 936	
Records jb2_new_symbol_add_to_image_and_library:	id: 233	x: 615	y: 916	
Records jb2_new_symbol_add_to_image_and_library:	id: 234	x: 621	y: 986	
Records jb2_matched_symbol_copy_to_image_without_refinement:	id: 129	x: 693	y: 972	
Records jb2_new_symbol_add_to_image_and_library:	id: 235	x: 697	y: 993	
Records jb2_new_symbol_add_to_image_and_library:	id: 236	x: 1093	y: 955	
Records jb2_new_symbol_add_to_image_and_library:	id: 237	x: 449	y: 907	
Records jb2_matched_symbol_copy_to_image_without_refinement:	id: 116	x: 612	y: 909	
Records jb2_new_symbol_add_to_image_and_library:	id: 238	x: 1161	y: 892	
Records jb2_new_symbol_add_to_image_and_library:	id: 239	x: 1451	y: 891	
Records jb2_matched_symbol_with_refinement_add_to_image_and_library:	id: 240	x: 1449	y: 883	
Records jb2_matched_symbol_with_refinement_add_to_image_and_library:	id: 241	x: 1434	y: 854	
Records jb2_new_symbol_add_to_image_and_library:	id: 242	x: 450	y: 841	
Records jb2_matched_symbol_with_refinement_add_to_image_and_library:	id: 243	x: 441	y: 820	
Records jb2_matched_symbol_with_refinement_add_to_image_and_library:	id: 244	x: 443	y: 796	
Records jb2_new_symbol_add_to_image_and_library:	id: 245	x: 1061	y: 809	
Records jb2_new_symbol_add_to_image_and_library:	id: 246	x: 1066	y: 831	
Records jb2_matched_symbol_with_refinement_add_to_image_and_library:	id: 247	x: 1106	y: 795	
Records jb2_new_symbol_add_to_image_and_library:	id: 248	x: 1056	y: 791	
Records jb2_matched_symbol_with_refinement_add_to_image_and_library:	id: 249	x: 493	y: 756	
Records jb2_new_symbol_add_to_image_and_library:	id: 250	x: 1062	y: 761	
Records jb2_new_symbol_add_to_image_and_library:	id: 251	x: 1067	y: 730	
Records jb2_matched_symbol_with_refinement_add_to_image_and_library:	id: 252	x: 1116	y: 735	
Records jb2_new_symbol_add_to_image_and_library:	id: 253	x: 1163	y: 732	
Records jb2_matched_symbol_copy_to_image_without_refinement:	id: 26	x: 1117	y: 716	
Records jb2_matched_symbol_with_refinement_add_to_image_and_library:	id: 254	x: 1116	y: 711	
Records jb2_matched_symbol_copy_to_image_without_refinement:	id: 129	x: 1162	y: 709	
Records jb2_matched_symbol_with_refinement_add_to_image_and_library:	id: 255	x: 1362	y: 706	
Records jb2_new_symbol_add_to_image_and_library:	id: 256	x: 567	y: 686	
Records jb2_new_symbol_add_to_image_and_library:	id: 257	x: 546	y: 679	
Records jb2_new_symbol_add_to_image_and_library:	id: 258	x: 558	y: 669	
Records jb2_new_symbol_add_to_image_and_library:	id: 259	x: 614	y: 659	
Records jb2_new_symbol_add_to_image_and_library:	id: 260	x: 616	y: 667	
Records jb2_matched_symbol_with_refinement_add_to_image_and_library:	id: 261	x: 1145	y: 667	
Records jb2_new_symbol_add_to_image_and_library:	id: 262	x: 1156	y: 678	
Records jb2_new_symbol_add_to_image_and_library:	id: 263	x: 609	y: 618	
Records jb2_matched_symbol_with_refinement_add_to_image_and_library:	id: 264	x: 618	y: 605	
Records jb2_matched_symbol_with_refinement_add_to_image_and_library:	id: 265	x: 680	y: 594	
Records jb2_new_symbol_add_to_image_and_library:	id: 266	x: 625	y: 579	
Records jb2_matched_symbol_with_refinement_add_to_image_and_library:	id: 267	x: 670	y: 582	
Records jb2_new_symbol_add_to_image_and_library:	id: 268	x: 927	y: 196	
Records jb2_new_symbol_add_to_image_and_library:	id: 269	x: 933	y: 209	
Records jb2_new_symbol_add_to_image_and_library:	id: 270	x: 948	y: 216	
Records jb2_new_symbol_add_to_image_and_library:	id: 271	x: 963	y: 222	
Records jb2_new_symbol_add_to_image_and_library:	id: 272	x: 972	y: 223	
Records jb2_new_symbol_add_to_image_and_library:	id: 273	x: 993	y: 221	
Records jb2_new_symbol_add_to_image_and_library:	id: 274	x: 1002	y: 212	
Records jb2_new_symbol_add_to_image_and_library:	id: 275	x: 1013	y: 200	
Records jb2_new_symbol_add_to_image_and_library:	id: 276	x: 920	y: 187	
Records jb2_new_symbol_add_to_image_and_library:	id: 277	x: 920	y: 165	
Records jb2_new_symbol_add_to_image_and_library:	id: 278	x: 947	y: 175	
Records jb2_new_symbol_add_to_image_and_library:	id: 279	x: 979	y: 173	
Records jb2_matched_symbol_with_refinement_add_to_image_and_library:	id: 280	x: 1023	y: 163	
Records jb2_new_symbol_add_to_image_and_library:	id: 281	x: 921	y: 144	
Records jb2_new_symbol_add_to_image_and_library:	id: 282	x: 930	y: 129	
Records jb2_new_symbol_add_to_image_and_library:	id: 283	x: 944	y: 122	
Records jb2_new_symbol_add_to_image_and_library:	id: 284	x: 961	y: 115	
Records jb2_matched_symbol_with_refinement_add_to_image_and_library:	id: 285	x: 977	y: 115	
Records jb2_matched_symbol_with_refinement_add_to_image_and_library:	id: 286	x: 992	y: 119	
Records jb2_new_symbol_add_to_image_and_library:	id: 287	x: 1004	y: 138	
Records jb2_new_symbol_add_to_image_and_library:	id: 288	x: 0	y: 3	
Records jb2_new_symbol_add_to_image_and_library:	id: 289	x: 300	y: 3	
Records jb2_new_symbol_add_to_image_and_library:	id: 290	x: 600	y: 1	
Records jb2_new_symbol_add_to_image_and_library:	id: 291	x: 900	y: 1	
Records jb2_new_symbol_add_to_image_and_library:	id: 292	x: 1200	y: 1	
Records jb2_new_symbol_add_to_image_and_library:	id: 293	x: 1500	y: 2	
Records jb2_new_symbol_add_to_image_and_library:	id: 294	x: 1800	y: 300	
Records jb2_new_symbol_add_to_image_and_library:	id: 295	x: 603	y: 600	
Records jb2_new_symbol_add_to_image_and_library:	id: 296	x: 1037	y: 600	
Records jb2_new_symbol_add_to_image_and_library:	id: 297	x: 1200	y: 600	
Records jb2_new_symbol_add_to_image_and_library:	id: 298	x: 1500	y: 600	
Records jb2_new_symbol_add_to_image_and_library:	id: 299	x: 1976	y: 600	
Records jb2_new_symbol_add_to_image_and_library:	id: 300	x: 366	y: 900	
Records jb2_new_symbol_add_to_image_and_library:	id: 301	x: 600	y: 900	
Records jb2_new_symbol_add_to_image_and_library:	id: 302	x: 974	y: 900	
Records jb2_new_symbol_add_to_image_and_library:	id: 303	x: 1200	y: 900	
Records jb2_new_symbol_add_to_image_and_library:	id: 304	x: 1500	y: 900	
Records jb2_new_symbol_add_to_image_and_library:	id: 305	x: 1976	y: 900	
Records jb2_new_symbol_add_to_image_and_library:	id: 306	x: 0	y: 1200	
Records jb2_new_symbol_add_to_image_and_library:	id: 307	x: 332	y: 1200	
Records jb2_new_symbol_add_to_image_and_library:	id: 308	x: 608	y: 1200	
Records jb2_new_symbol_add_to_image_and_library:	id: 309	x: 988	y: 1200	
Records jb2_new_symbol_add_to_image_and_library:	id: 310	x: 1200	y: 1200	
Records jb2_new_symbol_add_to_image_and_library:	id: 311	x: 1500	y: 1200	
Records jb2_new_symbol_add_to_image_and_library:	id: 312	x: 1976	y: 935	
Records jb2_new_symbol_add_to_image_and_library:	id: 313	x: 0	y: 1500	
Records jb2_new_symbol_add_to_image_and_library:	id: 314	x: 415	y: 1362	
Records jb2_new_symbol_add_to_image_and_library:	id: 315	x: 600	y: 1413	
Records jb2_new_symbol_add_to_image_and_library:	id: 316	x: 987	y: 1430	
Records jb2_new_symbol_add_to_image_and_library:	id: 317	x: 1200	y: 1434	
Records jb2_new_symbol_add_to_image_and_library:	id: 318	x: 1500	y: 1422	
Records jb2_new_symbol_add_to_image_and_library:	id: 319	x: 0	y: 1800	
Records jb2_new_symbol_add_to_image_and_library:	id: 320	x: 300	y: 1800	
Records jb2_new_symbol_add_to_image_and_library:	id: 321	x: 612	y: 1800	
Records jb2_new_symbol_add_to_image_and_library:	id: 322	x: 1150	y: 1800	
Records jb2_new_symbol_add_to_image_and_library:	id: 323	x: 1200	y: 1800	
Records jb2_new_symbol_add_to_image_and_library:	id: 324	x: 0	y: 2100	
Records jb2_new_symbol_add_to_image_and_library:	id: 325	x: 300	y: 2100	
Records jb2_new_symbol_add_to_image_and_library:	id: 326	x: 600	y: 2100	
Records jb2_new_symbol_add_to_image_and_library:	id: 327	x: 1153	y: 2100	
Records jb2_new_symbol_add_to_image_and_library:	id: 328	x: 1200	y: 2100	
Records jb2_new_symbol_add_to_image_and_library:	id: 329	x: 0	y: 2400	
Records jb2_new_symbol_add_to_image_and_library:	id: 330	x: 364	y: 2400	
Records jb2_new_symbol_add_to_image_and_library:	id: 331	x: 600	y: 2267	
Records jb2_new_symbol_add_to_image_and_library:	id: 332	x: 1163	y: 2400	
Records jb2_new_symbol_add_to_image_and_library:	id: 333	x: 1212	y: 2400	
Records jb2_new_symbol_add_to_image_and_library:	id: 334	x: 0	y: 2700	
Records jb2_new_symbol_add_to_image_and_library:	id: 335	x: 488	y: 2447	
Records jb2_new_symbol_add_to_image_and_library:	id: 336	x: 1176	y: 2450	
Records jb2_new_symbol_add_to_image_and_library:	id: 337	x: 1200	y: 2483	
Records jb2_new_symbol_add_to_image_and_library:	id: 338	x: 0	y: 2966	
Records jb2_new_symbol_add_to_image_and_library:	id: 339	x: 300	y: 2966	
Records jb2_new_symbol_add_to_image_and_library:	id: 340	x: 600	y: 2966	
Records jb2_new_symbol_add_to_image_and_library:	id: 341	x: 1446	y: 2966	
Records jb2_new_symbol_add_to_image_and_library:	id: 342	x: 1500	y: 2966	
Records jb2_new_symbol_add_to_image_and_library:	id: 343	x: 1800	y: 2966	
Records jb2_end_of_data
